  step         time_fs     wall_time_s        rti_dist          temp_K     temp_bath_K   thermo_lambda          kin_Ha     pot_real_Ha     pot_rtip_Ha    pot_total_Ha          f_real          f_rtip         f_total      rms_f_real state_decision
     1      0.50000000     10.56795595     16.54078761    298.52367453    300.00000000      1.00000000      0.04963189     -7.59852349     -0.00121194     -7.59973543      0.05586493      0.00007369      0.05584901      0.00931082 md_running
     2      1.00000000     21.84402185     16.49864199    295.84436883    300.00000000      1.00000478      0.04918644     -7.59807360     -0.00242391     -7.60049751      0.05491472      0.00014775      0.05488083      0.00915245 md_running
     3      1.50000000     40.61742789     16.45669381    293.42880864    300.00000000      1.00000911      0.04878483     -7.59766465     -0.00363591     -7.60130056      0.05302060      0.00022217      0.05296552      0.00883677 md_running
     4      2.00000000     40.88868718     16.41495084    291.16709720    300.00000000      1.00001315      0.04840880     -7.59727779     -0.00484795     -7.60212574      0.05046496      0.00029696      0.05038430      0.00841083 md_running
     5      2.50000000     41.16922824     16.37342160    288.93256731    300.00000000      1.00001708      0.04803729     -7.59689206     -0.00606001     -7.60295208      0.04763733      0.00037212      0.04752582      0.00793955 md_running
     6      3.00000000     46.40367566     16.33211516    286.61063059    300.00000000      1.00002114      0.04765125     -7.59648788     -0.00727211     -7.60375999      0.04500660      0.00044764      0.04485885      0.00750110 md_running
     7      3.50000000     46.67104824     16.29104100    284.12471854    300.00000000      1.00002552      0.04723795     -7.59605245     -0.00848424     -7.60453669      0.04304272      0.00052353      0.04285492      0.00717379 md_running
     8      4.00000000     46.94211061     16.25020877    281.45318343    300.00000000      1.00003031      0.04679379     -7.59558216     -0.00969639     -7.60527855      0.04210192      0.00059979      0.04187368      0.00701699 md_running
     9      4.50000000     51.07052281     16.20962782    278.62939638    300.00000000      1.00003554      0.04632431     -7.59508267     -0.01090857     -7.60599124      0.04231680      0.00067641      0.04205161      0.00705280 md_running
    10      5.00000000     51.33740445     16.16930691    275.72592729    300.00000000      1.00004110      0.04584159     -7.59456643     -0.01212079     -7.60668722      0.04356101      0.00075340      0.04326443      0.00726017 md_running
    11      5.50000000     51.58737860     16.12925412    272.83014866    300.00000000      1.00004686      0.04536014     -7.59404818     -0.01333303     -7.60738122      0.04553111      0.00083074      0.04520829      0.00758852 md_running
    12      6.00000000     51.85909880     16.08947659    270.01854788    300.00000000      1.00005263      0.04489269     -7.59354104     -0.01454531     -7.60808634      0.04788053      0.00090845      0.04753479      0.00798009 md_running
    13      6.50000000     58.59162210     16.04998044    267.33654164    300.00000000      1.00005829      0.04444679     -7.59305236     -0.01575761     -7.60880997      0.05032169      0.00098651      0.04995434      0.00838695 md_running
    14      7.00000000     63.53844453     16.01077080    264.79202859    300.00000000      1.00006378      0.04402374     -7.59258382     -0.01696995     -7.60955377      0.05266011      0.00106493      0.05227113      0.00877668 md_running
    15      7.50000000     63.81824441     15.97185171    262.36312648    300.00000000      1.00006908      0.04361992     -7.59213135     -0.01818231     -7.61031366      0.05478521      0.00114371      0.05437378      0.00913087 md_running
    16      8.00000000     64.07944672     15.93322621    260.01496176    300.00000000      1.00007428      0.04322952     -7.59168913     -0.01939470     -7.61108383      0.05664454      0.00122284      0.05620937      0.00944076 md_running
    17      8.50000000     64.33739646     15.89489651    257.72157752    300.00000000      1.00007942      0.04284822     -7.59125260     -0.02060712     -7.61185972      0.05820596      0.00130232      0.05774551      0.00970099 md_running
    18      9.00000000     64.59049686     15.85686403    255.48479657    300.00000000      1.00008455      0.04247634     -7.59082212     -0.02181956     -7.61264169      0.05944242      0.00138216      0.05895507      0.00990707 md_running
    19      9.50000000     64.85932015     15.81912952    253.34071908    300.00000000      1.00008960      0.04211987     -7.59040369     -0.02303203     -7.61343571      0.06034053      0.00146234      0.05982421      0.01005676 md_running
    20     10.00000000     65.11860781     15.78169326    251.35414511    300.00000000      1.00009446      0.04178959     -7.59000847     -0.02424451     -7.61425298      0.06088748      0.00154287      0.06033969      0.01014791 md_running
    21     10.50000000     65.37113171     15.74455538    249.60456904    300.00000000      1.00009894      0.04149871     -7.58964971     -0.02545702     -7.61510672      0.06107852      0.00162374      0.06049645      0.01017975 md_running
    22     11.00000000     65.63326042     15.70771604    248.16554588    300.00000000      1.00010280      0.04125946     -7.58934019     -0.02666954     -7.61600973      0.06094675      0.00170496      0.06032747      0.01015779 md_running
    23     11.50000000     65.89491600     15.67117556    247.08514588    300.00000000      1.00010589      0.04107983     -7.58908791     -0.02788207     -7.61696999      0.06055534      0.00178653      0.05989627      0.01009256 md_running
    24     12.00000000     66.15159496     15.63493451    246.37367608    300.00000000      1.00010808      0.04096155     -7.58889486     -0.02909463     -7.61798948      0.06000533      0.00186843      0.05930491      0.01000089 md_running
    25     12.50000000     66.41789068     15.59899360    246.00104509    300.00000000      1.00010940      0.04089959     -7.58875592     -0.03030719     -7.61906311      0.05942659      0.00195067      0.05868479      0.00990443 md_running
    26     13.00000000     66.68734008     15.56335371    245.90567877    300.00000000      1.00010995      0.04088374     -7.58866097     -0.03151977     -7.62018074      0.05894961      0.00203325      0.05816829      0.00982493 md_running
    27     13.50000000     66.95041936     15.52801579    246.01254284    300.00000000      1.00010990      0.04090151     -7.58859703     -0.03273235     -7.62132939      0.05867074      0.00211616      0.05785348      0.00977846 md_running
    28     14.00000000     67.20592187     15.49298094    246.25548788    300.00000000      1.00010944      0.04094190     -7.58855330     -0.03394496     -7.62249826      0.05861618      0.00219941      0.05776754      0.00976936 md_running
    29     14.50000000     67.45972153     15.45825027    246.59714190    300.00000000      1.00010871      0.04099870     -7.58852339     -0.03515757     -7.62368096      0.05872494      0.00228298      0.05784910      0.00978749 md_running
    30     15.00000000     67.71592447     15.42382479    247.03914647    300.00000000      1.00010775      0.04107219     -7.58850753     -0.03637020     -7.62487773      0.05885735      0.00236687      0.05795653      0.00980956 md_running
    31     15.50000000     67.98074691     15.38970528    247.61971971    300.00000000      1.00010652      0.04116871     -7.58851240     -0.03758285     -7.62609525      0.05882289      0.00245109      0.05789634      0.00980382 md_running
    32     16.00000000     68.22714670     15.35589217    248.39878552    300.00000000      1.00010489      0.04129824     -7.58854830     -0.03879551     -7.62734380      0.05842483      0.00253563      0.05746833      0.00973747 md_running
    33     16.50000000     68.47912937     15.32238540    249.43416188    300.00000000      1.00010271      0.04147038     -7.58862516     -0.04000819     -7.62863334      0.05751253      0.00262048      0.05651858      0.00958542 md_running
    34     17.00000000     68.73054851     15.28918428    250.75653408    300.00000000      1.00009987      0.04169023     -7.58874847     -0.04122088     -7.62996936      0.05602340      0.00270564      0.05498186      0.00933723 md_running
    35     17.50000000     68.99334157     15.25628745    252.35119104    300.00000000      1.00009637      0.04195536     -7.58891587     -0.04243360     -7.63134947      0.05401290      0.00279111      0.05291217      0.00900215 md_running
    36     18.00000000     69.25644020     15.22369281    254.15335283    300.00000000      1.00009233      0.04225498     -7.58911634     -0.04364633     -7.63276267      0.05166968      0.00287689      0.05049926      0.00861161 md_running
    37     18.50000000     69.51093753     15.19139757    256.05956250    300.00000000      1.00008797      0.04257190     -7.58933274     -0.04485908     -7.63419182      0.04930496      0.00296297      0.04805955      0.00821749 md_running
    38     19.00000000     69.76405638     15.15939820    257.95095445    300.00000000      1.00008357      0.04288636     -7.58954495     -0.04607185     -7.63561679      0.04731374      0.00304935      0.04599852      0.00788562 md_running
    39     19.50000000     70.01235211     15.12769050    259.72170131    300.00000000      1.00007940      0.04318076     -7.58973519     -0.04728462     -7.63701981      0.04608980      0.00313603      0.04472438      0.00768163 md_running
    40     20.00000000     70.25947037     15.09626976    261.30550028    300.00000000      1.00007566      0.04344408     -7.58989211     -0.04849742     -7.63838953      0.04590227      0.00322302      0.04451909      0.00765038 md_running
    41     20.50000000     70.51832369     15.06513080    262.69204173    300.00000000      1.00007240      0.04367460     -7.59001407     -0.04971022     -7.63972429      0.04678862      0.00331030      0.04542298      0.00779810 md_running
    42     21.00000000     70.77985220     15.03426813    263.92747899    300.00000000      1.00006958      0.04388000     -7.59010900     -0.05092302     -7.64103202      0.04854581      0.00339787      0.04722376      0.00809097 md_running
    43     21.50000000     71.03767803     15.00367614    265.10061133    300.00000000      1.00006702      0.04407505     -7.59019163     -0.05213584     -7.64232747      0.05081568      0.00348574      0.04954871      0.00846928 md_running
    44     22.00000000     71.29861294     14.97334935    266.32046980    300.00000000      1.00006451      0.04427786     -7.59028060     -0.05334866     -7.64362925      0.05319941      0.00357391      0.05198678      0.00886657 md_running
    45     22.50000000     71.56071149     14.94328246    267.68989312    300.00000000      1.00006181      0.04450553     -7.59039323     -0.05456147     -7.64495470      0.05534601      0.00366237      0.05417930      0.00922434 md_running
    46     23.00000000     71.80303605     14.91347037    269.28091534    300.00000000      1.00005873      0.04477005     -7.59054171     -0.05577429     -7.64631600      0.05700282      0.00375112      0.05586992      0.00950047 md_running
    47     23.50000000     72.06093748     14.88390834    271.11959642    300.00000000      1.00005518      0.04507575     -7.59073046     -0.05698711     -7.64771758      0.05801663      0.00384016      0.05690419      0.00966944 md_running
    48     24.00000000     72.32788951     14.85459201    273.18400328    300.00000000      1.00005118      0.04541897     -7.59095590     -0.05819993     -7.64915583      0.05832269      0.00392950      0.05721732      0.00972045 md_running
    49     24.50000000     72.59406399     14.82551751    275.41453612    300.00000000      1.00004684      0.04578982     -7.59120771     -0.05941275     -7.65062046      0.05792508      0.00401912      0.05681391      0.00965418 md_running
    50     25.00000000     72.83403558     14.79668142    277.73295251    300.00000000      1.00004231      0.04617527     -7.59147286     -0.06062558     -7.65209844      0.05687583      0.00410902      0.05574684      0.00947931 md_running
    51     25.50000000     73.08941301     14.76808065    280.06385608    300.00000000      1.00003776      0.04656280     -7.59173867     -0.06183840     -7.65357707      0.05525675      0.00419921      0.05409838      0.00920946 md_running
    52     26.00000000     73.35043780     14.73971229    282.35213998    300.00000000      1.00003333      0.04694325     -7.59199587     -0.06305123     -7.65504710      0.05316377      0.00428968      0.05196454      0.00886063 md_running
    53     26.50000000     73.59346386     14.71157349    284.57157243    300.00000000      1.00002908      0.04731225     -7.59224014     -0.06426407     -7.65650421      0.05069680      0.00438042      0.04944483      0.00844947 md_running
    54     27.00000000     73.84203822     14.68366132    286.72254457    300.00000000      1.00002504      0.04766986     -7.59247154     -0.06547692     -7.65794846      0.04796032      0.00447144      0.04664356      0.00799339 md_running
    55     27.50000000     74.09524689     14.65597267    288.82059312    300.00000000      1.00002117      0.04801868     -7.59269317     -0.06668977     -7.65938294      0.04507499      0.00456274      0.04368208      0.00751250 md_running
    56     28.00000000     74.35395520     14.62850394    290.87880458    300.00000000      1.00001743      0.04836087     -7.59290709     -0.06790264     -7.66080973      0.04220631      0.00465431      0.04072851      0.00703439 md_running
    57     28.50000000     74.61773562     14.60125089    292.89066017    300.00000000      1.00001382      0.04869536     -7.59311242     -0.06911552     -7.66222794      0.03958138      0.00474614      0.03801695      0.00659690 md_running
    58     29.00000000     74.86701140     14.57420870    294.82215569    300.00000000      1.00001036      0.04901648     -7.59330361     -0.07032841     -7.66363202      0.03749686      0.00483825      0.03585886      0.00624948 md_running
    59     29.50000000     75.12425534     14.54737192    296.61818241    300.00000000      1.00000712      0.04931509     -7.59347103     -0.07154132     -7.66501235      0.03627748      0.00493063      0.03460309      0.00604625 md_running
    60     30.00000000     75.38444510     14.52073402    298.21641341    300.00000000      1.00000421      0.04958081     -7.59360434     -0.07275423     -7.66635857      0.03616912      0.00502327      0.03451389      0.00602819 md_running
    61     30.50000000     75.64154839     14.49428750    299.56293544    300.00000000      1.00000171      0.04980468     -7.59369420     -0.07396716     -7.66766135      0.03721496      0.00511618      0.03563275      0.00620249 md_running
    62     31.00000000     75.90155302     14.46802450    300.63335880    300.00000000      0.99999969      0.04998264     -7.59373641     -0.07518009     -7.66891649      0.03921883      0.00520937      0.03774542      0.00653647 md_running
    63     31.50000000     76.15000489     14.44193663    301.44674528    300.00000000      0.99999814      0.05011787     -7.59373403     -0.07639303     -7.67012706      0.04181788      0.00530282      0.04046364      0.00696965 md_running
    64     32.00000000     76.41308739     14.41601546    302.06523446    300.00000000      0.99999698      0.05022070     -7.59369744     -0.07760597     -7.67130341      0.04459976      0.00539655      0.04335539      0.00743329 md_running
    65     32.50000000     76.66903640     14.39025278    302.58561065    300.00000000      0.99999608      0.05030722     -7.59364295     -0.07881891     -7.67246186      0.04719993      0.00549056      0.04604805      0.00786665 md_running
    66     33.00000000     76.92924242     14.36464053    303.12034348    300.00000000      0.99999525      0.05039612     -7.59358937     -0.08003185     -7.67362122      0.04934172      0.00558485      0.04826319      0.00822362 md_running
    67     33.50000000     77.19039404     14.33917087    303.77174923    300.00000000      0.99999431      0.05050442     -7.59355408     -0.08124479     -7.67479887      0.05085795      0.00567941      0.04983493      0.00847633 md_running
    68     34.00000000     77.44780154     14.31383628    304.60789341    300.00000000      0.99999311      0.05064344     -7.59354855     -0.08245773     -7.67600628      0.05169011      0.00577426      0.05070556      0.00861502 md_running
    69     34.50000000     77.70453322     14.28863010    305.65010138    300.00000000      0.99999159      0.05081672     -7.59357613     -0.08367066     -7.67724680      0.05187654      0.00586940      0.05091704      0.00864609 md_running
    70     35.00000000     77.96147884     14.26354641    306.87389118    300.00000000      0.99998976      0.05102018     -7.59363298     -0.08488359     -7.67851657      0.05154241      0.00596482      0.05059848      0.00859040 md_running
    71     35.50000000     78.22032457     14.23857979    308.21896909    300.00000000      0.99998769      0.05124381     -7.59370862     -0.08609652     -7.67980514      0.05087775      0.00606053      0.04994403      0.00847963 md_running
    72     36.00000000     78.48034535     14.21372530    309.60672197    300.00000000      0.99998551      0.05147453     -7.59378990     -0.08730945     -7.68109935      0.05010355      0.00615653      0.04917843      0.00835059 md_running
    73     36.50000000     78.74286644     14.18897845    310.96324246    300.00000000      0.99998334      0.05170007     -7.59386414     -0.08852237     -7.68238651      0.04942774      0.00625281      0.04851424      0.00823796 md_running
    74     37.00000000     78.99679935     14.16433506    312.24041091    300.00000000      0.99998129      0.05191241     -7.59392327     -0.08973530     -7.68365857      0.04899952      0.00634939      0.04810352      0.00816659 md_running
    75     37.50000000     79.24656139     14.13979110    313.42722713    300.00000000      0.99997939      0.05210972     -7.59396549     -0.09094824     -7.68491372      0.04887269      0.00644625      0.04800072      0.00814545 md_running
    76     38.00000000     79.49926857     14.11534261    314.55076981    300.00000000      0.99997764      0.05229652     -7.59399522     -0.09216118     -7.68615639      0.04899867      0.00654340      0.04815634      0.00816644 md_running
    77     38.50000000     79.76145420     14.09098544    315.66598628    300.00000000      0.99997596      0.05248193     -7.59402186     -0.09337412     -7.68739599      0.04924966      0.00664085      0.04844028      0.00820828 md_running
    78     39.00000000     80.02330897     14.06671503    316.83635619    300.00000000      0.99997426      0.05267652     -7.59405631     -0.09458709     -7.68864340      0.04945971      0.00673858      0.04868386      0.00824329 md_running
    79     39.50000000     80.28205028     14.04252618    318.11137363    300.00000000      0.99997244      0.05288850     -7.59410678     -0.09580006     -7.68990684      0.04947283      0.00683661      0.04872792      0.00824547 md_running
    80     40.00000000     80.54331936     14.01841306    319.51016198    300.00000000      0.99997046      0.05312106     -7.59417668     -0.09701304     -7.69118973      0.04918240      0.00693494      0.04846469      0.00819707 md_running
    81     40.50000000     80.80290229     13.99436906    321.01521163    300.00000000      0.99996832      0.05337128     -7.59426286     -0.09822604     -7.69248891      0.04853697      0.00703357      0.04784244      0.00808950 md_running
    82     41.00000000     81.04086407     13.97038682    322.57682162    300.00000000      0.99996607      0.05363091     -7.59435700     -0.09943905     -7.69379606      0.04754911      0.00713249      0.04687432      0.00792485 md_running
    83     41.50000000     81.29820892     13.94645834    324.12689387    300.00000000      0.99996381      0.05388863     -7.59444748     -0.10065208     -7.69509956      0.04626992      0.00723173      0.04561222      0.00771165 md_running
    84     42.00000000     81.54823758     13.92257500    325.59712632    300.00000000      0.99996163      0.05413306     -7.59452264     -0.10186511     -7.69638774      0.04479272      0.00733128      0.04415011      0.00746545 md_running
    85     42.50000000     81.79178211     13.89872787    326.93743552    300.00000000      0.99995964      0.05435590     -7.59457410     -0.10307815     -7.69765225      0.04322115      0.00743115      0.04259342      0.00720352 md_running
    86     43.00000000     82.02537350     13.87490787    328.12775052    300.00000000      0.99995786      0.05455380     -7.59459815     -0.10429119     -7.69888935      0.04166005      0.00753135      0.04104860      0.00694334 md_running
    87     43.50000000     82.27863926     13.85110599    329.18067880    300.00000000      0.99995630      0.05472886     -7.59459708     -0.10550424     -7.70010133      0.04021068      0.00763188      0.03961998      0.00670178 md_running
    88     44.00000000     82.53445860     13.82731344    330.13406777    300.00000000      0.99995493      0.05488737     -7.59457721     -0.10671729     -7.70129450      0.03896743      0.00773275      0.03840395      0.00649457 md_running
    89     44.50000000     82.79737283     13.80352197    331.03590951    300.00000000      0.99995366      0.05503730     -7.59454662     -0.10793034     -7.70247696      0.03802720      0.00783396      0.03749815      0.00633787 md_running
    90     45.00000000     83.05037486     13.77972416    331.92749241    300.00000000      0.99995245      0.05518554     -7.59451225     -0.10914339     -7.70365563      0.03748845      0.00793554      0.03699990      0.00624807 md_running
    91     45.50000000     83.30458146     13.75591383    332.83165088    300.00000000      0.99995123      0.05533586     -7.59447779     -0.11035643     -7.70483422      0.03744447      0.00803747      0.03700260      0.00624074 md_running
    92     46.00000000     83.54108577     13.73208603    333.74796188    300.00000000      0.99994999      0.05548820     -7.59444319     -0.11156948     -7.70601267      0.03795877      0.00813976      0.03756743      0.00632646 md_running
    93     46.50000000     83.79419315     13.70823721    334.65664540    300.00000000      0.99994875      0.05563928     -7.59440496     -0.11278252     -7.70718748      0.03903293      0.00824243      0.03869508      0.00650549 md_running
    94     47.00000000     84.02793871     13.68436499    335.53105764    300.00000000      0.99994755      0.05578466     -7.59435841     -0.11399556     -7.70835397      0.04058137      0.00834546      0.04029863      0.00676356 md_running
    95     47.50000000     84.28115486     13.66046788    336.35074738    300.00000000      0.99994642      0.05592094     -7.59430002     -0.11520860     -7.70950862      0.04243431      0.00844887      0.04220493      0.00707238 md_running
    96     48.00000000     84.52580500     13.63654524    337.11357510    300.00000000      0.99994538      0.05604776     -7.59422932     -0.11642165     -7.71065097      0.04436070      0.00855266      0.04418114      0.00739345 md_running
    97     48.50000000     84.78466726     13.61259688    337.84217939    300.00000000      0.99994440      0.05616890     -7.59415027     -0.11763470     -7.71178497      0.04610858      0.00865683      0.04597290      0.00768476 md_running
    98     49.00000000     85.04691912     13.58862309    338.58334380    300.00000000      0.99994345      0.05629212     -7.59407037     -0.11884776     -7.71291813      0.04743118      0.00876137      0.04733476      0.00790520 md_running
    99     49.50000000     85.30092934     13.56462409    339.39985410    300.00000000      0.99994244      0.05642787     -7.59400051     -0.12006083     -7.71406135      0.04812713      0.00886630      0.04806698      0.00802119 md_running
   100     50.00000000     85.56200719     13.54059947    340.35316160    300.00000000      0.99994131      0.05658637     -7.59395085     -0.12127392     -7.71522477      0.04806192      0.00897162      0.04803624      0.00801032 md_running
   101     50.50000000     85.82346772     13.51654785    341.48398296    300.00000000      0.99993996      0.05677438     -7.59392860     -0.12248701     -7.71641561      0.04718787      0.00907732      0.04719608      0.00786465 md_running
   102     51.00000000     86.09017457     13.49246657    342.79761910    300.00000000      0.99993839      0.05699278     -7.59393455     -0.12370013     -7.71763467      0.04555914      0.00918341      0.04560237      0.00759319 md_running
   103     51.50000000     86.35012460     13.46835150    344.25722895    300.00000000      0.99993660      0.05723545     -7.59396253     -0.12491325     -7.71887578      0.04334294      0.00928990      0.04342282      0.00722382 md_running
   104     52.00000000     86.60204142     13.44419714    345.78900418    300.00000000      0.99993469      0.05749012     -7.59400009     -0.12612639     -7.72012648      0.04082615      0.00939679      0.04094578      0.00680436 md_running
   105     52.50000000     86.83792064     13.41999663    347.29762136    300.00000000      0.99993275      0.05774094     -7.59403095     -0.12733954     -7.72137049      0.03840766      0.00950409      0.03856959      0.00640128 md_running
   106     53.00000000     87.09380714     13.39574201    348.68743342    300.00000000      0.99993093      0.05797201     -7.59403901     -0.12855271     -7.72259172      0.03655631      0.00961182      0.03676124      0.00609272 md_running
   107     53.50000000     87.35620820     13.37142445    349.88455051    300.00000000      0.99992932      0.05817104     -7.59401159     -0.12976588     -7.72377747      0.03570745      0.00971998      0.03595162      0.00595124 md_running
   108     54.00000000     87.61962398     13.34703460    350.85333521    300.00000000      0.99992799      0.05833211     -7.59394256     -0.13097905     -7.72492161      0.03611002      0.00982859      0.03638448      0.00601834 md_running
   109     54.50000000     87.85953616     13.32256290    351.60482929    300.00000000      0.99992695      0.05845705     -7.59383362     -0.13219223     -7.72602585      0.03771415      0.00993765      0.03800791      0.00628569 md_running
   110     55.00000000     88.09261950     13.29799998    352.19291126    300.00000000      0.99992615      0.05855482     -7.59369372     -0.13340542     -7.72709914      0.04021467      0.01004718      0.04051842      0.00670244 md_running
   111     55.50000000     88.34675826     13.27333713    352.69908464    300.00000000      0.99992551      0.05863898     -7.59353656     -0.13461860     -7.72815515      0.04320029      0.01015720      0.04350747      0.00720005 md_running
   112     56.00000000     88.60327285     13.24856682    353.21340166    300.00000000      0.99992491      0.05872449     -7.59337702     -0.13583177     -7.72920879      0.04628792      0.01026771      0.04659480      0.00771465 md_running
   113     56.50000000     88.86636506     13.22368310    353.81815798    300.00000000      0.99992426      0.05882503     -7.59322904     -0.13704495     -7.73027399      0.04918164      0.01037872      0.04948877      0.00819694 md_running
   114     57.00000000     89.12385496     13.19868157    354.57469125    300.00000000      0.99992345      0.05895081     -7.59310269     -0.13825812     -7.73136081      0.05168109      0.01049025      0.05199084      0.00861352 md_running
   115     57.50000000     89.38385076     13.17355942    355.51473422    300.00000000      0.99992244      0.05910710     -7.59300319     -0.13947129     -7.73247448      0.05367279      0.01060229      0.05398823      0.00894547 md_running
   116     58.00000000     89.64356993     13.14831524    356.64105253    300.00000000      0.99992121      0.05929436     -7.59293092     -0.14068445     -7.73361537      0.05511125      0.01071487      0.05543580      0.00918521 md_running
   117     58.50000000     89.90575778     13.12294884    357.93345402    300.00000000      0.99991978      0.05950923     -7.59288244     -0.14189762     -7.73478005      0.05600387      0.01082798      0.05633798      0.00933398 md_running
   118     59.00000000     90.15344939     13.09746149    359.36110800    300.00000000      0.99991818      0.05974659     -7.59285252     -0.14311078     -7.73596330      0.05639045      0.01094163      0.05673544      0.00939841 md_running
   119     59.50000000     90.40606505     13.07185540    360.89810064    300.00000000      0.99991645      0.06000213     -7.59283663     -0.14432395     -7.73716058      0.05632973      0.01105583      0.05668821      0.00938829 md_running
   120     60.00000000     90.66525821     13.04613311    362.53185103    300.00000000      0.99991462      0.06027375     -7.59283262     -0.14553712     -7.73836974      0.05589494      0.01117056      0.05626898      0.00931582 md_running
   121     60.50000000     90.93505479     13.02029709    364.26595631    300.00000000      0.99991271      0.06056206     -7.59284131     -0.14675030     -7.73959161      0.05516331      0.01128585      0.05555663      0.00919389 md_running
   122     61.00000000     91.19782155     12.99434893    366.11400796    300.00000000      0.99991068      0.06086931     -7.59286496     -0.14796349     -7.74082845      0.05421960      0.01140169      0.05463377      0.00903660 md_running
   123     61.50000000     91.46184633     12.96828917    368.08939194    300.00000000      0.99990855      0.06119773     -7.59290585     -0.14917668     -7.74208254      0.05315112      0.01151809      0.05358828      0.00885852 md_running
   124     62.00000000     91.70530798     12.94211673    370.19702982    300.00000000      0.99990629      0.06154815     -7.59296494     -0.15038989     -7.74335484      0.05204483      0.01163505      0.05250731      0.00867414 md_running
   125     62.50000000     91.95707711     12.91582874    372.42438917    300.00000000      0.99990391      0.06191846     -7.59303999     -0.15160311     -7.74464311      0.05099187      0.01175259      0.05148112      0.00849864 md_running
   126     63.00000000     92.21698746     12.88942059    374.73967422    300.00000000      0.99990144      0.06230340     -7.59312586     -0.15281634     -7.74594220      0.05007344      0.01187072      0.05059196      0.00834557 md_running
   127     63.50000000     92.47899682     12.86288594    377.09639775    300.00000000      0.99989894      0.06269522     -7.59321423     -0.15402959     -7.74724382      0.04934826      0.01198944      0.04989693      0.00822471 md_running
   128     64.00000000     92.75012889     12.83621726    379.44163493    300.00000000      0.99989645      0.06308513     -7.59329640     -0.15524284     -7.74853924      0.04882320      0.01210877      0.04939903      0.00813720 md_running
   129     64.50000000     93.00151641     12.80940654    381.72962641    300.00000000      0.99989403      0.06346553     -7.59336427     -0.15645610     -7.74982037      0.04844802      0.01222874      0.04904832      0.00807467 md_running
   130     65.00000000     93.25530568     12.78244564    383.93469417    300.00000000      0.99989171      0.06383214     -7.59341329     -0.15766936     -7.75108265      0.04811910      0.01234935      0.04874389      0.00801985 md_running
   131     65.50000000     93.51907088     12.75532660    386.05663756    300.00000000      0.99988951      0.06418493     -7.59344344     -0.15888263     -7.75232607      0.04770023      0.01247062      0.04835162      0.00795004 md_running
   132     66.00000000     93.77842527     12.72804204    388.11885434    300.00000000      0.99988741      0.06452779     -7.59345850     -0.16009590     -7.75355440      0.04704913      0.01259258      0.04773232      0.00784152 md_running
   133     66.50000000     94.02339255     12.70058561    390.16029686    300.00000000      0.99988538      0.06486719     -7.59346486     -0.16130917     -7.75477403      0.04603914      0.01271523      0.04676276      0.00767319 md_running
   134     67.00000000     94.27890149     12.67295227    392.22331711    300.00000000      0.99988336      0.06521019     -7.59346948     -0.16252244     -7.75599193      0.04458861      0.01283859      0.04536659      0.00743144 md_running
   135     67.50000000     94.53541629     12.64513837    394.33960901    300.00000000      0.99988133      0.06556204     -7.59347796     -0.16373571     -7.75721367      0.04268866      0.01296267      0.04353811      0.00711478 md_running
   136     68.00000000     94.79394537     12.61714177    396.51719267    300.00000000      0.99987926      0.06592408     -7.59349152     -0.16494897     -7.75844049      0.04041860      0.01308749      0.04135601      0.00673643 md_running
   137     68.50000000     95.05104479     12.58896227    398.73498037    300.00000000      0.99987715      0.06629280     -7.59350644     -0.16616224     -7.75966868      0.03795614      0.01321307      0.03899546      0.00632602 md_running
   138     69.00000000     95.30867614     12.56060171    400.94693928    300.00000000      0.99987505      0.06666056     -7.59351482     -0.16737550     -7.76089032      0.03557474      0.01333939      0.03672314      0.00592912 md_running
   139     69.50000000     95.56767624     12.53206389    403.09535961    300.00000000      0.99987301      0.06701775     -7.59350717     -0.16858876     -7.76209593      0.03361650      0.01346648      0.03487106      0.00560275 md_running
   140     70.00000000     95.81788304     12.50335376    405.12716161    300.00000000      0.99987107      0.06735555     -7.59347423     -0.16980203     -7.76327626      0.03243190      0.01359434      0.03377168      0.00540532 md_running
   141     70.50000000     96.06554323     12.47447689    407.00854247    300.00000000      0.99986928      0.06766835     -7.59341028     -0.17101529     -7.76442558      0.03226429      0.01372296      0.03365387      0.00537738 md_running
   142     71.00000000     96.31912434     12.44543849    408.73604636    300.00000000      0.99986765      0.06795556     -7.59331474     -0.17222856     -7.76554331      0.03313274      0.01385236      0.03453367      0.00552212 md_running
   143     71.50000000     96.58122611     12.41624254    410.33822297    300.00000000      0.99986616      0.06822193     -7.59319243     -0.17344184     -7.76663427      0.03483347      0.01398255      0.03621496      0.00580558 md_running
   144     72.00000000     96.83106133     12.38689140    411.86941790    300.00000000      0.99986478      0.06847651     -7.59305238     -0.17465512     -7.76770750      0.03702992      0.01411351      0.03837506      0.00617165 md_running
   145     72.50000000     97.08942737     12.35738554    413.39834914    300.00000000      0.99986344      0.06873070     -7.59290637     -0.17586842     -7.76877478      0.03936006      0.01424528      0.04066442      0.00656001 md_running
   146     73.00000000     97.34566366     12.32772335    414.99318938    300.00000000      0.99986208      0.06899586     -7.59276545     -0.17708172     -7.76984717      0.04150639      0.01437785      0.04277441      0.00691773 md_running
   147     73.50000000     97.59865535     12.29790097    416.70683524    300.00000000      0.99986064      0.06928076     -7.59263862     -0.17829503     -7.77093365      0.04323278      0.01451125      0.04447272      0.00720546 md_running
   148     74.00000000     97.85912256     12.26791265    418.56645831    300.00000000      0.99985910      0.06958994     -7.59253020     -0.17950835     -7.77203855      0.04438054      0.01464549      0.04560505      0.00739676 md_running
   149     74.50000000     98.12298179     12.23775088    420.56975923    300.00000000      0.99985744      0.06992301     -7.59243978     -0.18072168     -7.77316146      0.04486585      0.01478060      0.04609014      0.00747764 md_running
   150     75.00000000     98.38143807     12.20740676    422.68837517    300.00000000      0.99985569      0.07027524     -7.59236216     -0.18193502     -7.77429718      0.04467299      0.01491659      0.04591638      0.00744550 md_running
   151     75.50000000     98.63635569     12.17687016    424.87584670    300.00000000      0.99985387      0.07063893     -7.59228958     -0.18314836     -7.77543794      0.04385102      0.01505349      0.04513316      0.00730850 md_running
   152     76.00000000     98.89434066     12.14613054    427.07827595    300.00000000      0.99985204      0.07100510     -7.59221235     -0.18436171     -7.77657405      0.04250423      0.01519134      0.04384280      0.00708404 md_running
   153     76.50000000     99.15881017     12.11517799    429.24617981    300.00000000      0.99985023      0.07136553     -7.59212225     -0.18557506     -7.77769731      0.04078522      0.01533015      0.04219542      0.00679754 md_running
   154     77.00000000     99.41440958     12.08400412    431.34296725    300.00000000      0.99984849      0.07171414     -7.59201272     -0.18678841     -7.77880113      0.03889239      0.01546995      0.04038161      0.00648206 md_running
   155     77.50000000     99.66610133     12.05260309    433.34803938    300.00000000      0.99984684      0.07204749     -7.59188020     -0.18800176     -7.77988196      0.03706372      0.01561078      0.03863193      0.00617729 md_running
   156     78.00000000     99.91984142     12.02097176    435.25847171    300.00000000      0.99984527      0.07236512     -7.59172410     -0.18921510     -7.78093920      0.03557196      0.01575264      0.03721123      0.00592866 md_running
   157     78.50000000    100.17277927     11.98910971    437.08552216    300.00000000      0.99984379      0.07266888     -7.59154624     -0.19042845     -7.78197469      0.03469301      0.01589556      0.03638187      0.00578217 md_running
   158     79.00000000    100.41351046     11.95701921    438.84536551    300.00000000      0.99984239      0.07296147     -7.59134926     -0.19164179     -7.78299104      0.03465299      0.01603955      0.03635699      0.00577550 md_running
   159     79.50000000    100.66338453     11.92470500    440.55164828    300.00000000      0.99984104      0.07324515     -7.59113557     -0.19285512     -7.78399069      0.03556266      0.01618461      0.03724171      0.00592711 md_running
   160     80.00000000    100.91512121     11.89217378    442.21057755    300.00000000      0.99983974      0.07352096     -7.59090601     -0.19406846     -7.78497446      0.03737601      0.01633077      0.03899312      0.00622933 md_running
   161     80.50000000    101.17532595     11.85943383    443.82082320    300.00000000      0.99983848      0.07378868     -7.59066066     -0.19528179     -7.78594244      0.03990250      0.01647802      0.04143357      0.00665042 md_running
   162     81.00000000    101.43817452     11.82649448    445.38022661    300.00000000      0.99983728      0.07404794     -7.59039884     -0.19649511     -7.78689395      0.04287187      0.01662637      0.04431066      0.00714531 md_running
   163     81.50000000    101.69805353     11.79336530    446.89396702    300.00000000      0.99983612      0.07429961     -7.59012141     -0.19770844     -7.78782985      0.04599744      0.01677581      0.04734972      0.00766624 md_running
   164     82.00000000    101.95401445     11.76005518    448.38117268    300.00000000      0.99983499      0.07454687     -7.58983156     -0.19892176     -7.78875332      0.04901477      0.01692636      0.05029475      0.00816913 md_running
   165     82.50000000    102.20151364     11.72657134    449.87795325    300.00000000      0.99983388      0.07479572     -7.58953539     -0.20013508     -7.78967047      0.05169964      0.01707802      0.05292440      0.00861661 md_running
   166     83.00000000    102.45672647     11.69291848    451.43442261    300.00000000      0.99983276      0.07505450     -7.58924139     -0.20134841     -7.79058980      0.05387800      0.01723079      0.05506471      0.00897967 md_running
   167     83.50000000    102.71617912     11.65909830    453.10677044    300.00000000      0.99983158      0.07533254     -7.58895896     -0.20256174     -7.79152070      0.05543100      0.01738469      0.05659499      0.00923850 md_running
   168     84.00000000    102.97207181     11.62510924    454.94407634    300.00000000      0.99983030      0.07563800     -7.58869629     -0.20377507     -7.79247136      0.05630015      0.01753974      0.05745192      0.00938336 md_running
   169     84.50000000    103.23107444     11.59094688    456.97972940    300.00000000      0.99982890      0.07597645     -7.58845869     -0.20498840     -7.79344709      0.05648605      0.01769597      0.05763802      0.00941434 md_running
   170     85.00000000    103.49021343     11.55660419    459.22570541    300.00000000      0.99982736      0.07634986     -7.58824816     -0.20620174     -7.79444990      0.05604510      0.01785339      0.05720887      0.00934085 md_running
   171     85.50000000    103.75114188     11.52207185    461.66764460    300.00000000      0.99982569      0.07675585     -7.58806210     -0.20741508     -7.79547718      0.05509086      0.01801205      0.05627758      0.00918181 md_running
   172     86.00000000    103.98743557     11.48733881    464.26823607    300.00000000      0.99982391      0.07718822     -7.58789387     -0.20862842     -7.79652229      0.05379018      0.01817198      0.05501083      0.00896503 md_running
   173     86.50000000    104.24311277     11.45239314    466.97425123    300.00000000      0.99982206      0.07763811     -7.58773408     -0.20984177     -7.79757585      0.05234423      0.01833322      0.05360560      0.00872404 md_running
   174     87.00000000    104.50827768     11.41722311    469.72864220    300.00000000      0.99982017      0.07809605     -7.58757298     -0.21105511     -7.79862809      0.05096551      0.01849581      0.05226975      0.00849425 md_running
   175     87.50000000    104.77386180     11.38181818    472.48552377    300.00000000      0.99981829      0.07855441     -7.58740235     -0.21226845     -7.79967081      0.04984702      0.01865978      0.05119080      0.00830784 md_running
   176     88.00000000    105.03996902     11.34616983    475.22150448    300.00000000      0.99981645      0.07900928     -7.58721807     -0.21348179     -7.80069986      0.04910945      0.01882519      0.05048495      0.00818491 md_running
   177     88.50000000    105.30100611     11.31027225    477.94122854    300.00000000      0.99981464      0.07946146     -7.58702057     -0.21469513     -7.80171570      0.04879040      0.01899206      0.05018779      0.00813173 md_running
   178     89.00000000    105.56664013     11.27412264    480.67459543    300.00000000      0.99981285      0.07991590     -7.58681485     -0.21590847     -7.80272331      0.04883058      0.01916042      0.05023957      0.00813843 md_running
   179     89.50000000    105.82544901     11.23772141    483.46670071    300.00000000      0.99981106      0.08038011     -7.58660840     -0.21712180     -7.80373019      0.04909105      0.01933030      0.05050312      0.00818184 md_running
   180     90.00000000    106.08566254     11.20107220    486.36551900    300.00000000      0.99980924      0.08086206     -7.58640931     -0.21833512     -7.80474443      0.04940049      0.01950172      0.05081253      0.00823342 md_running
   181     90.50000000    106.35105475     11.16418155    489.40943014    300.00000000      0.99980736      0.08136814     -7.58622376     -0.21954844     -7.80577220      0.04958959      0.01967469      0.05100150      0.00826493 md_running
   182     91.00000000    106.60733573     11.12705846    492.61862393    300.00000000      0.99980541      0.08190169     -7.58605570     -0.22076175     -7.80681745      0.04952204      0.01984923      0.05094147      0.00825367 md_running
   183     91.50000000    106.85719918     11.08971343    495.99068379    300.00000000      0.99980337      0.08246232     -7.58590447     -0.22197506     -7.80787953      0.04911452      0.02002534      0.05055076      0.00818575 md_running
   184     92.00000000    107.11706784     11.05215767    499.50151868    300.00000000      0.99980127      0.08304603     -7.58576620     -0.22318836     -7.80895457      0.04834332      0.02020302      0.04980782      0.00805722 md_running
   185     92.50000000    107.37319992     11.01440214    503.11394811    300.00000000      0.99979912      0.08364662     -7.58563458     -0.22440166     -7.81003624      0.04723985      0.02038229      0.04874639      0.00787331 md_running
   186     93.00000000    107.61425709     10.97645645    506.78784588    300.00000000      0.99979696      0.08425744     -7.58550313     -0.22561496     -7.81111809      0.04588987      0.02056315      0.04745360      0.00764831 md_running
   187     93.50000000    107.84732018     10.93832781    510.49220054    300.00000000      0.99979480      0.08487331     -7.58536641     -0.22682826     -7.81219466      0.04442333      0.02074561      0.04606217      0.00740389 md_running
   188     94.00000000    108.10599986     10.90002013    514.21253416    300.00000000      0.99979267      0.08549185     -7.58522205     -0.22804155     -7.81326360      0.04300674      0.02092969      0.04473260      0.00716779 md_running
   189     94.50000000    108.35990966     10.86153363    517.95026664    300.00000000      0.99979055      0.08611327     -7.58507030     -0.22925484     -7.81432514      0.04181625      0.02111542      0.04362751      0.00696937 md_running
   190     95.00000000    108.61164556     10.82286477    521.71954010    300.00000000      0.99978845      0.08673995     -7.58491343     -0.23046814     -7.81538156      0.04101143      0.02130283      0.04289153      0.00683524 md_running
   191     95.50000000    108.86832577     10.78400658    525.54358907    300.00000000      0.99978636      0.08737572     -7.58475475     -0.23168143     -7.81643618      0.04069560      0.02149196      0.04261989      0.00678260 md_running
   192     96.00000000    109.12891230     10.74494906    529.44968083    300.00000000      0.99978427      0.08802514     -7.58459873     -0.23289473     -7.81749346      0.04089745      0.02168286      0.04283825      0.00681624 md_running
   193     96.50000000    109.39204085     10.70567984    533.46142063    300.00000000      0.99978215      0.08869213     -7.58444900     -0.23410803     -7.81855703      0.04156898      0.02187558      0.04350100      0.00692816 md_running
   194     97.00000000    109.65688686     10.66618513    537.59216534    300.00000000      0.99978001      0.08937889     -7.58430722     -0.23532132     -7.81962854      0.04259157      0.02207019      0.04449478      0.00709859 md_running
   195     97.50000000    109.89490278     10.62645075    541.84492725    300.00000000      0.99977783      0.09008595     -7.58417354     -0.23653462     -7.82070816      0.04379942      0.02226674      0.04566749      0.00729990 md_running
   196     98.00000000    110.14827335     10.58646303    546.21589361    300.00000000      0.99977563      0.09081266     -7.58404672     -0.23774792     -7.82179464      0.04501057      0.02246531      0.04684571      0.00750176 md_running
   197     98.50000000    110.40758950     10.54620980    550.69482964    300.00000000      0.99977340      0.09155731     -7.58392477     -0.23896122     -7.82288598      0.04604860      0.02266596      0.04785126      0.00767477 md_running
   198     99.00000000    110.66630614     10.50568176    555.27005883    300.00000000      0.99977116      0.09231798     -7.58380509     -0.24017451     -7.82397961      0.04675874      0.02286874      0.04853063      0.00779312 md_running
   199     99.50000000    110.92393304     10.46487323    559.93943038    300.00000000      0.99976891      0.09309430     -7.58368683     -0.24138781     -7.82507463      0.04701878      0.02307372      0.04877069      0.00783646 md_running
   200    100.00000000    111.18621898     10.42378224    564.71711188    300.00000000      0.99976665      0.09388863     -7.58357237     -0.24260110     -7.82617347      0.04674828      0.02328093      0.04850600      0.00779138 max_step
