  step         time_fs     wall_time_s        rti_dist          temp_K          kin_Ha     pot_real_Ha     pot_rtip_Ha    pot_total_Ha          f_real          f_bias         f_total      rms_f_real bias_used next_add_bias  stopped state_decision
     1      0.50000000     33.62281131     16.58312395             nan             nan     -7.59902513     -0.00121192     -7.60023705      0.05569724      0.00007351      0.05568201      0.00928287         1             1        0 bias_on
     2      1.00000000     34.54182874     16.59394876             nan             nan     -7.60049295     -0.00242383     -7.60291679      0.04366516      0.00014692      0.04362703      0.00727753         1             1        0 bias_on
     3      1.50000000     35.43107903     16.60328330             nan             nan     -7.60127488     -0.00363574     -7.60491062      0.03807165      0.00022026      0.03801039      0.00634527         1             1        0 bias_on
     4      2.00000000     36.32634564     16.61049946             nan             nan     -7.60184753     -0.00484764     -7.60669517      0.03031740      0.00029355      0.03021820      0.00505290         1             1        0 bias_on
     5      2.50000000     41.09507900     16.62257377             nan             nan     -7.60240502     -0.00605953     -7.60846455      0.04079967      0.00036668      0.04071413      0.00679995         1             1        0 bias_on
     6      3.00000000     41.99512039     16.62857352             nan             nan     -7.60285296     -0.00727143     -7.61012439      0.03209471      0.00043987      0.03196850      0.00534912         1             1        0 bias_on
     7      3.50000000     42.86997470     16.63592298             nan             nan     -7.60318131     -0.00848331     -7.61166462      0.03592379      0.00051296      0.03579759      0.00598730         1             1        0 bias_on
     8      4.00000000     43.77029619     16.64219133             nan             nan     -7.60347877     -0.00969520     -7.61317397      0.03637824      0.00058602      0.03624191      0.00606304         1             1        0 bias_on
     9      4.50000000     44.47415659     16.64808453             nan             nan     -7.60374972     -0.01090708     -7.61465680      0.03660000      0.00065904      0.03645194      0.00610000         1             1        0 bias_on
    10      5.00000000     45.54005645     16.65158226             nan             nan     -7.60407167     -0.01211896     -7.61619064      0.02026747      0.00073212      0.01997742      0.00337791         1             1        0 bias_on
    11      5.50000000     46.41888324     16.67153008             nan             nan     -7.60450367     -0.01333078     -7.61783445      0.05156153      0.00080439      0.05144971      0.00859359         1             1        0 bias_on
    12      6.00000000     47.12556951     16.67497029             nan             nan     -7.60498253     -0.01454266     -7.61952519      0.02637903      0.00087734      0.02614790      0.00439651         1             1        0 bias_on
    13      6.50000000     47.84175880     16.67898253             nan             nan     -7.60517133     -0.01575453     -7.62092586      0.02192863      0.00095023      0.02163345      0.00365477         1             1        0 bias_on
    14      7.00000000     48.56863426     16.68369020             nan             nan     -7.60533738     -0.01696639     -7.62230377      0.02267593      0.00102304      0.02237995      0.00377932         1             1        0 bias_on
    15      7.50000000     49.29470464     16.68803502             nan             nan     -7.60549282     -0.01817826     -7.62367107      0.02272886      0.00109584      0.02242047      0.00378814         1             1        0 bias_on
    16      8.00000000     50.01015939     16.69222671             nan             nan     -7.60563913     -0.01939012     -7.62502925      0.02276306      0.00116861      0.02244621      0.00379384         1             1        0 bias_on
    17      8.50000000     51.06067165     16.69469832             nan             nan     -7.60577862     -0.02060198     -7.62638061      0.01474854      0.00124147      0.01423249      0.00245809         1             1        0 bias_on
    18      9.00000000     51.79727918     16.71458830             nan             nan     -7.60613737     -0.02181374     -7.62795111      0.04272104      0.00131296      0.04255920      0.00712017         1             1        0 bias_on
    19      9.50000000     52.86813336     16.71633804             nan             nan     -7.60648863     -0.02302561     -7.62951423      0.01247268      0.00138577      0.01188082      0.00207878         1             1        0 bias_on
    20     10.00000000     53.59868488     16.74236442             nan             nan     -7.60693514     -0.02423730     -7.63117244      0.04198382      0.00145649      0.04183367      0.00699730         1             1        0 bias_on
    21     10.50000000     59.34426484     16.74375489             nan             nan     -7.60726623     -0.02544916     -7.63271539      0.01070309      0.00152919      0.01007223      0.00178385         1             1        0 bias_on
    22     11.00000000     60.11079709     16.75291308             nan             nan     -7.60742819     -0.02666096     -7.63408915      0.02325433      0.00160115      0.02297938      0.00387572         1             1        0 bias_on
    23     11.50000000     60.87298513     16.75429317             nan             nan     -7.60754114     -0.02787281     -7.63541395      0.01051206      0.00167379      0.00986841      0.00175201         1             1        0 bias_on
    24     12.00000000     61.61243317     16.75934977             nan             nan     -7.60762895     -0.02908463     -7.63671358      0.01870317      0.00174605      0.01835259      0.00311720         1             1        0 bias_on
    25     12.50000000     62.36456965     16.76090234             nan             nan     -7.60770461     -0.03029648     -7.63800108      0.01241645      0.00181864      0.01186763      0.00206941         1             1        0 bias_on
    26     13.00000000     63.11740680     16.76322538             nan             nan     -7.60775549     -0.03150831     -7.63926381      0.01452703      0.00189113      0.01405835      0.00242117         1             1        0 bias_on
    27     13.50000000     63.86473128     16.76507389             nan             nan     -7.60780610     -0.03272016     -7.64052626      0.01431323      0.00196365      0.01382835      0.00238554         1             1        0 bias_on
    28     14.00000000     64.61888750     16.76687786             nan             nan     -7.60785449     -0.03393200     -7.64178649      0.01439076      0.00203616      0.01390686      0.00239846         1             1        0 bias_on
    29     14.50000000     65.35623527     16.76856510             nan             nan     -7.60790140     -0.03514384     -7.64304524      0.01437596      0.00210868      0.01388374      0.00239599         1             1        0 bias_on
    30     15.00000000     66.09273500     16.77018270             nan             nan     -7.60794682     -0.03635568     -7.64430251      0.01438783      0.00218118      0.01389599      0.00239797         1             1        0 bias_on
    31     15.50000000     66.84409885     16.77169413             nan             nan     -7.60799069     -0.03756753     -7.64555822      0.01439254      0.00225369      0.01389401      0.00239876         1             1        0 bias_on
    32     16.00000000     67.59155384     16.77313622             nan             nan     -7.60803320     -0.03877937     -7.64681257      0.01439494      0.00232620      0.01389810      0.00239916         1             1        0 bias_on
    33     16.50000000     68.33917360     16.77447478             nan             nan     -7.60807442     -0.03999121     -7.64806563      0.01440114      0.00239870      0.01389852      0.00240019         1             1        0 bias_on
    34     17.00000000     69.07882046     16.77574643             nan             nan     -7.60811429     -0.04120305     -7.64931734      0.01440005      0.00247121      0.01390060      0.00240001         1             1        0 bias_on
    35     17.50000000     69.83190704     16.77691627             nan             nan     -7.60815299     -0.04241490     -7.65056789      0.01440592      0.00254371      0.01390150      0.00240099         1             1        0 bias_on
    36     18.00000000     70.59248901     16.77802161             nan             nan     -7.60819050     -0.04362674     -7.65181724      0.01440231      0.00261622      0.01390255      0.00240039         1             1        0 bias_on
    37     18.50000000     71.35495275     16.77902657             nan             nan     -7.60822685     -0.04483858     -7.65306543      0.01440754      0.00268874      0.01390358      0.00240126         1             1        0 bias_on
    38     19.00000000     72.10221423     16.77996919             nan             nan     -7.60826226     -0.04605043     -7.65431269      0.01440304      0.00276125      0.01390522      0.00240051         1             1        0 bias_on
    39     19.50000000     72.84811687     16.78081272             nan             nan     -7.60829645     -0.04726227     -7.65555872      0.01440621      0.00283378      0.01390490      0.00240103         1             1        0 bias_on
    40     20.00000000     73.57944783     16.78159585             nan             nan     -7.60832978     -0.04847412     -7.65680390      0.01440015      0.00290630      0.01390639      0.00240002         1             1        0 bias_on
    41     20.50000000     74.32090728     16.78228120             nan             nan     -7.60836207     -0.04968597     -7.65804803      0.01440337      0.00297884      0.01390687      0.00240056         1             1        0 bias_on
    42     21.00000000     75.07669779     16.78290785             nan             nan     -7.60839351     -0.05089782     -7.65929133      0.01439529      0.00305138      0.01390772      0.00239922         1             1        0 bias_on
    43     21.50000000     75.80742682     16.78343792             nan             nan     -7.60842392     -0.05210967     -7.66053358      0.01439749      0.00312394      0.01390783      0.00239958         1             1        0 bias_on
    44     22.00000000     76.55239803     16.78391097             nan             nan     -7.60845357     -0.05332152     -7.66177509      0.01438882      0.00319650      0.01390946      0.00239814         1             1        0 bias_on
    45     22.50000000     77.28589087     16.78428856             nan             nan     -7.60848238     -0.05453337     -7.66301575      0.01439069      0.00326907      0.01390991      0.00239845         1             1        0 bias_on
    46     23.00000000     78.02334381     16.78461063             nan             nan     -7.60851051     -0.05574522     -7.66425573      0.01437927      0.00334165      0.01391006      0.00239654         1             1        0 bias_on
    47     23.50000000     78.75394579     16.78483837             nan             nan     -7.60853762     -0.05695708     -7.66549470      0.01438018      0.00341425      0.01391019      0.00239670         1             1        0 bias_on
    48     24.00000000     79.49621203     16.78501196             nan             nan     -7.60856423     -0.05816893     -7.66673316      0.01436817      0.00348686      0.01391105      0.00239469         1             1        0 bias_on
    49     24.50000000     80.23996479     16.78509229             nan             nan     -7.60858995     -0.05938079     -7.66797074      0.01436832      0.00355948      0.01391104      0.00239472         1             1        0 bias_on
    50     25.00000000     80.98329890     16.78511969             nan             nan     -7.60861506     -0.06059265     -7.66920772      0.01435514      0.00363212      0.01391198      0.00239252         1             1        0 bias_on
    51     25.50000000     81.71626968     16.78505489             nan             nan     -7.60863943     -0.06180451     -7.67044394      0.01435460      0.00370477      0.01391191      0.00239243         1             1        0 bias_on
    52     26.00000000     82.45161109     16.78493828             nan             nan     -7.60866324     -0.06301638     -7.67167961      0.01434037      0.00377744      0.01391301      0.00239006         1             1        0 bias_on
    53     26.50000000     83.19715967     16.78473050             nan             nan     -7.60868623     -0.06422824     -7.67291447      0.01433899      0.00385012      0.01391270      0.00238983         1             1        0 bias_on
    54     27.00000000     83.93371280     16.78447192             nan             nan     -7.60870895     -0.06544011     -7.67414906      0.01432363      0.00392282      0.01391386      0.00238727         1             1        0 bias_on
    55     27.50000000     84.67074295     16.78412317             nan             nan     -7.60873078     -0.06665198     -7.67538276      0.01432126      0.00399555      0.01391313      0.00238688         1             1        0 bias_on
    56     28.00000000     85.42208964     16.78372460             nan             nan     -7.60875220     -0.06786385     -7.67661605      0.01430439      0.00406829      0.01391396      0.00238406         1             1        0 bias_on
    57     28.50000000     86.16172049     16.78323677             nan             nan     -7.60877298     -0.06907572     -7.67784870      0.01430206      0.00414105      0.01391385      0.00238368         1             1        0 bias_on
    58     29.00000000     86.90398404     16.78270009             nan             nan     -7.60879334     -0.07028760     -7.67908094      0.01428394      0.00421383      0.01391459      0.00238066         1             1        0 bias_on
    59     29.50000000     87.63063611     16.78207499             nan             nan     -7.60881310     -0.07149948     -7.68031258      0.01428098      0.00428663      0.01391436      0.00238016         1             1        0 bias_on
    60     30.00000000     88.38414064     16.78140199             nan             nan     -7.60883231     -0.07271136     -7.68154367      0.01426152      0.00435945      0.01391493      0.00237692         1             1        0 bias_on
    61     30.50000000     89.12377402     16.78064136             nan             nan     -7.60885099     -0.07392324     -7.68277424      0.01425837      0.00443230      0.01391503      0.00237640         1             1        0 bias_on
    62     31.00000000     89.83127646     16.77983375             nan             nan     -7.60886940     -0.07513513     -7.68400453      0.01423768      0.00450517      0.01391550      0.00237295         1             1        0 bias_on
    63     31.50000000     90.57407760     16.77893930             nan             nan     -7.60888712     -0.07634702     -7.68523413      0.01423364      0.00457807      0.01391520      0.00237227         1             1        0 bias_on
    64     32.00000000     91.29662319     16.77799864             nan             nan     -7.60890462     -0.07755891     -7.68646352      0.01421224      0.00465099      0.01391608      0.00236871         1             1        0 bias_on
    65     32.50000000     92.04511313     16.77697197             nan             nan     -7.60892151     -0.07877080     -7.68769231      0.01420757      0.00472394      0.01391565      0.00236793         1             1        0 bias_on
    66     33.00000000     92.79249505     16.77589983             nan             nan     -7.60893803     -0.07998270     -7.68892072      0.01418455      0.00479691      0.01391598      0.00236409         1             1        0 bias_on
    67     33.50000000     93.52008380     16.77474242             nan             nan     -7.60895407     -0.08119460     -7.69014866      0.01417963      0.00486992      0.01391583      0.00236327         1             1        0 bias_on
    68     34.00000000     94.27066296     16.77354023             nan             nan     -7.60896990     -0.08240650     -7.69137640      0.01415616      0.00494294      0.01391678      0.00235936         1             1        0 bias_on
    69     34.50000000     95.03429951     16.77225359             nan             nan     -7.60898516     -0.08361841     -7.69260356      0.01415041      0.00501601      0.01391631      0.00235840         1             1        0 bias_on
    70     35.00000000     95.79229291     16.77092274             nan             nan     -7.60900016     -0.08483031     -7.69383048      0.01412559      0.00508909      0.01391696      0.00235427         1             1        0 bias_on
    71     35.50000000     96.54093980     16.76950819             nan             nan     -7.60901459     -0.08604223     -7.69505682      0.01411963      0.00516221      0.01391679      0.00235327         1             1        0 bias_on
    72     36.00000000     97.28972722     16.76805000             nan             nan     -7.60902890     -0.08725414     -7.69628304      0.01409381      0.00523536      0.01391747      0.00234897         1             1        0 bias_on
    73     36.50000000     98.03635551     16.76650886             nan             nan     -7.60904270     -0.08846606     -7.69750876      0.01408716      0.00530855      0.01391715      0.00234786         1             1        0 bias_on
    74     37.00000000     98.78328430     16.76492457             nan             nan     -7.60905625     -0.08967798     -7.69873423      0.01406030      0.00538176      0.01391782      0.00234338         1             1        0 bias_on
    75     37.50000000     99.53706483     16.76325801             nan             nan     -7.60906931     -0.09088991     -7.69995921      0.01405313      0.00545501      0.01391748      0.00234219         1             1        0 bias_on
    76     38.00000000    100.27564761     16.76154879             nan             nan     -7.60908223     -0.09210183     -7.70118406      0.01402508      0.00552829      0.01391800      0.00233751         1             1        0 bias_on
    77     38.50000000    101.02749477     16.75975796             nan             nan     -7.60909471     -0.09331377     -7.70240848      0.01401780      0.00560161      0.01391806      0.00233630         1             1        0 bias_on
    78     39.00000000    101.78576877     16.75792494             nan             nan     -7.60910699     -0.09452570     -7.70363270      0.01398855      0.00567496      0.01391840      0.00233142         1             1        0 bias_on
    79     39.50000000    102.53370595     16.75601092             nan             nan     -7.60911885     -0.09573764     -7.70485649      0.01397994      0.00574835      0.01391766      0.00232999         1             1        0 bias_on
    80     40.00000000    103.25542183     16.75405500             nan             nan     -7.60913046     -0.09694958     -7.70608004      0.01395048      0.00582177      0.01391883      0.00232508         1             1        0 bias_on
    81     40.50000000    104.01131904     16.75201879             nan             nan     -7.60914166     -0.09816153     -7.70730320      0.01394235      0.00589523      0.01391910      0.00232372         1             1        0 bias_on
    82     41.00000000    104.74960756     16.74994119             nan             nan     -7.60915286     -0.09937348     -7.70852634      0.01391061      0.00596873      0.01391902      0.00231844         1             1        0 bias_on
    83     41.50000000    105.50111988     16.74778369             nan             nan     -7.60916347     -0.10058544     -7.70974891      0.01390189      0.00604227      0.01391923      0.00231698         1             1        0 bias_on
    84     42.00000000    106.25901219     16.74558513             nan             nan     -7.60917408     -0.10179740     -7.71097148      0.01386949      0.00611585      0.01391951      0.00231158         1             1        0 bias_on
    85     42.50000000    107.02027956     16.74330728             nan             nan     -7.60918414     -0.10300936     -7.71219350      0.01385960      0.00618947      0.01391907      0.00230993         1             1        0 bias_on
    86     43.00000000    107.77130471     16.74098859             nan             nan     -7.60919418     -0.10422133     -7.71341551      0.01382638      0.00626313      0.01391959      0.00230440         1             1        0 bias_on
    87     43.50000000    108.53066369     16.73859116             nan             nan     -7.60920379     -0.10543330     -7.71463708      0.01381623      0.00633684      0.01391938      0.00230271         1             1        0 bias_on
    88     44.00000000    109.28565897     16.73615328             nan             nan     -7.60921321     -0.10664527     -7.71585849      0.01378236      0.00641058      0.01392031      0.00229706         1             1        0 bias_on
    89     44.50000000    110.03097385     16.73363718             nan             nan     -7.60922233     -0.10785725     -7.71707958      0.01377147      0.00648437      0.01391982      0.00229525         1             1        0 bias_on
    90     45.00000000    110.78286119     16.73108098             nan             nan     -7.60923133     -0.10906924     -7.71830057      0.01373641      0.00655820      0.01392064      0.00228940         1             1        0 bias_on
    91     45.50000000    111.53742227     16.72844697             nan             nan     -7.60923997     -0.11028123     -7.71952120      0.01372530      0.00663208      0.01392039      0.00228755         1             1        0 bias_on
    92     46.00000000    112.27938674     16.72577326             nan             nan     -7.60924850     -0.11149322     -7.72074172      0.01368870      0.00670600      0.01392075      0.00228145         1             1        0 bias_on
    93     46.50000000    113.03266476     16.72302207             nan             nan     -7.60925661     -0.11270522     -7.72196182      0.01367719      0.00677997      0.01392062      0.00227953         1             1        0 bias_on
    94     47.00000000    113.75093227     16.72023145             nan             nan     -7.60926470     -0.11391722     -7.72318192      0.01363988      0.00685398      0.01392132      0.00227331         1             1        0 bias_on
    95     47.50000000    114.47262620     16.71736388             nan             nan     -7.60927240     -0.11512923     -7.72440163      0.01362786      0.00692805      0.01392125      0.00227131         1             1        0 bias_on
    96     48.00000000    115.22976096     16.71445707             nan             nan     -7.60927998     -0.11634124     -7.72562122      0.01358914      0.00700216      0.01392159      0.00226486         1             1        0 bias_on
    97     48.50000000    115.99127221     16.71147367             nan             nan     -7.60928717     -0.11755326     -7.72684043      0.01357651      0.00707632      0.01392150      0.00226275         1             1        0 bias_on
    98     49.00000000    116.74750882     16.70845117             nan             nan     -7.60929448     -0.11876528     -7.72805976      0.01353699      0.00715053      0.01392214      0.00225617         1             1        0 bias_on
    99     49.50000000    117.50229665     16.70535251             nan             nan     -7.60930131     -0.11997730     -7.72927861      0.01352346      0.00722479      0.01392177      0.00225391         1             1        0 bias_on
   100     50.00000000    118.25205908     16.70221478             nan             nan     -7.60930805     -0.12118933     -7.73049739      0.01348267      0.00729910      0.01392228      0.00224711         1             1        0 bias_on
   101     50.50000000    118.97527600     16.69900118             nan             nan     -7.60931454     -0.12240137     -7.73171591      0.01346899      0.00737347      0.01392227      0.00224483         1             1        0 bias_on
   102     51.00000000    119.72282280     16.69574883             nan             nan     -7.60932088     -0.12361341     -7.73293429      0.01342650      0.00744788      0.01392229      0.00223775         1             1        0 bias_on
   103     51.50000000    120.47870583     16.69242073             nan             nan     -7.60932701     -0.12482546     -7.73415247      0.01341264      0.00752235      0.01392258      0.00223544         1             1        0 bias_on
   104     52.00000000    121.23357824     16.68905420             nan             nan     -7.60933293     -0.12603751     -7.73537044      0.01336964      0.00759687      0.01392334      0.00222827         1             1        0 bias_on
   105     52.50000000    121.96900622     16.68561227             nan             nan     -7.60933859     -0.12724957     -7.73658816      0.01335431      0.00767146      0.01392271      0.00222572         1             1        0 bias_on
   106     53.00000000    122.73487324     16.68213189             nan             nan     -7.60934425     -0.12846163     -7.73780588      0.01330994      0.00774608      0.01392333      0.00221832         1             1        0 bias_on
   107     53.50000000    123.46450111     16.67857628             nan             nan     -7.60934950     -0.12967370     -7.73902320      0.01329457      0.00782078      0.01392322      0.00221576         1             1        0 bias_on
   108     54.00000000    124.22421006     16.67498250             nan             nan     -7.60935479     -0.13088577     -7.74024056      0.01324850      0.00789552      0.01392339      0.00220808         1             1        0 bias_on
   109     54.50000000    124.95725125     16.67131360             nan             nan     -7.60935970     -0.13209785     -7.74145755      0.01323320      0.00797033      0.01392387      0.00220553         1             1        0 bias_on
   110     55.00000000    125.71152888     16.66760685             nan             nan     -7.60936463     -0.13330993     -7.74267456      0.01318593      0.00804519      0.01392409      0.00219766         1             1        0 bias_on
   111     55.50000000    126.46022419     16.66382521             nan             nan     -7.60936915     -0.13452202     -7.74389117      0.01316971      0.00812012      0.01392420      0.00219495         1             1        0 bias_on
   112     56.00000000    127.20665703     16.66000580             nan             nan     -7.60937377     -0.13573411     -7.74510788      0.01312155      0.00819509      0.01392477      0.00218693         1             1        0 bias_on
   113     56.50000000    127.96617136     16.65611180             nan             nan     -7.60937794     -0.13694621     -7.74632415      0.01310464      0.00827014      0.01392475      0.00218411         1             1        0 bias_on
   114     57.00000000    128.70613131     16.65218018             nan             nan     -7.60938222     -0.13815832     -7.74754054      0.01305541      0.00834524      0.01392554      0.00217590         1             1        0 bias_on
   115     57.50000000    129.46241758     16.64817418             nan             nan     -7.60938609     -0.13937043     -7.74875652      0.01303786      0.00842041      0.01392544      0.00217298         1             1        0 bias_on
   116     58.00000000    130.21274483     16.64413069             nan             nan     -7.60939002     -0.14058255     -7.74997256      0.01298678      0.00849564      0.01392578      0.00216446         1             1        0 bias_on
   117     58.50000000    130.95896217     16.64001282             nan             nan     -7.60939358     -0.14179467     -7.75118825      0.01296898      0.00857093      0.01392597      0.00216150         1             1        0 bias_on
   118     59.00000000    131.71272339     16.63585770             nan             nan     -7.60939714     -0.14300680     -7.75240394      0.01291669      0.00864629      0.01392642      0.00215278         1             1        0 bias_on
   119     59.50000000    132.48521688     16.63162841             nan             nan     -7.60940044     -0.14421894     -7.75361938      0.01289796      0.00872171      0.01392634      0.00214966         1             1        0 bias_on
   120     60.00000000    138.38963623     16.62736185             nan             nan     -7.60940369     -0.14543108     -7.75483477      0.01284454      0.00879720      0.01392684      0.00214076         1             1        0 bias_on
   121     60.50000000    139.15428383     16.62302147             nan             nan     -7.60940661     -0.14664323     -7.75604984      0.01282569      0.00887276      0.01392730      0.00213762         1             1        0 bias_on
   122     61.00000000    139.91608530     16.61864400             nan             nan     -7.60940961     -0.14785538     -7.75726499      0.01277104      0.00894838      0.01392768      0.00212851         1             1        0 bias_on
   123     61.50000000    140.66952756     16.61419310             nan             nan     -7.60941233     -0.14906754     -7.75847987      0.01275116      0.00902407      0.01392793      0.00212519         1             1        0 bias_on
   124     62.00000000    141.41301625     16.60970496             nan             nan     -7.60941490     -0.15027971     -7.75969461      0.01269557      0.00909983      0.01392846      0.00211593         1             1        0 bias_on
   125     62.50000000    142.17658781     16.60514388             nan             nan     -7.60941728     -0.15149188     -7.76090915      0.01267494      0.00917566      0.01392869      0.00211249         1             1        0 bias_on
   126     63.00000000    142.93347766     16.60054555             nan             nan     -7.60941969     -0.15270406     -7.76212375      0.01261858      0.00925156      0.01392964      0.00210310         1             1        0 bias_on
   127     63.50000000    143.69137413     16.59587473             nan             nan     -7.60942170     -0.15391624     -7.76333794      0.01259694      0.00932753      0.01392959      0.00209949         1             1        0 bias_on
   128     64.00000000    144.44858710     16.59116659             nan             nan     -7.60942381     -0.15512843     -7.76455224      0.01253888      0.00940357      0.01393017      0.00208981         1             1        0 bias_on
   129     64.50000000    145.19245101     16.58638611             nan             nan     -7.60942557     -0.15634063     -7.76576620      0.01251727      0.00947969      0.01393081      0.00208621         1             1        0 bias_on
   130     65.00000000    145.93862075     16.58156857             nan             nan     -7.60942738     -0.15755283     -7.76698021      0.01245804      0.00955587      0.01393149      0.00207634         1             1        0 bias_on
   131     65.50000000    146.69071041     16.57667900             nan             nan     -7.60942893     -0.15876504     -7.76819397      0.01243517      0.00963214      0.01393166      0.00207253         1             1        0 bias_on
   132     66.00000000    147.45982406     16.57175222             nan             nan     -7.60943040     -0.15997726     -7.76940766      0.01237486      0.00970847      0.01393249      0.00206248         1             1        0 bias_on
   133     66.50000000    148.23003936     16.56675379             nan             nan     -7.60943160     -0.16118948     -7.77062108      0.01235117      0.00978489      0.01393266      0.00205853         1             1        0 bias_on
   134     67.00000000    155.32564091     16.56171810             nan             nan     -7.60943292     -0.16240171     -7.77183464      0.01228898      0.00986137      0.01393286      0.00204816         1             1        0 bias_on
   135     67.50000000    156.09566148     16.55661096             nan             nan     -7.60943382     -0.16361395     -7.77304777      0.01226486      0.00993795      0.01393344      0.00204414         1             1        0 bias_on
   136     68.00000000    156.86800869     16.55146660             nan             nan     -7.60943481     -0.16482619     -7.77426100      0.01220214      0.01001459      0.01393411      0.00203369         1             1        0 bias_on
   137     68.50000000    157.63300980     16.54625148             nan             nan     -7.60943540     -0.16603844     -7.77547385      0.01217741      0.01009131      0.01393492      0.00202957         1             1        0 bias_on
   138     69.00000000    158.38631660     16.54099916             nan             nan     -7.60943620     -0.16725070     -7.77668690      0.01211390      0.01016811      0.01393578      0.00201898         1             1        0 bias_on
   139     69.50000000    159.15791541     16.53567671             nan             nan     -7.60943655     -0.16846296     -7.77789952      0.01208782      0.01024500      0.01393612      0.00201464         1             1        0 bias_on
   140     70.00000000    159.94295880     16.53031686             nan             nan     -7.60943698     -0.16967523     -7.77911222      0.01202354      0.01032196      0.01393709      0.00200392         1             1        0 bias_on
   141     70.50000000    160.72513849     16.52488760             nan             nan     -7.60943714     -0.17088751     -7.78032466      0.01199661      0.01039901      0.01393738      0.00199944         1             1        0 bias_on
   142     71.00000000    161.51385244     16.51942093             nan             nan     -7.60943728     -0.17209980     -7.78153708      0.01193139      0.01047613      0.01393818      0.00198857         1             1        0 bias_on
   143     71.50000000    162.29908118     16.51388555             nan             nan     -7.60943715     -0.17331209     -7.78274924      0.01190381      0.01055335      0.01393861      0.00198397         1             1        0 bias_on
   144     72.00000000    163.04465060     16.50831283             nan             nan     -7.60943713     -0.17452438     -7.78396152      0.01183756      0.01063064      0.01393901      0.00197293         1             1        0 bias_on
   145     72.50000000    163.82384403     16.50267215             nan             nan     -7.60943672     -0.17573669     -7.78517341      0.01180971      0.01070802      0.01393988      0.00196829         1             1        0 bias_on
   146     73.00000000    164.58302532     16.49699434             nan             nan     -7.60943638     -0.17694900     -7.78638538      0.01174353      0.01078548      0.01394081      0.00195725         1             1        0 bias_on
   147     73.50000000    165.34598811     16.49124969             nan             nan     -7.60943570     -0.17816132     -7.78759702      0.01171469      0.01086303      0.01394146      0.00195245         1             1        0 bias_on
   148     74.00000000    166.12047674     16.48546788             nan             nan     -7.60943499     -0.17937365     -7.78880864      0.01164764      0.01094066      0.01394216      0.00194127         1             1        0 bias_on
   149     74.50000000    166.90010862     16.47961999             nan             nan     -7.60943409     -0.18058598     -7.79002007      0.01161769      0.01101839      0.01394260      0.00193628         1             1        0 bias_on
   150     75.00000000    167.66231425     16.47373483             nan             nan     -7.60943318     -0.18179832     -7.79123150      0.01155061      0.01109619      0.01394359      0.00192510         1             1        0 bias_on
   151     75.50000000    168.44118796     16.46778470             nan             nan     -7.60943193     -0.18301067     -7.79244259      0.01152038      0.01117410      0.01394451      0.00192006         1             1        0 bias_on
   152     76.00000000    169.21318677     16.46179750             nan             nan     -7.60943080     -0.18422302     -7.79365383      0.01145310      0.01125208      0.01394559      0.00190885         1             1        0 bias_on
   153     76.50000000    169.97852880     16.45574638             nan             nan     -7.60942925     -0.18543538     -7.79486463      0.01142175      0.01133016      0.01394626      0.00190363         1             1        0 bias_on
   154     77.00000000    170.72651910     16.44965812             nan             nan     -7.60942781     -0.18664775     -7.79607556      0.01135343      0.01140832      0.01394672      0.00189224         1             1        0 bias_on
   155     77.50000000    171.49231055     16.44350668             nan             nan     -7.60942605     -0.18786013     -7.79728618      0.01132159      0.01148658      0.01394767      0.00188693         1             1        0 bias_on
   156     78.00000000    172.22552757     16.43731822             nan             nan     -7.60942428     -0.18907251     -7.79849679      0.01125382      0.01156493      0.01394876      0.00187564         1             1        0 bias_on
   157     78.50000000    172.98227004     16.43106790             nan             nan     -7.60942219     -0.19028490     -7.79970709      0.01122125      0.01164337      0.01394977      0.00187021         1             1        0 bias_on
   158     79.00000000    173.75546266     16.42478062             nan             nan     -7.60942019     -0.19149730     -7.80091749      0.01115326      0.01172190      0.01395078      0.00185888         1             1        0 bias_on
   159     79.50000000    174.52032089     16.41843250             nan             nan     -7.60941785     -0.19270970     -7.80212755      0.01111951      0.01180053      0.01395149      0.00185325         1             1        0 bias_on
   160     80.00000000    175.28232196     16.41204734             nan             nan     -7.60941548     -0.19392211     -7.80333760      0.01105183      0.01187924      0.01395282      0.00184197         1             1        0 bias_on
   161     80.50000000    176.06231264     16.40560255             nan             nan     -7.60941279     -0.19513453     -7.80454732      0.01101743      0.01195806      0.01395369      0.00183624         1             1        0 bias_on
   162     81.00000000    176.84173243     16.39912079             nan             nan     -7.60941021     -0.19634696     -7.80575717      0.01094899      0.01203697      0.01395463      0.00182483         1             1        0 bias_on
   163     81.50000000    177.62518624     16.39258012             nan             nan     -7.60940721     -0.19755939     -7.80696660      0.01091360      0.01211598      0.01395552      0.00181893         1             1        0 bias_on
   164     82.00000000    178.39357683     16.38600241             nan             nan     -7.60940428     -0.19877183     -7.80817612      0.01084451      0.01219507      0.01395627      0.00180742         1             1        0 bias_on
   165     82.50000000    179.17357149     16.37936651             nan             nan     -7.60940100     -0.19998428     -7.80938529      0.01080861      0.01227427      0.01395760      0.00180143         1             1        0 bias_on
   166     83.00000000    179.94095087     16.37269366             nan             nan     -7.60939771     -0.20119674     -7.81059444      0.01073983      0.01235357      0.01395898      0.00178997         1             1        0 bias_on
   167     83.50000000    180.71000486     16.36596365             nan             nan     -7.60939415     -0.20240920     -7.81180335      0.01070245      0.01243296      0.01396011      0.00178374         1             1        0 bias_on
   168     84.00000000    181.46917200     16.35919641             nan             nan     -7.60939052     -0.20362167     -7.81301219      0.01063315      0.01251245      0.01396161      0.00177219         1             1        0 bias_on
   169     84.50000000    182.23539270     16.35237267             nan             nan     -7.60938660     -0.20483415     -7.81422074      0.01059458      0.01259205      0.01396291      0.00176576         1             1        0 bias_on
   170     85.00000000    183.00079754     16.34551149             nan             nan     -7.60938270     -0.20604663     -7.81542933      0.01052421      0.01267174      0.01396422      0.00175404         1             1        0 bias_on
   171     85.50000000    183.78732831     16.33859425             nan             nan     -7.60937844     -0.20725912     -7.81663756      0.01048412      0.01275154      0.01396559      0.00174735         1             1        0 bias_on
   172     86.00000000    184.55584853     16.33163923             nan             nan     -7.60937416     -0.20847162     -7.81784579      0.01041332      0.01283143      0.01396723      0.00173555         1             1        0 bias_on
   173     86.50000000    185.31839910     16.32462881             nan             nan     -7.60936964     -0.20968413     -7.81905377      0.01037205      0.01291143      0.01396897      0.00172868         1             1        0 bias_on
   174     87.00000000    186.08025626     16.31322429             nan             nan     -7.60930902     -0.21089693     -7.82020595      0.02004276      0.01299491      0.02215433      0.00334046         1             1        0 bias_on
   175     87.50000000    187.00736765     16.30874420             nan             nan     -7.60936769     -0.21210928     -7.82147697      0.00757722      0.01307310      0.01214170      0.00126287         1             1        0 bias_on
   176     88.00000000    187.77671474     16.28722806             nan             nan     -7.60924775     -0.21332276     -7.82257051      0.02525802      0.01316473      0.02700319      0.00420967         1             1        0 bias_on
   177     88.50000000    189.06469857     16.28350783             nan             nan     -7.60935328     -0.21453507     -7.82388836      0.00587340      0.01324248      0.01125390      0.00097890         1             1        0 bias_on
   178     89.00000000    189.83884390     16.13699098             nan             nan     -7.60906432     -0.21575674     -7.82482106      0.03086477      0.01343524      0.03226231      0.00514413         1             1        0 bias_on
   179     89.50000000    190.61857712     16.13197557             nan             nan     -7.60919832     -0.21696918     -7.82616749      0.01350930      0.01351481      0.01647750      0.00225155         1             1        0 bias_on
   180     90.00000000    191.37328706     16.12587629             nan             nan     -7.60920709     -0.21818169     -7.82738878      0.01032275      0.01359533      0.01404014      0.00172046         1             1        0 bias_on
   181     90.50000000    192.13822624     16.11420434             nan             nan     -7.60914996     -0.21939457     -7.82854453      0.01922342      0.01368053      0.02146861      0.00320390         1             1        0 bias_on
   182     91.00000000    193.05680844     16.10946294             nan             nan     -7.60920011     -0.22060700     -7.82980711      0.00823466      0.01376007      0.01268233      0.00137244         1             1        0 bias_on
   183     91.50000000    193.83197704     16.08828280             nan             nan     -7.60907008     -0.22182050     -7.83089058      0.02618874      0.01385346      0.02791611      0.00436479         1             1        0 bias_on
   184     92.00000000    195.08184767     16.08459331             nan             nan     -7.60918287     -0.22303288     -7.83221575      0.00631107      0.01393228      0.01162009      0.00105184         1             1        0 bias_on
   185     92.50000000    196.16961321     15.93873462             nan             nan     -7.60903165     -0.22425436     -7.83328601      0.00772545      0.01413324      0.01230687      0.00128757         1             1        0 bias_on
   186     93.00000000    196.94326513     15.89485797             nan             nan     -7.60866579     -0.22546931     -7.83413510      0.04281404      0.01424799      0.04387092      0.00713567         1             1        0 bias_on
   187     93.50000000    198.13942257     15.89104472             nan             nan     -7.60898599     -0.22668174     -7.83566773      0.00696968      0.01432795      0.01193125      0.00116161         1             1        0 bias_on
   188     94.00000000    199.06111732     15.74824922             nan             nan     -7.60843293     -0.22790263     -7.83633555      0.04018619      0.01453241      0.04134244      0.00669770         1             1        0 bias_on
   189     94.50000000    199.83326132     15.74159627             nan             nan     -7.60869043     -0.22911534     -7.83780576      0.02812488      0.01461573      0.02978410      0.00468748         1             1        0 bias_on
   190     95.00000000    201.06991319     15.73803954             nan             nan     -7.60882124     -0.23032781     -7.83914906      0.00805182      0.01469631      0.01272197      0.00134197         1             1        0 bias_on
   191     95.50000000    201.97716399     15.65876431             nan             nan     -7.60828326     -0.23154497     -7.83982823      0.03687133      0.01484687      0.03813823      0.00614522         1             1        0 bias_on
   192     96.00000000    202.74528624     15.65146874             nan             nan     -7.60863018     -0.23275759     -7.84138777      0.02282458      0.01493145      0.02490440      0.00380410         1             1        0 bias_on
   193     96.50000000    203.81028515     15.64713597             nan             nan     -7.60871977     -0.23397012     -7.84268989      0.00868744      0.01501329      0.01327093      0.00144791         1             1        0 bias_on
   194     97.00000000    204.73077092     15.59105430             nan             nan     -7.60833775     -0.23518564     -7.84352340      0.03566009      0.01514431      0.03709595      0.00594335         1             1        0 bias_on
   195     97.50000000    205.48550525     15.58327851             nan             nan     -7.60851418     -0.23639847     -7.84491265      0.02923813      0.01522980      0.03096719      0.00487302         1             1        0 bias_on
   196     98.00000000    206.23745329     15.57751452             nan             nan     -7.60862416     -0.23761112     -7.84623528      0.01494173      0.01531345      0.01815506      0.00249029         1             1        0 bias_on
   197     98.50000000    207.12707287     15.57138476             nan             nan     -7.60863988     -0.23882379     -7.84746368      0.01006439      0.01539752      0.01445427      0.00167740         1             1        0 bias_on
   198     99.00000000    207.88594380     15.55111053             nan             nan     -7.60848363     -0.24003731     -7.84852094      0.02905630      0.01549546      0.03089181      0.00484272         1             1        0 bias_on
   199     99.50000000    208.59890097     15.54519294             nan             nan     -7.60858977     -0.24124998     -7.84983974      0.01474843      0.01557953      0.01812640      0.00245807         1             1        0 bias_on
   200    100.00000000    209.50550001     15.53892938             nan             nan     -7.60860410     -0.24246266     -7.85106676      0.00997540      0.01566401      0.01458732      0.00166257         1             1        0 bias_on
