  step         time_fs     wall_time_s        rti_dist          temp_K     temp_bath_K   thermo_lambda          kin_Ha     pot_real_Ha     pot_rtip_Ha    pot_total_Ha          f_real          f_rtip         f_total      rms_f_real state_decision
     1      0.50000000     10.48634550      0.09954302      0.18365730   1000.00000000      1.41385996      0.00003053     -7.59796454      0.00121306     -7.59675148      0.06047523      0.01218630      0.05619667      0.01007920 md_running
     2      1.00000000     21.66621283      0.09936707      2.11821197   1000.00000000      1.41385996      0.00035217     -7.59811121      0.00242612     -7.59568508      0.05841224      0.02441576      0.05312206      0.00973537 md_running
     3      1.50000000     40.63119894      0.10204578      5.82371046   1000.00000000      1.14952216      0.00096824     -7.59839989      0.00363918     -7.59476071      0.05396455      0.03566227      0.05283373      0.00899409 md_running
     4      2.00000000     44.60055710      0.11158664     11.35825792   1000.00000000      1.06295785      0.00188840     -7.59871203      0.00485225     -7.59385978      0.04833377      0.04348411      0.05448250      0.00805563 md_running
     5      2.50000000     44.85602343      0.13110876     19.08539750   1000.00000000      1.03376167      0.00317310     -7.59891747      0.00606531     -7.59285216      0.04324472      0.04626164      0.05408720      0.00720745 md_running
     6      3.00000000     45.13010376      0.16158087     28.29535637   1000.00000000      1.02085508      0.00470432     -7.59888175      0.00727837     -7.59160338      0.04115344      0.04504474      0.05093042      0.00685891 md_running
     7      3.50000000     50.28153190      0.20172312     37.44508234   1000.00000000      1.01466097      0.00622554     -7.59848994      0.00849143     -7.58999851      0.04428094      0.04209448      0.04853765      0.00738016 md_running
     8      4.00000000     50.54199988      0.24911369     45.24384661   1000.00000000      1.01150247      0.00752214     -7.59770124      0.00970449     -7.58799675      0.05226650      0.03895607      0.05051629      0.00871108 md_running
     9      4.50000000     50.81458498      0.30121139     51.36189461   1000.00000000      1.00978961      0.00853932     -7.59658964      0.01091755     -7.58567209      0.06251228      0.03624548      0.05691912      0.01041871 md_running
    10      5.00000000     55.91042997      0.35590774     56.44894617   1000.00000000      1.00875856      0.00938508     -7.59533851      0.01213061     -7.58320789      0.07226379      0.03408359      0.06493909      0.01204396 md_running
    11      5.50000000     62.50635879      0.41178863     61.71296802   1000.00000000      1.00798417      0.01026026     -7.59418301      0.01334367     -7.58083934      0.07945936      0.03240418      0.07167970      0.01324323 md_running
    12      6.00000000     62.77183952      0.46822713     68.30989564   1000.00000000      1.00722962      0.01135705     -7.59332115      0.01455674     -7.57876441      0.08288396      0.03108905      0.07531651      0.01381399 md_running
    13      6.50000000     63.02176233      0.52532082     76.78099837   1000.00000000      1.00642488      0.01276544     -7.59282780      0.01576980     -7.57705800      0.08227725      0.03001936      0.07521823      0.01371287 md_running
    14      7.00000000     63.27586386      0.58366871     86.76838778   1000.00000000      1.00562782      0.01442592     -7.59261599      0.01698286     -7.57563313      0.07840449      0.02909674      0.07189493      0.01306742 md_running
    15      7.50000000     63.53185236      0.64403456     97.12562168   1000.00000000      1.00493180      0.01614789     -7.59246583      0.01819592     -7.57426991      0.07300741      0.02825302      0.06688421      0.01216790 md_running
    16      8.00000000     63.76836801      0.70699448    106.34992810   1000.00000000      1.00439523      0.01768151     -7.59210590      0.01940898     -7.57269692      0.06849745      0.02745280      0.06246639      0.01141624 md_running
    17      8.50000000     63.99618029      0.77268253    113.13040598   1000.00000000      1.00403085      0.01880881     -7.59131162      0.02062204     -7.57068958      0.06714327      0.02668889      0.06093519      0.01119055 md_running
    18      9.00000000     64.24898893      0.84070800    116.79267018   1000.00000000      1.00382395      0.01941769     -7.58998001      0.02183510     -7.56814490      0.06986897      0.02597228      0.06338687      0.01164483 md_running
    19      9.50000000     64.48953811      0.91024228    117.50178637   1000.00000000      1.00374752      0.01953559     -7.58815889      0.02304817     -7.56511073      0.07579964      0.02532091      0.06908818      0.01263327 md_running
    20     10.00000000     64.75110001      0.98020863    116.21000170   1000.00000000      1.00376671      0.01932082     -7.58603194      0.02426123     -7.56177071      0.08312618      0.02475108      0.07627629      0.01385436 md_running
    21     10.50000000     65.01744450      1.04950796    114.40877344   1000.00000000      1.00383539      0.01902135     -7.58387124      0.02547429     -7.55839695      0.09015370      0.02427260      0.08325720      0.01502562 md_running
    22     11.00000000     65.27956225      1.11722098    113.76984562   1000.00000000      1.00389367      0.01891512     -7.58197268      0.02668735     -7.55528533      0.09569073      0.02388726      0.08883301      0.01594845 md_running
    23     11.50000000     65.53795124      1.18275274    115.77607397   1000.00000000      1.00387677      0.01924868     -7.58059224      0.02790041     -7.55269183      0.09900470      0.02358939      0.09226218      0.01650078 md_running
    24     12.00000000     65.79373688      1.24590853    121.41805540   1000.00000000      1.00373969      0.02018670     -7.57989447      0.02911347     -7.55078100      0.09970126      0.02336726      0.09313944      0.01661688 md_running
    25     12.50000000     66.04588235      1.30690453    131.00020407   1000.00000000      1.00348233      0.02177981     -7.57992118      0.03032653     -7.54959464      0.09766234      0.02320486      0.09133224      0.01627706 md_running
    26     13.00000000     66.30349574      1.36632000    144.08203047   1000.00000000      1.00314870      0.02395476     -7.58058267      0.03153959     -7.54904307      0.09306569      0.02308361      0.08699993      0.01551095 md_running
    27     13.50000000     66.57328534      1.42499879    159.57033868   1000.00000000      1.00279864      0.02652981     -7.58167426      0.03275266     -7.54892161      0.08647260      0.02298434      0.08068279      0.01441210 md_running
    28     14.00000000     66.82815188      1.48391235    175.96892440   1000.00000000      1.00247927      0.02925621     -7.58292131      0.03396572     -7.54895560      0.07897809      0.02288930      0.07347180      0.01316301 md_running
    29     14.50000000     67.08500867      1.54401427    191.75305831   1000.00000000      1.00221454      0.03188044     -7.58404465      0.03517878     -7.54886587      0.07231389      0.02278397      0.06713118      0.01205231 md_running
    30     15.00000000     67.32819837      1.60611359    205.79230108   1000.00000000      1.00200915      0.03421458     -7.58483503      0.03639184     -7.54844319      0.06857240      0.02265832      0.06382828      0.01142873 md_running
    31     15.50000000     67.55995417      1.67080140    217.71004021   1000.00000000      1.00185574      0.03619599     -7.58521606      0.03760490     -7.54761116      0.06912141      0.02250710      0.06495576      0.01152024 md_running
    32     16.00000000     67.80968620      1.73844983    228.03905215   1000.00000000      1.00174016      0.03791327     -7.58527118      0.03881796     -7.54645321      0.07333205      0.02232907      0.06977671      0.01222201 md_running
    33     16.50000000     68.06807739      1.80927958    238.06655671   1000.00000000      1.00164508      0.03958042     -7.58521700      0.04003102     -7.54518598      0.07881281      0.02212539      0.07578620      0.01313547 md_running
    34     17.00000000     68.31982568      1.88347047    249.34207617   1000.00000000      1.00155366      0.04145507     -7.58531743      0.04124408     -7.54407334      0.08291727      0.02189792      0.08031421      0.01381954 md_running
    35     17.50000000     68.58556551      1.96126216    263.00054967   1000.00000000      1.00145464      0.04372589     -7.58576581      0.04245715     -7.54330866      0.08386810      0.02164787      0.08160684      0.01397802 md_running
    36     18.00000000     68.82498867      2.04299869    279.20454816   1000.00000000      1.00134624      0.04641994     -7.58658776      0.04367021     -7.54291756      0.08119084      0.02137554      0.07920316      0.01353181 md_running
    37     18.50000000     69.08004046      2.12909202    296.98092285   1000.00000000      1.00123549      0.04937540     -7.58761365      0.04488327     -7.54273038      0.07580897      0.02108094      0.07401229      0.01263483 md_running
    38     19.00000000     69.32286172      2.21991917    314.54683190   1000.00000000      1.00113309      0.05229587     -7.58853706      0.04609633     -7.54244073      0.06992139      0.02076487      0.06819837      0.01165357 md_running
    39     19.50000000     69.57061321      2.31569874    329.95030978   1000.00000000      1.00104793      0.05485681     -7.58902685      0.04730939     -7.54171746      0.06643355      0.02042986      0.06463955      0.01107226 md_running
    40     20.00000000     69.83310118      2.41639513    341.72189242   1000.00000000      1.00098449      0.05681393     -7.58883936      0.04852245     -7.54031690      0.06757222      0.02008051      0.06559082      0.01126204 md_running
    41     20.50000000     70.08769369      2.52168621    349.30880628   1000.00000000      1.00094293      0.05807532     -7.58789102      0.04973551     -7.53815551      0.07338200      0.01972312      0.07117077      0.01223033 md_running
    42     21.00000000     70.35188451      2.63100344    353.19348198   1000.00000000      1.00092011      0.05872117     -7.58627877      0.05094858     -7.53533019      0.08198434      0.01936469      0.07955646      0.01366406 md_running
    43     21.50000000     70.61974310      2.74362811    354.72418018   1000.00000000      1.00091048      0.05897566     -7.58424589      0.05216164     -7.53208426      0.09113285      0.01901192      0.08852822      0.01518881 md_running
    44     22.00000000     70.88325402      2.85881753    355.72177839   1000.00000000      1.00090684      0.05914152     -7.58211568      0.05337470     -7.52874098      0.09916331      0.01867020      0.09642175      0.01652722 md_running
    45     22.50000000     71.13660474      2.97591235    358.02437970   1000.00000000      1.00090157      0.05952435     -7.58020917      0.05458776     -7.52562141      0.10505191      0.01834320      0.10221558      0.01750865 md_running
    46     23.00000000     71.38902051      3.09442372    363.10725444   1000.00000000      1.00088805      0.06036942     -7.57878339      0.05580082     -7.52298257      0.10827066      0.01803270      0.10538494      0.01804511 md_running
    47     23.50000000     71.63822041      3.21408855    371.78947015   1000.00000000      1.00086231      0.06181290     -7.57798013      0.05701388     -7.52096625      0.10868160      0.01773874      0.10578934      0.01811360 md_running
    48     24.00000000     71.90142107      3.33488018    384.08490318   1000.00000000      1.00082421      0.06385711     -7.57780136      0.05822694     -7.51957442      0.10648474      0.01745998      0.10362823      0.01774746 md_running
    49     24.50000000     72.14532872      3.45698501    399.22886581   1000.00000000      1.00077711      0.06637492     -7.57811457      0.05944000     -7.51867456      0.10225069      0.01719418      0.09947391      0.01704178 md_running
    50     25.00000000     72.40187783      3.58074976    415.87645560   1000.00000000      1.00072643      0.06914271     -7.57868607      0.06065307     -7.51803301      0.09697755      0.01693865      0.09433399      0.01616292 md_running
    51     25.50000000     72.66834797      3.70661276    432.45742974   1000.00000000      1.00067762      0.07189942     -7.57924300      0.06186613     -7.51737687      0.09208480      0.01669075      0.08964513      0.01534747 md_running
    52     26.00000000     72.93462956      3.83503100    447.61799635   1000.00000000      1.00063467      0.07441999     -7.57954866      0.06307919     -7.51646947      0.08910301      0.01644816      0.08695066      0.01485050 md_running
    53     26.50000000     73.19366248      3.96641862    460.63813030   1000.00000000      1.00059941      0.07658468     -7.57947318      0.06429225     -7.51518093      0.08900163      0.01620915      0.08720079      0.01483361 md_running
    54     27.00000000     73.45781245      4.10110539    471.70560065   1000.00000000      1.00057137      0.07842474     -7.57904350      0.06550531     -7.51353819      0.09145852      0.01597260      0.09002312      0.01524309 md_running
    55     27.50000000     73.71211705      4.23932902    481.87185666   1000.00000000      1.00054816      0.08011496     -7.57843732      0.06671837     -7.51171895      0.09483312      0.01573796      0.09371707      0.01580552 md_running
    56     28.00000000     73.99409839      4.38124004    492.59994957   1000.00000000      1.00052631      0.08189859     -7.57790375      0.06793143     -7.50997232      0.09698349      0.01550507      0.09609858      0.01616391 md_running
    57     28.50000000     74.25351401      4.52689936    505.11551687   1000.00000000      1.00050276      0.08397940     -7.57765362      0.06914449     -7.50850913      0.09616646      0.01527415      0.09541379      0.01602774 md_running
    58     29.00000000     74.50802096      4.67628083    519.82900273   1000.00000000      1.00047605      0.08642563     -7.57776090      0.07035755     -7.50740335      0.09165235      0.01504563      0.09092265      0.01527539 md_running
    59     29.50000000     74.75922334      4.82926104    536.06006681   1000.00000000      1.00044700      0.08912417     -7.57811350      0.07157061     -7.50654288      0.08397483      0.01482021      0.08312877      0.01399580 md_running
    60     30.00000000     75.01611440      4.98559228    552.22473061   1000.00000000      1.00041816      0.09181167     -7.57844731      0.07278367     -7.50566364      0.07491158      0.01459881      0.07375653      0.01248526 md_running
    61     30.50000000     75.28115448      5.14486826    566.40457892   1000.00000000      1.00039266      0.09416918     -7.57844184      0.07399673     -7.50444511      0.06725245      0.01438264      0.06556067      0.01120874 md_running
    62     31.00000000     75.54696848      5.30650889    577.00495223   1000.00000000      1.00037292      0.09593158     -7.57783474      0.07520979     -7.50262495      0.06401054      0.01417314      0.06163531      0.01066842 md_running
    63     31.50000000     75.81321229      5.46976718    583.27326111   1000.00000000      1.00036014      0.09697373     -7.57650829      0.07642285     -7.50008544      0.06660187      0.01397188      0.06363328      0.01110031 md_running
    64     32.00000000     76.08212364      5.63377978    585.49304835   1000.00000000      1.00035407      0.09734279     -7.57452197      0.07763591     -7.49688606      0.07376700      0.01378045      0.07042052      0.01229450 md_running
    65     32.50000000     76.34196821      5.79762997    584.83027085   1000.00000000      1.00035330      0.09723260     -7.57208345      0.07884896     -7.49323449      0.08294646      0.01360023      0.07937726      0.01382441 md_running
    66     33.00000000     76.59712932      5.96041723    583.01545999   1000.00000000      1.00035558      0.09693087     -7.56949448      0.08006202     -7.48943246      0.09195619      0.01343232      0.08823832      0.01532603 md_running
    67     33.50000000     76.85610166      6.12133251    581.94575584   1000.00000000      1.00035817      0.09675302     -7.56708165      0.08127507     -7.48580658      0.09942215      0.01327739      0.09558534      0.01657036 md_running
    68     34.00000000     77.11431477      6.27972155    583.31356737   1000.00000000      1.00035833      0.09698043     -7.56513690      0.08248813     -7.48264877      0.10456531      0.01313568      0.10062612      0.01742755 md_running
    69     34.50000000     77.37770823      6.43514207    588.27003396   1000.00000000      1.00035388      0.09780448     -7.56385715      0.08370118     -7.48015597      0.10704729      0.01300695      0.10301340      0.01784122 md_running
    70     35.00000000     77.63833301      6.58738862    597.17544736   1000.00000000      1.00034385      0.09928508     -7.56330415      0.08491423     -7.47838992      0.10689718      0.01289049      0.10277431      0.01781620 md_running
    71     35.50000000     77.89534783      6.73649345    609.56031654   1000.00000000      1.00032873      0.10134416     -7.56339438      0.08612728     -7.47726710      0.10448754      0.01278526      0.10029103      0.01741459 md_running
    72     36.00000000     78.14922571      6.88271319    624.32620006   1000.00000000      1.00031017      0.10379910     -7.56393742      0.08734033     -7.47659709      0.10059726      0.01268990      0.09637850      0.01676621 md_running
    73     36.50000000     78.40378444      7.02652015    640.00339467   1000.00000000      1.00029030      0.10640556     -7.56467947      0.08855337     -7.47612610      0.09648425      0.01260284      0.09233686      0.01608071 md_running
    74     37.00000000     78.66566306      7.16854792    655.09883557   1000.00000000      1.00027124      0.10891529     -7.56535636      0.08976642     -7.47558995      0.09368354      0.01252238      0.08975958      0.01561392 md_running
    75     37.50000000     78.93047926      7.30953549    668.57729243   1000.00000000      1.00025448      0.11115619     -7.56578221      0.09097946     -7.47480275      0.09348220      0.01244681      0.08995835      0.01558037 md_running
    76     38.00000000     79.19642984      7.45026522    680.22796684   1000.00000000      1.00024051      0.11309321     -7.56590906      0.09219250     -7.47371656      0.09613886      0.01237454      0.09313046      0.01602314 md_running
    77     38.50000000     79.46328352      7.59149814    690.78400104   1000.00000000      1.00022879      0.11484823     -7.56585162      0.09340553     -7.47244609      0.10052484      0.01230414      0.09802933      0.01675414 md_running
    78     39.00000000     79.73068534      7.73391733    701.66079410   1000.00000000      1.00021791      0.11665658     -7.56584397      0.09461856     -7.47122541      0.10465963      0.01223443      0.10257732      0.01744327 md_running
    79     39.50000000     79.99800051      7.87807783    714.31594519   1000.00000000      1.00020624      0.11876060     -7.56613067      0.09583159     -7.47029908      0.10667100      0.01216456      0.10485142      0.01777850 md_running
    80     40.00000000     80.26156000      8.02435289    729.52963551   1000.00000000      1.00019266      0.12129000     -7.56684216      0.09704461     -7.46979754      0.10552405      0.01209401      0.10379395      0.01758734 md_running
    81     40.50000000     80.52921741      8.17288404    746.96486080   1000.00000000      1.00017717      0.12418874     -7.56792221      0.09825763     -7.46966458      0.10131660      0.01202268      0.09948223      0.01688610 md_running
    82     41.00000000     80.79551904      8.32353853    765.18060183   1000.00000000      1.00016088      0.12721725     -7.56912750      0.09947064     -7.46965686      0.09523685      0.01195084      0.09308228      0.01587281 md_running
    83     41.50000000     81.06137144      8.47588555    782.11446216   1000.00000000      1.00014551      0.13003263     -7.57011254      0.10068364     -7.46942890      0.08923597      0.01187920      0.08654649      0.01487266 md_running
    84     42.00000000     81.32684930      8.62920528    795.78107649   1000.00000000      1.00013271      0.13230482     -7.57055042      0.10189664     -7.46865378      0.08538901      0.01180875      0.08201595      0.01423150 md_running
    85     42.50000000     81.57927080      8.78252811    804.81651123   1000.00000000      1.00012358      0.13380703     -7.57022147      0.10310963     -7.46711184      0.08508003      0.01174077      0.08100891      0.01418001 md_running
    86     43.00000000     81.83682230      8.93468302    808.80745470   1000.00000000      1.00011853      0.13447055     -7.56906731      0.10432261     -7.46474471      0.08833927      0.01167666      0.08369201      0.01472321 md_running
    87     43.50000000     82.09712003      9.08437631    808.37475372   1000.00000000      1.00011729      0.13439861     -7.56720836      0.10553558     -7.46167278      0.09397522      0.01161784      0.08891230      0.01566254 md_running
    88     44.00000000     82.36371556      9.23028435    804.92986892   1000.00000000      1.00011897      0.13382587     -7.56489602      0.10674854     -7.45814748      0.10043530      0.01156567      0.09507398      0.01673922 md_running
    89     44.50000000     82.62844473      9.37113747    800.28725751   1000.00000000      1.00012232      0.13305400     -7.56244887      0.10796149     -7.45448738      0.10641679      0.01152135      0.10082371      0.01773613 md_running
    90     45.00000000     82.89137577      9.50580041    796.28012243   1000.00000000      1.00012591      0.13238779     -7.56018662      0.10917444     -7.45101218      0.11104427      0.01148582      0.10525440      0.01850738 md_running
    91     45.50000000     83.15195660      9.63334650    794.39985642   1000.00000000      1.00012838      0.13207518     -7.55836950      0.11038738     -7.44798212      0.11382853      0.01145974      0.10786045      0.01897142 md_running
    92     46.00000000     83.40771277      9.75311184    795.52131280   1000.00000000      1.00012874      0.13226163     -7.55715012      0.11160032     -7.44554981      0.11459840      0.01144347      0.10846781      0.01909973 md_running
    93     46.50000000     83.65692427      9.86473341    799.79438950   1000.00000000      1.00012657      0.13297206     -7.55655519      0.11281325     -7.44374193      0.11346770      0.01143703      0.10720019      0.01891128 md_running
    94     47.00000000     83.91868379      9.96817173    806.70518685   1000.00000000      1.00012210      0.13412103     -7.55649859      0.11402618     -7.44247241      0.11082067      0.01144012      0.10446477      0.01847011 md_running
    95     47.50000000     84.18452765     10.06371445    815.23471801   1000.00000000      1.00011602      0.13553914     -7.55680523      0.11523912     -7.44156611      0.10732525      0.01145212      0.10096840      0.01788754 md_running
    96     48.00000000     84.44475672     10.15195696    824.07905790   1000.00000000      1.00010932      0.13700958     -7.55724514      0.11645205     -7.44079309      0.10387108      0.01147214      0.09765339      0.01731185 md_running
    97     48.50000000     84.69913204     10.23376171    832.09544314   1000.00000000      1.00010303      0.13834236     -7.55761212      0.11766498     -7.43994714      0.10133127      0.01149905      0.09544081      0.01688854 md_running
    98     49.00000000     84.95995182     10.31020652    838.78388942   1000.00000000      1.00009775      0.13945437     -7.55781063      0.11887791     -7.43893272      0.10011301      0.01153152      0.09473397      0.01668550 md_running
    99     49.50000000     85.21455900     10.38252018    844.40810951   1000.00000000      1.00009350      0.14038944     -7.55787057      0.12009084     -7.43777973      0.09984955      0.01156811      0.09509043      0.01664159 md_running
   100     50.00000000     85.47081978     10.45200389    849.84785310   1000.00000000      1.00008982      0.14129384     -7.55792987      0.12130377     -7.43662610      0.09948704      0.01160735      0.09534429      0.01658117 md_running
   101     50.50000000     85.73371370     10.51994425    856.15220874   1000.00000000      1.00008592      0.14234199     -7.55815296      0.12251670     -7.43563626      0.09782740      0.01164777      0.09419526      0.01630457 md_running
   102     51.00000000     85.99233201     10.58751302    864.00579861   1000.00000000      1.00008118      0.14364771     -7.55864476      0.12372962     -7.43491515      0.09419532      0.01168809      0.09090697      0.01569922 md_running
   103     51.50000000     86.24951334     10.65567546    873.34175868   1000.00000000      1.00007538      0.14519988     -7.55938598      0.12494253     -7.43444345      0.08885141      0.01172724      0.08569829      0.01480857 md_running
   104     52.00000000     86.51333049     10.72510159    883.24241604   1000.00000000      1.00006893      0.14684595     -7.56021229      0.12615544     -7.43405685      0.08309920      0.01176452      0.07984530      0.01384987 md_running
   105     52.50000000     86.77862692     10.79608931    892.21556944   1000.00000000      1.00006268      0.14833780     -7.56086778      0.12736833     -7.43349945      0.07900255      0.01179961      0.07543859      0.01316709 md_running
   106     53.00000000     87.04544109     10.86854109    898.65395997   1000.00000000      1.00005765      0.14940824     -7.56107908      0.12858122     -7.43249786      0.07859117      0.01183266      0.07461303      0.01309853 md_running
   107     53.50000000     87.31360243     10.94197557    901.35755930   1000.00000000      1.00005470      0.14985773     -7.56064942      0.12979410     -7.43085532      0.08268103      0.01186421      0.07831624      0.01378017 md_running
   108     54.00000000     87.58654896     11.01557023    899.84172117   1000.00000000      1.00005430      0.14960571     -7.55950639      0.13100697     -7.42849942      0.09043544      0.01189516      0.08576444      0.01507257 md_running
   109     54.50000000     87.84684832     11.08823216    894.38894694   1000.00000000      1.00005649      0.14869914     -7.55771080      0.13221983     -7.42549097      0.10012665      0.01192672      0.09520592      0.01668777 md_running
   110     55.00000000     88.11066093     11.15869214    885.98911556   1000.00000000      1.00006094      0.14730261     -7.55544158      0.13343269     -7.42200888      0.11006728      0.01196022      0.10491935      0.01834455 md_running
   111     55.50000000     88.37580995     11.22561219    876.16175618   1000.00000000      1.00006690      0.14566873     -7.55297100      0.13464555     -7.41832544      0.11904370      0.01199709      0.11367558      0.01984062 md_running
   112     56.00000000     88.64293030     11.28769460    866.62473485   1000.00000000      1.00007338      0.14408313     -7.55060416      0.13585842     -7.41474574      0.12629889      0.01203867      0.12071463      0.02104981 md_running
   113     56.50000000     88.90331576     11.34377909    858.90925853   1000.00000000      1.00007925      0.14280037     -7.54861370      0.13707129     -7.41154241      0.13144658      0.01208618      0.12565295      0.02190776 md_running
   114     57.00000000     89.16191127     11.39291893    854.07417446   1000.00000000      1.00008356      0.14199650     -7.54718757      0.13828418     -7.40890339      0.13439383      0.01214062      0.12840776      0.02239897 md_running
   115     57.50000000     89.42499417     11.43444412    852.59027082   1000.00000000      1.00008573      0.14174979     -7.54641401      0.13949708     -7.40691693      0.13529983      0.01220270      0.12915558      0.02254997 md_running
   116     58.00000000     89.69236907     11.46800831    854.31870717   1000.00000000      1.00008558      0.14203715     -7.54627363      0.14071000     -7.40556363      0.13452630      0.01227283      0.12828242      0.02242105 md_running
   117     58.50000000     89.95187071     11.49361579    858.59802605   1000.00000000      1.00008342      0.14274862     -7.54665637      0.14192294     -7.40473343      0.13264057      0.01235109      0.12639070      0.02210676 md_running
   118     59.00000000     90.21910090     11.51163188    864.49338791   1000.00000000      1.00007986      0.14372877     -7.54739884      0.14313590     -7.40426295      0.13037401      0.01243719      0.12424813      0.02172900 md_running
   119     59.50000000     90.47976248     11.52275906    871.14513735   1000.00000000      1.00007560      0.14483468     -7.54834683      0.14434888     -7.40399795      0.12839558      0.01253050      0.12254949      0.02139926 md_running
   120     60.00000000     90.74548586     11.52799170    878.04768644   1000.00000000      1.00007113      0.14598228     -7.54940591      0.14556188     -7.40384403      0.12705095      0.01263007      0.12163718      0.02117516 md_running
   121     60.50000000     91.00951690     11.52855422    885.18542591   1000.00000000      1.00006664      0.14716899     -7.55055846      0.14677489     -7.40378358      0.12615300      0.01273470      0.12128235      0.02102550 md_running
   122     61.00000000     91.27846271     11.52582736    892.98694047   1000.00000000      1.00006199      0.14846605     -7.55186108      0.14798791     -7.40387317      0.12503168      0.01284298      0.12074835      0.02083861 md_running
   123     61.50000000     91.54303457     11.52126443    902.13671087   1000.00000000      1.00005681      0.14998727     -7.55341362      0.14920094     -7.40421268      0.12288654      0.01295337      0.11916175      0.02048109 md_running
   124     62.00000000     91.80151359     11.51628304    913.18264611   1000.00000000      1.00005069      0.15182374     -7.55529650      0.15041397     -7.40488252      0.11918190      0.01306432      0.11592651      0.01986365 md_running
   125     62.50000000     92.06091801     11.51214909    926.15899344   1000.00000000      1.00004350      0.15398116     -7.55749779      0.15162700     -7.40587079      0.11392778      0.01317440      0.11100114      0.01898796 md_running
   126     63.00000000     92.32402477     11.50986005    940.49605770   1000.00000000      1.00003548      0.15636481     -7.55991068      0.15284003     -7.40707065      0.10770817      0.01328243      0.10492088      0.01795136 md_running
   127     63.50000000     92.58632770     11.51004416    955.09773032   1000.00000000      1.00002718      0.15879245     -7.56234162      0.15405305     -7.40828857      0.10149409      0.01338763      0.09861529      0.01691568 md_running
   128     64.00000000     92.84372766     11.51290028    968.60383152   1000.00000000      1.00001934      0.16103795     -7.56455610      0.15526606     -7.40929003      0.09642976      0.01348970      0.09320334      0.01607163 md_running
   129     64.50000000     93.10910532     11.51817401    979.70168959   1000.00000000      1.00001265      0.16288305     -7.56633968      0.15647906     -7.40986062      0.09348676      0.01358887      0.08968198      0.01558113 md_running
   130     65.00000000     93.36019191     11.52518776    987.33733703   1000.00000000      1.00000766      0.16415254     -7.56751877      0.15769206     -7.40982671      0.09313032      0.01368588      0.08858845      0.01552172 md_running
   131     65.50000000     93.59645770     11.53289498    990.99831274   1000.00000000      1.00000473      0.16476120     -7.56802119      0.15890506     -7.40911613      0.09523249      0.01378195      0.08990617      0.01587208 md_running
   132     66.00000000     93.84531951     11.53997847    990.83426891   1000.00000000      1.00000385      0.16473393     -7.56789202      0.16011806     -7.40777396      0.09913778      0.01387864      0.09306549      0.01652296 md_running
   133     66.50000000     94.10105900     11.54495909    987.44757763   1000.00000000      1.00000478      0.16417087     -7.56725367      0.16133107     -7.40592261      0.10395324      0.01397775      0.09721669      0.01732554 md_running
   134     67.00000000     94.36496793     11.54631278    981.68763013   1000.00000000      1.00000717      0.16321323     -7.56626835      0.16254409     -7.40372427      0.10883367      0.01408120      0.10152623      0.01813894 md_running
   135     67.50000000     94.63084140     11.54258737    974.58740561   1000.00000000      1.00001058      0.16203276     -7.56512808      0.16375712     -7.40137096      0.11313974      0.01419085      0.10535186      0.01885662 md_running
   136     68.00000000     94.89321798     11.53249961    967.23308310   1000.00000000      1.00001445      0.16081005     -7.56403943      0.16497018     -7.39906924      0.11644057      0.01430845      0.10826301      0.01940676 md_running
   137     68.50000000     95.15085833     11.51502124    960.40119731   1000.00000000      1.00001826      0.15967420     -7.56314888      0.16618327     -7.39696561      0.11858592      0.01443550      0.11011500      0.01976432 md_running
   138     69.00000000     95.41195697     11.48944556    954.39823039   1000.00000000      1.00002171      0.15867616     -7.56251754      0.16739639     -7.39512115      0.11965871      0.01457318      0.11100988      0.01994312 md_running
   139     69.50000000     95.66112076     11.45542812    949.15419894   1000.00000000      1.00002476      0.15780429     -7.56214105      0.16860953     -7.39353152      0.11993321      0.01472231      0.11125479      0.01998887 md_running
   140     70.00000000     95.92284914     11.41301065    944.34666955   1000.00000000      1.00002749      0.15700500     -7.56196448      0.16982271     -7.39214177      0.11979439      0.01488326      0.11127205      0.01996573 md_running
   141     70.50000000     96.18869038     11.36262520    939.60439418   1000.00000000      1.00003014      0.15621656     -7.56192344      0.17103591     -7.39088753      0.11961303      0.01505594      0.11145865      0.01993551 md_running
   142     71.00000000     96.44906503     11.30507613    934.64220882   1000.00000000      1.00003287      0.15539156     -7.56195912      0.17224913     -7.38970999      0.11958357      0.01523980      0.11200777      0.01993059 md_running
   143     71.50000000     96.71284402     11.24150405    929.38937168   1000.00000000      1.00003582      0.15451824     -7.56204443      0.17346238     -7.38858205      0.11956845      0.01543380      0.11274121      0.01992808 md_running
   144     72.00000000     96.97319401     11.17333013    924.06916540   1000.00000000      1.00003895      0.15363371     -7.56220017      0.17467563     -7.38752454      0.11911410      0.01563644      0.11314236      0.01985235 md_running
   145     72.50000000     97.21531170     11.10218916    918.92434751   1000.00000000      1.00004207      0.15277835     -7.56244845      0.17588889     -7.38655956      0.11773769      0.01584580      0.11266704      0.01962295 md_running
   146     73.00000000     97.47239082     11.02984430    914.00354991   1000.00000000      1.00004508      0.15196022     -7.56276744      0.17710215     -7.38566530      0.11526008      0.01605960      0.11108355      0.01921001 md_running
   147     73.50000000     97.73929310     10.95807274    909.16529520   1000.00000000      1.00004802      0.15115583     -7.56310817      0.17831540     -7.38479277      0.11191939      0.01627539      0.10858290      0.01865323 md_running
   148     74.00000000     97.99941692     10.88853696    904.04514100   1000.00000000      1.00005101      0.15030456     -7.56338261      0.17952864     -7.38385397      0.10833443      0.01649064      0.10573658      0.01805574 md_running
   149     74.50000000     98.26424545     10.82266525    898.14746699   1000.00000000      1.00005436      0.14932403     -7.56348055      0.18074187     -7.38273868      0.10526652      0.01670300      0.10323661      0.01754442 md_running
   150     75.00000000     98.53272537     10.76153747    891.02244114   1000.00000000      1.00005839      0.14813944     -7.56330607      0.18195508     -7.38135099      0.10333066      0.01691052      0.10162153      0.01722178 md_running
   151     75.50000000     98.79899197     10.70579769    882.37615658   1000.00000000      1.00006335      0.14670192     -7.56279841      0.18316828     -7.37963013      0.10283400      0.01711180      0.10114172      0.01713900 md_running
   152     76.00000000     99.05550351     10.65560535    872.05693021   1000.00000000      1.00006944      0.14498627     -7.56192598      0.18438146     -7.37754453      0.10374935      0.01730618      0.10176767      0.01729156 md_running
   153     76.50000000     99.31767242     10.61064621    860.00300098   1000.00000000      1.00007678      0.14298221     -7.56068248      0.18559462     -7.37508786      0.10578415      0.01749377      0.10324972      0.01763069 md_running
   154     77.00000000     99.57926295     10.57018524    846.28570755   1000.00000000      1.00008549      0.14070160     -7.55908860      0.18680777     -7.37228083      0.10845636      0.01767545      0.10517597      0.01807606 md_running
   155     77.50000000     99.84347369     10.53315281    831.16267030   1000.00000000      1.00009557      0.13818728     -7.55720323      0.18802092     -7.36918231      0.11125482      0.01785271      0.10711743      0.01854247 md_running
   156     78.00000000    100.11057605     10.49826053    815.07367951   1000.00000000      1.00010690      0.13551236     -7.55512138      0.18923405     -7.36588733      0.11374221      0.01802755      0.10871254      0.01895704 md_running
   157     78.50000000    100.37383075     10.46412936    798.54687351   1000.00000000      1.00011920      0.13276465     -7.55295822      0.19044718     -7.36251103      0.11562176      0.01820224      0.10972304      0.01927029 md_running
   158     79.00000000    100.63834741     10.42940825    782.09160933   1000.00000000      1.00013215      0.13002883     -7.55082097      0.19166032     -7.35916066      0.11671710      0.01837911      0.11002545      0.01945285 md_running
   159     79.50000000    100.89426228     10.39288790    766.13668132   1000.00000000      1.00014540      0.12737620     -7.54880523      0.19287345     -7.35593178      0.11703239      0.01856037      0.10967206      0.01950540 md_running
   160     80.00000000    101.14791922     10.35359269    750.97338458   1000.00000000      1.00015863      0.12485519     -7.54697801      0.19408659     -7.35289143      0.11675303      0.01874794      0.10889490      0.01945884 md_running
   161     80.50000000    101.40699258     10.31084408    736.77137173   1000.00000000      1.00017162      0.12249399     -7.54538028      0.19529973     -7.35008055      0.11616889      0.01894327      0.10803366      0.01936148 md_running
   162     81.00000000    101.66027266     10.26430278    723.65397493   1000.00000000      1.00018419      0.12031312     -7.54404057      0.19651288     -7.34752769      0.11559905      0.01914730      0.10745492      0.01926651 md_running
   163     81.50000000    101.91350989     10.21399361    711.75783931   1000.00000000      1.00019614      0.11833530     -7.54298245      0.19772603     -7.34525642      0.11526183      0.01936032      0.10740292      0.01921031 md_running
   164     82.00000000    102.17166657     10.16031021    701.28216440   1000.00000000      1.00020721      0.11659363     -7.54223359      0.19893918     -7.34329441      0.11512026      0.01958195      0.10782887      0.01918671 md_running
   165     82.50000000    102.43153744     10.10400146    692.51732086   1000.00000000      1.00021707      0.11513641     -7.54182962      0.20015234     -7.34167727      0.11479991      0.01981108      0.10830735      0.01913332 md_running
   166     83.00000000    102.69269012     10.04613910    685.78646436   1000.00000000      1.00022523      0.11401735     -7.54180750      0.20136550     -7.34044201      0.11372057      0.02004588      0.10818410      0.01895343 md_running
   167     83.50000000    102.96445924      9.98805513    681.27937906   1000.00000000      1.00023126      0.11326801     -7.54217484      0.20257865     -7.33959618      0.11135183      0.02028385      0.10686287      0.01855864 md_running
   168     84.00000000    103.22779627      9.93125574    678.91068152   1000.00000000      1.00023496      0.11287420     -7.54288798      0.20379180     -7.33909617      0.10751341      0.02052195      0.10412035      0.01791890 md_running
   169     84.50000000    103.48988973      9.87732000    678.30824362   1000.00000000      1.00023653      0.11277404     -7.54385054      0.20500495     -7.33884560      0.10255564      0.02075678      0.10026460      0.01709261 md_running
   170     85.00000000    103.75143492      9.82777722    678.92728289   1000.00000000      1.00023646      0.11287696     -7.54493675      0.20621808     -7.33871867      0.09729705      0.02098481      0.09604125      0.01621618 md_running
   171     85.50000000    104.01374053      9.78396856    680.24934657   1000.00000000      1.00023537      0.11309676     -7.54602816      0.20743120     -7.33859696      0.09275082      0.02120272      0.09234381      0.01545847 md_running
   172     86.00000000    104.28052527      9.74691717    681.91836274   1000.00000000      1.00023375      0.11337425     -7.54704253      0.20864431     -7.33839822      0.08976008      0.02140774      0.08984804      0.01496001 md_running
   173     86.50000000    104.52885447      9.71721077    683.71575024   1000.00000000      1.00023188      0.11367308     -7.54792763      0.20985741     -7.33807023      0.08875342      0.02159800      0.08884634      0.01479224 md_running
   174     87.00000000    104.78406910      9.69493132    685.48390199   1000.00000000      1.00022995      0.11396705     -7.54865382      0.21107050     -7.33758333      0.08974448      0.02177274      0.08932001      0.01495741 md_running
   175     87.50000000    105.04760101      9.67964686    687.06536779   1000.00000000      1.00022813      0.11422998     -7.54920187      0.21228357     -7.33691830      0.09241687      0.02193244      0.09103794      0.01540281 md_running
   176     88.00000000    105.29249539      9.67046506    688.22706510   1000.00000000      1.00022659      0.11442312     -7.54955019      0.21349664     -7.33605355      0.09629760      0.02207870      0.09367988      0.01604960 md_running
   177     88.50000000    105.53940131      9.66612999    688.69569772   1000.00000000      1.00022564      0.11450104     -7.54967688      0.21470970     -7.33496719      0.10085078      0.02221409      0.09687803      0.01680846 md_running
   178     89.00000000    105.79626339      9.66514936    688.26581578   1000.00000000      1.00022554      0.11442956     -7.54957929      0.21592275     -7.33365653      0.10556581      0.02234186      0.10026907      0.01759430 md_running
   179     89.50000000    106.04971404      9.66593920    686.85291128   1000.00000000      1.00022645      0.11419466     -7.54927707      0.21713580     -7.33214127      0.11004258      0.02246554      0.10355412      0.01834043 md_running
   180     90.00000000    106.31512804      9.66695767    684.53655064   1000.00000000      1.00022841      0.11380954     -7.54881713      0.21834885     -7.33046828      0.11400422      0.02258867      0.10651895      0.01900070 md_running
   181     90.50000000    106.58350715      9.66681868    681.56133576   1000.00000000      1.00023124      0.11331489     -7.54827145      0.21956190     -7.32870955      0.11732798      0.02271448      0.10907815      0.01955466 md_running
   182     91.00000000    106.84835875      9.66437938    678.29371106   1000.00000000      1.00023464      0.11277162     -7.54772828      0.22077496     -7.32695333      0.12004380      0.02284574      0.11128815      0.02000730 md_running
   183     91.50000000    107.10972482      9.65880285    675.16924490   1000.00000000      1.00023816      0.11225216     -7.54727966      0.22198801     -7.32529165      0.12230801      0.02298452      0.11332739      0.02038467 md_running
   184     92.00000000    107.36577991      9.64959838    672.67639164   1000.00000000      1.00024132      0.11183770     -7.54701893      0.22320108     -7.32381785      0.12429856      0.02313216      0.11538499      0.02071643 md_running
   185     92.50000000    107.62711141      9.63664110    671.34714956   1000.00000000      1.00024352      0.11161670     -7.54703916      0.22441414     -7.32262502      0.12609382      0.02328914      0.11753174      0.02101564 md_running
   186     93.00000000    107.86551293      9.62017544    671.71320216   1000.00000000      1.00024416      0.11167756     -7.54742529      0.22562722     -7.32179807      0.12760330      0.02345509      0.11964600      0.02126722 md_running
   187     93.50000000    108.11597553      9.60080182    674.23794797   1000.00000000      1.00024265      0.11209732     -7.54824273      0.22684029     -7.32140243      0.12854279      0.02362876      0.12139235      0.02142380 md_running
   188     94.00000000    108.37389449      9.57944476    679.18725112   1000.00000000      1.00023860      0.11292018     -7.54951767      0.22805337     -7.32146429      0.12854178      0.02380806      0.12234678      0.02142363 md_running
   189     94.50000000    108.62187328      9.55730435    686.48318654   1000.00000000      1.00023195      0.11413319     -7.55121030      0.22926645     -7.32194384      0.12738122      0.02399013      0.12224816      0.02123020 md_running
   190     95.00000000    108.87667641      9.53578815    695.63204536   1000.00000000      1.00022315      0.11565426     -7.55320442      0.23047953     -7.32272488      0.12524677      0.02417146      0.12124950      0.02087446 md_running
   191     95.50000000    109.13111595      9.51642003    705.79413186   1000.00000000      1.00021304      0.11734378     -7.55532211      0.23169261     -7.32362950      0.12276571      0.02434812      0.11994383      0.02046095 md_running
   192     96.00000000    109.39332685      9.50073806    716.00635179   1000.00000000      1.00020269      0.11904164     -7.55736093      0.23290568     -7.32445524      0.12081821      0.02451598      0.11914628      0.02013637 md_running
   193     96.50000000    109.65730113      9.49018114    725.54043238   1000.00000000      1.00019302      0.12062676     -7.55915867      0.23411875     -7.32503993      0.12011822      0.02467107      0.11946511      0.02001970 md_running
   194     97.00000000    109.89542518      9.48597343    734.19450612   1000.00000000      1.00018444      0.12206557     -7.56065025      0.23533180     -7.32531845      0.12084144      0.02480990      0.12095839      0.02014024 md_running
   195     97.50000000    110.14298700      9.48901971    742.32336948   1000.00000000      1.00017680      0.12341705     -7.56187260      0.23654484     -7.32532776      0.12252316      0.02492978      0.12308312      0.02042053 md_running
   196     98.00000000    110.40623941      9.49983080    750.62610335   1000.00000000      1.00016950      0.12479745     -7.56293184      0.23775788     -7.32517396      0.12428233      0.02502912      0.12492924      0.02071372 md_running
   197     98.50000000    110.66386268      9.51848364    759.81705718   1000.00000000      1.00016186      0.12632552     -7.56394633      0.23897090     -7.32497544      0.12520027      0.02510754      0.12558910      0.02086671 md_running
   198     99.00000000    110.92346757      9.54462137    770.33662489   1000.00000000      1.00015337      0.12807448     -7.56499933      0.24018391     -7.32481543      0.12461521      0.02516591      0.12443002      0.02076920 md_running
   199     99.50000000    111.18514326      9.57749539    782.17250698   1000.00000000      1.00014391      0.13004228     -7.56610847      0.24139690     -7.32471157      0.12228016      0.02520623      0.12123913      0.02038003 md_running
   200    100.00000000    111.44625858      9.61604853    794.82241527   1000.00000000      1.00013378      0.13214543     -7.56721505      0.24260989     -7.32460516      0.11839076      0.02523137      0.11624956      0.01973179 max_step
