  step         time_fs     wall_time_s        rti_dist          temp_K     temp_bath_K   thermo_lambda          kin_Ha     pot_real_Ha     pot_rtip_Ha    pot_total_Ha          f_real          f_rtip         f_total      rms_f_real state_decision
     1      0.50000000     10.53671720     33.53197699    298.80288959    300.00000000      1.00000000      0.04967831     -7.59870382     -0.00028512     -7.59898894      0.05725740      0.00000937      0.05725595      0.00954290 md_running
     2      1.00000000     21.70223542     33.51868719    296.12265800    300.00000000      1.00000386      0.04923270     -7.59825778     -0.00057021     -7.59882799      0.05889545      0.00001875      0.05889234      0.00981591 md_running
     3      1.50000000     40.57707057     33.50571187    292.70274903    300.00000000      1.00000910      0.04866412     -7.59768643     -0.00085526     -7.59854169      0.06066714      0.00002815      0.06066221      0.01011119 md_running
     4      2.00000000     40.84210626     33.49323441    288.69842970    300.00000000      1.00001567      0.04799837     -7.59701581     -0.00114028     -7.59815608      0.06248562      0.00003755      0.06247883      0.01041427 md_running
     5      2.50000000     41.13578673     33.48142448    284.39142796    300.00000000      1.00002326      0.04728229     -7.59629356     -0.00142525     -7.59771881      0.06415794      0.00004696      0.06414928      0.01069299 md_running
     6      3.00000000     50.05116253     33.47042631    280.11751563    300.00000000      1.00003133      0.04657172     -7.59557642     -0.00171019     -7.59728660      0.06546204      0.00005639      0.06545158      0.01091034 md_running
     7      3.50000000     56.79963597     33.46034838    276.17439277    300.00000000      1.00003928      0.04591615     -7.59491491     -0.00199508     -7.59690999      0.06623851      0.00006582      0.06622635      0.01103975 md_running
     8      4.00000000     61.73081764     33.45125542    272.73776930    300.00000000      1.00004656      0.04534478     -7.59433877     -0.00227993     -7.59661870      0.06646936      0.00007527      0.06645566      0.01107823 md_running
     9      4.50000000     62.00220893     33.44316330    269.81621755    300.00000000      1.00005294      0.04485905     -7.59384945     -0.00256474     -7.59641420      0.06631114      0.00008473      0.06629614      0.01105186 md_running
    10      5.00000000     62.24433136     33.43603746    267.25815138    300.00000000      1.00005850      0.04443375     -7.59342135     -0.00284951     -7.59627086      0.06606963      0.00009421      0.06605368      0.01101160 md_running
    11      5.50000000     62.49191899     33.42979524    264.80845987    300.00000000      1.00006365      0.04402647     -7.59301094     -0.00313423     -7.59614517      0.06611077      0.00010370      0.06609434      0.01101846 md_running
    12      6.00000000     62.74403477     33.42431183    262.19691607    300.00000000      1.00006896      0.04359228     -7.59257250     -0.00341891     -7.59599142      0.06673543      0.00011320      0.06671908      0.01112257 md_running
    13      6.50000000     62.99828885     33.41942918    259.22681412    300.00000000      1.00007499      0.04309848     -7.59207265     -0.00370355     -7.59577621      0.06805903      0.00012271      0.06804324      0.01134317 md_running
    14      7.00000000     63.25307605     33.41496758    255.83611814    300.00000000      1.00008210      0.04253475     -7.59150069     -0.00398815     -7.59548884      0.06995614      0.00013224      0.06994127      0.01165936 md_running
    15      7.50000000     63.50718643     33.41073882    252.11389319    300.00000000      1.00009032      0.04191590     -7.59087172     -0.00427271     -7.59514444      0.07210225      0.00014177      0.07208843      0.01201704 md_running
    16      8.00000000     63.76417358     33.40656039    248.27039180    300.00000000      1.00009935      0.04127689     -7.59022137     -0.00455724     -7.59477861      0.07407873      0.00015131      0.07406586      0.01234645 md_running
    17      8.50000000     64.02550721     33.40226890    244.57143877    300.00000000      1.00010865      0.04066191     -7.58959460     -0.00484173     -7.59443633      0.07548561      0.00016087      0.07547342      0.01258094 md_running
    18      9.00000000     64.27804395     33.39773216    241.25705178    300.00000000      1.00011754      0.04011087     -7.58903223     -0.00512620     -7.59415843      0.07601574      0.00017042      0.07600380      0.01266929 md_running
    19      9.50000000     64.53719738     33.39285897    238.46931225    300.00000000      1.00012543      0.03964738     -7.58855830     -0.00541064     -7.59396894      0.07550747      0.00017999      0.07549522      0.01258458 md_running
    20     10.00000000     64.80245979     33.38760542    236.20880736    300.00000000      1.00013205      0.03927156     -7.58817303     -0.00569505     -7.59386808      0.07397399      0.00018955      0.07396075      0.01232900 md_running
    21     10.50000000     65.04012598     33.38197795    234.33004391    300.00000000      1.00013751      0.03895920     -7.58785193     -0.00597944     -7.59383137      0.07161181      0.00019913      0.07159680      0.01193530 md_running
    22     11.00000000     65.29481083     33.37603274    232.57754812    300.00000000      1.00014231      0.03866783     -7.58755188     -0.00626380     -7.59381568      0.06880519      0.00020871      0.06878751      0.01146753 md_running
    23     11.50000000     65.55461927     33.36987130    230.65535452    300.00000000      1.00014726      0.03834825     -7.58722280     -0.00654814     -7.59377094      0.06608391      0.00021830      0.06606274      0.01101398 md_running
    24     12.00000000     65.80856124     33.36363233    228.31199630    300.00000000      1.00015316      0.03795865     -7.58682199     -0.00683246     -7.59365445      0.06403440      0.00022789      0.06400910      0.01067240 md_running
    25     12.50000000     66.06358733     33.35748133    225.41565485    300.00000000      1.00016067      0.03747711     -7.58632711     -0.00711675     -7.59344385      0.06313882      0.00023750      0.06310919      0.01052314 md_running
    26     13.00000000     66.32066312     33.35159856    221.99888710    300.00000000      1.00017005      0.03690905     -7.58574335     -0.00740101     -7.59314435      0.06358985      0.00024712      0.06355621      0.01059831 md_running
    27     13.50000000     66.55553058     33.34616572    218.25701930    300.00000000      1.00018110      0.03628693     -7.58510387     -0.00768523     -7.59278910      0.06520519      0.00025675      0.06516820      0.01086753 md_running
    28     14.00000000     66.80404085     33.34135259    214.49536671    300.00000000      1.00019311      0.03566153     -7.58446032     -0.00796941     -7.59242974      0.06751379      0.00026641      0.06747419      0.01125230 md_running
    29     14.50000000     67.05759069     33.33730431    211.04107240    300.00000000      1.00020506      0.03508723     -7.58386827     -0.00825356     -7.59212183      0.06994899      0.00027608      0.06990741      0.01165816 md_running
    30     15.00000000     67.31338743     33.33413013    208.14747832    300.00000000      1.00021587      0.03460614     -7.58337073     -0.00853766     -7.59190839      0.07202762      0.00028578      0.07198456      0.01200460 md_running
    31     15.50000000     67.57190011     33.33189500    205.92202356    300.00000000      1.00022474      0.03423614     -7.58298589     -0.00882171     -7.59180760      0.07344822      0.00029550      0.07340408      0.01224137 md_running
    32     16.00000000     67.82923012     33.33061425    204.30226156    300.00000000      1.00023144      0.03396685     -7.58270326     -0.00910572     -7.59180897      0.07410736      0.00030524      0.07406254      0.01235123 md_running
    33     16.50000000     68.06739461     33.33025184    203.08655042    300.00000000      1.00023636      0.03376472     -7.58248850     -0.00938967     -7.59187817      0.07407023      0.00031500      0.07402520      0.01234504 md_running
    34     17.00000000     68.31680755     33.33072244    202.00623085    300.00000000      1.00024035      0.03358511     -7.58229618     -0.00967358     -7.59196976      0.07351034      0.00032479      0.07346562      0.01225172 md_running
    35     17.50000000     68.56834016     33.33189798    200.81290225    300.00000000      1.00024438      0.03338671     -7.58208411     -0.00995744     -7.59204155      0.07264467      0.00033459      0.07260088      0.01210745 md_running
    36     18.00000000     68.82436091     33.33361747    199.35275923    300.00000000      1.00024925      0.03314395     -7.58182630     -0.01024126     -7.59206756      0.07166981      0.00034441      0.07162752      0.01194497 md_running
    37     18.50000000     69.08574519     33.33569944    197.60638791    300.00000000      1.00025534      0.03285360     -7.58151940     -0.01052503     -7.59204443      0.07071851      0.00035424      0.07067823      0.01178642 md_running
    38     19.00000000     69.35537281     33.33795590    195.68388375    300.00000000      1.00026250      0.03253397     -7.58118206     -0.01080877     -7.59199084      0.06984631      0.00036408      0.06980833      0.01164105 md_running
    39     19.50000000     69.62268151     33.34020682    193.78084917    300.00000000      1.00027015      0.03221758     -7.58084757     -0.01109248     -7.59194005      0.06905001      0.00037393      0.06901436      0.01150833 md_running
    40     20.00000000     69.88522724     33.34229390    192.11140714    300.00000000      1.00027744      0.03194002     -7.58055203     -0.01137616     -7.59192819      0.06830338      0.00038378      0.06826981      0.01138390 md_running
    41     20.50000000     70.13852698     33.34409227    190.83809230    300.00000000      1.00028350      0.03172832     -7.58032308     -0.01165981     -7.59198289      0.06759996      0.00039364      0.06756799      0.01126666 md_running
    42     21.00000000     70.37229622     33.34551929    190.01895263    300.00000000      1.00028780      0.03159213     -7.58017083     -0.01194344     -7.59211427      0.06698902      0.00040349      0.06695796      0.01116484 md_running
    43     21.50000000     70.62409493     33.34653999    189.58678953    300.00000000      1.00029030      0.03152028     -7.58008374     -0.01222705     -7.59231080      0.06658514      0.00041335      0.06655421      0.01109752 md_running
    44     22.00000000     70.86822139     33.34716892    189.36604427    300.00000000      1.00029149      0.03148358     -7.58003231     -0.01251065     -7.59254295      0.06654746      0.00042320      0.06651587      0.01109124 md_running
    45     22.50000000     71.12724419     33.34746803    189.12350675    300.00000000      1.00029227      0.03144326     -7.57997682     -0.01279422     -7.59277104      0.06702448      0.00043305      0.06699153      0.01117075 md_running
    46     23.00000000     71.37958844     33.34754093    188.63923872    300.00000000      1.00029364      0.03136275     -7.57988018     -0.01307779     -7.59295797      0.06808355      0.00044290      0.06804872      0.01134726 md_running
    47     23.50000000     71.63223722     33.34752410    187.77736589    300.00000000      1.00029642      0.03121945     -7.57971913     -0.01336133     -7.59308047      0.06965290      0.00045275      0.06961587      0.01160882 md_running
    48     24.00000000     71.89153741     33.34757572    186.53497280    300.00000000      1.00030095      0.03101290     -7.57949320     -0.01364486     -7.59313806      0.07150780      0.00046261      0.07146839      0.01191797 md_running
    49     24.50000000     72.15550608     33.34786303    185.05160276    300.00000000      1.00030699      0.03076627     -7.57922589     -0.01392837     -7.59315426      0.07330182      0.00047247      0.07325994      0.01221697 md_running
    50     25.00000000     72.42320174     33.34854881    183.57335141    300.00000000      1.00031370      0.03052050     -7.57895898     -0.01421186     -7.59317084      0.07464912      0.00048234      0.07460472      0.01244152 md_running
    51     25.50000000     72.68682730     33.34977833    182.38007480    300.00000000      1.00031987      0.03032211     -7.57874011     -0.01449534     -7.59323545      0.07521172      0.00049222      0.07516477      0.01253529 md_running
    52     26.00000000     72.94570316     33.35166742    181.69799198    300.00000000      1.00032425      0.03020871     -7.57860769     -0.01477880     -7.59338649      0.07477635      0.00050210      0.07472684      0.01246272 md_running
    53     26.50000000     73.18050810     33.35429271    181.62643202    300.00000000      1.00032598      0.03019681     -7.57857881     -0.01506224     -7.59364105      0.07330556      0.00051199      0.07325360      0.01221759 md_running
    54     27.00000000     73.43023399     33.35768446    182.10393668    300.00000000      1.00032494      0.03027620     -7.57864318     -0.01534566     -7.59398885      0.07095791      0.00052189      0.07090375      0.01182632 md_running
    55     27.50000000     73.68462117     33.36182300    182.92588281    300.00000000      1.00032178      0.03041286     -7.57876618     -0.01562908     -7.59439526      0.06806924      0.00053178      0.06801349      0.01134487 md_running
    56     28.00000000     73.94025480     33.36663905    183.80719436    300.00000000      1.00031772      0.03055938     -7.57889953     -0.01591249     -7.59481202      0.06509636      0.00054167      0.06504006      0.01084939 md_running
    57     28.50000000     74.20408522     33.37201820    184.46806586    300.00000000      1.00031408      0.03066926     -7.57899588     -0.01619590     -7.59519178      0.06251859      0.00055156      0.06246334      0.01041976 md_running
    58     29.00000000     74.46999432     33.37780885    184.71513398    300.00000000      1.00031198      0.03071033     -7.57902219     -0.01647932     -7.59550151      0.06070164      0.00056143      0.06064938      0.01011694 md_running
    59     29.50000000     74.73721341     33.38383342    184.49388915    300.00000000      1.00031194      0.03067355     -7.57896924     -0.01676275     -7.59573200      0.05977643      0.00057128      0.05972909      0.00996274 md_running
    60     30.00000000     74.99926816     33.38990177    183.89807765    300.00000000      1.00031387      0.03057449     -7.57885280     -0.01704621     -7.59589901      0.05959664      0.00058110      0.05955567      0.00993277 md_running
    61     30.50000000     75.25842118     33.39582588    183.13549620    300.00000000      1.00031709      0.03044771     -7.57870790     -0.01732970     -7.59603760      0.05980949      0.00059089      0.05977568      0.00996825 md_running
    62     31.00000000     75.51903111     33.40143410    182.46271458    300.00000000      1.00032052      0.03033585     -7.57857802     -0.01761323     -7.59619125      0.05999499      0.00060064      0.05996854      0.00999917 md_running
    63     31.50000000     75.75337491     33.40658391    182.10881540    300.00000000      1.00032299      0.03027701     -7.57850171     -0.01789681     -7.59639852      0.05979573      0.00061036      0.05977652      0.00996595 md_running
    64     32.00000000     76.00581409     33.41117189    182.20843677    300.00000000      1.00032363      0.03029357     -7.57850176     -0.01818044     -7.59668219      0.05900959      0.00062003      0.05899740      0.00983493 md_running
    65     32.50000000     76.26884927     33.41514065    182.76206018    300.00000000      1.00032209      0.03038562     -7.57857856     -0.01846413     -7.59704269      0.05763320      0.00062966      0.05762790      0.00960553 md_running
    66     33.00000000     76.53063937     33.41848242    183.63472276    300.00000000      1.00031873      0.03053071     -7.57870908     -0.01874789     -7.59745697      0.05587111      0.00063925      0.05587267      0.00931185 md_running
    67     33.50000000     76.78960500     33.42123871    184.59326659    300.00000000      1.00031444      0.03069007     -7.57885397     -0.01903171     -7.59788569      0.05411062      0.00064879      0.05411913      0.00901844 md_running
    68     34.00000000     77.04830006     33.42349652    185.37151635    300.00000000      1.00031040      0.03081946     -7.57896816     -0.01931561     -7.59828377      0.05285599      0.00065830      0.05287149      0.00880933 md_running
    69     34.50000000     77.30635281     33.42538112    185.74520965    300.00000000      1.00030773      0.03088159     -7.57901390     -0.01959958     -7.59861349      0.05259341      0.00066777      0.05261568      0.00876557 md_running
    70     35.00000000     77.56047273     33.42704623    185.59740622    300.00000000      1.00030720      0.03085702     -7.57897119     -0.01988363     -7.59885481      0.05360433      0.00067720      0.05363285      0.00893405 md_running
    71     35.50000000     77.82435343     33.42866230    184.95625617    300.00000000      1.00030900      0.03075042     -7.57884482     -0.02016773     -7.59901255      0.05583806      0.00068661      0.05587219      0.00930634 md_running
    72     36.00000000     78.09284045     33.43040378    183.98998953    300.00000000      1.00031271      0.03058977     -7.57866332     -0.02045190     -7.59911522      0.05894796      0.00069600      0.05898729      0.00982466 md_running
    73     36.50000000     78.35823713     33.43243601    182.96107320    300.00000000      1.00031737      0.03041871     -7.57847111     -0.02073613     -7.59920725      0.06244220      0.00070538      0.06248668      0.01040703 md_running
    74     37.00000000     78.59865006     33.43490285    182.15288143    300.00000000      1.00032171      0.03028434     -7.57831637     -0.02102041     -7.59933678      0.06585197      0.00071474      0.06590201      0.01097533 md_running
    75     37.50000000     78.84880194     33.43791537    181.79088081    300.00000000      1.00032450      0.03022415     -7.57823721     -0.02130474     -7.59954194      0.06883508      0.00072410      0.06889141      0.01147251 md_running
    76     38.00000000     79.10944715     33.44154294    181.98508281    300.00000000      1.00032492      0.03025644     -7.57825253     -0.02158910     -7.59984163      0.07121170      0.00073345      0.07127523      0.01186862 md_running
    77     38.50000000     79.36966212     33.44580725    182.71127661    300.00000000      1.00032276      0.03037718     -7.57835786     -0.02187350     -7.60023135      0.07295403      0.00074280      0.07302569      0.01215900 md_running
    78     39.00000000     79.63040446     33.45068022    183.83595093    300.00000000      1.00031845      0.03056416     -7.57853061     -0.02215793     -7.60068854      0.07414357      0.00075213      0.07422414      0.01235726 md_running
    79     39.50000000     79.89144931     33.45608571    185.17464510    300.00000000      1.00031283      0.03078673     -7.57873929     -0.02244239     -7.60118168      0.07491059      0.00076146      0.07500054      0.01248510 md_running
    80     40.00000000     80.14533667     33.46190550    186.56260942    300.00000000      1.00030676      0.03101749     -7.57895596     -0.02272689     -7.60168285      0.07537883      0.00077077      0.07547824      0.01256314 md_running
    81     40.50000000     80.39591482     33.46798885    187.91406319    300.00000000      1.00030083      0.03124218     -7.57916578     -0.02301142     -7.60217720      0.07561872      0.00078006      0.07572725      0.01260312 md_running
    82     41.00000000     80.64724855     33.47416486    189.25228560    300.00000000      1.00029518      0.03146467     -7.57937266     -0.02329600     -7.60266866      0.07562755      0.00078932      0.07574448      0.01260459 md_running
    83     41.50000000     80.90279806     33.48025664    190.70274259    300.00000000      1.00028947      0.03170582     -7.57959761     -0.02358062     -7.60317823      0.07533736      0.00079855      0.07546170      0.01255623 md_running
    84     42.00000000     81.16295614     33.48609581    192.45293409    300.00000000      1.00028303      0.03199680     -7.57987246     -0.02386530     -7.60373776      0.07464714      0.00080774      0.07477774      0.01244119 md_running
    85     42.50000000     81.42327117     33.49153615    194.69290539    300.00000000      1.00027509      0.03236922     -7.58022930     -0.02415005     -7.60437935      0.07346385      0.00081688      0.07359945      0.01224398 md_running
    86     43.00000000     81.68646519     33.49646521    197.55444656    300.00000000      1.00026506      0.03284497     -7.58069060     -0.02443486     -7.60512546      0.07174232      0.00082598      0.07188149      0.01195705 md_running
    87     43.50000000     81.94913367     33.50081324    201.06533891    300.00000000      1.00025280      0.03342868     -7.58126120     -0.02471975     -7.60598094      0.06951662      0.00083503      0.06965777      0.01158610 md_running
    88     44.00000000     82.20737993     33.50455822    205.13135825    300.00000000      1.00023865      0.03410469     -7.58192531     -0.02500471     -7.60693002      0.06691934      0.00084403      0.06706045      0.01115322 md_running
    89     44.50000000     82.45762675     33.50772746    209.55133044    300.00000000      1.00022337      0.03483954     -7.58264914     -0.02528976     -7.60793890      0.06418543      0.00085299      0.06432387      0.01069757 md_running
    90     45.00000000     82.70153020     33.51039549    214.06110033    300.00000000      1.00020794      0.03558933     -7.58338817     -0.02557488     -7.60896305      0.06163312      0.00086190      0.06176558      0.01027219 md_running
    91     45.50000000     82.96199192     33.51267825    218.39628907    300.00000000      1.00019332      0.03631009     -7.58409794     -0.02586009     -7.60995802      0.05960943      0.00087077      0.05973204      0.00993490 md_running
    92     46.00000000     83.22730105     33.51472423    222.35703184    300.00000000      1.00018019      0.03696859     -7.58474466     -0.02614536     -7.61089001      0.05840373      0.00087960      0.05851265      0.00973396 md_running
    93     46.50000000     83.48360042     33.51670329    225.85573640    300.00000000      1.00016886      0.03755028     -7.58531382     -0.02643069     -7.61174451      0.05814510      0.00088841      0.05823744      0.00969085 md_running
    94     47.00000000     83.73671035     33.51879373    228.93454626    300.00000000      1.00015925      0.03806216     -7.58581249     -0.02671607     -7.61252856      0.05874725      0.00089720      0.05882186      0.00979121 md_running
    95     47.50000000     83.98935059     33.52116860    231.74673626    300.00000000      1.00015092      0.03852970     -7.58626700     -0.02700149     -7.61326849      0.05993564      0.00090597      0.05999323      0.00998927 md_running
    96     48.00000000     84.23675612     33.52398232    234.50492891    300.00000000      1.00014326      0.03898827     -7.58671356     -0.02728693     -7.61400049      0.06134303      0.00091474      0.06138584      0.01022384 md_running
    97     48.50000000     84.49399908     33.52735791    237.41249035    300.00000000      1.00013563      0.03947168     -7.58718657     -0.02757239     -7.61475896      0.06262356      0.00092351      0.06265464      0.01043726 md_running
    98     49.00000000     84.74664385     33.53137668    240.59907843    300.00000000      1.00012757      0.04000147     -7.58770851     -0.02785785     -7.61556636      0.06354073      0.00093229      0.06356342      0.01059012 md_running
    99     49.50000000     85.00567748     33.53607062    244.08095781    300.00000000      1.00011891      0.04058036     -7.58828196     -0.02814331     -7.61642527      0.06400914      0.00094106      0.06402669      0.01066819 md_running
   100     50.00000000     85.26448500     33.54141881    247.75804719    300.00000000      1.00010982      0.04119171     -7.58889005     -0.02842877     -7.61731882      0.06407812      0.00094984      0.06409375      0.01067969 md_running
   101     50.50000000     85.52503531     33.54734753    251.44724486    300.00000000      1.00010073      0.04180507     -7.58950163     -0.02871423     -7.61821586      0.06389597      0.00095862      0.06391274      0.01064933 md_running
   102     51.00000000     85.76854755     33.55373491    254.94254470    300.00000000      1.00009212      0.04238619     -7.59008163     -0.02899970     -7.61908132      0.06364134      0.00096739      0.06366190      0.01060689 md_running
   103     51.50000000     86.01809670     33.56042014    258.08106278    300.00000000      1.00008441      0.04290799     -7.59060232     -0.02928519     -7.61988750      0.06345225      0.00097614      0.06347871      0.01057538 md_running
   104     52.00000000     86.27332090     33.56721581    260.79078678    300.00000000      1.00007781      0.04335850     -7.59105114     -0.02957071     -7.62062185      0.06337058      0.00098487      0.06340438      0.01056176 md_running
   105     52.50000000     86.52831067     33.57392247    263.10634397    300.00000000      1.00007231      0.04374348     -7.59143384     -0.02985628     -7.62129012      0.06332897      0.00099356      0.06337084      0.01055483 md_running
   106     53.00000000     86.78700265     33.58034400    265.15235550    300.00000000      1.00006764      0.04408365     -7.59177128     -0.03014193     -7.62191321      0.06318241      0.00100221      0.06323245      0.01053040 md_running
   107     53.50000000     87.04020192     33.58630252    267.09982076    300.00000000      1.00006345      0.04440743     -7.59209228     -0.03042766     -7.62251995      0.06275914      0.00101081      0.06281696      0.01045986 md_running
   108     54.00000000     87.29450335     33.59165157    269.10880891    300.00000000      1.00005935      0.04474144     -7.59242391     -0.03071350     -7.62313741      0.06192149      0.00101935      0.06198633      0.01032025 md_running
   109     54.50000000     87.54330201     33.59628642    271.27351623    300.00000000      1.00005505      0.04510134     -7.59278211     -0.03099946     -7.62378156      0.06061458      0.00102784      0.06068550      0.01010243 md_running
   110     55.00000000     87.80461184     33.60015083    273.58637537    300.00000000      1.00005046      0.04548587     -7.59316559     -0.03128554     -7.62445113      0.05889668      0.00103626      0.05897237      0.00981611 md_running
   111     55.50000000     88.06722602     33.60324065    275.93035685    300.00000000      1.00004573      0.04587558     -7.59355465     -0.03157176     -7.62512641      0.05694574      0.00104463      0.05702460      0.00949096 md_running
   112     56.00000000     88.32749931     33.60560321    278.10268397    300.00000000      1.00004120      0.04623674     -7.59391511     -0.03185810     -7.62577321      0.05504315      0.00105294      0.05512307      0.00917386 md_running
   113     56.50000000     88.59304942     33.60733314    279.86418456    300.00000000      1.00003730      0.04652961     -7.59420664     -0.03214457     -7.62635121      0.05352272      0.00106121      0.05360117      0.00892045 md_running
   114     57.00000000     88.85579358     33.60856497    280.99997368    300.00000000      1.00003445      0.04671844     -7.59439283     -0.03243115     -7.62682398      0.05268542      0.00106945      0.05275979      0.00878090 md_running
   115     57.50000000     89.11916478     33.60946263    281.37831716    300.00000000      1.00003299      0.04678134     -7.59445152     -0.03271782     -7.62716934      0.05269131      0.00107766      0.05275946      0.00878188 md_running
   116     58.00000000     89.38324776     33.61020703    280.98982961    300.00000000      1.00003302      0.04671675     -7.59438118     -0.03300455     -7.62738573      0.05349769      0.00108587      0.05355852      0.00891628 md_running
   117     58.50000000     89.64007614     33.61098243    279.95087994    300.00000000      1.00003444      0.04654402     -7.59420156     -0.03329133     -7.62749289      0.05486087      0.00109409      0.05491459      0.00914348 md_running
   118     59.00000000     89.87618259     33.61196270    278.47133556    300.00000000      1.00003694      0.04629803     -7.59394836     -0.03357811     -7.62752647      0.05642522      0.00110234      0.05647321      0.00940420 md_running
   119     59.50000000     90.12064689     33.61329790    276.79671311    300.00000000      1.00004007      0.04601961     -7.59366326     -0.03386488     -7.62752814      0.05783733      0.00111062      0.05788165      0.00963956 md_running
   120     60.00000000     90.37705732     33.61510317    275.13951939    300.00000000      1.00004340      0.04574409     -7.59338239     -0.03415159     -7.62753399      0.05884214      0.00111895      0.05888525      0.00980702 md_running
   121     60.50000000     90.63928220     33.61744954    273.62116236    300.00000000      1.00004657      0.04549165     -7.59312630     -0.03443825     -7.62756455      0.05934244      0.00112734      0.05938688      0.00989041 md_running
   122     61.00000000     90.89549090     33.62035843    272.24429103    300.00000000      1.00004945      0.04526274     -7.59289547     -0.03472482     -7.62762029      0.05941854      0.00113578      0.05946661      0.00990309 md_running
   123     61.50000000     91.14860574     33.62380001    270.90346232    300.00000000      1.00005214      0.04503982     -7.59267176     -0.03501131     -7.62768308      0.05931340      0.00114429      0.05936702      0.00988557 md_running
   124     62.00000000     91.40600957     33.62769557    269.43079742    300.00000000      1.00005494      0.04479497     -7.59242663     -0.03529772     -7.62772435      0.05937314      0.00115286      0.05943339      0.00989552 md_running
   125     62.50000000     91.64470687     33.63192481    267.66127415    300.00000000      1.00005823      0.04450078     -7.59213163     -0.03558406     -7.62771569      0.05993976      0.00116147      0.06000661      0.00998996 md_running
   126     63.00000000     91.87508834     33.63633609    265.49610385    300.00000000      1.00006233      0.04414080     -7.59176974     -0.03587033     -7.62764007      0.06123255      0.00117013      0.06130486      0.01020542 md_running
   127     63.50000000     92.12959601     33.64075947    262.94520114    300.00000000      1.00006738      0.04371669     -7.59134212     -0.03615657     -7.62749869      0.06326389      0.00117881      0.06333970      0.01054398 md_running
   128     64.00000000     92.39858073     33.64502115    260.13665321    300.00000000      1.00007326      0.04324975     -7.59087017     -0.03644279     -7.62731295      0.06583155      0.00118752      0.06590847      0.01097193 md_running
   129     64.50000000     92.66188323     33.64895803    257.29202556    300.00000000      1.00007963      0.04277681     -7.59039079     -0.03672900     -7.62711980      0.06858634      0.00119624      0.06866198      0.01143106 md_running
   130     65.00000000     92.92465475     33.65243161    254.67460871    300.00000000      1.00008593      0.04234164     -7.58994848     -0.03701524     -7.62696371      0.07112599      0.00120496      0.07119825      0.01185433 md_running
   131     65.50000000     93.17605050     33.65533960    252.52658790    300.00000000      1.00009153      0.04198452     -7.58958393     -0.03730150     -7.62688543      0.07307932      0.00121368      0.07314634      0.01217989 md_running
   132     66.00000000     93.43615370     33.65762455    251.01098922    300.00000000      1.00009588      0.04173254     -7.58932467     -0.03758779     -7.62691246      0.07415693      0.00122240      0.07421703      0.01235949 md_running
   133     66.50000000     93.69523987     33.65927860    250.17370727    300.00000000      1.00009867      0.04159333     -7.58917859     -0.03787413     -7.62705271      0.07418064      0.00123111      0.07423219      0.01236344 md_running
   134     67.00000000     93.95995416     33.66034465    249.93600421    300.00000000      1.00009990      0.04155381     -7.58913242     -0.03816049     -7.62729291      0.07309205      0.00123983      0.07313339      0.01218201 md_running
   135     67.50000000     94.22630525     33.66091362    250.11820763    300.00000000      1.00009987      0.04158410     -7.58915595     -0.03844686     -7.62760281      0.07095748      0.00124856      0.07098677      0.01182625 md_running
   136     68.00000000     94.49133649     33.66111833    250.48903451    300.00000000      1.00009910      0.04164576     -7.58921052     -0.03873322     -7.62794374      0.06795785      0.00125731      0.06797311      0.01132631 md_running
   137     68.50000000     94.75281651     33.66112445    250.82585215    300.00000000      1.00009817      0.04170176     -7.58925844     -0.03901954     -7.62827798      0.06438100      0.00126610      0.06438013      0.01073017 md_running
   138     69.00000000     95.01447174     33.66111888    250.96927767    300.00000000      1.00009754      0.04172560     -7.58927340     -0.03930579     -7.62857919      0.06058860      0.00127494      0.06056959      0.01009810 md_running
   139     69.50000000     95.27405404     33.66129694    250.85534946    300.00000000      1.00009750      0.04170666     -7.58924480     -0.03959193     -7.62883673      0.05698152      0.00128384      0.05694301      0.00949692 md_running
   140     70.00000000     95.51996611     33.66184784    250.51936013    300.00000000      1.00009808      0.04165080     -7.58917906     -0.03987793     -7.62905699      0.05394293      0.00129283      0.05388481      0.00899049 md_running
   141     70.50000000     95.76173116     33.66294078    250.06950533    300.00000000      1.00009908      0.04157601     -7.58909506     -0.04016375     -7.62925881      0.05177074      0.00130190      0.05169489      0.00862846 md_running
   142     71.00000000     96.01921971     33.66471153    249.63592362    300.00000000      1.00010019      0.04150392     -7.58901513     -0.04044938     -7.62946451      0.05062424      0.00131107      0.05053461      0.00843737 md_running
   143     71.50000000     96.27978783     33.66725113    249.31421834    300.00000000      1.00010113      0.04145043     -7.58895592     -0.04073480     -7.62969072      0.05051735      0.00132035      0.05041942      0.00841956 md_running
   144     72.00000000     96.53285400     33.67059782    249.12156674    300.00000000      1.00010174      0.04141840     -7.58892044     -0.04102001     -7.62994045      0.05136160      0.00132972      0.05126134      0.00856027 md_running
   145     72.50000000     96.78593817     33.67473284    248.98338925    300.00000000      1.00010208      0.04139543     -7.58889607     -0.04130501     -7.63020108      0.05302691      0.00133919      0.05292977      0.00883782 md_running
   146     73.00000000     97.03947859     33.67958068    248.75455102    300.00000000      1.00010245      0.04135739     -7.58885799     -0.04158982     -7.63044781      0.05537060      0.00134875      0.05528075      0.00922843 md_running
   147     73.50000000     97.27165252     33.68501429    248.26859908    300.00000000      1.00010324      0.04127659     -7.58877777     -0.04187447     -7.63065224      0.05822965      0.00135837      0.05814964      0.00970494 md_running
   148     74.00000000     97.51844331     33.69086475    247.39682086    300.00000000      1.00010485      0.04113165     -7.58863309     -0.04215899     -7.63079208      0.06139066      0.00136805      0.06132146      0.01023178 md_running
   149     74.50000000     97.76270961     33.69693432    246.09855177    300.00000000      1.00010751      0.04091581     -7.58841655     -0.04244343     -7.63085998      0.06458813      0.00137776      0.06452941      0.01076469 md_running
   150     75.00000000     98.00846861     33.70301186    244.44664523    300.00000000      1.00011122      0.04064116     -7.58814003     -0.04272783     -7.63086786      0.06752023      0.00138749      0.06747063      0.01125337 md_running
   151     75.50000000     98.25697151     33.70888915    242.61589357    300.00000000      1.00011570      0.04033679     -7.58783244     -0.04301221     -7.63084466      0.06988759      0.00139722      0.06984514      0.01164793 md_running
   152     76.00000000     98.51796515     33.71437657    240.84397948    300.00000000      1.00012041      0.04004219     -7.58753387     -0.04329663     -7.63083050      0.07143430      0.00140693      0.07139652      0.01190572 md_running
   153     76.50000000     98.75374737     33.71931733    239.37148937    300.00000000      1.00012471      0.03979738     -7.58728453     -0.04358110     -7.63086564      0.07198793      0.00141663      0.07195212      0.01199799 md_running
   154     77.00000000     98.98730952     33.72359886    238.37675748    300.00000000      1.00012800      0.03963200     -7.58711469     -0.04386566     -7.63098035      0.07148099      0.00142630      0.07144434      0.01191350 md_running
   155     77.50000000     99.23821638     33.72716062    237.92999988    300.00000000      1.00012991      0.03955772     -7.58703605     -0.04415030     -7.63118635      0.06996810      0.00143593      0.06992774      0.01166135 md_running
   156     78.00000000     99.49622816     33.72999799    237.97671447    300.00000000      1.00013038      0.03956549     -7.58703933     -0.04443504     -7.63147436      0.06762636      0.00144553      0.06757930      0.01127106 md_running
   157     78.50000000     99.75622744     33.73216239    238.35342398    300.00000000      1.00012972      0.03962812     -7.58709739     -0.04471986     -7.63181725      0.06475262      0.00145511      0.06469595      0.01079210 md_running
   158     79.00000000    100.01114559     33.73375728    238.83193456    300.00000000      1.00012847      0.03970767     -7.58717144     -0.04500476     -7.63217620      0.06174229      0.00146467      0.06167356      0.01029038 md_running
   159     79.50000000    100.25969736     33.73493086    239.18026973    300.00000000      1.00012728      0.03976559     -7.58722276     -0.04528971     -7.63251247      0.05903924      0.00147423      0.05895706      0.00983987 md_running
   160     80.00000000    100.51438527     33.73586530    239.22178426    300.00000000      1.00012671      0.03977249     -7.58722160     -0.04557468     -7.63279628      0.05705154      0.00148379      0.05695638      0.00950859 md_running
   161     80.50000000    100.77625665     33.73676354    238.87927223    300.00000000      1.00012709      0.03971554     -7.58715528     -0.04585965     -7.63301493      0.05603424      0.00149337      0.05592894      0.00933904 md_running
   162     81.00000000    101.03086975     33.73783386    238.19256864    300.00000000      1.00012849      0.03960137     -7.58703092     -0.04614458     -7.63317550      0.05599164      0.00150298      0.05588099      0.00933194 md_running
   163     81.50000000    101.27976151     33.73927357    237.29988312    300.00000000      1.00013067      0.03945296     -7.58687228     -0.04642944     -7.63330172      0.05667322      0.00151264      0.05656312      0.00944554 md_running
   164     82.00000000    101.53894074     33.74125257    236.38872420    300.00000000      1.00013317      0.03930147     -7.58671157     -0.04671421     -7.63342578      0.05766672      0.00152234      0.05756317      0.00961112 md_running
   165     82.50000000    101.77436831     33.74389844    235.63095960    300.00000000      1.00013548      0.03917549     -7.58657815     -0.04699887     -7.63357702      0.05854259      0.00153210      0.05845127      0.00975710 md_running
   166     83.00000000    102.02852871     33.74728451    235.11982346    300.00000000      1.00013722      0.03909051     -7.58648823     -0.04728342     -7.63377165      0.05898704      0.00154192      0.05891352      0.00983117 md_running
   167     83.50000000    102.29359657     33.75142194    234.83307677    300.00000000      1.00013826      0.03904283     -7.58643811     -0.04756785     -7.63400597      0.05887091      0.00155178      0.05882094      0.00981182 md_running
   168     84.00000000    102.55905093     33.75625708    234.63372504    300.00000000      1.00013882      0.03900969     -7.58640450     -0.04785218     -7.63425669      0.05826989      0.00156169      0.05824945      0.00971165 md_running
   169     84.50000000    102.81546273     33.76167434    234.30812010    300.00000000      1.00013941      0.03895555     -7.58635109     -0.04813643     -7.63448752      0.05744449      0.00157164      0.05745957      0.00957408 md_running
   170     85.00000000    103.07107440     33.76750456    233.63078835    300.00000000      1.00014067      0.03884294     -7.58623932     -0.04842062     -7.63465994      0.05676198      0.00158161      0.05681769      0.00946033 md_running
   171     85.50000000    103.33047866     33.77353774    232.43471531    300.00000000      1.00014318      0.03864409     -7.58604026     -0.04870478     -7.63474504      0.05658252      0.00159158      0.05668169      0.00943042 md_running
   172     86.00000000    103.57578120     33.77953931    230.66253232    300.00000000      1.00014730      0.03834945     -7.58574385     -0.04898895     -7.63473281      0.05714214      0.00160156      0.05728427      0.00952369 md_running
   173     86.50000000    103.82582240     33.78526751    228.38305651    300.00000000      1.00015308      0.03797047     -7.58536126     -0.04927316     -7.63463442      0.05847741      0.00161153      0.05865877      0.00974624 md_running
   174     87.00000000    104.08432237     33.79049087    225.77294652    300.00000000      1.00016023      0.03753651     -7.58492169     -0.04955743     -7.63447913      0.06043348      0.00162148      0.06064816      0.01007225 md_running
   175     87.50000000    104.34599962     33.79500424    223.06945134    300.00000000      1.00016818      0.03708704     -7.58446507     -0.04984180     -7.63430687      0.06273577      0.00163141      0.06297723      0.01045596 md_running
   176     88.00000000    104.60099903     33.79864303    220.50795878    300.00000000      1.00017623      0.03666117     -7.58403072     -0.05012626     -7.63415698      0.06509809      0.00164131      0.06536014      0.01084968 md_running
   177     88.50000000    104.84388676     33.80129411    218.26383211    300.00000000      1.00018372      0.03628807     -7.58364803     -0.05041084     -7.63405887      0.06729559      0.00165120      0.06757283      0.01121593 md_running
   178     89.00000000    105.09110195     33.80290309    216.41347005    300.00000000      1.00019018      0.03598043     -7.58332985     -0.05069554     -7.63402539      0.06920410      0.00166107      0.06949172      0.01153402 md_running
   179     89.50000000    105.34823292     33.80347760    214.92396297    300.00000000      1.00019547      0.03573279     -7.58307052     -0.05098033     -7.63405085      0.07080048      0.00167094      0.07109410      0.01180008 md_running
   180     90.00000000    105.61523592     33.80308627    213.67440651    300.00000000      1.00019983      0.03552504     -7.58284953     -0.05126523     -7.63411476      0.07214497      0.00168081      0.07244044      0.01202416 md_running
   181     90.50000000    105.87416064     33.80185321    212.50337436    300.00000000      1.00020370      0.03533034     -7.58263984     -0.05155019     -7.63419003      0.07333527      0.00169070      0.07362867      0.01222254 md_running
   182     91.00000000    106.13192300     33.79994891    211.26662711    300.00000000      1.00020763      0.03512473     -7.58241689     -0.05183519     -7.63425208      0.07446050      0.00170061      0.07474828      0.01241008 md_running
   183     91.50000000    106.39338338     33.79757745    209.88942246    300.00000000      1.00021201      0.03489575     -7.58216862     -0.05212021     -7.63428883      0.07555031      0.00171055      0.07582969      0.01259172 md_running
   184     92.00000000    106.64873107     33.79496107    208.39989462    300.00000000      1.00021694      0.03464811     -7.58189979     -0.05240522     -7.63430501      0.07654224      0.00172055      0.07681157      0.01275704 md_running
   185     92.50000000    106.91169884     33.79232267    206.92891354    300.00000000      1.00022217      0.03440355     -7.58163305     -0.05269018     -7.63432324      0.07727525      0.00173060      0.07753428      0.01287921 md_running
   186     93.00000000    107.15094804     33.78986745    205.67445477    300.00000000      1.00022709      0.03419498     -7.58140231     -0.05297508     -7.63437739      0.07751935      0.00174070      0.07776923      0.01291989 md_running
   187     93.50000000    107.39621861     33.78776566    204.84059970    300.00000000      1.00023091      0.03405635     -7.58124279     -0.05325990     -7.63450268      0.07702862      0.00175086      0.07727173      0.01283810 md_running
   188     94.00000000    107.63046721     33.78613767    204.56876157    300.00000000      1.00023295      0.03401115     -7.58117870     -0.05354462     -7.63472333      0.07561138      0.00176107      0.07585098      0.01260190 md_running
   189     94.50000000    107.88659980     33.78504240    204.88435770    300.00000000      1.00023284      0.03406362     -7.58121472     -0.05382927     -7.63504399      0.07319215      0.00177133      0.07343205      0.01219869 md_running
   190     95.00000000    108.14968894     33.78447105    205.67816761    300.00000000      1.00023075      0.03419560     -7.58133255     -0.05411383     -7.63544638      0.06985817      0.00178161      0.07010221      0.01164303 md_running
   191     95.50000000    108.41334301     33.78434704    206.72928091    300.00000000      1.00022730      0.03437036     -7.58149468     -0.05439835     -7.63589302      0.06588350      0.00179190      0.06613492      0.01098058 md_running
   192     96.00000000    108.67742627     33.78453158    207.76434144    300.00000000      1.00022346      0.03454244     -7.58165475     -0.05468283     -7.63633758      0.06171786      0.00180219      0.06197821      0.01028631 md_running
   193     96.50000000    108.94088936     33.78483479    208.53428668    300.00000000      1.00022018      0.03467045     -7.58176999     -0.05496733     -7.63673731      0.05793761      0.00181247      0.05820546      0.00965627 md_running
   194     97.00000000    109.19289060     33.78503087    208.88333905    300.00000000      1.00021819      0.03472849     -7.58181370     -0.05525186     -7.63706556      0.05513872      0.00182270      0.05540834      0.00918979 md_running
   195     97.50000000    109.42703997     33.78487664    208.78843625    300.00000000      1.00021778      0.03471271     -7.58178162     -0.05553647     -7.63731809      0.05377375      0.00183289      0.05403532      0.00896229 md_running
   196     98.00000000    109.67728542     33.78413053    208.36019964    300.00000000      1.00021879      0.03464151     -7.58169172     -0.05582119     -7.63751291      0.05398750      0.00184301      0.05422975      0.00899792 md_running
   197     98.50000000    109.92902870     33.78257130    207.80773932    300.00000000      1.00022063      0.03454966     -7.58157908     -0.05610605     -7.63768513      0.05557631      0.00185306      0.05579020      0.00926272 md_running
   198     99.00000000    110.18496467     33.78001416    207.38117690    300.00000000      1.00022250      0.03447874     -7.58148550     -0.05639107     -7.63787657      0.05810563      0.00186304      0.05828628      0.00968427 md_running
   199     99.50000000    110.41881298     33.77632402    207.30776984    300.00000000      1.00022350      0.03446653     -7.58144908     -0.05667626     -7.63812533      0.06108243      0.00187294      0.06122853      0.01018041 md_running
   200    100.00000000    110.66822588     33.77142524    207.73778273    300.00000000      1.00022295      0.03453803     -7.58149496     -0.05696163     -7.63845659      0.06409753      0.00188277      0.06420989      0.01068292 max_step
