  step         time_fs     wall_time_s        rti_dist          temp_K     temp_bath_K   thermo_lambda          kin_Ha     pot_real_Ha     pot_rtip_Ha    pot_total_Ha          f_real          f_rtip         f_total      rms_f_real state_decision
     1      0.50000000     10.44174754      0.09876270      0.24358328   1000.00000000      1.41385996      0.00004050     -7.59731241      0.00121306     -7.59609935      0.07361936      0.01228259      0.06956235      0.01226989 md_running
     2      1.00000000     21.71193876      0.09862298      2.80319282   1000.00000000      1.41385996      0.00046605     -7.59750572      0.00242612     -7.59507959      0.07102293      0.02459997      0.06575781      0.01183716 md_running
     3      1.50000000     40.65534588      0.10150710      7.13556439   1000.00000000      1.11510846      0.00118634     -7.59789483      0.00363918     -7.59425565      0.06524936      0.03585152      0.06360122      0.01087489 md_running
     4      2.00000000     40.91284446      0.11148428     13.42985484   1000.00000000      1.05172313      0.00223282     -7.59831832      0.00485225     -7.59346608      0.05777670      0.04352403      0.06293646      0.00962945 md_running
     5      2.50000000     41.18228657      0.13176905     21.92269778   1000.00000000      1.02875688      0.00364482     -7.59862425      0.00606531     -7.59255895      0.05026832      0.04602983      0.06012822      0.00837805 md_running
     6      3.00000000     46.19579019      0.16322506     31.68177113   1000.00000000      1.01828293      0.00526734     -7.59865139      0.00727837     -7.59137302      0.04536833      0.04459099      0.05447862      0.00756139 md_running
     7      3.50000000     46.45962947      0.20431938     40.94398784   1000.00000000      1.01318017      0.00680726     -7.59826103      0.00849143     -7.58976960      0.04619312      0.04155959      0.04980293      0.00769885 md_running
     8      4.00000000     46.75466655      0.25236209     48.32393643   1000.00000000      1.01059242      0.00803423     -7.59740308      0.00970449     -7.58769859      0.05334565      0.03845463      0.05051760      0.00889094 md_running
     9      4.50000000     57.31530352      0.30458793     53.56138855   1000.00000000      1.00924063      0.00890500     -7.59616395      0.01091755     -7.58524640      0.06408062      0.03584368      0.05713307      0.01068010 md_running
    10      5.00000000     57.57938680      0.35872711     57.52995796   1000.00000000      1.00847870      0.00956480     -7.59476297      0.01213061     -7.58263236      0.07504798      0.03381571      0.06637901      0.01250800 md_running
    11      5.50000000     57.83130686      0.41329513     61.77593027   1000.00000000      1.00790672      0.01027073     -7.59348973      0.01334367     -7.58014606      0.08376287      0.03228607      0.07479471      0.01396048 md_running
    12      6.00000000     58.08752039      0.46772358     67.83235595   1000.00000000      1.00726655      0.01127766     -7.59260096      0.01455674     -7.57804423      0.08876088      0.03112252      0.08024846      0.01479348 md_running
    13      6.50000000     58.33598161      0.52233048     76.55640090   1000.00000000      1.00647330      0.01272810     -7.59221743      0.01576980     -7.57644763      0.08961000      0.03019123      0.08194369      0.01493500 md_running
    14      7.00000000     58.58921033      0.57810026     87.74678842   1000.00000000      1.00561163      0.01458859     -7.59226849      0.01698286     -7.57528564      0.08693409      0.02937701      0.08026417      0.01448901 md_running
    15      7.50000000     58.86774105      0.63629913    100.19694309   1000.00000000      1.00482204      0.01665852     -7.59251179      0.01819592     -7.57431587      0.08235654      0.02859649      0.07661986      0.01372609 md_running
    16      8.00000000     63.78668578      0.69802728    112.14218746   1000.00000000      1.00419420      0.01864451     -7.59262021      0.01940898     -7.57321123      0.07818882      0.02780548      0.07312673      0.01303147 md_running
    17      8.50000000     64.05340384      0.76385851    121.88875504   1000.00000000      1.00374973      0.02026496     -7.59229734      0.02062204     -7.57167529      0.07667665      0.02699720      0.07191215      0.01277944 md_running
    18      9.00000000     64.29301716      0.83368103    128.37359749   1000.00000000      1.00347136      0.02134311     -7.59137271      0.02183510     -7.56953761      0.07893008      0.02619120      0.07412998      0.01315501 md_running
    19      9.50000000     64.54692026      0.90676596    131.48012645   1000.00000000      1.00332748      0.02185960     -7.58984967      0.02304817     -7.56680150      0.08438031      0.02541799      0.07937237      0.01406338 md_running
    20     10.00000000     64.80314183      0.98199004    132.05045111   1000.00000000      1.00328095      0.02195442     -7.58789957      0.02426123     -7.56363834      0.09138678      0.02470618      0.08615451      0.01523113 md_running
    21     10.50000000     65.05371339      1.05811472    131.63704035   1000.00000000      1.00328823      0.02188569     -7.58581149      0.02547429     -7.56033720      0.09822348      0.02407517      0.09283868      0.01637058 md_running
    22     11.00000000     65.30691710      1.13404053    132.09379091   1000.00000000      1.00329764      0.02196162     -7.58391836      0.02668735     -7.55723101      0.10359268      0.02353298      0.09816158      0.01726545 md_running
    23     11.50000000     65.55560723      1.20899153    135.12516163   1000.00000000      1.00325594      0.02246561     -7.58251812      0.02790041     -7.55461771      0.10671388      0.02307742      0.10134892      0.01778565 md_running
    24     12.00000000     65.80669445      1.28261321    141.89776532   1000.00000000      1.00312658      0.02359161     -7.58180872      0.02911347     -7.55269525      0.10726504      0.02269856      0.10207338      0.01787751 md_running
    25     12.50000000     66.05971046      1.35498642    152.78452717   1000.00000000      1.00290807      0.02540162     -7.58184598      0.03032653     -7.55151945      0.10532377      0.02238143      0.10040123      0.01755396 md_running
    26     13.00000000     66.31175679      1.42656622    167.28331779   1000.00000000      1.00263331      0.02781216     -7.58253188      0.03153959     -7.55099229      0.10136492      0.02210875      0.09679417      0.01689415 md_running
    27     13.50000000     66.56748911      1.49806246    184.13068832   1000.00000000      1.00234828      0.03061316     -7.58363616      0.03275266     -7.55088350      0.09629799      0.02186334      0.09214855      0.01604967 md_running
    28     14.00000000     66.81877976      1.57028463    201.59999866   1000.00000000      1.00208998      0.03351757     -7.58484905      0.03396572     -7.55088333      0.09146149      0.02163029      0.08778895      0.01524358 md_running
    29     14.50000000     67.07079458      1.64398181    217.93486484   1000.00000000      1.00187794      0.03623337     -7.58585766      0.03517878     -7.55067888      0.08843388      0.02139852      0.08527029      0.01473898 md_running
    30     15.00000000     67.32377928      1.71971233    231.83186806   1000.00000000      1.00171664      0.03854386     -7.58642947      0.03639184     -7.55003763      0.08846361      0.02116159      0.08579677      0.01474393 md_running
    31     15.50000000     67.57578492      1.79777562    242.84287721   1000.00000000      1.00160070      0.04037452     -7.58648226      0.03760490     -7.54887736      0.09169257      0.02091746      0.08945287      0.01528209 md_running
    32     16.00000000     67.83615618      1.87822146    251.56131372   1000.00000000      1.00151876      0.04182403     -7.58611611      0.03881796     -7.54729815      0.09685924      0.02066740      0.09494816      0.01614321 md_running
    33     16.50000000     68.09862390      1.96093489    259.47552716   1000.00000000      1.00145578      0.04313983     -7.58558697      0.04003102     -7.54555594      0.10184373      0.02041425      0.10017757      0.01697396 md_running
    34     17.00000000     68.34942476      2.04576523    268.45303935   1000.00000000      1.00139574      0.04463241     -7.58521744      0.04124408     -7.54397335      0.10449663      0.02016071      0.10302421      0.01741610 md_running
    35     17.50000000     68.59878774      2.13264806    280.00021189   1000.00000000      1.00132613      0.04655222     -7.58526803      0.04245715     -7.54281088      0.10331046      0.01990818      0.10200363      0.01721841 md_running
    36     18.00000000     68.84915916      2.22167110    294.60376230   1000.00000000      1.00124269      0.04898018     -7.58582240      0.04367021     -7.54215219      0.09778122      0.01965647      0.09661201      0.01629687 md_running
    37     18.50000000     69.10889428      2.31305776    311.46730464   1000.00000000      1.00115059      0.05178387     -7.58674262      0.04488327     -7.54185936      0.08856544      0.01940430      0.08747948      0.01476091 md_running
    38     19.00000000     69.36922550      2.40707762    328.77867845   1000.00000000      1.00106042      0.05466202     -7.58771670      0.04609633     -7.54162037      0.07752807      0.01915033      0.07641926      0.01292134 md_running
    39     19.50000000     69.62197217      2.50392499    344.36784327   1000.00000000      1.00098239      0.05725384     -7.58837382      0.04730939     -7.54106443      0.06767991      0.01889409      0.06637561      0.01127999 md_running
    40     20.00000000     69.86123256      2.60360940    356.44989000   1000.00000000      1.00092285      0.05926258     -7.58841230      0.04852245     -7.53988985      0.06260900      0.01863661      0.06093134      0.01043483 md_running
    41     20.50000000     70.11005543      2.70589922    364.18085037   1000.00000000      1.00088359      0.06054791     -7.58769466      0.04973551     -7.53795914      0.06443510      0.01838040      0.06234841      0.01073918 md_running
    42     21.00000000     70.35182864      2.81033757    367.87400932   1000.00000000      1.00086263      0.06116193     -7.58628291      0.05094858     -7.53533433      0.07184472      0.01812899      0.06945620      0.01197412 md_running
    43     21.50000000     70.59997561      2.91632201    368.85932025   1000.00000000      1.00085515      0.06132574     -7.58441320      0.05216164     -7.53225157      0.08163840      0.01788610      0.07906120      0.01360640 md_running
    44     22.00000000     70.86104091      3.02321809    369.08007597   1000.00000000      1.00085435      0.06136244     -7.58242410      0.05337470     -7.52904940      0.09112176      0.01765493      0.08843283      0.01518696 md_running
    45     22.50000000     71.11422456      3.13047652    370.58096379   1000.00000000      1.00085251      0.06161198     -7.58066958      0.05458776     -7.52608182      0.09867300      0.01743752      0.09593087      0.01644550 md_running
    46     23.00000000     71.36618727      3.23773151    375.01317450   1000.00000000      1.00084262      0.06234887     -7.57943305      0.05580082     -7.52363223      0.10349753      0.01723454      0.10075175      0.01724959 md_running
    47     23.50000000     71.61984771      3.34485823    383.26540248   1000.00000000      1.00082041      0.06372086     -7.57886518      0.05701388     -7.52185130      0.10536427      0.01704523      0.10266180      0.01756071 md_running
    48     24.00000000     71.88281046      3.45198832    395.29228913   1000.00000000      1.00078565      0.06572043     -7.57895512      0.05822694     -7.52072818      0.10448690      0.01686765      0.10187561      0.01741448 md_running
    49     24.50000000     72.13652454      3.55948558    410.15192173   1000.00000000      1.00074192      0.06819096     -7.57953740      0.05944000     -7.52009740      0.10147388      0.01669904      0.09900743      0.01691231 md_running
    50     25.00000000     72.38849362      3.66789116    426.23904231   1000.00000000      1.00069497      0.07086557     -7.58033214      0.06065307     -7.51967907      0.09733977      0.01653622      0.09507924      0.01622329 md_running
    51     25.50000000     72.64721869      3.77784524    441.68416983   1000.00000000      1.00065065      0.07343344     -7.58101232      0.06186613     -7.51914619      0.09343365      0.01637604      0.09144531      0.01557227 md_running
    52     26.00000000     72.90302228      3.89000055    454.85666066   1000.00000000      1.00061334      0.07562347     -7.58129160      0.06307919     -7.51821241      0.09113819      0.01621573      0.08948238      0.01518970 md_running
    53     26.50000000     73.16367771      4.00494928    464.83930053   1000.00000000      1.00058517      0.07728316     -7.58100487      0.06429225     -7.51671262      0.09130094      0.01605320      0.09000260      0.01521682 md_running
    54     27.00000000     73.41833483      4.12317071    471.71922209   1000.00000000      1.00056595      0.07842700     -7.58015980      0.06550531     -7.51465449      0.09366735      0.01588712      0.09269628      0.01561122 md_running
    55     27.50000000     73.67899769      4.24500858    476.56382306   1000.00000000      1.00055342      0.07923246     -7.57893358      0.06671837     -7.51221521      0.09692995      0.01571690      0.09621099      0.01615499 md_running
    56     28.00000000     73.94062233      4.37067335    481.03652498   1000.00000000      1.00054394      0.07997608     -7.57760768      0.06793143     -7.50967625      0.09938207      0.01554256      0.09882384      0.01656368 md_running
    57     28.50000000     74.18848510      4.50026177    486.75753975   1000.00000000      1.00053352      0.08092724     -7.57645956      0.06914449     -7.50731506      0.09964936      0.01536455      0.09916122      0.01660823 md_running
    58     29.00000000     74.44174688      4.63377831    494.63818905   1000.00000000      1.00051935      0.08223746     -7.57564726      0.07035755     -7.50528971      0.09718248      0.01518363      0.09667174      0.01619708 md_running
    59     29.50000000     74.69342978      4.77114093    504.47440000   1000.00000000      1.00050096      0.08387281     -7.57513988      0.07157061     -7.50356927      0.09246869      0.01500074      0.09182953      0.01541145 md_running
    60     30.00000000     74.94875395      4.91216682    514.98774819   1000.00000000      1.00048033      0.08562073     -7.57472437      0.07278367     -7.50194069      0.08703587      0.01481703      0.08614487      0.01450598 md_running
    61     30.50000000     75.20118106      5.05654659    524.29703950   1000.00000000      1.00046093      0.08716848     -7.57408601      0.07399673     -7.50008928      0.08315087      0.01463386      0.08188928      0.01385848 md_running
    62     31.00000000     75.45935082      5.20382193    530.60766297   1000.00000000      1.00044616      0.08821767     -7.57292728      0.07520979     -7.49771749      0.08293613      0.01445281      0.08124527      0.01382269 md_running
    63     31.50000000     75.71297973      5.35338013    532.83730403   1000.00000000      1.00043835      0.08858836     -7.57107325      0.07642285     -7.49465040      0.08711523      0.01427564      0.08503091      0.01451921 md_running
    64     32.00000000     75.96686714      5.50447393    530.98161674   1000.00000000      1.00043818      0.08827984     -7.56853283      0.07763591     -7.49089693      0.09459812      0.01410417      0.09221031      0.01576635 md_running
    65     32.50000000     76.22078299      5.65627225    526.12593197   1000.00000000      1.00044462      0.08747254     -7.56550026      0.07884897     -7.48665130      0.10336417      0.01394012      0.10075286      0.01722736 md_running
    66     33.00000000     76.47473841      5.80792803    520.14246032   1000.00000000      1.00045509      0.08647774     -7.56230243      0.08006202     -7.48224041      0.11148556      0.01378498      0.10870159      0.01858093 md_running
    67     33.50000000     76.73384325      5.95865515    515.18290770   1000.00000000      1.00046588      0.08565318     -7.55931216      0.08127508     -7.47803708      0.11759934      0.01363987      0.11466683      0.01959989 md_running
    68     34.00000000     76.96962490      6.10779106    513.17468557   1000.00000000      1.00047300      0.08531930     -7.55686001      0.08248813     -7.47437188      0.12093403      0.01350544      0.11786762      0.02015567 md_running
    69     34.50000000     77.19448207      6.25485697    515.44479451   1000.00000000      1.00047307      0.08569672     -7.55517486      0.08370119     -7.47147367      0.12119762      0.01338184      0.11801011      0.02019960 md_running
    70     35.00000000     77.43853496      6.39960003    522.45659074   1000.00000000      1.00046435      0.08686249     -7.55433593      0.08491424     -7.46942169      0.11853376      0.01326874      0.11523914      0.01975563 md_running
    71     35.50000000     77.69616417      6.54200453    533.75579445   1000.00000000      1.00044733      0.08874107     -7.55426587      0.08612729     -7.46813858      0.11342843      0.01316534      0.11004913      0.01890474 md_running
    72     36.00000000     77.95300326      6.68228551    548.10804446   1000.00000000      1.00042436      0.09112724     -7.55475217      0.08734034     -7.46741183      0.10673542      0.01307050      0.10330790      0.01778924 md_running
    73     36.50000000     78.20061011      6.82085220    563.81648557   1000.00000000      1.00039885      0.09373889     -7.55550144      0.08855339     -7.46694805      0.09968244      0.01298283      0.09627798      0.01661374 md_running
    74     37.00000000     78.45171290      6.95826525    579.15065120   1000.00000000      1.00037400      0.09628832     -7.55621380      0.08976644     -7.46644736      0.09376302      0.01290079      0.09049965      0.01562717 md_running
    75     37.50000000     78.70428602      7.09518009    592.77145827   1000.00000000      1.00035218      0.09855288     -7.55665286      0.09097948     -7.46567338      0.09037289      0.01282283      0.08740502      0.01506215 md_running
    76     38.00000000     78.95260589      7.23228995    604.08060734   1000.00000000      1.00033444      0.10043312     -7.55670820      0.09219253     -7.46451568      0.09019557      0.01274748      0.08765525      0.01503260 md_running
    77     38.50000000     79.20649393      7.37027081    613.36301602   1000.00000000      1.00032056      0.10197639     -7.55641976      0.09340557     -7.46301419      0.09273483      0.01267343      0.09066489      0.01545581 md_running
    78     39.00000000     79.45455899      7.50973367    621.61961972   1000.00000000      1.00030926      0.10334911     -7.55595066      0.09461860     -7.46133206      0.09653618      0.01259963      0.09487632      0.01608936 md_running
    79     39.50000000     79.70380694      7.65117450    630.12753442   1000.00000000      1.00029875      0.10476362     -7.55551392      0.09583164     -7.45968228      0.09989471      0.01252528      0.09852272      0.01664912 md_running
    80     40.00000000     79.95581109      7.79492854    639.89467263   1000.00000000      1.00028743      0.10638748     -7.55527812      0.09704467     -7.45823346      0.10150022      0.01244993      0.10026898      0.01691670 md_running
    81     40.50000000     80.20856646      7.94112831    651.20058637   1000.00000000      1.00027453      0.10826718     -7.55529064      0.09825769     -7.45703295      0.10079996      0.01237351      0.09955414      0.01679999 md_running
    82     41.00000000     80.44624848      8.08967293    663.42205193   1000.00000000      1.00026042      0.11029909     -7.55544882      0.09947071     -7.45597811      0.09809792      0.01229628      0.09667560      0.01634965 md_running
    83     41.50000000     80.69143510      8.24020954    675.22606134   1000.00000000      1.00024642      0.11226160     -7.55552928      0.10068372     -7.45484556      0.09441593      0.01221890      0.09265545      0.01573599 md_running
    84     42.00000000     80.94198099      8.39213599    685.02070371   1000.00000000      1.00023422      0.11389004     -7.55527057      0.10189673     -7.45337384      0.09115289      0.01214228      0.08891005      0.01519215 md_running
    85     42.50000000     81.17566025      8.54461698    691.47421511   1000.00000000      1.00022530      0.11496299     -7.55445515      0.10310973     -7.45134542      0.08959084      0.01206761      0.08677581      0.01493181 md_running
    86     43.00000000     81.42788854      8.69661914    694.00479642   1000.00000000      1.00022054      0.11538371     -7.55299376      0.10432272     -7.44867104      0.09027941      0.01199622      0.08689178      0.01504657 md_running
    87     43.50000000     81.66882416      8.84698300    693.02545988   1000.00000000      1.00021987      0.11522089     -7.55097044      0.10553571     -7.44543473      0.09286062      0.01192950      0.08897380      0.01547677 md_running
    88     44.00000000     81.91712859      8.99451507    689.80290726   1000.00000000      1.00022232      0.11468512     -7.54861123      0.10674868     -7.44186255      0.09638720      0.01186875      0.09209604      0.01606453 md_running
    89     44.50000000     82.15698965      9.13807677    686.10107487   1000.00000000      1.00022629      0.11406966     -7.54622653      0.10796165     -7.43826487      0.09980149      0.01181509      0.09518995      0.01663358 md_running
    90     45.00000000     82.40687143      9.27667284    683.74704670   1000.00000000      1.00022981      0.11367828     -7.54413467      0.10917461     -7.43496006      0.10232108      0.01176940      0.09745512      0.01705351 md_running
    91     45.50000000     82.65895665      9.40952485    684.21716471   1000.00000000      1.00023103      0.11375644     -7.54259095      0.11038757     -7.43220338      0.10357456      0.01173221      0.09851317      0.01726243 md_running
    92     46.00000000     82.91805583      9.53612739    688.36703298   1000.00000000      1.00022866      0.11444639     -7.54174493      0.11160052     -7.43014442      0.10355568      0.01170373      0.09836763      0.01725928 md_running
    93     46.50000000     83.16936546      9.65628990    696.29706541   1000.00000000      1.00022224      0.11576482     -7.54161332      0.11281346     -7.42879986      0.10258319      0.01168378      0.09735892      0.01709720 md_running
    94     47.00000000     83.41847520      9.77015096    707.39217276   1000.00000000      1.00021228      0.11760947     -7.54208952      0.11402640     -7.42806311      0.10121523      0.01167185      0.09607988      0.01686920 md_running
    95     47.50000000     83.67614787      9.87817390    720.52885188   1000.00000000      1.00019997      0.11979355     -7.54297867      0.11523934     -7.42773933      0.10011898      0.01166709      0.09523500      0.01668650 md_running
    96     48.00000000     83.93375775      9.98112590    734.35234082   1000.00000000      1.00018678      0.12209181     -7.54404161      0.11645227     -7.42758934      0.09993302      0.01166836      0.09547935      0.01665550 md_running
    97     48.50000000     84.19661347     10.08003112    747.63941504   1000.00000000      1.00017407      0.12430089     -7.54505876      0.11766519     -7.42739357      0.10105027      0.01167430      0.09718436      0.01684171 md_running
    98     49.00000000     84.45690774     10.17610780    759.66190524   1000.00000000      1.00016273      0.12629972     -7.54589254      0.11887811     -7.42701443      0.10340472      0.01168336      0.10021621      0.01723412 md_running
    99     49.50000000     84.71111952     10.27068448    770.39796102   1000.00000000      1.00015297      0.12808467     -7.54652273      0.12009102     -7.42643170      0.10637362      0.01169397      0.10386104      0.01772894 md_running
   100     50.00000000     84.96410395     10.36509876    780.54504493   1000.00000000      1.00014438      0.12977171     -7.54705221      0.12130393     -7.42574828      0.10890301      0.01170458      0.10699373      0.01815050 md_running
   101     50.50000000     85.22483669     10.46060512    791.22725102   1000.00000000      1.00013605      0.13154771     -7.54766117      0.12251682     -7.42514435      0.10983709      0.01171377      0.10840846      0.01830618 md_running
   102     51.00000000     85.47869180     10.55826971    803.49634281   1000.00000000      1.00012705      0.13358754     -7.54851473      0.12372970     -7.42478503      0.10821486      0.01172041      0.10711048      0.01803581 md_running
   103     51.50000000     85.72826895     10.65886619    817.89967388   1000.00000000      1.00011678      0.13598220     -7.54970026      0.12494256     -7.42475771      0.10356907      0.01172371      0.10261333      0.01726151 md_running
   104     52.00000000     85.98150906     10.76281273    834.13289693   1000.00000000      1.00010523      0.13868110     -7.55116443      0.12615540     -7.42500903      0.09622081      0.01172331      0.09520405      0.01603680 md_running
   105     52.50000000     86.23172090     10.87012524    850.94371113   1000.00000000      1.00009313      0.14147603     -7.55269692      0.12736822     -7.42532870      0.08751396      0.01171930      0.08617828      0.01458566 md_running
   106     53.00000000     86.48675642     10.98040499    866.46497595   1000.00000000      1.00008169      0.14405657     -7.55398383      0.12858102     -7.42540281      0.07972085      0.01171221      0.07777287      0.01328681 md_running
   107     53.50000000     86.74573312     11.09286242    878.86003385   1000.00000000      1.00007217      0.14611734     -7.55472175      0.12979380     -7.42492795      0.07556171      0.01170298      0.07278303      0.01259362 md_running
   108     54.00000000     86.99991825     11.20638646    886.95189820   1000.00000000      1.00006543      0.14746268     -7.55472414      0.13100655     -7.42371759      0.07677282      0.01169283      0.07317328      0.01279547 md_running
   109     54.50000000     87.24007446     11.31963496    890.55679341   1000.00000000      1.00006172      0.14806202     -7.55397554      0.13221929     -7.42175625      0.08282032      0.01168318      0.07861029      0.01380339 md_running
   110     55.00000000     87.49722218     11.43114216    890.50225658   1000.00000000      1.00006072      0.14805295     -7.55263202      0.13343201     -7.41920002      0.09150612      0.01167551      0.08690069      0.01525102 md_running
   111     55.50000000     87.74919980     11.53943394    888.39023554   1000.00000000      1.00006159      0.14770181     -7.55097996      0.13464471     -7.41633525      0.10053691      0.01167124      0.09566688      0.01675615 md_running
   112     56.00000000     87.99975282     11.64314326    886.20285564   1000.00000000      1.00006317      0.14733814     -7.54936902      0.13585740     -7.41351162      0.10831632      0.01167165      0.10324935      0.01805272 md_running
   113     56.50000000     88.23709330     11.74111436    885.86950807   1000.00000000      1.00006416      0.14728272     -7.54813648      0.13707009     -7.41106639      0.11399399      0.01167776      0.10877084      0.01899900 md_running
   114     57.00000000     88.48169902     11.83248568    888.88804568   1000.00000000      1.00006343      0.14778458     -7.54754484      0.13828278     -7.40926206      0.11723398      0.01169028      0.11189252      0.01953900 md_running
   115     57.50000000     88.73557914     11.91675613    896.02400922   1000.00000000      1.00006026      0.14897099     -7.54772882      0.13949547     -7.40823335      0.11809042      0.01170959      0.11267788      0.01968174 md_running
   116     58.00000000     88.99318854     11.99382365    907.24365150   1000.00000000      1.00005451      0.15083634     -7.54868122      0.14070817     -7.40797306      0.11690708      0.01173566      0.11149297      0.01948451 md_running
   117     58.50000000     89.24810995     12.06400211    921.86387559   1000.00000000      1.00004657      0.15326706     -7.55028356      0.14192087     -7.40836269      0.11423823      0.01176812      0.10892421      0.01903970 md_running
   118     59.00000000     89.49957015     12.12801465    938.73926987   1000.00000000      1.00003719      0.15607273     -7.55233610      0.14313359     -7.40920251      0.11076242      0.01180619      0.10568441      0.01846040 md_running
   119     59.50000000     89.75613268     12.18695986    956.46318362   1000.00000000      1.00002725      0.15901947     -7.55458948      0.14434631     -7.41024317      0.10722925      0.01184879      0.10255601      0.01787154 md_running
   120     60.00000000     90.01905760     12.24225537    973.70349986   1000.00000000      1.00001761      0.16188581     -7.55680026      0.14555903     -7.41124123      0.10434630      0.01189451      0.10025951      0.01739105 md_running
   121     60.50000000     90.28246226     12.29555614    989.56890747   1000.00000000      1.00000885      0.16452355     -7.55879927      0.14677175     -7.41202752      0.10253641      0.01194177      0.09918564      0.01708940 md_running
   122     61.00000000     90.54404626     12.34864716   1003.75432523   1000.00000000      1.00000121      0.16688199     -7.56051630      0.14798446     -7.41253184      0.10173796      0.01198883      0.09919096      0.01695633 md_running
   123     61.50000000     90.79634862     12.40331258   1016.45708707   1000.00000000      0.99999461      0.16899392     -7.56196413      0.14919715     -7.41276698      0.10151043      0.01203397      0.09973185      0.01691840 md_running
   124     62.00000000     91.04834844     12.46118865   1028.19065579   1000.00000000      0.99998878      0.17094472     -7.56321194      0.15040981     -7.41280213      0.10128728      0.01207561      0.10015389      0.01688121 md_running
   125     62.50000000     91.30597863     12.52362340   1039.45749470   1000.00000000      0.99998340      0.17281792     -7.56433275      0.15162243     -7.41271032      0.10072872      0.01211247      0.10005321      0.01678812 md_running
   126     63.00000000     91.56250624     12.59155117   1050.36900941   1000.00000000      0.99997826      0.17463205     -7.56533549      0.15283501     -7.41250049      0.09991062      0.01214369      0.09945606      0.01665177 md_running
   127     63.50000000     91.82303652     12.66538908   1060.46071827   1000.00000000      0.99997344      0.17630987     -7.56613688      0.15404753     -7.41208935      0.09932127      0.01216892      0.09881989      0.01655354 md_running
   128     64.00000000     92.07607235     12.74498137   1068.84997507   1000.00000000      0.99996923      0.17770465     -7.56658551      0.15525999     -7.41132552      0.09964171      0.01218837      0.09882423      0.01660695 md_running
   129     64.50000000     92.32214184     12.82960013   1074.59222318   1000.00000000      0.99996604      0.17865934     -7.56653129      0.15647239     -7.41005890      0.10134645      0.01220283      0.09998384      0.01689107 md_running
   130     65.00000000     92.55136736     12.91800278   1077.00144497   1000.00000000      0.99996421      0.17905990     -7.56587082      0.15768473     -7.40818609      0.10438988      0.01221355      0.10232877      0.01739831 md_running
   131     65.50000000     92.79518089     13.00853925   1075.92954849   1000.00000000      0.99996391      0.17888169     -7.56459839      0.15889702     -7.40570136      0.10823823      0.01222214      0.10540931      0.01803971 md_running
   132     66.00000000     93.04727848     13.09929710   1071.86662756   1000.00000000      0.99996505      0.17820619     -7.56281881      0.16010927     -7.40270953      0.11213297      0.01223042      0.10852717      0.01868883 md_running
   133     66.50000000     93.28529856     13.18825394   1065.80836097   1000.00000000      0.99996731      0.17719896     -7.56072591      0.16132149     -7.39940442      0.11540098      0.01224027      0.11104419      0.01923350 md_running
   134     67.00000000     93.53357804     13.27342624   1059.04842031   1000.00000000      0.99997021      0.17607507     -7.55855752      0.16253370     -7.39602382      0.11758910      0.01225348      0.11253107      0.01959818 md_running
   135     67.50000000     93.79185372     13.35301334   1052.95636750   1000.00000000      0.99997316      0.17506221     -7.55656804      0.16374591     -7.39282212      0.11853121      0.01227166      0.11283933      0.01975520 md_running
   136     68.00000000     94.04637828     13.42551304   1048.72780119   1000.00000000      0.99997555      0.17435918     -7.55497614      0.16495815     -7.39001799      0.11832718      0.01229610      0.11208930      0.01972120 md_running
   137     68.50000000     94.30232320     13.48980525   1047.17105338   1000.00000000      0.99997690      0.17410036     -7.55393177      0.16617042     -7.38776134      0.11726335      0.01232776      0.11059691      0.01954389 md_running
   138     69.00000000     94.55480120     13.54520844   1048.61426236   1000.00000000      0.99997693      0.17434031     -7.55349774      0.16738275     -7.38611498      0.11569150      0.01236720      0.10875010      0.01928192 md_running
   139     69.50000000     94.80124020     13.59151111   1052.87659877   1000.00000000      0.99997560      0.17504895     -7.55364777      0.16859515     -7.38505262      0.11397066      0.01241461      0.10694781      0.01899511 md_running
   140     70.00000000     95.03040460     13.62898384   1059.28207088   1000.00000000      0.99997312      0.17611391     -7.55426541      0.16980761     -7.38445780      0.11242564      0.01246973      0.10555002      0.01873761 md_running
   141     70.50000000     95.28182278     13.65837107   1066.85936147   1000.00000000      0.99996994      0.17737370     -7.55517680      0.17102015     -7.38415665      0.11133372      0.01253194      0.10485006      0.01855562 md_running
   142     71.00000000     95.54046961     13.68085284   1074.59152281   1000.00000000      0.99996652      0.17865923     -7.55619832      0.17223274     -7.38396558      0.11083857      0.01260022      0.10497876      0.01847310 md_running
   143     71.50000000     95.79782616     13.69798389   1081.58968750   1000.00000000      0.99996330      0.17982273     -7.55716081      0.17344539     -7.38371542      0.11093884      0.01267319      0.10588760      0.01848981 md_running
   144     72.00000000     96.05853363     13.71160406   1087.27895412   1000.00000000      0.99996059      0.18076861     -7.55794540      0.17465808     -7.38328732      0.11144723      0.01274924      0.10731396      0.01857454 md_running
   145     72.50000000     96.31995375     13.72372173   1091.48171607   1000.00000000      0.99995854      0.18146735     -7.55849753      0.17587079     -7.38262675      0.11203320      0.01282652      0.10883819      0.01867220 md_running
   146     73.00000000     96.55784829     13.73637078   1094.39797661   1000.00000000      0.99995711      0.18195221     -7.55882591      0.17708349     -7.38174243      0.11229787      0.01290318      0.10997550      0.01871631 md_running
   147     73.50000000     96.81580000     13.75145136   1096.48359344   1000.00000000      0.99995614      0.18229896     -7.55898396      0.17829616     -7.38068779      0.11190929      0.01297741      0.11032005      0.01865155 md_running
   148     74.00000000     97.06795963     13.77056976   1098.21250509   1000.00000000      0.99995540      0.18258640     -7.55903367      0.17950879     -7.37952488      0.11073851      0.01304766      0.10967910      0.01845642 md_running
   149     74.50000000     97.32723224     13.79488897   1099.80882698   1000.00000000      0.99995473      0.18285180     -7.55899790      0.18072136     -7.37827654      0.10897053      0.01311280      0.10818807      0.01816176 md_running
   150     75.00000000     97.58651329     13.82502265   1101.04963145   1000.00000000      0.99995412      0.18305810     -7.55883263      0.18193385     -7.37689878      0.10712266      0.01317220      0.10632443      0.01785378 md_running
   151     75.50000000     97.84592998     13.86097522   1101.25198413   1000.00000000      0.99995374      0.18309174     -7.55842038      0.18314627     -7.37527411      0.10595542      0.01322582      0.10483989      0.01765924 md_running
   152     76.00000000     98.10691003     13.90215373   1099.51819151   1000.00000000      0.99995397      0.18280348     -7.55761349      0.18435862     -7.37325487      0.10621976      0.01327420      0.10452304      0.01770329 md_running
   153     76.50000000     98.37170324     13.94744145   1095.07738651   1000.00000000      0.99995518      0.18206516     -7.55629778      0.18557089     -7.37072689      0.10833968      0.01331839      0.10588640      0.01805661 md_running
   154     77.00000000     98.62598765     13.99532043   1087.49622866   1000.00000000      0.99995764      0.18080474     -7.55441684      0.18678312     -7.36763373      0.11226852      0.01335985      0.10900032      0.01871142 md_running
   155     77.50000000     98.86930006     14.04402619   1076.80891212   1000.00000000      0.99996149      0.17902789     -7.55200120      0.18799531     -7.36400589      0.11756433      0.01340024      0.11352373      0.01959405 md_running
   156     78.00000000     99.11600896     14.09170429   1063.54582328   1000.00000000      0.99996668      0.17682279     -7.54916132      0.18920749     -7.35995382      0.12364865      0.01344134      0.11894762      0.02060811 md_running
   157     78.50000000     99.36975224     14.13656541   1048.70355977   1000.00000000      0.99997295      0.17435515     -7.54608970      0.19041970     -7.35567000      0.12996368      0.01348485      0.12475348      0.02166061 md_running
   158     79.00000000     99.63161659     14.17702982   1033.56425909   1000.00000000      0.99997984      0.17183813     -7.54302317      0.19163194     -7.35139123      0.13607866      0.01353225      0.13051931      0.02267978 md_running
   159     79.50000000     99.89093502     14.21182789   1019.39609341   1000.00000000      0.99998677      0.16948256     -7.54019178      0.19284425     -7.34734753      0.14164844      0.01358478      0.13589854      0.02360807 md_running
   160     80.00000000    100.15119044     14.24007669   1007.30548745   1000.00000000      0.99999314      0.16747240     -7.53779179      0.19405664     -7.34373515      0.14635620      0.01364328      0.14056722      0.02439270 md_running
   161     80.50000000    100.41317138     14.26133384    998.15407386   1000.00000000      0.99999842      0.16595091     -7.53597555      0.19526912     -7.34070643      0.14990637      0.01370824      0.14421643      0.02498440 md_running
   162     81.00000000    100.67648381     14.27561904    992.43926189   1000.00000000      1.00000217      0.16500077     -7.53482746      0.19648171     -7.33834575      0.15205111      0.01377969      0.14658713      0.02534185 md_running
   163     81.50000000    100.93608434     14.28341519    990.20490243   1000.00000000      1.00000417      0.16462929     -7.53435016      0.19769439     -7.33665577      0.15259130      0.01385726      0.14747194      0.02543188 md_running
   164     82.00000000    101.19337995     14.28564750    991.03507650   1000.00000000      1.00000448      0.16476732     -7.53446229      0.19890715     -7.33555514      0.15143263      0.01394013      0.14677225      0.02523877 md_running
   165     82.50000000    101.43800860     14.28363991    994.15477334   1000.00000000      1.00000341      0.16528599     -7.53501504      0.20011998     -7.33489506      0.14864173      0.01402711      0.14455067      0.02477362 md_running
   166     83.00000000    101.68782796     14.27904001    998.63182987   1000.00000000      1.00000144      0.16603034     -7.53582955      0.20133285     -7.33449670      0.14448287      0.01411667      0.14106466      0.02408048 md_running
   167     83.50000000    101.94088466     14.27371398   1003.59401097   1000.00000000      0.99999903      0.16685534     -7.53673298      0.20254573     -7.33418725      0.13938087      0.01420700      0.13672532      0.02323014 md_running
   168     84.00000000    102.19540338     14.26962325   1008.39537347   1000.00000000      0.99999660      0.16765360     -7.53758967      0.20375859     -7.33383107      0.13388183      0.01429616      0.13205000      0.02231364 md_running
   169     84.50000000    102.44509257     14.26868818   1012.71537605   1000.00000000      0.99999439      0.16837184     -7.53831833      0.20497140     -7.33334693      0.12856417      0.01438222      0.12756147      0.02142736 md_running
   170     85.00000000    102.69906242     14.27263884   1016.59555983   1000.00000000      0.99999244      0.16901695     -7.53890175      0.20618414     -7.33271762      0.12395724      0.01446337      0.12370387      0.02065954 md_running
   171     85.50000000    102.95140298     14.28286169   1020.35985192   1000.00000000      0.99999066      0.16964279     -7.53937471      0.20739676     -7.33197795      0.12039888      0.01453813      0.12071910      0.02006648 md_running
   172     86.00000000    103.20492952     14.30027508   1024.42154761   1000.00000000      0.99998884      0.17031808     -7.53979504      0.20860927     -7.33118577      0.11804996      0.01460548      0.11868145      0.01967499 md_running
   173     86.50000000    103.45727515     14.32524424   1029.04701019   1000.00000000      0.99998679      0.17108710     -7.54020297      0.20982163     -7.33038133      0.11691816      0.01466498      0.11754713      0.01948636 md_running
   174     87.00000000    103.70920144     14.35755175   1034.17871610   1000.00000000      0.99998447      0.17194028     -7.54059207      0.21103386     -7.32955821      0.11691405      0.01471680      0.11722145      0.01948567 md_running
   175     87.50000000    103.97112582     14.39642156   1039.40667958   1000.00000000      0.99998199      0.17280947     -7.54090350      0.21224596     -7.32865754      0.11787294      0.01476171      0.11758276      0.01964549 md_running
   176     88.00000000    104.23033325     14.44059911   1044.11250072   1000.00000000      0.99997961      0.17359185     -7.54105000      0.21345794     -7.32759207      0.11953636      0.01480099      0.11844468      0.01992273 md_running
   177     88.50000000    104.46469053     14.48846462   1047.66445987   1000.00000000      0.99997764      0.17418239     -7.54094765      0.21466982     -7.32627783      0.12159241      0.01483628      0.11958182      0.02026540 md_running
   178     89.00000000    104.71413312     14.53817182   1049.60802780   1000.00000000      0.99997633      0.17450553     -7.54054575      0.21588163     -7.32466412      0.12370770      0.01486948      0.12074707      0.02061795 md_running
   179     89.50000000    104.97192883     14.58780227   1049.87131121   1000.00000000      0.99997582      0.17454930     -7.53985797      0.21709341     -7.32276456      0.12558799      0.01490255      0.12171768      0.02093133 md_running
   180     90.00000000    105.23049481     14.63551229   1048.83257481   1000.00000000      0.99997601      0.17437660     -7.53897772      0.21830520     -7.32067252      0.12697734      0.01493735      0.12229084      0.02116289 md_running
   181     90.50000000    105.48163537     14.67966186   1047.18764604   1000.00000000      0.99997666      0.17410312     -7.53804634      0.21951702     -7.31852932      0.12766366      0.01497555      0.12228539      0.02127728 md_running
   182     91.00000000    105.73849105     14.71890936   1045.77222484   1000.00000000      0.99997741      0.17386780     -7.53722364      0.22072891     -7.31649472      0.12742602      0.01501849      0.12149736      0.02123767 md_running
   183     91.50000000    105.99567898     14.75228278   1045.42988491   1000.00000000      0.99997786      0.17381088     -7.53666636      0.22194090     -7.31472545      0.12607733      0.01506716      0.11974865      0.02101289 md_running
   184     92.00000000    106.26009518     14.77922854   1046.84770448   1000.00000000      0.99997766      0.17404660     -7.53649982      0.22315301     -7.31334681      0.12351478      0.01512214      0.11694227      0.02058580 md_running
   185     92.50000000    106.51870823     14.79963558   1050.39243029   1000.00000000      0.99997655      0.17463594     -7.53678796      0.22436524     -7.31242272      0.11977465      0.01518358      0.11312003      0.01996244 md_running
   186     93.00000000    106.76608387     14.81382675   1055.96826990   1000.00000000      0.99997446      0.17556297     -7.53751327      0.22557759     -7.31193568      0.11506975      0.01525120      0.10851268      0.01917829 md_running
   187     93.50000000    107.02310898     14.82253393   1062.97143968   1000.00000000      0.99997159      0.17672730     -7.53856241      0.22679006     -7.31177235      0.10981980      0.01532432      0.10356643      0.01830330 md_running
   188     94.00000000    107.28484797     14.82684699   1070.44125858   1000.00000000      0.99996833      0.17796921     -7.53975785      0.22800263     -7.31175522      0.10463575      0.01540187      0.09892209      0.01743929 md_running
   189     94.50000000    107.53769598     14.82814143   1077.29505388   1000.00000000      0.99996514      0.17910871     -7.54089653      0.22921526     -7.31168127      0.10027498      0.01548251      0.09535205      0.01671250 md_running
   190     95.00000000    107.79660444     14.82798812   1082.58002553   1000.00000000      0.99996249      0.17998738     -7.54179301      0.23042792     -7.31136509      0.09752160      0.01556465      0.09360278      0.01625360 md_running
   191     95.50000000    108.05927249     14.82804126   1085.70064237   1000.00000000      0.99996070      0.18050621     -7.54232246      0.23164058     -7.31068188      0.09693484      0.01564656      0.09412356      0.01615581 md_running
   192     96.00000000    108.31601957     14.82991980   1086.53846826   1000.00000000      0.99995991      0.18064550     -7.54243906      0.23285320     -7.30958586      0.09862009      0.01572656      0.09685659      0.01643668 md_running
   193     96.50000000    108.57238427     14.83508806   1085.45337260   1000.00000000      0.99996003      0.18046510     -7.54218074      0.23406575     -7.30811499      0.10215777      0.01580306      0.10123322      0.01702629 md_running
   194     97.00000000    108.83386983     14.84474935   1083.15729996   1000.00000000      0.99996083      0.18008336     -7.54164776      0.23527819     -7.30636957      0.10685319      0.01587473      0.10647149      0.01780886 md_running
   195     97.50000000    109.09695705     14.85975621   1080.53055869   1000.00000000      0.99996197      0.17964664     -7.54097629      0.23649050     -7.30448578      0.11202189      0.01594063      0.11186547      0.01867031 md_running
   196     98.00000000    109.35585640     14.88054894   1078.38620139   1000.00000000      0.99996305      0.17929012     -7.54029555      0.23770267     -7.30259288      0.11708133      0.01600022      0.11685660      0.01951356 md_running
   197     98.50000000    109.61797225     14.90713289   1077.19447542   1000.00000000      0.99996378      0.17909199     -7.53968629      0.23891470     -7.30077159      0.12161739      0.01605346      0.12107009      0.02026957 md_running
   198     99.00000000    109.87320112     14.93908869   1076.92294856   1000.00000000      0.99996405      0.17904685     -7.53914824      0.24012658     -7.29902165      0.12539265      0.01610078      0.12431860      0.02089878 md_running
   199     99.50000000    110.12353441     14.97562029   1077.08121522   1000.00000000      0.99996400      0.17907316     -7.53860969      0.24133833     -7.29727135      0.12837507      0.01614300      0.12662913      0.02139585 md_running
   200    100.00000000    110.38112429     15.01563885   1076.95078862   1000.00000000      0.99996390      0.17905147     -7.53796618      0.24254998     -7.29541621      0.13075148      0.01618131      0.12825001      0.02179191 max_step
