  step         time_fs     wall_time_s        rti_dist          temp_K     temp_bath_K   thermo_lambda          kin_Ha     pot_real_Ha     pot_rtip_Ha    pot_total_Ha          f_real          f_rtip         f_total      rms_f_real state_decision
     1      0.50000000     13.59236522      0.12377578   1000.16242395   1000.00000000      1.00000000      0.16628481     -7.59825744      0.00121306     -7.59704438      0.05931907      0.00980047      0.05854894      0.00988651 md_running
     2      1.00000000     32.53505165      0.24863396    998.41050028   1000.00000000      0.99999978      0.16599354     -7.59673999      0.00242612     -7.59431387      0.06680664      0.00975781      0.06518408      0.01113444 md_running
     3      1.50000000     32.83418845      0.37359197    992.77706665   1000.00000000      1.00000172      0.16505694     -7.59457115      0.00363918     -7.59093196      0.07632527      0.00974107      0.07415476      0.01272088 md_running
     4      2.00000000     41.92858104      0.49776744    984.55931598   1000.00000000      1.00000538      0.16369067     -7.59197538      0.00485225     -7.58712314      0.08579307      0.00974802      0.08331111      0.01429884 md_running
     5      2.50000000     53.27917616      0.62051880    975.44493778   1000.00000000      1.00001001      0.16217533     -7.58924208      0.00606531     -7.58317677      0.09353438      0.00977457      0.09089003      0.01558906 md_running
     6      3.00000000     53.55012011      0.74153384    966.99907374   1000.00000000      1.00001476      0.16077114     -7.58663801      0.00727837     -7.57935964      0.09853447      0.00981529      0.09581329      0.01642241 md_running
     7      3.50000000     53.80661001      0.86084136    960.15551260   1000.00000000      1.00001889      0.15963335     -7.58432026      0.00849143     -7.57582883      0.10059180      0.00986410      0.09783443      0.01676530 md_running
     8      4.00000000     54.04010533      0.97873131    954.92870353   1000.00000000      1.00002211      0.15876435     -7.58228785      0.00970449     -7.57258336      0.10035789      0.00991538      0.09757563      0.01672632 md_running
     9      4.50000000     54.28567001      1.09561428    950.48110086   1000.00000000      1.00002464      0.15802490     -7.58039322      0.01091755     -7.56947566      0.09918886      0.00996478      0.09637786      0.01653148 md_running
    10      5.00000000     54.52968316      1.21186220    945.50382446   1000.00000000      1.00002710      0.15719739     -7.57841004      0.01213061     -7.56627942      0.09875023      0.01000989      0.09590756      0.01645837 md_running
    11      5.50000000     54.77003095      1.32768136    938.74044003   1000.00000000      1.00003027      0.15607293     -7.57612250      0.01334367     -7.56277882      0.10038802      0.01005036      0.09752141      0.01673134 md_running
    12      6.00000000     55.02678330      1.44305357    929.44757593   1000.00000000      1.00003479      0.15452791     -7.57340487      0.01455674     -7.55884813      0.10454188      0.01008745      0.10166583      0.01742365 md_running
    13      6.50000000     55.28646056      1.55775384    917.64538371   1000.00000000      1.00004094      0.15256571     -7.57026269      0.01576980     -7.55449290      0.11062020      0.01012342      0.10774441      0.01843670 md_running
    14      7.00000000     55.53844387      1.67142482    904.09885815   1000.00000000      1.00004859      0.15031349     -7.56682948      0.01698286     -7.54984662      0.11742351      0.01016071      0.11454673      0.01957059 md_running
    15      7.50000000     55.79235055      1.78368290    890.06982213   1000.00000000      1.00005718      0.14798106     -7.56332223      0.01819592     -7.54512631      0.12368384      0.01020132      0.12079657      0.02061397 md_running
    16      8.00000000     56.02565472      1.89422237    876.94541931   1000.00000000      1.00006590      0.14579902     -7.55997891      0.01940898     -7.54056993      0.12838701      0.01024641      0.12547562      0.02139783 md_running
    17      8.50000000     56.26722510      2.00289345    865.85445031   1000.00000000      1.00007388      0.14395506     -7.55699139      0.02062204     -7.53636935      0.13091481      0.01029613      0.12796185      0.02181914 md_running
    18      9.00000000     56.51213799      2.10973492    857.37598371   1000.00000000      1.00008043      0.14254545     -7.55445726      0.02183510     -7.53262216      0.13103250      0.01034969      0.12801628      0.02183875 md_running
    19      9.50000000     56.74231277      2.21496316    851.40747854   1000.00000000      1.00008528      0.14155314     -7.55235681      0.02304817     -7.52930865      0.12886553      0.01040567      0.12575972      0.02147759 md_running
    20     10.00000000     56.98550810      2.31892330    847.19498662   1000.00000000      1.00008866      0.14085278     -7.55055987      0.02426123     -7.52629865      0.12489506      0.01046228      0.12166831      0.02081584 md_running
    21     10.50000000     57.22928073      2.42201314    843.51479462   1000.00000000      1.00009122      0.14024092     -7.54885600      0.02547429     -7.52338171      0.11995193      0.01051782      0.11657253      0.01999199 md_running
    22     11.00000000     57.48356980      2.52459944    838.97761584   1000.00000000      1.00009393      0.13948658     -7.54700686      0.02668735     -7.52031951      0.11517438      0.01057092      0.11162084      0.01919573 md_running
    23     11.50000000     57.72022377      2.62694216    832.39576266   1000.00000000      1.00009774      0.13839229     -7.54480818      0.02790041     -7.51690777      0.11182164      0.01062087      0.10809870      0.01863694 md_running
    24     12.00000000     57.94438137      2.72914260    823.13986497   1000.00000000      1.00010341      0.13685343     -7.54215187      0.02911347     -7.51303840      0.11087067      0.01066763      0.10702056      0.01847844 md_running
    25     12.50000000     58.17970059      2.83113239    811.37822394   1000.00000000      1.00011125      0.13489796     -7.53906595      0.03032653     -7.50873941      0.11256531      0.01071180      0.10865601      0.01876089 md_running
    26     13.00000000     58.43524922      2.93270634    798.07997049   1000.00000000      1.00012095      0.13268702     -7.53571673      0.03153959     -7.50417714      0.11623102      0.01075443      0.11232286      0.01937184 md_running
    27     13.50000000     58.69554446      3.03358645    784.72803285   1000.00000000      1.00013164      0.13046716     -7.53235920      0.03275266     -7.49960654      0.12058670      0.01079668      0.11670842      0.02009778 md_running
    28     14.00000000     58.94689521      3.13349555    772.82936256   1000.00000000      1.00014209      0.12848891     -7.52925254      0.03396572     -7.49528682      0.12435294      0.01083956      0.12050327      0.02072549 md_running
    29     14.50000000     59.19720239      3.23222002    763.40165934   1000.00000000      1.00015111      0.12692148     -7.52657243      0.03517878     -7.49139365      0.12672936      0.01088378      0.12289108      0.02112156 md_running
    30     15.00000000     59.44987717      3.32964316    756.63347438   1000.00000000      1.00015801      0.12579622     -7.52435216      0.03639184     -7.48796032      0.12759878      0.01092965      0.12375231      0.02126646 md_running
    31     15.50000000     59.70055605      3.42574040    751.86487225   1000.00000000      1.00016288      0.12500340     -7.52247923      0.03760490     -7.48487433      0.12746558      0.01097716      0.12359941      0.02124426 md_running
    32     16.00000000     59.95413308      3.52054413    747.89074600   1000.00000000      1.00016652      0.12434267     -7.52074776      0.03881796     -7.48192979      0.12717830      0.01102613      0.12329492      0.02119638 md_running
    33     16.50000000     60.20817707      3.61409615    743.44374875   1000.00000000      1.00017009      0.12360333     -7.51894184      0.04003102     -7.47891082      0.12753273      0.01107636      0.12364743      0.02125546 md_running
    34     17.00000000     60.45695651      3.70640635    737.65668131   1000.00000000      1.00017463      0.12264118     -7.51691376      0.04124408     -7.47566968      0.12893665      0.01112778      0.12506966      0.02148944 md_running
    35     17.50000000     60.69824834      3.79743517    730.34928206   1000.00000000      1.00018068      0.12142627     -7.51463346      0.04245715     -7.47217631      0.13127089      0.01118048      0.12743773      0.02187848 md_running
    36     18.00000000     60.94447524      3.88710793    722.06227056   1000.00000000      1.00018814      0.12004849     -7.51219407      0.04367021     -7.46852386      0.13400364      0.01123463      0.13020788      0.02233394 md_running
    37     18.50000000     61.20029645      3.97535099    713.84796902   1000.00000000      1.00019627      0.11868280     -7.50977485      0.04488327     -7.46489158      0.13644791      0.01129039      0.13268047      0.02274132 md_running
    38     19.00000000     61.46340380      4.06213860    706.92205189   1000.00000000      1.00020391      0.11753131     -7.50758215      0.04609633     -7.46148582      0.13801607      0.01134780      0.13426044      0.02300268 md_running
    39     19.50000000     61.71295162      4.14753604    702.30302658   1000.00000000      1.00020984      0.11676336     -7.50578786      0.04730939     -7.45847847      0.13837551      0.01140663      0.13461321      0.02306259 md_running
    40     20.00000000     61.95741399      4.23172720    700.53505051   1000.00000000      1.00021312      0.11646942     -7.50448228      0.04852245     -7.45595983      0.13749222      0.01146635      0.13370768      0.02291537 md_running
    41     20.50000000     62.19394916      4.31501984    701.54892464   1000.00000000      1.00021343      0.11663798     -7.50365066      0.04973551     -7.45391515      0.13563026      0.01152614      0.13181385      0.02260504 md_running
    42     21.00000000     62.43891789      4.39782499    704.68488042   1000.00000000      1.00021114      0.11715936     -7.50317729      0.05094857     -7.45222871      0.13329908      0.01158495      0.12945117      0.02221651 md_running
    43     21.50000000     62.68195214      4.48061600    708.86288880   1000.00000000      1.00020723      0.11785399     -7.50287488      0.05216163     -7.45071324      0.13116856      0.01164163      0.12730320      0.02186143 md_running
    44     22.00000000     62.93155780      4.56387472    712.85796176   1000.00000000      1.00020294      0.11851820     -7.50253075      0.05337469     -7.44915606      0.12994903      0.01169504      0.12609472      0.02165817 md_running
    45     22.50000000     63.18615548      4.64803442    715.63278521   1000.00000000      1.00019945      0.11897954     -7.50196449      0.05458776     -7.44737673      0.13015591      0.01174427      0.12635157      0.02169265 md_running
    46     23.00000000     63.44651813      4.73343029    716.63600013   1000.00000000      1.00019756      0.11914633     -7.50107838      0.05580082     -7.44527757      0.13188010      0.01178867      0.12816199      0.02198002 md_running
    47     23.50000000     63.69924489      4.82026740    715.97028732   1000.00000000      1.00019747      0.11903565     -7.49988743      0.05701388     -7.44287355      0.13467479      0.01182796      0.13106206      0.02244580 md_running
    48     24.00000000     63.95662725      4.90861073    714.36799479   1000.00000000      1.00019876      0.11876926     -7.49851531      0.05822694     -7.44028837      0.13762554      0.01186221      0.13411361      0.02293759 md_running
    49     24.50000000     64.21969560      4.99839799    712.94833825   1000.00000000      1.00020046      0.11853323     -7.49715316      0.05944000     -7.43771316      0.13960799      0.01189182      0.13617062      0.02326800 md_running
    50     25.00000000     64.47346558      5.08946974    712.81310157   1000.00000000      1.00020140      0.11851074     -7.49599141      0.06065306     -7.43533835      0.13963971      0.01191737      0.13623513      0.02327328 md_running
    51     25.50000000     64.72952389      5.18160531    714.62595845   1000.00000000      1.00020065      0.11881214     -7.49514630      0.06186612     -7.43328018      0.13716024      0.01193958      0.13373683      0.02286004 md_running
    52     26.00000000     64.97999337      5.27455283    718.34744485   1000.00000000      1.00019786      0.11943087     -7.49461498      0.06307918     -7.43153580      0.13218895      0.01195917      0.12869017      0.02203149 md_running
    53     26.50000000     65.23122493      5.36804745    723.23724575   1000.00000000      1.00019351      0.12024384     -7.49427523      0.06429224     -7.42998299      0.12533499      0.01197686      0.12170456      0.02088917 md_running
    54     27.00000000     65.48361062      5.46181612    728.11628798   1000.00000000      1.00018861      0.12105502     -7.49392979      0.06550530     -7.42842450      0.11767197      0.01199334      0.11386271      0.01961199 md_running
    55     27.50000000     65.74270307      5.55557389    731.77834875   1000.00000000      1.00018440      0.12166386     -7.49337739      0.06671836     -7.42665903      0.11050687      0.01200929      0.10649686      0.01841781 md_running
    56     28.00000000     65.99695557      5.64902077    733.38843826   1000.00000000      1.00018184      0.12193155     -7.49248001      0.06793142     -7.42454859      0.10502611      0.01202537      0.10083510      0.01750435 md_running
    57     28.50000000     66.24606364      5.74184729    732.73338357   1000.00000000      1.00018142      0.12182264     -7.49120476      0.06914447     -7.42206029      0.10191044      0.01204223      0.09760043      0.01698507 md_running
    58     29.00000000     66.49956526      5.83375132    730.25686626   1000.00000000      1.00018301      0.12141090     -7.48963100      0.07035753     -7.41927347      0.10109287      0.01206046      0.09674166      0.01684881 md_running
    59     29.50000000     66.75940895      5.92446479    726.88854484   1000.00000000      1.00018594      0.12085089     -7.48791905      0.07157059     -7.41634846      0.10187836      0.01208055      0.09754570      0.01697973 md_running
    60     30.00000000     67.02118963      6.01378453    723.74737906   1000.00000000      1.00018922      0.12032865     -7.48626071      0.07278365     -7.41347706      0.10334322      0.01210284      0.09905529      0.01722387 md_running
    61     30.50000000     67.26286921      6.10159817    721.81623176   1000.00000000      1.00019178      0.12000758     -7.48482361      0.07399671     -7.41082690      0.10472140      0.01212747      0.10047686      0.01745357 md_running
    62     31.00000000     67.51789791      6.18789897    721.68192493   1000.00000000      1.00019283      0.11998525     -7.48370673      0.07520976     -7.40849697      0.10561384      0.01215437      0.10139892      0.01760231 md_running
    63     31.50000000     67.77557722      6.27278559    723.41042413   1000.00000000      1.00019203      0.12027263     -7.48291960      0.07642282     -7.40649678      0.10603287      0.01218328      0.10183681      0.01767214 md_running
    64     32.00000000     68.03290974      6.35644662    726.57109112   1000.00000000      1.00018958      0.12079812     -7.48238720      0.07763588     -7.40475133      0.10632138      0.01221378      0.10214687      0.01772023 md_running
    65     32.50000000     68.29139416      6.43913196    730.38193264   1000.00000000      1.00018612      0.12143170     -7.48197413      0.07884893     -7.40312519      0.10700649      0.01224533      0.10287387      0.01783442 md_running
    66     33.00000000     68.55116777      6.52111431    733.94019994   1000.00000000      1.00018251      0.12202329     -7.48152426      0.08006199     -7.40146227      0.10860509      0.01227741      0.10455104      0.01810085 md_running
    67     33.50000000     68.80796812      6.60265103    736.47630552   1000.00000000      1.00017958      0.12244493     -7.48090411      0.08127504     -7.39962907      0.11142782      0.01230953      0.10749343      0.01857130 md_running
    68     34.00000000     69.06127474      6.68394951    737.56843584   1000.00000000      1.00017787      0.12262651     -7.48003949      0.08248810     -7.39755140      0.11543188      0.01234130      0.11164704      0.01923865 md_running
    69     34.50000000     69.32106691      6.76514158    737.26732365   1000.00000000      1.00017756      0.12257645     -7.47893713      0.08370115     -7.39523598      0.12019608      0.01237250      0.11657021      0.02003268 md_running
    70     35.00000000     69.57637451      6.84627438    736.09304865   1000.00000000      1.00017836      0.12238121     -7.47768399      0.08491420     -7.39276978      0.12502700      0.01240307      0.12154884      0.02083783 md_running
    71     35.50000000     69.83659939      6.92731784    734.87414286   1000.00000000      1.00017962      0.12217856     -7.47642167      0.08612726     -7.39029441      0.12917090      0.01243309      0.12581188      0.02152848 md_running
    72     36.00000000     70.09445321      7.00817996    734.47292542   1000.00000000      1.00018051      0.12211186     -7.47529754      0.08734031     -7.38795724      0.13202434      0.01246273      0.12874680      0.02200406 md_running
    73     36.50000000     70.35614773      7.08872921    735.50129544   1000.00000000      1.00018029      0.12228283     -7.47441762      0.08855336     -7.38586426      0.13329178      0.01249225      0.13005534      0.02221530 md_running
    74     37.00000000     70.61623774      7.16881537    738.12523330   1000.00000000      1.00017859      0.12271908     -7.47381187      0.08976641     -7.38404546      0.13306813      0.01252192      0.12983517      0.02217802 md_running
    75     37.50000000     70.87457601      7.24828457    742.03830089   1000.00000000      1.00017550      0.12336966     -7.47343003      0.09097946     -7.38245057      0.13181023      0.01255200      0.12855112      0.02196837 md_running
    76     38.00000000     71.13166934      7.32698831    746.60434711   1000.00000000      1.00017153      0.12412880     -7.47316549      0.09219251     -7.38097298      0.13019538      0.01258274      0.12689180      0.02169923 md_running
    77     38.50000000     71.39394624      7.40478581    751.10851110   1000.00000000      1.00016734      0.12487765     -7.47289849      0.09340555     -7.37949294      0.12891174      0.01261437      0.12555838      0.02148529 md_running
    78     39.00000000     71.65199812      7.48154386    755.02621388   1000.00000000      1.00016355      0.12552900     -7.47254118      0.09461860     -7.37792258      0.12841674      0.01264711      0.12501892      0.02140279 md_running
    79     39.50000000     71.90830097      7.55713853    758.22069982   1000.00000000      1.00016044      0.12606011     -7.47207140      0.09583165     -7.37623976      0.12878101      0.01268113      0.12534891      0.02146350 md_running
    80     40.00000000     72.15209858      7.63146268    761.00207966   1000.00000000      1.00015792      0.12652254     -7.47154336      0.09704469     -7.37449867      0.12968771      0.01271659      0.12622802      0.02161462 md_running
    81     40.50000000     72.40302172      7.70443689    764.02029753   1000.00000000      1.00015554      0.12702434     -7.47106850      0.09825773     -7.37281077      0.13060285      0.01275361      0.12711177      0.02176714 md_running
    82     41.00000000     72.65948397      7.77601966    768.06326386   1000.00000000      1.00015264      0.12769651     -7.47077988      0.09947078     -7.37130910      0.13098604      0.01279222      0.12745306      0.02183101 md_running
    83     41.50000000     72.89500286      7.84622138    773.85406039   1000.00000000      1.00014857      0.12865928     -7.47079997      0.10068382     -7.37011615      0.13048826      0.01283238      0.12690327      0.02174804 md_running
    84     42.00000000     73.14009113      7.91511703    781.86619503   1000.00000000      1.00014286      0.12999136     -7.47120835      0.10189686     -7.36931149      0.12904240      0.01287396      0.12539740      0.02150707 md_running
    85     42.50000000     73.39900832      7.98284666    792.21110432   1000.00000000      1.00013534      0.13171128     -7.47202198      0.10310990     -7.36891208      0.12684996      0.01291671      0.12314450      0.02114166 md_running
    86     43.00000000     73.65707665      8.04960771    804.64228612   1000.00000000      1.00012622      0.13377806     -7.47319669      0.10432294     -7.36887375      0.12432164      0.01296029      0.12056810      0.02072027 md_running
    87     43.50000000     73.91199021      8.11564064    818.65076908   1000.00000000      1.00011593      0.13610708     -7.47464354      0.10553598     -7.36910756      0.12195371      0.01300433      0.11818283      0.02032562 md_running
    88     44.00000000     74.16637132      8.18121426    833.60256773   1000.00000000      1.00010504      0.13859293     -7.47625241      0.10674901     -7.36950340      0.12022261      0.01304839      0.11648116      0.02003710 md_running
    89     44.50000000     74.42144319      8.24660653    848.90313136   1000.00000000      1.00009410      0.14113677     -7.47791885      0.10796205     -7.36995680      0.11945777      0.01309204      0.11580327      0.01990963 md_running
    90     45.00000000     74.68291481      8.31209021    864.14587008   1000.00000000      1.00008347      0.14367100     -7.47957134      0.10917508     -7.37039626      0.11974386      0.01313486      0.11623160      0.01995731 md_running
    91     45.50000000     74.94387463      8.37791870    879.18684177   1000.00000000      1.00007334      0.14617167     -7.48118258      0.11038811     -7.37079447      0.12088119      0.01317647      0.11755200      0.02014687 md_running
    92     46.00000000     75.19962005      8.44431695    894.16268596   1000.00000000      1.00006368      0.14866153     -7.48277304      0.11160114     -7.37117189      0.12241464      0.01321654      0.11928781      0.02040244 md_running
    93     46.50000000     75.45321220      8.51147827    909.41473891   1000.00000000      1.00005428      0.15119730     -7.48439858      0.11281417     -7.37158441      0.12374968      0.01325480      0.12082056      0.02062495 md_running
    94     47.00000000     75.68400737      8.57956283    925.33760297   1000.00000000      1.00004491      0.15384460     -7.48612479      0.11402719     -7.37209760      0.12432875      0.01329103      0.12157401      0.02072146 md_running
    95     47.50000000     75.93199195      8.64869812    942.22431371   1000.00000000      1.00003536      0.15665215     -7.48799995      0.11524021     -7.37275974      0.12378663      0.01332507      0.12117205      0.02063111 md_running
    96     48.00000000     76.16892968      8.71898055    960.14473368   1000.00000000      1.00002556      0.15963156     -7.49003553      0.11645323     -7.37358229      0.12205059      0.01335681      0.11953675      0.02034177 md_running
    97     48.50000000     76.40781476      8.79047494    978.89362822   1000.00000000      1.00001558      0.16274871     -7.49219613      0.11766625     -7.37452989      0.11934753      0.01338621      0.11689151      0.01989125 md_running
    98     49.00000000     76.66284543      8.86320742    998.05127710   1000.00000000      1.00000565      0.16593382     -7.49440999      0.11887926     -7.37553073      0.11612822      0.01341326      0.11368760      0.01935470 md_running
    99     49.50000000     76.92151756      8.93715984   1017.12515752   1000.00000000      0.99999601      0.16910500     -7.49659423      0.12009227     -7.37650196      0.11292266      0.01343804      0.11045961      0.01882044 md_running
   100     50.00000000     77.17216004      9.01226696   1035.71129437   1000.00000000      0.99998688      0.17219509     -7.49868070      0.12130527     -7.37737542      0.11018485      0.01346068      0.10767156      0.01836414 md_running
   101     50.50000000     77.42636038      9.08842386   1053.64881506   1000.00000000      0.99997837      0.17517734     -7.50064298      0.12251827     -7.37812471      0.10818436      0.01348140      0.10560542      0.01803073 md_running
   102     51.00000000     77.68521762      9.16550108   1071.05777537   1000.00000000      0.99997043      0.17807172     -7.50250531      0.12373127     -7.37877404      0.10693657      0.01350042      0.10428583      0.01782276 md_running
   103     51.50000000     77.94655344      9.24335772   1088.22747392   1000.00000000      0.99996292      0.18092631     -7.50431896      0.12494426     -7.37937470      0.10623834      0.01351799      0.10351139      0.01770639 md_running
   104     52.00000000     78.20443609      9.32185018   1105.51915549   1000.00000000      0.99995567      0.18380119     -7.50614501      0.12615725     -7.37998776      0.10576739      0.01353434      0.10296246      0.01762790 md_running
   105     52.50000000     78.46002360      9.40084611   1123.32524222   1000.00000000      0.99994852      0.18676159     -7.50805125      0.12737023     -7.38068102      0.10521808      0.01354970      0.10234152      0.01753635 md_running
   106     53.00000000     78.71942845      9.48024801   1141.95358784   1000.00000000      0.99994132      0.18985870     -7.51009436      0.12858320     -7.38151116      0.10439496      0.01356423      0.10146036      0.01739916 md_running
   107     53.50000000     78.95448731      9.56000896   1161.46357727   1000.00000000      0.99993400      0.19310239     -7.51228371      0.12979617     -7.38248754      0.10324946      0.01357800      0.10027614      0.01720824 md_running
   108     54.00000000     79.20786813      9.64013714   1181.63736281   1000.00000000      0.99992662      0.19645643     -7.51458274      0.13100914     -7.38357360      0.10185730      0.01359104      0.09887451      0.01697622 md_running
   109     54.50000000     79.46280764      9.72070185   1202.05943799   1000.00000000      0.99991932      0.19985176     -7.51692044      0.13222209     -7.38469835      0.10040923      0.01360325      0.09745732      0.01673487 md_running
   110     55.00000000     79.69774594      9.80183516   1222.19854505   1000.00000000      0.99991227      0.20320005     -7.51920605      0.13343504     -7.38577101      0.09914544      0.01361448      0.09627375      0.01652424 md_running
   111     55.50000000     79.94333103      9.88372776   1241.48886150   1000.00000000      0.99990564      0.20640721     -7.52134220      0.13464798     -7.38669421      0.09831248      0.01362448      0.09557193      0.01638541 md_running
   112     56.00000000     80.19537374      9.96661688   1259.44438543   1000.00000000      0.99989957      0.20939246     -7.52324247      0.13586091     -7.38738155      0.09810924      0.01363296      0.09554781      0.01635154 md_running
   113     56.50000000     80.45048722     10.05077560   1275.79249811   1000.00000000      0.99989416      0.21211046     -7.52485742      0.13707383     -7.38778358      0.09858337      0.01363959      0.09623792      0.01643056 md_running
   114     57.00000000     80.71030262     10.13650154   1290.52506586   1000.00000000      0.99988940      0.21455987     -7.52618222      0.13828674     -7.38789548      0.09957486      0.01364400      0.09746148      0.01659581 md_running
   115     57.50000000     80.96990431     10.22410346   1303.85347962   1000.00000000      0.99988520      0.21677582     -7.52724894      0.13949964     -7.38774930      0.10075450      0.01364584      0.09886489      0.01679242 md_running
   116     58.00000000     81.22497520     10.31388482   1316.10930340   1000.00000000      0.99988146      0.21881344     -7.52810963      0.14071252     -7.38739712      0.10173382      0.01364477      0.10003804      0.01695564 md_running
   117     58.50000000     81.48466563     10.40612602   1327.62062069   1000.00000000      0.99987805      0.22072729     -7.52881649      0.14192538     -7.38689111      0.10223243      0.01364051      0.10068513      0.01703874 md_running
   118     59.00000000     81.74613298     10.50106689   1338.59094300   1000.00000000      0.99987487      0.22255119     -7.52940139      0.14313822     -7.38626317      0.10221970      0.01363282      0.10076571      0.01703662 md_running
   119     59.50000000     81.99239032     10.59888848   1349.00299932   1000.00000000      0.99987187      0.22428228     -7.52985996      0.14435105     -7.38550891      0.10195067      0.01362158      0.10052749      0.01699178 md_running
   120     60.00000000     82.25189814     10.69969294   1358.61846466   1000.00000000      0.99986911      0.22588092     -7.53014956      0.14556385     -7.38458570      0.10187065      0.01360677      0.10041547      0.01697844 md_running
   121     60.50000000     82.51104600     10.80349149   1367.09146320   1000.00000000      0.99986664      0.22728963     -7.53021152      0.14677663     -7.38343488      0.10243393      0.01358848      0.10089147      0.01707232 md_running
   122     61.00000000     82.76330969     10.91020201   1374.10677132   1000.00000000      0.99986455      0.22845598     -7.52999370      0.14798938     -7.38200432      0.10397253      0.01356693      0.10230198      0.01732875 md_running
   123     61.50000000     83.00926973     11.01965476   1379.49960120   1000.00000000      0.99986290      0.22935258     -7.52946942      0.14920211     -7.38026732      0.10657375      0.01354244      0.10474987      0.01776229 md_running
   124     62.00000000     83.25872741     11.13160060   1383.35910840   1000.00000000      0.99986169      0.22999425     -7.52865740      0.15041480     -7.37824260      0.11001417      0.01351542      0.10802959      0.01833570 md_running
   125     62.50000000     83.51701464     11.24573031   1386.03734301   1000.00000000      0.99986085      0.23043953     -7.52762127      0.15162746     -7.37599381      0.11383505      0.01348633      0.11169195      0.01897251 md_running
   126     63.00000000     83.77363982     11.36169063   1388.06298720   1000.00000000      0.99986027      0.23077631     -7.52645529      0.15284008     -7.37361521      0.11750616      0.01345569      0.11521282      0.01958436 md_running
   127     63.50000000     84.02244111     11.47910510   1390.01943010   1000.00000000      0.99985977      0.23110158     -7.52526299      0.15405266     -7.37121033      0.12060071      0.01342397      0.11816797      0.02010012 md_running
   128     64.00000000     84.26984871     11.59759298   1392.44257329   1000.00000000      0.99985922      0.23150445     -7.52413845      0.15526521     -7.36887324      0.12287398      0.01339169      0.12032145      0.02047900 md_running
   129     64.50000000     84.51976068     11.71679829   1395.73131724   1000.00000000      0.99985850      0.23205123     -7.52315483      0.15647771     -7.36667712      0.12429234      0.01335925      0.12164486      0.02071539 md_running
   130     65.00000000     84.77844546     11.83641028   1400.10190895   1000.00000000      0.99985752      0.23277787     -7.52235206      0.15769018     -7.36466188      0.12494265      0.01332704      0.12223760      0.02082378 md_running
   131     65.50000000     85.03717776     11.95619153   1405.55183699   1000.00000000      0.99985626      0.23368396     -7.52173393      0.15890259     -7.36283134      0.12502622      0.01329530      0.12229894      0.02083770 md_running
   132     66.00000000     85.29624935     12.07598054   1411.86747439   1000.00000000      0.99985476      0.23473399     -7.52126469      0.16011496     -7.36114973      0.12470455      0.01326421      0.12199146      0.02078409 md_running
   133     66.50000000     85.55712725     12.19569910   1418.75151313   1000.00000000      0.99985309      0.23587851     -7.52089527      0.16132728     -7.35956800      0.12410313      0.01323383      0.12144376      0.02068386 md_running
   134     67.00000000     85.81030201     12.31535946   1425.93491268   1000.00000000      0.99985133      0.23707281     -7.52057957      0.16253955     -7.35804002      0.12330080      0.01320412      0.12073311      0.02055013 md_running
   135     67.50000000     86.06738806     12.43506334   1433.22511134   1000.00000000      0.99984955      0.23828486     -7.52028523      0.16375176     -7.35653348      0.12229966      0.01317497      0.11985573      0.02038328 md_running
   136     68.00000000     86.32098880     12.55499495   1440.51295940   1000.00000000      0.99984778      0.23949652     -7.51999047      0.16496391     -7.35502656      0.12105630      0.01314617      0.11875520      0.02017605 md_running
   137     68.50000000     86.56991109     12.67539945   1447.78326675   1000.00000000      0.99984603      0.24070527     -7.51969100      0.16617600     -7.35351501      0.11945688      0.01311744      0.11730349      0.01990948 md_running
   138     69.00000000     86.82067711     12.79655464   1455.07843451   1000.00000000      0.99984430      0.24191815     -7.51939037      0.16738801     -7.35200236      0.11739937      0.01308853      0.11538601      0.01956656 md_running
   139     69.50000000     87.06515925     12.91874141   1462.39453072   1000.00000000      0.99984258      0.24313451     -7.51908692      0.16859995     -7.35048697      0.11495368      0.01305914      0.11305877      0.01915895 md_running
   140     70.00000000     87.32043443     13.04220660   1469.56647599   1000.00000000      0.99984087      0.24432690     -7.51874960      0.16981181     -7.34893779      0.11243571      0.01302907      0.11062757      0.01873929 md_running
   141     70.50000000     87.56935718     13.16712730   1476.28167173   1000.00000000      0.99983925      0.24544335     -7.51832240      0.17102358     -7.34729882      0.11041635      0.01299816      0.10866307      0.01840273 md_running
   142     71.00000000     87.82041788     13.29358915   1482.17882279   1000.00000000      0.99983779      0.24642380     -7.51774488      0.17223526     -7.34550962      0.10954921      0.01296638      0.10782013      0.01825820 md_running
   143     71.50000000     88.06966588     13.42156681   1486.89340161   1000.00000000      0.99983657      0.24720763     -7.51695611      0.17344683     -7.34350928      0.11031702      0.01293377      0.10858350      0.01838617 md_running
   144     72.00000000     88.30314254     13.55091206   1490.11799984   1000.00000000      0.99983566      0.24774375     -7.51590571      0.17465829     -7.34124742      0.11282844      0.01290052      0.11106156      0.01880474 md_running
   145     72.50000000     88.55273024     13.68134424   1491.72359828   1000.00000000      0.99983511      0.24801069     -7.51457292      0.17586964     -7.33870328      0.11676113      0.01286693      0.11493547      0.01946019 md_running
   146     73.00000000     88.78633378     13.81245727   1491.88834538   1000.00000000      0.99983492      0.24803808     -7.51299321      0.17708088     -7.33591234      0.12145304      0.01283339      0.11955351      0.02024217 md_running
   147     73.50000000     89.03873409     13.94374786   1491.02465424   1000.00000000      0.99983502      0.24789449     -7.51124574      0.17829199     -7.33295375      0.12618075      0.01280036      0.12419458      0.02103012 md_running
   148     74.00000000     89.28589275     14.07464215   1489.62117172   1000.00000000      0.99983529      0.24766115     -7.50941624      0.17950299     -7.32991325      0.13030662      0.01276836      0.12822162      0.02171777 md_running
   149     74.50000000     89.52635429     14.20452156   1488.18068263   1000.00000000      0.99983563      0.24742165     -7.50759840      0.18071387     -7.32688453      0.13334939      0.01273790      0.13116047      0.02222490 md_running
   150     75.00000000     89.78119462     14.33276357   1487.14370033   1000.00000000      0.99983592      0.24724925     -7.50587391      0.18192464     -7.32394927      0.13503306      0.01270949      0.13274140      0.02250551 md_running
   151     75.50000000     90.03273506     14.45878228   1486.77023053   1000.00000000      0.99983608      0.24718716     -7.50429287      0.18313531     -7.32115756      0.13527302      0.01268357      0.13288525      0.02254550 md_running
   152     76.00000000     90.26585411     14.58206695   1487.15250526   1000.00000000      0.99983608      0.24725071     -7.50287596      0.18434588     -7.31853008      0.13413832      0.01266052      0.13166987      0.02235639 md_running
   153     76.50000000     90.51844924     14.70222390   1488.23712008   1000.00000000      0.99983590      0.24743104     -7.50162027      0.18555636     -7.31606391      0.13180239      0.01264057      0.12927397      0.02196706 md_running
   154     77.00000000     90.77369794     14.81900407   1489.79877956   1000.00000000      0.99983559      0.24769068     -7.50048993      0.18676676     -7.31372317      0.12852555      0.01262386      0.12596505      0.02142093 md_running
   155     77.50000000     91.02065473     14.93232309   1491.51394567   1000.00000000      0.99983521      0.24797584     -7.49943001      0.18797708     -7.31145292      0.12466923      0.01261036      0.12211193      0.02077821 md_running
   156     78.00000000     91.28104339     15.04226888   1493.06018197   1000.00000000      0.99983483      0.24823291     -7.49838565      0.18918733     -7.30919831      0.12063751      0.01259991      0.11812516      0.02010625 md_running
   157     78.50000000     91.53844951     15.14909692   1494.19234736   1000.00000000      0.99983453      0.24842114     -7.49731093      0.19039751     -7.30691342      0.11681415      0.01259224      0.11439213      0.01946903 md_running
   158     79.00000000     91.79836552     15.25321346   1494.77545726   1000.00000000      0.99983433      0.24851809     -7.49617878      0.19160761     -7.30457117      0.11352492      0.01258694      0.11123623      0.01892082 md_running
   159     79.50000000     92.05477434     15.35514315   1494.75932618   1000.00000000      0.99983427      0.24851541     -7.49497496      0.19281762     -7.30215734      0.11098251      0.01258353      0.10885651      0.01849708 md_running
   160     80.00000000     92.31087674     15.45548117   1494.12437540   1000.00000000      0.99983435      0.24840984     -7.49368828      0.19402754     -7.29966073      0.10931108      0.01258149      0.10735832      0.01821851 md_running
   161     80.50000000     92.56405525     15.55484082   1492.83406789   1000.00000000      0.99983457      0.24819532     -7.49230617      0.19523736     -7.29706881      0.10863872      0.01258031      0.10684908      0.01810645 md_running
   162     81.00000000     92.81901799     15.65380029   1490.76390063   1000.00000000      0.99983494      0.24785113     -7.49080086      0.19644706     -7.29435380      0.10913408      0.01257951      0.10747622      0.01818901 md_running
   163     81.50000000     93.08433511     15.75285338   1487.69519059   1000.00000000      0.99983551      0.24734094     -7.48912741      0.19765662     -7.29147080      0.11097798      0.01257870      0.10940502      0.01849633 md_running
   164     82.00000000     93.34490637     15.85236813   1483.42058584   1000.00000000      0.99983633      0.24663025     -7.48724677      0.19886603     -7.28838074      0.11418593      0.01257758      0.11264239      0.01903099 md_running
   165     82.50000000     93.59524116     15.95256067   1477.83065753   1000.00000000      0.99983745      0.24570088     -7.48513605      0.20007528     -7.28506077      0.11847992      0.01257599      0.11690309      0.01974665 md_running
   166     83.00000000     93.84258022     16.05347731   1470.97139339   1000.00000000      0.99983888      0.24456048     -7.48280379      0.20128436     -7.28151943      0.12332842      0.01257391      0.12165653      0.02055474 md_running
   167     83.50000000     94.09749569     16.15499275   1463.00514433   1000.00000000      0.99984060      0.24323602     -7.48027801      0.20249327     -7.27778473      0.12805256      0.01257145      0.12622670      0.02134209 md_running
   168     84.00000000     94.35663582     16.25681873   1454.24618216   1000.00000000      0.99984257      0.24177978     -7.47761182      0.20370202     -7.27390980      0.13200045      0.01256884      0.12997452      0.02200007 md_running
   169     84.50000000     94.61676125     16.35854071   1445.17405640   1000.00000000      0.99984470      0.24027147     -7.47489617      0.20491060     -7.26998557      0.13469407      0.01256639      0.13242989      0.02244901 md_running
   170     85.00000000     94.86320920     16.45965425   1436.16566356   1000.00000000      0.99984687      0.23877375     -7.47220113      0.20611904     -7.26608209      0.13594018      0.01256449      0.13339998      0.02265670 md_running
   171     85.50000000     95.12323610     16.55959340   1427.37189290   1000.00000000      0.99984903      0.23731172     -7.46955620      0.20732735     -7.26222885      0.13583615      0.01256354      0.13299021      0.02263936 md_running
   172     86.00000000     95.38410171     16.65777032   1418.85582614   1000.00000000      0.99985115      0.23589586     -7.46697729      0.20853555     -7.25844174      0.13471307      0.01256397      0.13155298      0.02245218 md_running
   173     86.50000000     95.64019722     16.75363218   1410.67089774   1000.00000000      0.99985322      0.23453505     -7.46448116      0.20974368     -7.25473748      0.13306502      0.01256615      0.12960695      0.02217750 md_running
   174     87.00000000     95.89156428     16.84671271   1402.82721901   1000.00000000      0.99985523      0.23323097     -7.46207615      0.21095175     -7.25112441      0.13144370      0.01257040      0.12772908      0.02190728 md_running
   175     87.50000000     96.14722350     16.93667021   1395.28442432   1000.00000000      0.99985718      0.23197693     -7.45975826      0.21215979     -7.24759848      0.13034309      0.01257693      0.12643689      0.02172385 md_running
   176     88.00000000     96.40294842     17.02331087   1388.02326863   1000.00000000      0.99985908      0.23076970     -7.45752544      0.21336782     -7.24415762      0.13012236      0.01258584      0.12611062      0.02168706 md_running
   177     88.50000000     96.66020195     17.10660950   1381.10429651   1000.00000000      0.99986092      0.22961937     -7.45538880      0.21457585     -7.24081295      0.13089872      0.01259713      0.12687467      0.02181645 md_running
   178     89.00000000     96.92475675     17.18671568   1374.65662534   1000.00000000      0.99986268      0.22854739     -7.45336766      0.21578389     -7.23758377      0.13253889      0.01261064      0.12858654      0.02208981 md_running
   179     89.50000000     97.19220783     17.26394572   1368.85060247   1000.00000000      0.99986431      0.22758210     -7.45148744      0.21699195     -7.23449550      0.13471084      0.01262612      0.13089475      0.02245181 md_running
   180     90.00000000     97.45612090     17.33876323   1363.86059158   1000.00000000      0.99986576      0.22675247     -7.44977136      0.21820000     -7.23157137      0.13695259      0.01264323      0.13331140      0.02282543 md_running
   181     90.50000000     97.70973603     17.41174514   1359.82953381   1000.00000000      0.99986698      0.22608227     -7.44823646      0.21940802     -7.22882844      0.13879307      0.01266153      0.13534121      0.02313218 md_running
   182     91.00000000     97.96504607     17.48354157   1356.79583505   1000.00000000      0.99986794      0.22557790     -7.44688275      0.22061600     -7.22626675      0.13987617      0.01268054      0.13660660      0.02331269 md_running
   183     91.50000000     98.22349285     17.55482348   1354.61869721   1000.00000000      0.99986864      0.22521593     -7.44567755      0.22182390     -7.22385365      0.14007464      0.01269980      0.13696448      0.02334577 md_running
   184     92.00000000     98.48014267     17.62622625   1353.00180535   1000.00000000      0.99986915      0.22494711     -7.44456265      0.22303169     -7.22153096      0.13947680      0.01271885      0.13649413      0.02324613 md_running
   185     92.50000000     98.73070838     17.69829905   1351.58877153   1000.00000000      0.99986955      0.22471218     -7.44347134      0.22423933     -7.21923201      0.13833437      0.01273730      0.13544181      0.02305573 md_running
   186     93.00000000     98.98903181     17.77146116   1350.07037756   1000.00000000      0.99986994      0.22445974     -7.44234678      0.22544679     -7.21689999      0.13697543      0.01275488      0.13412978      0.02282924 md_running
   187     93.50000000     99.25145640     17.84596650   1348.25182064   1000.00000000      0.99987040      0.22415739     -7.44115086      0.22665405     -7.21449681      0.13560706      0.01277140      0.13275762      0.02260118 md_running
   188     94.00000000     99.51643413     17.92187788   1346.14250889   1000.00000000      0.99987095      0.22380670     -7.43988580      0.22786110     -7.21202470      0.13423307      0.01278685      0.13132689      0.02237218 md_running
   189     94.50000000     99.77665253     17.99906518   1343.93808070   1000.00000000      0.99987155      0.22344020     -7.43858658      0.22906792     -7.20951865      0.13270358      0.01280133      0.12968152      0.02211726 md_running
   190     95.00000000    100.03965961     18.07721096   1341.92303094   1000.00000000      0.99987215      0.22310518     -7.43730491      0.23027455     -7.20703037      0.13079096      0.01281506      0.12759431      0.02179849 md_running
   191     95.50000000    100.29432548     18.15583550   1340.39603430   1000.00000000      0.99987266      0.22285130     -7.43609852      0.23148098     -7.20461754      0.12831841      0.01282839      0.12489361      0.02138640 md_running
   192     96.00000000    100.55062401     18.23433607   1339.53360182   1000.00000000      0.99987299      0.22270792     -7.43500596      0.23268726     -7.20231870      0.12526748      0.01284173      0.12157124      0.02087791 md_running
   193     96.50000000    100.80427811     18.31203299   1339.31940244   1000.00000000      0.99987313      0.22267230     -7.43403197      0.23389343     -7.20013853      0.12185571      0.01285555      0.11786234      0.02030928 md_running
   194     97.00000000    101.05858898     18.38821928   1339.58686855   1000.00000000      0.99987311      0.22271677     -7.43315654      0.23509954     -7.19805699      0.11853417      0.01287033      0.11424903      0.01975569 md_running
   195     97.50000000    101.31534335     18.46221542   1340.13041432   1000.00000000      0.99987298      0.22280714     -7.43235467      0.23630564     -7.19604903      0.11586894      0.01288652      0.11134091      0.01931149 md_running
   196     98.00000000    101.57833591     18.53342491   1340.72355589   1000.00000000      0.99987280      0.22290576     -7.43159513      0.23751178     -7.19408335      0.11437756      0.01290451      0.10970021      0.01906293 md_running
   197     98.50000000    101.83610238     18.60137917   1341.16327114   1000.00000000      0.99987265      0.22297886     -7.43084928      0.23871800     -7.19213129      0.11440094      0.01292460      0.10970124      0.01906682 md_running
   198     99.00000000    102.08865098     18.66577454   1341.40083448   1000.00000000      0.99987255      0.22301836     -7.43011205      0.23992433     -7.19018772      0.11597222      0.01294698      0.11138526      0.01932870 md_running
   199     99.50000000    102.34586610     18.72649706   1341.56533776   1000.00000000      0.99987251      0.22304571     -7.42940687      0.24113080     -7.18827606      0.11878855      0.01297171      0.11442777      0.01979809 md_running
   200    100.00000000    102.61533019     18.78362919   1341.91251183   1000.00000000      0.99987245      0.22310343     -7.42877682      0.24233742     -7.18643940      0.12230965      0.01299872      0.11824965      0.02038494 max_step
