  step         time_fs     wall_time_s        rti_dist          temp_K     temp_bath_K   thermo_lambda          kin_Ha     pot_real_Ha     pot_rtip_Ha    pot_total_Ha          f_real          f_rtip         f_total      rms_f_real state_decision
     1      0.50000000     13.60234884      0.06779496    299.63717041    300.00000000      1.00000000      0.04981702     -7.59870635      0.00030327     -7.59840308      0.05698463      0.00447327      0.05664808      0.00949744 md_running
     2      1.00000000     32.61007694      0.13627902    298.46897526    300.00000000      1.00000104      0.04962280     -7.59820604      0.00060653     -7.59759950      0.05883801      0.00445065      0.05827220      0.00980634 md_running
     3      1.50000000     37.75080383      0.20491939    296.28612318    300.00000000      1.00000391      0.04925988     -7.59753476      0.00090980     -7.59662497      0.06111151      0.00443978      0.06034669      0.01018525 md_running
     4      2.00000000     38.04573355      0.27318829    293.37077009    300.00000000      1.00000839      0.04877518     -7.59674143      0.00121306     -7.59552837      0.06342651      0.00444039      0.06250597      0.01057108 md_running
     5      2.50000000     48.41486626      0.34064646    290.16318372    300.00000000      1.00001388      0.04824189     -7.59590185      0.00151633     -7.59438552      0.06529985      0.00445132      0.06426803      0.01088331 md_running
     6      3.00000000     48.68142890      0.40700555    287.13400806    300.00000000      1.00001958      0.04773827     -7.59509649      0.00181959     -7.59327690      0.06631574      0.00447068      0.06521071      0.01105262 md_running
     7      3.50000000     48.95491987      0.47215804    284.64098736    300.00000000      1.00002469      0.04732379     -7.59438620      0.00212286     -7.59226334      0.06627097      0.00449607      0.06512126      0.01104516 md_running
     8      4.00000000     53.88721102      0.53616585    282.81900659    300.00000000      1.00002868      0.04702087     -7.59379331      0.00242612     -7.59136719      0.06527394      0.00452495      0.06409822      0.01087899 md_running
     9      4.50000000     54.17567749      0.59921066    281.54449315    300.00000000      1.00003149      0.04680897     -7.59329593      0.00272939     -7.59056654      0.06376607      0.00455497      0.06257471      0.01062768 md_running
    10      5.00000000     54.44721486      0.66152009    280.49121419    300.00000000      1.00003355      0.04663385     -7.59283731      0.00303265     -7.58980466      0.06243800      0.00458437      0.06123746      0.01040633 md_running
    11      5.50000000     54.70888381      0.72329335    279.25411973    300.00000000      1.00003559      0.04642818     -7.59234804      0.00333592     -7.58901212      0.06201994      0.00461212      0.06081630      0.01033666 md_running
    12      6.00000000     54.98726051      0.78464508    277.49238748    300.00000000      1.00003838      0.04613528     -7.59176965      0.00363918     -7.58813046      0.06298053      0.00463800      0.06178028      0.01049676 md_running
    13      6.50000000     55.25973883      0.84558257    275.04344991    300.00000000      1.00004246      0.04572812     -7.59107443      0.00394245     -7.58713198      0.06530988      0.00466241      0.06411751      0.01088498 md_running
    14      7.00000000     55.54022108      0.90601850    271.97300552    300.00000000      1.00004800      0.04521764     -7.59027421      0.00424571     -7.58602850      0.06854938      0.00468612      0.06736500      0.01142490 md_running
    15      7.50000000     55.79469402      0.96581094    268.55181616    300.00000000      1.00005472      0.04464884     -7.58941540      0.00454898     -7.58486642      0.07201114      0.00471001      0.07083134      0.01200186 md_running
    16      8.00000000     56.04726939      1.02481710    265.17113917    300.00000000      1.00006195      0.04408677     -7.58856500      0.00485225     -7.58371276      0.07502534      0.00473474      0.07384472      0.01250422 md_running
    17      8.50000000     56.29614022      1.08294283    262.22661456    300.00000000      1.00006884      0.04359722     -7.58779039      0.00515551     -7.58263488      0.07708398      0.00476065      0.07589637      0.01284733 md_running
    18      9.00000000     56.52521130      1.14017613    260.00748186    300.00000000      1.00007455      0.04322827     -7.58714056      0.00545878     -7.58168179      0.07789456      0.00478766      0.07669329      0.01298243 md_running
    19      9.50000000     56.79298133      1.19659890    258.61668557    300.00000000      1.00007855      0.04299704     -7.58663300      0.00576204     -7.58087096      0.07738647      0.00481535      0.07616323      0.01289774 md_running
    20     10.00000000     57.06315007      1.25237338    257.94080288    300.00000000      1.00008077      0.04288467     -7.58624756      0.00606531     -7.58018225      0.07571039      0.00484305      0.07445468      0.01261840 md_running
    21     10.50000000     57.33616342      1.30770929    257.67792002    300.00000000      1.00008167      0.04284097     -7.58593260      0.00636857     -7.57956403      0.07322598      0.00487002      0.07192546      0.01220433 md_running
    22     11.00000000     57.61013112      1.36281910    257.41669165    300.00000000      1.00008208      0.04279753     -7.58561752      0.00667184     -7.57894569      0.07046980      0.00489561      0.06911288      0.01174497 md_running
    23     11.50000000     57.87628104      1.41787305    256.74907186    300.00000000      1.00008297      0.04268654     -7.58523237      0.00697510     -7.57825727      0.06807810      0.00491941      0.06665892      0.01134635 md_running
    24     12.00000000     58.14408933      1.47296473    255.38602557    300.00000000      1.00008519      0.04245992     -7.58472787      0.00727837     -7.57744951      0.06663922      0.00494130      0.06516222      0.01110654 md_running
    25     12.50000000     58.40158238      1.52809466    253.24472348    300.00000000      1.00008923      0.04210391     -7.58408976      0.00758163     -7.57650813      0.06647816      0.00496149      0.06495874      0.01107969 md_running
    26     13.00000000     58.66656324      1.58317621    250.47930826    300.00000000      1.00009508      0.04164414     -7.58334447      0.00788490     -7.57545957      0.06751506      0.00498043      0.06597324      0.01125251 md_running
    27     13.50000000     58.94403299      1.63806167    247.44040096    300.00000000      1.00010221      0.04113890     -7.58255221      0.00818816     -7.57436405      0.06928957      0.00499869      0.06774206      0.01154826 md_running
    28     14.00000000     59.22303048      1.69258182    244.56750413    300.00000000      1.00010965      0.04066126     -7.58178843      0.00849143     -7.57329700      0.07118311      0.00501685      0.06963851      0.01186385 md_running
    29     14.50000000     59.48269287      1.74658485    242.24662532    300.00000000      1.00011631      0.04027539     -7.58111957      0.00879469     -7.57232487      0.07266150      0.00503537      0.07112089      0.01211025 md_running
    30     15.00000000     59.74465295      1.79996424    240.68743186    300.00000000      1.00012131      0.04001616     -7.58058165      0.00909796     -7.57148369      0.07343014      0.00505452      0.07189038      0.01223836 md_running
    31     15.50000000     60.00514522      1.85266991    239.86304364    300.00000000      1.00012432      0.03987910     -7.58017037      0.00940123     -7.57076915      0.07348218      0.00507442      0.07193881      0.01224703 md_running
    32     16.00000000     60.27999203      1.90470125    239.53197324    300.00000000      1.00012567      0.03982406     -7.57984464      0.00970449     -7.57014015      0.07304615      0.00509502      0.07149543      0.01217436 md_running
    33     16.50000000     60.56015837      1.95608646    239.33323194    300.00000000      1.00012617      0.03979102     -7.57954304      0.01000776     -7.56953528      0.07246915      0.00511621      0.07090951      0.01207819 md_running
    34     17.00000000     60.84310407      2.00685880    238.91621904    300.00000000      1.00012683      0.03972169     -7.57920566      0.01031102     -7.56889464      0.07206339      0.00513789      0.07049536      0.01201057 md_running
    35     17.50000000     61.12129322      2.05703813    238.05596632    300.00000000      1.00012844      0.03957866     -7.57879448      0.01061429     -7.56818019      0.07198450      0.00515999      0.07040935      0.01199742 md_running
    36     18.00000000     61.38833595      2.10662418    236.71726722    300.00000000      1.00013138      0.03935609     -7.57830347      0.01091755     -7.56738592      0.07219340      0.00518249      0.07061128      0.01203223 md_running
    37     18.50000000     61.66310176      2.15560385    235.05254508    300.00000000      1.00013552      0.03907932     -7.57775864      0.01122082     -7.56653782      0.07250195      0.00520542      0.07091084      0.01208366 md_running
    38     19.00000000     61.92119469      2.20396919    233.34100477    300.00000000      1.00014026      0.03879476     -7.57720755      0.01152408     -7.56568346      0.07267901      0.00522879      0.07107487      0.01211317 md_running
    39     19.50000000     62.19189795      2.25173966    231.89392187    300.00000000      1.00014476      0.03855417     -7.57670284      0.01182735     -7.56487549      0.07255162      0.00525254      0.07092978      0.01209194 md_running
    40     20.00000000     62.47280372      2.29898136    230.95754609    300.00000000      1.00014818      0.03839849     -7.57628592      0.01213061     -7.56415531      0.07207469      0.00527652      0.07043177      0.01201245 md_running
    41     20.50000000     62.75363763      2.34581773    230.63938422    300.00000000      1.00014996      0.03834560     -7.57597448      0.01243388     -7.56354060      0.07135765      0.00530045      0.06969347      0.01189294 md_running
    42     21.00000000     63.03169451      2.39242787    230.87603778    300.00000000      1.00014999      0.03838494     -7.57575712      0.01273714     -7.56301998      0.07065278      0.00532394      0.06897218      0.01177546 md_running
    43     21.50000000     63.31283391      2.43903197    231.45052725    300.00000000      1.00014870      0.03848046     -7.57559586      0.01304041     -7.56255545      0.07030353      0.00534655      0.06861792      0.01171725 md_running
    44     22.00000000     63.59208935      2.48586729    232.05226218    300.00000000      1.00014688      0.03858050     -7.57543708      0.01334367     -7.56209340      0.07065508      0.00536781      0.06898178      0.01177585 md_running
    45     22.50000000     63.87000561      2.53315911    232.36515656    300.00000000      1.00014545      0.03863252     -7.57522611      0.01364694     -7.56157917      0.07193319      0.00538732      0.07029142      0.01198887 md_running
    46     23.00000000     64.14095595      2.58109174    232.16362898    300.00000000      1.00014522      0.03859902     -7.57492343      0.01395021     -7.56097322      0.07413444      0.00540477      0.07253943      0.01235574 md_running
    47     23.50000000     64.40145262      2.62978608    231.38763978    300.00000000      1.00014659      0.03847000     -7.57451816      0.01425347     -7.56026469      0.07697575      0.00542001      0.07543394      0.01282929 md_running
    48     24.00000000     64.68294093      2.67928848    230.17065398    300.00000000      1.00014950      0.03826767     -7.57403260      0.01455674     -7.55947586      0.07995304      0.00543306      0.07846092      0.01332551 md_running
    49     24.50000000     64.95087897      2.72957157    228.80684320    300.00000000      1.00015334      0.03804092     -7.57351677      0.01486000     -7.55865676      0.08246255      0.00544408      0.08100873      0.01374376 md_running
    50     25.00000000     65.22887774      2.78054623    227.66163605    300.00000000      1.00015713      0.03785052     -7.57303323      0.01516327     -7.55786997      0.08393781      0.00545334      0.08250582      0.01398964 md_running
    51     25.50000000     65.50886405      2.83207983    227.05184416    300.00000000      1.00015981      0.03774914     -7.57263684      0.01546653     -7.55717031      0.08397345      0.00546119      0.08254386      0.01399558 md_running
    52     26.00000000     65.77632151      2.88401522    227.13665451    300.00000000      1.00016060      0.03776324     -7.57235545      0.01576980     -7.55658566      0.08240255      0.00546800      0.08095392      0.01373376 md_running
    53     26.50000000     66.04480629      2.93618541    227.86028113    300.00000000      1.00015934      0.03788355     -7.57218110      0.01607306     -7.55610804      0.07933635      0.00547413      0.07784585      0.01322273 md_running
    54     27.00000000     66.31168567      2.98842165    228.96806581    300.00000000      1.00015652      0.03806773     -7.57207122      0.01637633     -7.55569489      0.07514935      0.00547993      0.07359366      0.01252489 md_running
    55     27.50000000     66.58293133      3.04055520    230.08892080    300.00000000      1.00015312      0.03825408     -7.57196393      0.01667959     -7.55528434      0.07042180      0.00548571      0.06877975      0.01173697 md_running
    56     28.00000000     66.85668868      3.09241565    230.85275063    300.00000000      1.00015027      0.03838107     -7.57179756      0.01698286     -7.55481470      0.06583691      0.00549178      0.06409477      0.01097282 md_running
    57     28.50000000     67.13493297      3.14383013    231.00076289    300.00000000      1.00014890      0.03840568     -7.57152893      0.01728612     -7.55424281      0.06203207      0.00549843      0.06018993      0.01033868 md_running
    58     29.00000000     67.41119416      3.19462675    230.45441518    300.00000000      1.00014947      0.03831485     -7.57114600      0.01758939     -7.55355661      0.05942304      0.00550593      0.05749820      0.00990384 md_running
    59     29.50000000     67.66063294      3.24464395    229.32351518    300.00000000      1.00015194      0.03812682     -7.57066800      0.01789265     -7.55277534      0.05808448      0.00551452      0.05610564      0.00968075 md_running
    60     30.00000000     67.88485877      3.29374383    227.85715143    300.00000000      1.00015581      0.03788303     -7.57013810      0.01819592     -7.55194218      0.05777356      0.00552439      0.05576905      0.00962893 md_running
    61     30.50000000     68.13505535      3.34182686    226.35895773    300.00000000      1.00016025      0.03763394     -7.56960820      0.01849918     -7.55110902      0.05808806      0.00553565      0.05607649      0.00968134 md_running
    62     31.00000000     68.39697287      3.38884325    225.09522224    300.00000000      1.00016441      0.03742384     -7.56912359      0.01880245     -7.55032114      0.05865537      0.00554834      0.05664481      0.00977589 md_running
    63     31.50000000     68.67029946      3.43479875    224.22186017    300.00000000      1.00016762      0.03727863     -7.56871051      0.01910572     -7.54960479      0.05925646      0.00556240      0.05724874      0.00987608 md_running
    64     32.00000000     68.94767134      3.47975255    223.74624375    300.00000000      1.00016959      0.03719956     -7.56836992      0.01940898     -7.54896094      0.05985846      0.00557769      0.05785466      0.00997641 md_running
    65     32.50000000     69.22624479      3.52380705    223.53154924    300.00000000      1.00017052      0.03716386     -7.56807804      0.01971225     -7.54836579      0.06059225      0.00559402      0.05859688      0.01009871 md_running
    66     33.00000000     69.50558025      3.56709035    223.34104500    300.00000000      1.00017097      0.03713219     -7.56779405      0.02001551     -7.54777853      0.06167879      0.00561116      0.05970173      0.01027980 md_running
    67     33.50000000     69.76937480      3.60973437    222.91147977    300.00000000      1.00017176      0.03706077     -7.56747244      0.02031878     -7.54715366      0.06332497      0.00562888      0.06138012      0.01055416 md_running
    68     34.00000000     70.04649875      3.65185280    222.03571997    300.00000000      1.00017364      0.03691517     -7.56707753      0.02062204     -7.54645549      0.06561719      0.00564701      0.06371780      0.01093620 md_running
    69     34.50000000     70.31267163      3.69352227    220.63245448    300.00000000      1.00017711      0.03668187     -7.56659472      0.02092531     -7.54566941      0.06844804      0.00566541      0.06660165      0.01140801 md_running
    70     35.00000000     70.59535343      3.73477039    218.77997819    300.00000000      1.00018221      0.03637388     -7.56603700      0.02122857     -7.54480843      0.07152563      0.00568404      0.06973109      0.01192094 md_running
    71     35.50000000     70.86503805      3.77557199    216.69828915    300.00000000      1.00018853      0.03602778     -7.56544178      0.02153184     -7.54390994      0.07445771      0.00570293      0.07270563      0.01240962 md_running
    72     36.00000000     71.14198366      3.81585388    214.68501819    300.00000000      1.00019526      0.03569306     -7.56485999      0.02183510     -7.54302488      0.07687034      0.00572221      0.07514607      0.01281172 md_running
    73     36.50000000     71.41193318      3.85550668    213.02656691    300.00000000      1.00020138      0.03541733     -7.56434060      0.02213837     -7.54220223      0.07850964      0.00574201      0.07679657      0.01308494 md_running
    74     37.00000000     71.67014698      3.89439958    211.91438120    300.00000000      1.00020603      0.03523242     -7.56391699      0.02244163     -7.54147536      0.07931251      0.00576254      0.07759523      0.01321875 md_running
    75     37.50000000     71.93593649      3.93239525    211.39591188    300.00000000      1.00020874      0.03514622     -7.56359782      0.02274490     -7.54085292      0.07941519      0.00578398      0.07768177      0.01323587 md_running
    76     38.00000000     72.20083755      3.96936171    211.37838914    300.00000000      1.00020954      0.03514331     -7.56336794      0.02304816     -7.54031978      0.07911300      0.00580652      0.07735705      0.01318550 md_running
    77     38.50000000     72.46601641      4.00518071    211.68260644    300.00000000      1.00020893      0.03519389     -7.56319748      0.02335143     -7.53984605      0.07875910      0.00583031      0.07698054      0.01312652 md_running
    78     39.00000000     72.74258477      4.03975243    212.12390077    300.00000000      1.00020758      0.03526725     -7.56305541      0.02365470     -7.53940071      0.07863769      0.00585548      0.07684182      0.01310628 md_running
    79     39.50000000     73.01974069      4.07299863    212.59028350    300.00000000      1.00020603      0.03534479     -7.56292323      0.02395796     -7.53896527      0.07886224      0.00588214      0.07705670      0.01314371 md_running
    80     40.00000000     73.27428503      4.10486571    213.08960849    300.00000000      1.00020448      0.03542781     -7.56280246      0.02426123     -7.53854123      0.07934305      0.00591036      0.07753377      0.01322384 md_running
    81     40.50000000     73.52646833      4.13532872    213.75137349    300.00000000      1.00020267      0.03553783     -7.56271534      0.02456449     -7.53815085      0.07983235      0.00594016      0.07802080      0.01330539 md_running
    82     41.00000000     73.78734249      4.16439629    214.78702929    300.00000000      1.00020003      0.03571002     -7.56269762      0.02486776     -7.53782986      0.08002265      0.00597152      0.07820513      0.01333711 md_running
    83     41.50000000     74.05345851      4.19211512    216.42432970    300.00000000      1.00019582      0.03598223     -7.56278791      0.02517102     -7.53761689      0.07965715      0.00600437      0.07782612      0.01327619 md_running
    84     42.00000000     74.32978491      4.21857261    218.83833560    300.00000000      1.00018942      0.03638358     -7.56301548      0.02547429     -7.53754119      0.07860580      0.00603860      0.07675208      0.01310097 md_running
    85     42.50000000     74.59867613      4.24389605    222.10221263    300.00000000      1.00018054      0.03692623     -7.56339187      0.02577755     -7.53761431      0.07688831      0.00607403      0.07500383      0.01281472 md_running
    86     43.00000000     74.86599676      4.26824768    226.16871786    300.00000000      1.00016935      0.03760231     -7.56390863      0.02608082     -7.53782781      0.07466696      0.00611043      0.07274752      0.01244449 md_running
    87     43.50000000     75.14659601      4.29181578    230.88225767    300.00000000      1.00015637      0.03838598     -7.56453824      0.02638408     -7.53815416      0.07221967      0.00614754      0.07026771      0.01203661 md_running
    88     44.00000000     75.42281967      4.31480214    236.01683355    300.00000000      1.00014240      0.03923964     -7.56524156      0.02668735     -7.53855421      0.06988717      0.00618507      0.06791427      0.01164786 md_running
    89     44.50000000     75.67253169      4.33740730    241.33000300    300.00000000      1.00012822      0.04012300     -7.56597655      0.02699061     -7.53898594      0.06800334      0.00622275      0.06603114      0.01133389 md_running
    90     45.00000000     75.92570537      4.35981613    246.61948554    300.00000000      1.00011449      0.04100241     -7.56670793      0.02729388     -7.53941405      0.06681004      0.00626033      0.06486781      0.01113501 md_running
    91     45.50000000     76.19606645      4.38218610    251.76851553    300.00000000      1.00010159      0.04185848     -7.56741511      0.02759714     -7.53981797      0.06638042      0.00629758      0.06449889      0.01106340 md_running
    92     46.00000000     76.47459852      4.40463982    256.76543086    300.00000000      1.00008961      0.04268926     -7.56809552      0.02790041     -7.54019511      0.06659354      0.00633432      0.06479716      0.01109892 md_running
    93     46.50000000     76.75408812      4.42726295    261.69182483    300.00000000      1.00007838      0.04350831     -7.56876251      0.02820367     -7.54055883      0.06718209      0.00637046      0.06548467      0.01119701 md_running
    94     47.00000000     77.03197191      4.45010793    266.68373736    300.00000000      1.00006758      0.04433825     -7.56943899      0.02850694     -7.54093205      0.06783490      0.00640590      0.06623976      0.01130582 md_running
    95     47.50000000     77.30262349      4.47320248    271.87606329    300.00000000      1.00005689      0.04520152     -7.57014776      0.02881020     -7.54133755      0.06830359      0.00644062      0.06680676      0.01138393 md_running
    96     48.00000000     77.58281594      4.49656009    277.35249383    300.00000000      1.00004609      0.04611202     -7.57090306      0.02911347     -7.54178959      0.06846794      0.00647461      0.06706214      0.01141132 md_running
    97     48.50000000     77.84429106      4.52019070    283.11962644    300.00000000      1.00003513      0.04707085     -7.57170587      0.02941674     -7.54228914      0.06834213      0.00650786      0.06701927      0.01139036 md_running
    98     49.00000000     78.11112042      4.54410925    289.10856605    300.00000000      1.00002410      0.04806656     -7.57254450      0.02972000     -7.54282450      0.06804280      0.00654034      0.06679490      0.01134047 md_running
    99     49.50000000     78.35027609      4.56834073    295.20451689    300.00000000      1.00001321      0.04908006     -7.57339906      0.03002327     -7.54337579      0.06770952      0.00657203      0.06652884      0.01128492 md_running
   100     50.00000000     78.60228312      4.59292250    301.29180693    300.00000000      1.00000270      0.05009211     -7.57424964      0.03032653     -7.54392311      0.06743461      0.00660289      0.06631294      0.01123910 md_running
   101     50.50000000     78.86364963      4.61790439    307.29308347    300.00000000      0.99999270      0.05108987     -7.57508309      0.03062980     -7.54445330      0.06721570      0.00663284      0.06614322      0.01120262 md_running
   102     51.00000000     79.14093529      4.64334776    313.19077271    300.00000000      0.99998325      0.05207041     -7.57589571      0.03093306     -7.54496264      0.06695467      0.00666180      0.06591969      0.01115911 md_running
   103     51.50000000     79.40848109      4.66932401    319.02711554    300.00000000      0.99997430      0.05304075     -7.57669455      0.03123633     -7.54545822      0.06650006      0.00668969      0.06548955      0.01108334 md_running
   104     52.00000000     79.66076274      4.69591329    324.88171264    300.00000000      0.99996571      0.05401412     -7.57749251      0.03153959     -7.54595292      0.06571588      0.00671639      0.06471640      0.01095265 md_running
   105     52.50000000     79.90749912      4.72320324    330.83714253    300.00000000      0.99995734      0.05500426     -7.57830311      0.03184286     -7.54646026      0.06454325      0.00674180      0.06354240      0.01075721 md_running
   106     53.00000000     80.17937801      4.75128749    336.94586506    300.00000000      0.99994909      0.05601988     -7.57913486      0.03214612     -7.54698874      0.06303622      0.00676577      0.06202433      0.01050604 md_running
   107     53.50000000     80.44038343      4.78026330    343.20699747    300.00000000      0.99994091      0.05706084     -7.57998690      0.03244939     -7.54753752      0.06136657      0.00678820      0.06033836      0.01022776 md_running
   108     54.00000000     80.71094870      4.81022838    349.55936398    300.00000000      0.99993286      0.05811697     -7.58084846      0.03275265     -7.54809580      0.05978952      0.00680896      0.05874563      0.00996492 md_running
   109     54.50000000     80.99145375      4.84127718    355.88781042    300.00000000      0.99992504      0.05916913     -7.58169936      0.03305592     -7.54864345      0.05859314      0.00682794      0.05754029      0.00976552 md_running
   110     55.00000000     81.27194282      4.87349412    362.04524499    300.00000000      0.99991761      0.06019285     -7.58251428      0.03335918     -7.54915510      0.05802911      0.00684503      0.05698075      0.00967152 md_running
   111     55.50000000     81.55172486      4.90694853    367.88553382    300.00000000      0.99991072      0.06116384     -7.58326826      0.03366245     -7.54960581      0.05823176      0.00686016      0.05720468      0.00970529 md_running
   112     56.00000000     81.80264778      4.94168993    373.29182466    300.00000000      0.99990447      0.06206268     -7.58394118      0.03396571     -7.54997546      0.05917011      0.00687330      0.05817903      0.00986169 md_running
   113     56.50000000     82.05669632      4.97774392    378.19866168    300.00000000      0.99989891      0.06287848     -7.58452177      0.03426898     -7.55025279      0.06065486      0.00688445      0.05970906      0.01010914 md_running
   114     57.00000000     82.33786001      5.01511196    382.60340093    300.00000000      0.99989404      0.06361080     -7.58500946      0.03457224     -7.55043722      0.06238855      0.00689362      0.06149031      0.01039809 md_running
   115     57.50000000     82.61139471      5.05377421    386.56092461    300.00000000      0.99988977      0.06426877     -7.58541391      0.03487551     -7.55053840      0.06404571      0.00690089      0.06319188      0.01067428 md_running
   116     58.00000000     82.87783357      5.09369696    390.15980771    300.00000000      0.99988599      0.06486711     -7.58575046      0.03517877     -7.55057169      0.06534612      0.00690634      0.06452983      0.01089102 md_running
   117     58.50000000     83.15391914      5.13484004    393.48946250    300.00000000      0.99988260      0.06542069     -7.58603443      0.03548204     -7.55055239      0.06611946      0.00691006      0.06533210      0.01101991 md_running
   118     59.00000000     83.41938523      5.17716592    396.61247536    300.00000000      0.99987948      0.06593992     -7.58627680      0.03578530     -7.55049150      0.06633277      0.00691215      0.06556536      0.01105546 md_running
   119     59.50000000     83.67428271      5.22064774    399.54678933    300.00000000      0.99987659      0.06642777     -7.58648075      0.03608857     -7.55039219      0.06608900      0.00691267      0.06533294      0.01101483 md_running
   120     60.00000000     83.92451379      5.26527449    402.26427821    300.00000000      0.99987393      0.06687958     -7.58664162      0.03639183     -7.55024978      0.06560374      0.00691168      0.06485093      0.01093396 md_running
   121     60.50000000     84.19595385      5.31105290    404.70848514    300.00000000      0.99987153      0.06728594     -7.58674952      0.03669510     -7.55005442      0.06513430      0.00690920      0.06437784      0.01085572 md_running
   122     61.00000000     84.47027741      5.35800619    406.82493835    300.00000000      0.99986943      0.06763782     -7.58679504      0.03699836     -7.54979668      0.06490391      0.00690526      0.06413885      0.01081732 md_running
   123     61.50000000     84.73456169      5.40617074    408.58767519    300.00000000      0.99986767      0.06793089     -7.58677351      0.03730163     -7.54947188      0.06503298      0.00689983      0.06425587      0.01083883 md_running
   124     62.00000000     85.01226566      5.45559043    410.01548081    300.00000000      0.99986625      0.06816827     -7.58668754      0.03760489     -7.54908265      0.06551788      0.00689292      0.06472635      0.01091965 md_running
   125     62.50000000     85.29046258      5.50630987    411.17368227    300.00000000      0.99986511      0.06836083     -7.58654827      0.03790816     -7.54864011      0.06624741      0.00688450      0.06543987      0.01104123 md_running
   126     63.00000000     85.56106794      5.55836803    412.15974436    300.00000000      0.99986417      0.06852477     -7.58637163      0.03821142     -7.54816021      0.06706710      0.00687459      0.06624251      0.01117785 md_running
   127     63.50000000     85.82027837      5.61179231    413.07956012    300.00000000      0.99986335      0.06867770     -7.58617550      0.03851469     -7.54766082      0.06784659      0.00686318      0.06700486      0.01130777 md_running
   128     64.00000000     86.09797925      5.66659375    414.02273649    300.00000000      0.99986254      0.06883451     -7.58597493      0.03881795     -7.54715698      0.06851610      0.00685033      0.06765866      0.01141935 md_running
   129     64.50000000     86.37067110      5.72276418    415.05121340    300.00000000      0.99986168      0.06900550     -7.58578030      0.03912122     -7.54665908      0.06906772      0.00683608      0.06819892      0.01151129 md_running
   130     65.00000000     86.63496574      5.78027595    416.19828483    300.00000000      0.99986074      0.06919621     -7.58559760      0.03942448     -7.54617312      0.06952091      0.00682053      0.06864705      0.01158682 md_running
   131     65.50000000     86.89673796      5.83908267    417.47151192    300.00000000      0.99985969      0.06940790     -7.58542835      0.03972774     -7.54570061      0.06987709      0.00680378      0.06900552      0.01164618 md_running
   132     66.00000000     87.16912335      5.89912085    418.86183469    300.00000000      0.99985854      0.06963905     -7.58527149      0.04003101     -7.54524048      0.07008965      0.00678594      0.06922786      0.01168161 md_running
   133     66.50000000     87.44539752      5.96031370    420.35643857    300.00000000      0.99985730      0.06988754     -7.58512535      0.04033427     -7.54479107      0.07005401      0.00676716      0.06920886      0.01167567 md_running
   134     67.00000000     87.70574796      6.02257642    421.94981077    300.00000000      0.99985599      0.07015245     -7.58498959      0.04063754     -7.54435205      0.06962749      0.00674755      0.06880459      0.01160458 md_running
   135     67.50000000     87.98343204      6.08582307    423.64667801    300.00000000      0.99985461      0.07043457     -7.58486585      0.04094080     -7.54392504      0.06865669      0.00672726      0.06786008      0.01144278 md_running
   136     68.00000000     88.24996885      6.14997393    425.45765981    300.00000000      0.99985315      0.07073566     -7.58475677      0.04124407     -7.54351270      0.06701848      0.00670640      0.06625091      0.01116975 md_running
   137     68.50000000     88.52197110      6.21496323    427.38356632    300.00000000      0.99985160      0.07105585     -7.58466307      0.04154733     -7.54311574      0.06466828      0.00668507      0.06393023      0.01077805 md_running
   138     69.00000000     88.80008394      6.28074375    429.39603365    300.00000000      0.99984998      0.07139044     -7.58458063      0.04185059     -7.54273004      0.06168015      0.00666334      0.06097070      0.01028003 md_running
   139     69.50000000     89.07033322      6.34729023    431.43136585    300.00000000      0.99984832      0.07172883     -7.58449908      0.04215386     -7.54234523      0.05829867      0.00664126      0.05761818      0.00971644 md_running
   140     70.00000000     89.35055745      6.41460193    433.39514221    300.00000000      0.99984670      0.07205533     -7.58440242      0.04245712     -7.54194530      0.05497378      0.00661885      0.05432600      0.00916230 md_running
   141     70.50000000     89.62194628      6.48270238    435.17297862    300.00000000      0.99984519      0.07235090     -7.58427163      0.04276038     -7.54151125      0.05234462      0.00659611      0.05173734      0.00872410 md_running
   142     71.00000000     89.88572626      6.55163501    436.65058444    300.00000000      0.99984388      0.07259657     -7.58408699      0.04306364     -7.54102334      0.05110820      0.00657300      0.05055157      0.00851803 md_running
   143     71.50000000     90.15092365      6.62145520    437.73970000    300.00000000      0.99984286      0.07277764     -7.58383325      0.04336691     -7.54046634      0.05173675      0.00654949      0.05123772      0.00862279 md_running
   144     72.00000000     90.43310576      6.69221990    438.39792370    300.00000000      0.99984217      0.07288708     -7.58350311      0.04367017     -7.53983294      0.05422760      0.00652555      0.05378393      0.00903793 md_running
   145     72.50000000     90.70231055      6.76397551    438.63935140    300.00000000      0.99984183      0.07292722     -7.58309838      0.04397343     -7.53912495      0.05809836      0.00650116      0.05769829      0.00968306 md_running
   146     73.00000000     90.98145262      6.83674588    438.53501451    300.00000000      0.99984179      0.07290987     -7.58263058      0.04427669     -7.53835389      0.06262944      0.00647633      0.06225727      0.01043824 md_running
   147     73.50000000     91.24915512      6.91052354    438.20197202    300.00000000      0.99984198      0.07285450     -7.58212003      0.04457996     -7.53754007      0.06711848      0.00645107      0.06676029      0.01118641 md_running
   148     74.00000000     91.52491698      6.98526508    437.76977812    300.00000000      0.99984229      0.07278264     -7.58158891      0.04488322     -7.53670569      0.07103128      0.00642547      0.07067482      0.01183855 md_running
   149     74.50000000     91.80734401      7.06088674    437.34529281    300.00000000      0.99984264      0.07271207     -7.58105558      0.04518648     -7.53586910      0.07403274      0.00639960      0.07366804      0.01233879 md_running
   150     75.00000000     92.07987553      7.13726402    437.00225974    300.00000000      0.99984295      0.07265504     -7.58053326      0.04548974     -7.53504352      0.07596840      0.00637361      0.07558883      0.01266140 md_running
   151     75.50000000     92.35990306      7.21423660    436.78210122    300.00000000      0.99984317      0.07261843     -7.58002973      0.04579300     -7.53423673      0.07682654      0.00634765      0.07642801      0.01280442 md_running
   152     76.00000000     92.63407819      7.29161576    436.70039818    300.00000000      0.99984329      0.07260485     -7.57954875      0.04609626     -7.53345250      0.07668762      0.00632188      0.07626811      0.01278127 md_running
   153     76.50000000     92.88965318      7.36919427    436.76190167    300.00000000      0.99984330      0.07261508     -7.57909217      0.04639952     -7.53269265      0.07567556      0.00629649      0.07523527      0.01261259 md_running
   154     77.00000000     93.15776215      7.44675903    436.97205886    300.00000000      0.99984319      0.07265002     -7.57866227      0.04670278     -7.53195949      0.07392565      0.00627164      0.07346601      0.01232094 md_running
   155     77.50000000     93.42407358      7.52410333    437.34269479    300.00000000      0.99984297      0.07271164     -7.57826245      0.04700604     -7.53125641      0.07157016      0.00624748      0.07109403      0.01192836 md_running
   156     78.00000000     93.69013954      7.60103981    437.89587918    300.00000000      0.99984261      0.07280361     -7.57789714      0.04730929     -7.53058785      0.06874488      0.00622414      0.06825693      0.01145748 md_running
   157     78.50000000     93.94179362      7.67741285    438.65559087    300.00000000      0.99984210      0.07292992     -7.57757187      0.04761255     -7.52995932      0.06559893      0.00620173      0.06510479      0.01093315 md_running
   158     79.00000000     94.21540365      7.75310745    439.62644050    300.00000000      0.99984143      0.07309133     -7.57728814      0.04791581     -7.52937233      0.06230721      0.00618031      0.06181161      0.01038454 md_running
   159     79.50000000     94.49572939      7.82805200    440.77983515    300.00000000      0.99984060      0.07328309     -7.57704137      0.04821907     -7.52882230      0.05909720      0.00615989      0.05860455      0.00984953 md_running
   160     80.00000000     94.76734938      7.90221997    442.05517969    300.00000000      0.99983965      0.07349512     -7.57682169      0.04852232     -7.52829937      0.05627666      0.00614046      0.05579212      0.00937944 md_running
   161     80.50000000     95.04186264      7.97563071    443.36059166    300.00000000      0.99983865      0.07371216     -7.57661360      0.04882558     -7.52778803      0.05422471      0.00612197      0.05375299      0.00903745 md_running
   162     81.00000000     95.32168898      8.04834491    444.57703995    300.00000000      0.99983767      0.07391440     -7.57639667      0.04912883     -7.52726784      0.05333209      0.00610434      0.05287597      0.00888868 md_running
   163     81.50000000     95.59173670      8.12045606    445.57991279    300.00000000      0.99983681      0.07408114     -7.57614901      0.04943209     -7.52671693      0.05387392      0.00608749      0.05343304      0.00897899 md_running
   164     82.00000000     95.84922482      8.19208047    446.26819348    300.00000000      0.99983616      0.07419557     -7.57585292      0.04973534     -7.52611757      0.05586223      0.00607129      0.05543067      0.00931037 md_running
   165     82.50000000     96.12340872      8.26334484    446.58931367    300.00000000      0.99983578      0.07424896     -7.57549850      0.05003860     -7.52545990      0.05899962      0.00605564      0.05856611      0.00983327 md_running
   166     83.00000000     96.38429734      8.33437411    446.55259054    300.00000000      0.99983568      0.07424285     -7.57508655      0.05034185     -7.52474470      0.06275710      0.00604043      0.06230649      0.01045952 md_running
   167     83.50000000     96.66225579      8.40527910    446.22414062    300.00000000      0.99983582      0.07418825     -7.57462758      0.05064510     -7.52398247      0.06653874      0.00602556      0.06605422      0.01108979 md_running
   168     84.00000000     96.93856816      8.47614598    445.70437807    300.00000000      0.99983616      0.07410183     -7.57413801      0.05094835     -7.52318966      0.06980561      0.00601097      0.06927041      0.01163427 md_running
   169     84.50000000     97.20783709      8.54702835    445.09318449    300.00000000      0.99983660      0.07400022     -7.57363443      0.05125160     -7.52238282      0.07215703      0.00599661      0.07155469      0.01202617 md_running
   170     85.00000000     97.47611358      8.61794203    444.45570643    300.00000000      0.99983707      0.07389423     -7.57312776      0.05155486     -7.52157290      0.07338840      0.00598247      0.07270289      0.01223140 md_running
   171     85.50000000     97.74648086      8.68886337    443.80157042    300.00000000      0.99983756      0.07378548     -7.57261999      0.05185810     -7.52076188      0.07350797      0.00596855      0.07272422      0.01225133 md_running
   172     86.00000000     98.02238227      8.75973099    443.08362572    300.00000000      0.99983807      0.07366611     -7.57210295      0.05216135     -7.51994160      0.07272930      0.00595490      0.07183456      0.01212155 md_running
   173     86.50000000     98.30090519      8.83045100    442.22278893    300.00000000      0.99983866      0.07352299     -7.57156378      0.05246460     -7.51909918      0.07143439      0.00594156      0.07042191      0.01190573 md_running
   174     87.00000000     98.57943180      8.90090732    441.14445479    300.00000000      0.99983939      0.07334371     -7.57099046      0.05276785     -7.51822261      0.07009985      0.00592861      0.06897228      0.01168331 md_running
   175     87.50000000     98.85397962      8.97097376    439.80972026    300.00000000      0.99984032      0.07312180     -7.57037681      0.05307109     -7.51730571      0.06918561      0.00591613      0.06795807      0.01153093 md_running
   176     88.00000000     99.13583384      9.04052743    438.23842617    300.00000000      0.99984145      0.07286056     -7.56972676      0.05337434     -7.51635242      0.06901236      0.00590417      0.06771211      0.01150206 md_running
   177     88.50000000     99.41126951      9.10946170    436.51540585    300.00000000      0.99984275      0.07257409     -7.56905509      0.05367758     -7.51537751      0.06967616      0.00589280      0.06833749      0.01161269 md_running
   178     89.00000000     99.66886812      9.17769810    434.77656262    300.00000000      0.99984414      0.07228500     -7.56838509      0.05398083     -7.51440427      0.07104470      0.00588204      0.06970153      0.01184078 md_running
   179     89.50000000     99.94831318      9.24519628    433.18099443    300.00000000      0.99984548      0.07201972     -7.56774373      0.05428407     -7.51345966      0.07282544      0.00587191      0.07150540      0.01213757 md_running
   180     90.00000000    100.22320890      9.31196134    431.87565548    300.00000000      0.99984666      0.07180270     -7.56715581      0.05458731     -7.51256850      0.07466821      0.00586239      0.07338989      0.01244470 md_running
   181     90.50000000    100.49787631      9.37804664    430.96046112    300.00000000      0.99984757      0.07165054     -7.56663809      0.05489055     -7.51174754      0.07625612      0.00585344      0.07502997      0.01270935 md_running
   182     91.00000000    100.77526761      9.44355287    430.46148772    300.00000000      0.99984814      0.07156758     -7.56619409      0.05519379     -7.51100030      0.07737106      0.00584496      0.07620075      0.01289518 md_running
   183     91.50000000    101.05329630      9.50862053    430.32419092    300.00000000      0.99984838      0.07154476     -7.56581400      0.05549703     -7.51031697      0.07792410      0.00583688      0.07680944      0.01298735 md_running
   184     92.00000000    101.33082134      9.57342105    430.43170398    300.00000000      0.99984838      0.07156263     -7.56547699      0.05580027     -7.50967672      0.07795167      0.00582906      0.07688986      0.01299194 md_running
   185     92.50000000    101.60564816      9.63814382    430.64134419    300.00000000      0.99984823      0.07159748     -7.56515775      0.05610350     -7.50905425      0.07758201      0.00582140      0.07656868      0.01293033 md_running
   186     93.00000000    101.84080544      9.70298235    430.82994936    300.00000000      0.99984806      0.07162884     -7.56483423      0.05640674     -7.50842749      0.07697540      0.00581377      0.07600448      0.01282923 md_running
   187     93.50000000    102.08292633      9.76811964    430.93089852    300.00000000      0.99984794      0.07164563     -7.56449427      0.05670997     -7.50778430      0.07625417      0.00580607      0.07531718      0.01270903 md_running
   188     94.00000000    102.36031210      9.83371406    430.95109099    300.00000000      0.99984789      0.07164898     -7.56413790      0.05701320     -7.50712470      0.07544169      0.00579820      0.07452749      0.01257361 md_running
   189     94.50000000    102.63200900      9.89988792    430.96219250    300.00000000      0.99984790      0.07165083     -7.56377701      0.05731643     -7.50646058      0.07446088      0.00579010      0.07355566      0.01241015 md_running
   190     95.00000000    102.88407444      9.96671932    431.06519606    300.00000000      0.99984787      0.07166795     -7.56342842      0.05761966     -7.50580876      0.07317972      0.00578172      0.07226697      0.01219662 md_running
   191     95.50000000    103.15215117     10.03423630    431.34440105    300.00000000      0.99984772      0.07171437     -7.56310632      0.05792289     -7.50518344      0.07148205      0.00577307      0.07054361      0.01191368 md_running
   192     96.00000000    103.42916750     10.10241450    431.83001864    300.00000000      0.99984741      0.07179511     -7.56281634      0.05822611     -7.50459023      0.06935361      0.00576415      0.06837198      0.01155894 md_running
   193     96.50000000    103.69916493     10.17117976    432.47903979    300.00000000      0.99984694      0.07190302     -7.56255143      0.05852933     -7.50402210      0.06694549      0.00575502      0.06590668      0.01115758 md_running
   194     97.00000000    103.96774059     10.24041435    433.18503430    300.00000000      0.99984638      0.07202039     -7.56229442      0.05883255     -7.50346187      0.06459717      0.00574575      0.06349527      0.01076619 md_running
   195     97.50000000    104.24016526     10.30996679    433.81300880    300.00000000      0.99984582      0.07212480     -7.56202318      0.05913577     -7.50288741      0.06278400      0.00573643      0.06162636      0.01046400 md_running
   196     98.00000000    104.51118106     10.37966451    434.24668270    300.00000000      0.99984538      0.07219690     -7.56171888      0.05943898     -7.50227989      0.06197946      0.00572716      0.06078935      0.01032991 md_running
   197     98.50000000    104.77791496     10.44932777    434.43554149    300.00000000      0.99984513      0.07222830     -7.56137363      0.05974219     -7.50163144      0.06246940      0.00571803      0.06128212      0.01041157 md_running
   198     99.00000000    105.05362737     10.51878421    434.42172589    300.00000000      0.99984507      0.07222600     -7.56099547      0.06004540     -7.50095006      0.06421422      0.00570913      0.06306630      0.01070237 md_running
   199     99.50000000    105.32444500     10.58788290    434.33824548    300.00000000      0.99984514      0.07221212     -7.56060767      0.06034861     -7.50025906      0.06686430      0.00570055      0.06578349      0.01114405 md_running
   200    100.00000000    105.59896503     10.65650749    434.38260617    300.00000000      0.99984519      0.07221950     -7.56024414      0.06065181     -7.49959233      0.06989475      0.00569233      0.06889634      0.01164912 max_step
