  step         time_fs     wall_time_s        rti_dist          temp_K     temp_bath_K   thermo_lambda          kin_Ha     pot_real_Ha     pot_rtip_Ha    pot_total_Ha          f_real          f_rtip         f_total      rms_f_real state_decision
     1      0.50000000     10.48588268      0.09788878      0.21970309   1000.00000000      1.41385996      0.00003653     -7.59808401      0.00121306     -7.59687094      0.06780985      0.01239224      0.06482127      0.01130164 md_running
     2      1.00000000     21.76832001      0.09693022      2.44489112   1000.00000000      1.41385996      0.00040648     -7.59826873      0.00242612     -7.59584261      0.06552182      0.02502958      0.06277509      0.01092030 md_running
     3      1.50000000     40.67388795      0.09775214      6.23844429   1000.00000000      1.13264725      0.00103719     -7.59863403      0.00363918     -7.59499485      0.06055059      0.03722869      0.06322392      0.01009177 md_running
     4      2.00000000     40.93552420      0.10456043     11.78767497   1000.00000000      1.05970948      0.00195979     -7.59904044      0.00485225     -7.59418819      0.05414367      0.04640613      0.06547402      0.00902394 md_running
     5      2.50000000     41.16976617      0.12097545     19.74670056   1000.00000000      1.03272280      0.00328304     -7.59936280      0.00606531     -7.59329750      0.04771210      0.05013667      0.06502118      0.00795202 md_running
     6      3.00000000     41.42018591      0.14868877     29.71993564   1000.00000000      1.02004478      0.00494117     -7.59947041      0.00727837     -7.59219204      0.04337876      0.04895036      0.06028032      0.00722979 md_running
     7      3.50000000     41.66632360      0.18696043     40.14090691   1000.00000000      1.01379474      0.00667374     -7.59923557      0.00849143     -7.59074414      0.04379127      0.04541832      0.05465922      0.00729854 md_running
     8      4.00000000     41.92721597      0.23354909     49.38898164   1000.00000000      1.01058644      0.00821130     -7.59858639      0.00970449     -7.58888190      0.04984519      0.04155225      0.05279910      0.00830753 md_running
     9      4.50000000     46.04257387      0.28586734     56.74714090   1000.00000000      1.00885505      0.00943466     -7.59755765      0.01091755     -7.58664010      0.05951350      0.03819097      0.05654030      0.00991892 md_running
    10      5.00000000     46.30869353      0.34165294     62.58328765   1000.00000000      1.00784878      0.01040496     -7.59630131      0.01213061     -7.58417070      0.06984715      0.03550566      0.06381114      0.01164119 md_running
    11      5.50000000     46.59285948      0.39928040     68.00552993   1000.00000000      1.00716058      0.01130645     -7.59504497      0.01334367     -7.58170129      0.07847769      0.03341931      0.07131152      0.01307961 md_running
    12      6.00000000     51.81901350      0.45788258     74.27192800   1000.00000000      1.00655248      0.01234829     -7.59400874      0.01455674     -7.57945200      0.08392709      0.03179142      0.07666225      0.01398785 md_running
    13      6.50000000     56.88599446      0.51732142     82.18548590   1000.00000000      1.00591780      0.01366398     -7.59331530      0.01576980     -7.57754551      0.08566741      0.03048356      0.07879496      0.01427790 md_running
    14      7.00000000     57.13162707      0.57800573     91.70609137   1000.00000000      1.00526515      0.01524685     -7.59293346      0.01698286     -7.57595060      0.08416969      0.02938182      0.07785217      0.01402828 md_running
    15      7.50000000     57.39070472      0.64058554    101.93656324   1000.00000000      1.00466257      0.01694775     -7.59268548      0.01819592     -7.57448956      0.08084043      0.02840514      0.07501092      0.01347340 md_running
    16      8.00000000     57.66913789      0.70560705    111.47568117   1000.00000000      1.00417154      0.01853370     -7.59231547      0.01940898     -7.57290649      0.07770530      0.02750678      0.07214489      0.01295088 md_running
    17      8.50000000     64.22882997      0.77324026    118.95860328   1000.00000000      1.00381863      0.01977780     -7.59158673      0.02062204     -7.57096469      0.07670069      0.02666964      0.07114589      0.01278345 md_running
    18      9.00000000     64.50265915      0.84315852    123.54738623   1000.00000000      1.00360135      0.02054072     -7.59036553      0.02183510     -7.56853042      0.07876547      0.02589680      0.07302781      0.01312758 md_running
    19      9.50000000     64.76908099      0.91458316    125.20616676   1000.00000000      1.00350101      0.02081650     -7.58866334      0.02304817     -7.56561518      0.08343571      0.02520073      0.07745080      0.01390595 md_running
    20     10.00000000     65.02623525      0.98644718    124.71352978   1000.00000000      1.00348909      0.02073460     -7.58663374      0.02426123     -7.56237251      0.08934633      0.02459455      0.08314227      0.01489106 md_running
    21     10.50000000     65.28914624      1.05761015    123.45050044   1000.00000000      1.00352678      0.02052461     -7.58453050      0.02547429     -7.55905621      0.09502069      0.02408665      0.08867064      0.01583678 md_running
    22     11.00000000     65.55603561      1.12706463    123.04424182   1000.00000000      1.00356412      0.02045707     -7.58264390      0.02668735     -7.55595655      0.09933487      0.02367863      0.09292625      0.01655581 md_running
    23     11.50000000     65.81723928      1.19409195    124.97646636   1000.00000000      1.00354710      0.02077831     -7.58123167      0.02790041     -7.55333126      0.10161660      0.02336538      0.09523700      0.01693610 md_running
    24     12.00000000     66.07852237      1.25835071    130.25296607   1000.00000000      1.00343649      0.02165557     -7.58046379      0.02911347     -7.55135032      0.10159711      0.02313621      0.09533035      0.01693285 md_running
    25     12.50000000     66.34255139      1.31989880    139.19025634   1000.00000000      1.00322765      0.02314147     -7.58038695      0.03032653     -7.55006042      0.09936197      0.02297641      0.09328677      0.01656033 md_running
    26     13.00000000     66.59879578      1.37915427    151.34759318   1000.00000000      1.00295232      0.02516272     -7.58091384      0.03153959     -7.54937424      0.09535753      0.02286879      0.08954755      0.01589292 md_running
    27     13.50000000     66.85688339      1.43680328    165.62285773   1000.00000000      1.00265844      0.02753609     -7.58184139      0.03275266     -7.54908873      0.09044290      0.02279550      0.08497307      0.01507382 md_running
    28     14.00000000     67.10159352      1.49367148    180.50783550   1000.00000000      1.00238695      0.03001084     -7.58289520      0.03396572     -7.54892949      0.08591831      0.02273975      0.08087152      0.01431972 md_running
    29     14.50000000     67.35138418      1.55058038    194.46804293   1000.00000000      1.00216111      0.03233183     -7.58379645      0.03517878     -7.54861768      0.08334818      0.02268749      0.07881157      0.01389136 md_running
    30     15.00000000     67.60507243      1.60822017    206.37520114   1000.00000000      1.00198772      0.03431149     -7.58433826      0.03639184     -7.54794642      0.08395620      0.02262864      0.07998367      0.01399270 md_running
    31     15.50000000     67.85510759      1.66707098    215.87183496   1000.00000000      1.00186205      0.03589038     -7.58444817      0.03760490     -7.54684327      0.08781653      0.02255747      0.08438029      0.01463609 md_running
    32     16.00000000     68.11446347      1.72739262    223.53560819   1000.00000000      1.00177196      0.03716454     -7.58421797      0.03881796     -7.54540001      0.09358154      0.02247200      0.09058261      0.01559692 md_running
    33     16.50000000     68.35599201      1.78928556    230.73538441   1000.00000000      1.00170070      0.03836156     -7.58387867      0.04003102     -7.54384764      0.09905808      0.02237263      0.09638649      0.01650968 md_running
    34     17.00000000     68.61045463      1.85280085    239.14912114   1000.00000000      1.00163037      0.03976041     -7.58371619      0.04124408     -7.54247210      0.10209522      0.02226040      0.09966955      0.01701587 md_running
    35     17.50000000     68.85070842      1.91805269    250.08586121   1000.00000000      1.00154747      0.04157873     -7.58395366      0.04245715     -7.54149652      0.10122365      0.02213555      0.09899186      0.01687061 md_running
    36     18.00000000     69.09949101      1.98528466    263.90051723   1000.00000000      1.00144835      0.04387552     -7.58464904      0.04367021     -7.54097883      0.09598400      0.02199695      0.09390140      0.01599733 md_running
    37     18.50000000     69.36401632      2.05485928    279.78716964   1000.00000000      1.00134000      0.04651680     -7.58565954      0.04488327     -7.54077627      0.08705984      0.02184250      0.08506158      0.01450997 md_running
    38     19.00000000     69.62624715      2.12717635    296.05336490   1000.00000000      1.00123493      0.04922118     -7.58669070      0.04609633     -7.54059437      0.07627309      0.02167020      0.07424577      0.01271218 md_running
    39     19.50000000     69.86554561      2.20255382    310.73267086   1000.00000000      1.00114454      0.05166173     -7.58740410      0.04730939     -7.54009471      0.06647717      0.02147934      0.06425484      0.01107953 md_running
    40     20.00000000     70.11425268      2.28112109    322.25847112   1000.00000000      1.00107543      0.05357799     -7.58753338      0.04852245     -7.53901092      0.06099795      0.02127132      0.05844044      0.01016632 md_running
    41     20.50000000     70.37752631      2.36276649    329.93587161   1000.00000000      1.00102896      0.05485441     -7.58696607      0.04973551     -7.53723056      0.06187056      0.02104970      0.05899116      0.01031176 md_running
    42     21.00000000     70.64087913      2.44715257    334.08355210   1000.00000000      1.00100245      0.05554400     -7.58576554      0.05094858     -7.53481697      0.06806559      0.02081953      0.06497880      0.01134426 md_running
    43     21.50000000     70.90093139      2.53378568    335.87776522   1000.00000000      1.00099037      0.05584230     -7.58414217      0.05216164     -7.53198053      0.07670530      0.02058644      0.07349409      0.01278422 md_running
    44     22.00000000     71.15388943      2.62211952    337.00762279   1000.00000000      1.00098536      0.05603015     -7.58239298      0.05337470     -7.52901829      0.08528236      0.02035556      0.08198997      0.01421373 md_running
    45     22.50000000     71.39056034      2.71166610    339.25020258   1000.00000000      1.00097931      0.05640299     -7.58082796      0.05458776     -7.52624020      0.09227486      0.02013071      0.08893474      0.01537914 md_running
    46     23.00000000     71.64011309      2.80208942    344.05964269   1000.00000000      1.00096496      0.05720260     -7.57969856      0.05580082     -7.52389774      0.09693331      0.01991400      0.09357908      0.01615555 md_running
    47     23.50000000     71.87922478      2.89326231    352.25879371   1000.00000000      1.00093789      0.05856577     -7.57914582      0.05701388     -7.52213193      0.09902747      0.01970574      0.09569726      0.01650458 md_running
    48     24.00000000     72.13487416      2.98528503    363.88289928   1000.00000000      1.00089776      0.06049837     -7.57917367      0.05822694     -7.52094672      0.09873023      0.01950465      0.09546766      0.01645504 md_running
    49     24.50000000     72.37407176      3.07846581    378.18966470   1000.00000000      1.00084812      0.06287698     -7.57965173      0.05944000     -7.52021173      0.09660412      0.01930832      0.09346021      0.01610069 md_running
    50     25.00000000     72.62014921      3.17326857    393.84460342   1000.00000000      1.00079481      0.06547974     -7.58034605      0.06065307     -7.51969298      0.09362103      0.01911375      0.09065662      0.01560350 md_running
    51     25.50000000     72.86042855      3.27023805    409.26311847   1000.00000000      1.00074381      0.06804319     -7.58097925      0.06186613     -7.51911312      0.09106064      0.01891793      0.08834740      0.01517677 md_running
    52     26.00000000     73.11819204      3.36992005    423.04531037   1000.00000000      1.00069959      0.07033458     -7.58130491      0.06307919     -7.51822572      0.09017114      0.01871830      0.08777972      0.01502852 md_running
    53     26.50000000     73.37456638      3.47279520    434.39027696   1000.00000000      1.00066429      0.07222077     -7.58117906      0.06429225     -7.51688681      0.09157954      0.01851311      0.08954993      0.01526326 md_running
    54     27.00000000     73.62858988      3.57923908    443.35505630   1000.00000000      1.00063766      0.07371124     -7.58060579      0.06550531     -7.51510048      0.09481316      0.01830146      0.09313089      0.01580219 md_running
    55     27.50000000     73.88262043      3.68951273    450.83435186   1000.00000000      1.00061738      0.07495473     -7.57973470      0.06671837     -7.51301633      0.09842383      0.01808325      0.09702930      0.01640397 md_running
    56     28.00000000     74.13920767      3.80378004    458.18184710   1000.00000000      1.00059983      0.07617631     -7.57879739      0.06793143     -7.51086595      0.10071150      0.01785893      0.09952226      0.01678525 md_running
    57     28.50000000     74.40589056      3.92213106    466.61635897   1000.00000000      1.00058152      0.07757861     -7.57800301      0.06914449     -7.50885851      0.10047600      0.01762932      0.09940665      0.01674600 md_running
    58     29.00000000     74.67195530      4.04460051    476.68619915   1000.00000000      1.00056034      0.07925280     -7.57744790      0.07035755     -7.50709034      0.09743069      0.01739543      0.09638971      0.01623845 md_running
    59     29.50000000     74.93468813      4.17116382    488.01695977   1000.00000000      1.00053647      0.08113663     -7.57707099      0.07157062     -7.50550037      0.09230464      0.01715843      0.09118674      0.01538411 md_running
    60     30.00000000     75.19413328      4.30171255    499.47385915   1000.00000000      1.00051199      0.08304143     -7.57668249      0.07278368     -7.50389881      0.08668927      0.01691970      0.08537801      0.01444821 md_running
    61     30.50000000     75.45444406      4.43602569    509.62291429   1000.00000000      1.00048978      0.08472879     -7.57604426      0.07399674     -7.50204752      0.08257509      0.01668087      0.08096153      0.01376251 md_running
    62     31.00000000     75.72096698      4.57374580    517.26070564   1000.00000000      1.00047228      0.08599863     -7.57495910      0.07520980     -7.49974930      0.08155550      0.01644381      0.07957639      0.01359258 md_running
    63     31.50000000     75.98521245      4.71437176    521.82663411   1000.00000000      1.00046079      0.08675775     -7.57334066      0.07642286     -7.49691780      0.08403094      0.01621062      0.08169613      0.01400516 md_running
    64     32.00000000     76.25295642      4.85727979    523.59496422   1000.00000000      1.00045518      0.08705175     -7.57124495      0.07763592     -7.49360903      0.08906258      0.01598342      0.08643001      0.01484376 md_running
    65     32.50000000     76.51967476      5.00177091    523.60487338   1000.00000000      1.00045399      0.08705340     -7.56885886      0.07884898     -7.49000988      0.09503821      0.01576422      0.09216620      0.01583970 md_running
    66     33.00000000     76.78210320      5.14713240    523.37472598   1000.00000000      1.00045471      0.08701513     -7.56644913      0.08006204     -7.48638709      0.10042167      0.01555470      0.09734625      0.01673694 md_running
    67     33.50000000     77.03957980      5.29269817    524.52704864   1000.00000000      1.00045437      0.08720672     -7.56429833      0.08127510     -7.48302324      0.10413882      0.01535610      0.10087765      0.01735647 md_running
    68     34.00000000     77.30124553      5.43790313    528.43920372   1000.00000000      1.00045015      0.08785714     -7.56264519      0.08248815     -7.48015703      0.10558686      0.01516913      0.10214933      0.01759781 md_running
    69     34.50000000     77.56362121      5.58233085    535.97474660   1000.00000000      1.00044008      0.08910999     -7.56164008      0.08370121     -7.47793887      0.10456964      0.01499398      0.10096124      0.01742827 md_running
    70     35.00000000     77.82038447      5.72574392    547.32703660   1000.00000000      1.00042361      0.09099739     -7.56131735      0.08491427     -7.47640308      0.10126840      0.01483029      0.09749649      0.01687807 md_running
    71     35.50000000     78.08222253      5.86809489    562.00351404   1000.00000000      1.00040168      0.09343747     -7.56159355      0.08612733     -7.47546622      0.09622913      0.01467725      0.09231226      0.01603819 md_running
    72     36.00000000     78.35040319      6.00951758    578.94631824   1000.00000000      1.00037631      0.09625434     -7.56228701      0.08734038     -7.47494662      0.09037080      0.01453371      0.08635439      0.01506180 md_running
    73     36.50000000     78.61039301      6.15029945    596.78855808   1000.00000000      1.00035001      0.09922076     -7.56316096      0.08855344     -7.47460752      0.08495933      0.01439827      0.08094217      0.01415989 md_running
    74     37.00000000     78.87398329      6.29084387    614.20671746   1000.00000000      1.00032498      0.10211666     -7.56398535      0.08976649     -7.47421886      0.08139910      0.01426944      0.07754861      0.01356652 md_running
    75     37.50000000     79.14125866      6.43162830    630.25347627   1000.00000000      1.00030267      0.10478456     -7.56459228      0.09097955     -7.47361274      0.08070281      0.01414570      0.07721115      0.01345047 md_running
    76     38.00000000     79.40823414      6.57315500    644.58473577   1000.00000000      1.00028358      0.10716724     -7.56491598      0.09219260     -7.47272338      0.08287898      0.01402569      0.07987123      0.01381316 md_running
    77     38.50000000     79.67276136      6.71590547    657.50713284   1000.00000000      1.00026735      0.10931569     -7.56500271      0.09340565     -7.47159706      0.08685570      0.01390820      0.08433704      0.01447595 md_running
    78     39.00000000     79.92825943      6.86030264    669.77674817   1000.00000000      1.00025300      0.11135561     -7.56497598      0.09461869     -7.47035729      0.09109010      0.01379229      0.08896921      0.01518168 md_running
    79     39.50000000     80.17850879      7.00667086    682.24848847   1000.00000000      1.00023941      0.11342914     -7.56497771      0.09583174     -7.46914597      0.09422079      0.01367732      0.09236899      0.01570347 md_running
    80     40.00000000     80.43702770      7.15521061    695.49006929   1000.00000000      1.00022568      0.11563065     -7.56510379      0.09704478     -7.46805901      0.09546691      0.01356293      0.09374599      0.01591115 md_running
    81     40.50000000     80.69575627      7.30597436    709.48439709   1000.00000000      1.00021154      0.11795732     -7.56535147      0.09825782     -7.46709364      0.09472085      0.01344910      0.09299076      0.01578681 md_running
    82     41.00000000     80.95317025      7.45884789    723.57872126   1000.00000000      1.00019741      0.12030061     -7.56561284      0.09947086     -7.46614198      0.09250685      0.01333611      0.09062856      0.01541781 md_running
    83     41.50000000     81.20864519      7.61354223    736.68160851   1000.00000000      1.00018419      0.12247907     -7.56570563      0.10068389     -7.46502174      0.08980112      0.01322449      0.08764056      0.01496685 md_running
    84     42.00000000     81.46070793      7.76959122    747.63860434   1000.00000000      1.00017291      0.12430075     -7.56543967      0.10189692     -7.46354275      0.08771786      0.01311504      0.08516908      0.01461964 md_running
    85     42.50000000     81.72461041      7.92636995    755.61409634   1000.00000000      1.00016432      0.12562674     -7.56468133      0.10310995     -7.46157138      0.08709303      0.01300870      0.08409617      0.01451550 md_running
    86     43.00000000     81.98751994      8.08311911    760.35086604   1000.00000000      1.00015874      0.12641427     -7.56339468      0.10432297     -7.45907172      0.08815344      0.01290654      0.08470706      0.01469224 md_running
    87     43.50000000     82.24558178      8.23899003    762.26557840   1000.00000000      1.00015595      0.12673260     -7.56166087      0.10553598     -7.45612489      0.09051453      0.01280963      0.08665911      0.01508575 md_running
    88     44.00000000     82.50727421      8.39310194    762.31366523   1000.00000000      1.00015526      0.12674060     -7.55965169      0.10674898     -7.45290271      0.09348734      0.01271899      0.08927202      0.01558122 md_running
    89     44.50000000     82.76892512      8.54459293    761.73602778   1000.00000000      1.00015567      0.12664456     -7.55758401      0.10796199     -7.44962202      0.09641290      0.01263550      0.09188505      0.01606882 md_running
    90     45.00000000     83.02939102      8.69267672    761.81733954   1000.00000000      1.00015605      0.12665808     -7.55568282      0.10917498     -7.44650784      0.09886138      0.01255984      0.09407131      0.01647690 md_running
    91     45.50000000     83.26995999      8.83670243    763.64107256   1000.00000000      1.00015535      0.12696129     -7.55413726      0.11038797     -7.44374930      0.10068269      0.01249246      0.09568847      0.01678045 md_running
    92     46.00000000     83.51823131      8.97620183    767.88209963   1000.00000000      1.00015281      0.12766639     -7.55306401      0.11160095     -7.44146306      0.10194906      0.01243351      0.09682245      0.01699151 md_running
    93     46.50000000     83.77761658      9.11092034    774.75357258   1000.00000000      1.00014809      0.12880883     -7.55249872      0.11281393     -7.43968479      0.10289103      0.01238286      0.09772709      0.01714850 md_running
    94     47.00000000     84.04100372      9.24084184    784.07031103   1000.00000000      1.00014130      0.13035781     -7.55241077      0.11402689     -7.43838387      0.10381775      0.01234009      0.09873434      0.01730296 md_running
    95     47.50000000     84.30179881      9.36620104    795.29593766   1000.00000000      1.00013286      0.13222416     -7.55270499      0.11523986     -7.43746513      0.10502196      0.01230451      0.10014265      0.01750366 md_running
    96     48.00000000     84.55936133      9.48746269    807.69529264   1000.00000000      1.00012343      0.13428565     -7.55324933      0.11645281     -7.43679652      0.10664057      0.01227516      0.10208282      0.01777343 md_running
    97     48.50000000     84.82167266      9.60529685    820.60875358   1000.00000000      1.00011368      0.13643261     -7.55392250      0.11766576     -7.43625674      0.10862559      0.01225093      0.10447763      0.01810427 md_running
    98     49.00000000     85.08712370      9.72053116    833.65779482   1000.00000000      1.00010405      0.13860212     -7.55465103      0.11887871     -7.43577232      0.11064799      0.01223057      0.10695508      0.01844133 md_running
    99     49.50000000     85.35021697      9.83409601    846.82082551   1000.00000000      1.00009468      0.14079057     -7.55541954      0.12009164     -7.43532790      0.11216703      0.01221276      0.10892565      0.01869451 md_running
   100     50.00000000     85.61587167      9.94695600    860.38440218   1000.00000000      1.00008545      0.14304562     -7.55626593      0.12130456     -7.43496136      0.11255277      0.01219622      0.10971663      0.01875880 md_running
   101     50.50000000     85.85998751     10.06003769    874.73738968   1000.00000000      1.00007610      0.14543192     -7.55724743      0.12251748     -7.43472996      0.11130293      0.01217980      0.10879261      0.01855049 md_running
   102     51.00000000     86.11104471     10.17415860    890.11328747   1000.00000000      1.00006643      0.14798828     -7.55839442      0.12373038     -7.43466404      0.10820986      0.01216250      0.10592163      0.01803498 md_running
   103     51.50000000     86.37361489     10.28996471    906.37656245   1000.00000000      1.00005642      0.15069218     -7.55967921      0.12494326     -7.43473595      0.10346976      0.01214361      0.10127614      0.01724496 md_running
   104     52.00000000     86.63853012     10.40787476    922.92794458   1000.00000000      1.00004636      0.15344397     -7.56099672      0.12615613     -7.43484059      0.09775653      0.01212269      0.09551116      0.01629276 md_running
   105     52.50000000     86.90198389     10.52804737    938.74790180   1000.00000000      1.00003672      0.15607417     -7.56217442      0.12736898     -7.43480545      0.09221879      0.01209966      0.08975334      0.01536980 md_running
   106     53.00000000     87.14358294     10.65034507    952.58025262   1000.00000000      1.00002816      0.15837390     -7.56300016      0.12858181     -7.43441835      0.08829374      0.01207474      0.08544930      0.01471562 md_running
   107     53.50000000     87.39399088     10.77432774    963.38122257   1000.00000000      1.00002129      0.16016965     -7.56330058      0.12979462     -7.43350597      0.08721746      0.01204852      0.08390780      0.01453624 md_running
   108     54.00000000     87.66015860     10.89928822    970.56936484   1000.00000000      1.00001638      0.16136473     -7.56299058      0.13100740     -7.43198318      0.08948346      0.01202182      0.08570957      0.01491391 md_running
   109     54.50000000     87.91862290     11.02429480    974.06775874   1000.00000000      1.00001354      0.16194637     -7.56206386      0.13222017     -7.42984369      0.09459569      0.01199570      0.09041988      0.01576595 md_running
   110     55.00000000     88.18194509     11.14825038    974.37500167   1000.00000000      1.00001258      0.16199745     -7.56061806      0.13343291     -7.42718514      0.10145437      0.01197129      0.09694895      0.01690906 md_running
   111     55.50000000     88.43792807     11.26995984    972.46385858   1000.00000000      1.00001309      0.16167971     -7.55883068      0.13464564     -7.42418504      0.10887558      0.01194982      0.10409712      0.01814593 md_running
   112     56.00000000     88.69450294     11.38820638    969.56687264   1000.00000000      1.00001446      0.16119806     -7.55692219      0.13585835     -7.42106385      0.11589874      0.01193244      0.11088936      0.01931646 md_running
   113     56.50000000     88.96061772     11.50183386    966.92975886   1000.00000000      1.00001602      0.16075962     -7.55511479      0.13707104     -7.41804375      0.12187003      0.01192021      0.11666573      0.02031167 md_running
   114     57.00000000     89.22832695     11.60982547    965.59374198   1000.00000000      1.00001715      0.16053750     -7.55359541      0.13828373     -7.41531168      0.12642180      0.01191400      0.12105805      0.02107030 md_running
   115     57.50000000     89.49617730     11.71136773    966.21856048   1000.00000000      1.00001736      0.16064138     -7.55248341      0.13949641     -7.41298700      0.12941165      0.01191446      0.12392598      0.02156861 md_running
   116     58.00000000     89.76455607     11.80589343    969.03294565   1000.00000000      1.00001643      0.16110929     -7.55182228      0.14070909     -7.41111319      0.13081775      0.01192201      0.12525804      0.02180296 md_running
   117     58.50000000     90.03211568     11.89312386    973.87011434   1000.00000000      1.00001436      0.16191351     -7.55158688      0.14192178     -7.40966511      0.13077871      0.01193674      0.12520303      0.02179645 md_running
   118     59.00000000     90.28927357     11.97308294    980.24374864   1000.00000000      1.00001135      0.16297317     -7.55169384      0.14313447     -7.40855937      0.12954709      0.01195852      0.12402478      0.02159118 md_running
   119     59.50000000     90.53909409     12.04608991    987.52137364   1000.00000000      1.00000775      0.16418314     -7.55203169      0.14434717     -7.40768452      0.12743743      0.01198692      0.12204894      0.02123957 md_running
   120     60.00000000     90.80000342     12.11273481    995.14879407   1000.00000000      1.00000391      0.16545125     -7.55249976      0.14555988     -7.40693989      0.12470515      0.01202128      0.11953836      0.02078419 md_running
   121     60.50000000     91.05686369     12.17384521   1002.79124380   1000.00000000      1.00000006      0.16672187     -7.55303289      0.14677260     -7.40626029      0.12151663      0.01206074      0.11665477      0.02025277 md_running
   122     61.00000000     91.31547208     12.23043341   1010.34055445   1000.00000000      0.99999632      0.16797700     -7.55360150      0.14798532     -7.40561618      0.11791904      0.01210428      0.11342666      0.01965317 md_running
   123     61.50000000     91.57451279     12.28362715   1017.86716154   1000.00000000      0.99999267      0.16922836     -7.55420514      0.14919805     -7.40500709      0.11384504      0.01215077      0.10975586      0.01897417 md_running
   124     62.00000000     91.83509457     12.33458978   1025.51333622   1000.00000000      0.99998906      0.17049960     -7.55485477      0.15041078     -7.40444399      0.10920130      0.01219907      0.10550681      0.01820022 md_running
   125     62.50000000     92.09287094     12.38442774   1033.32694417   1000.00000000      0.99998541      0.17179867     -7.55554874      0.15162351     -7.40392524      0.10403285      0.01224809      0.10067458      0.01733881 md_running
   126     63.00000000     92.34691335     12.43408833   1041.07251817   1000.00000000      0.99998176      0.17308643     -7.55623751      0.15283623     -7.40340128      0.09869092      0.01229689      0.09557004      0.01644849 md_running
   127     63.50000000     92.60994831     12.48428079   1048.14036766   1000.00000000      0.99997830      0.17426152     -7.55680863      0.15404893     -7.40275970      0.09402333      0.01234478      0.09101265      0.01567055 md_running
   128     64.00000000     92.87577015     12.53541421   1053.66485148   1000.00000000      0.99997536      0.17518001     -7.55711260      0.15526162     -7.40185098      0.09125029      0.01239136      0.08821702      0.01520838 md_running
   129     64.50000000     93.13452040     12.58756119   1056.74807955   1000.00000000      0.99997336      0.17569262     -7.55699407      0.15647430     -7.40051977      0.09147628      0.01243657      0.08830485      0.01524605 md_running
   130     65.00000000     93.39634571     12.64044097   1056.78798794   1000.00000000      0.99997263      0.17569925     -7.55635257      0.15768696     -7.39866561      0.09498161      0.01248070      0.09159684      0.01583027 md_running
   131     65.50000000     93.66259674     12.69344933   1053.71522362   1000.00000000      0.99997332      0.17518838     -7.55518418      0.15889961     -7.39628456      0.10101048      0.01252433      0.09736881      0.01683508 md_running
   132     66.00000000     93.92041029     12.74571746   1048.03058598   1000.00000000      0.99997534      0.17424327     -7.55358408      0.16011226     -7.39347183      0.10817598      0.01256833      0.10424526      0.01802933 md_running
   133     66.50000000     94.17941081     12.79618729   1040.64105424   1000.00000000      0.99997838      0.17301470     -7.55171941      0.16132490     -7.39039452      0.11506390      0.01261374      0.11081552      0.01917732 md_running
   134     67.00000000     94.44743850     12.84370407   1032.62405009   1000.00000000      0.99998201      0.17168181     -7.54978289      0.16253755     -7.38724534      0.12059046      0.01266171      0.11599729      0.02009841 md_running
   135     67.50000000     94.71439391     12.88711286   1025.13326311   1000.00000000      0.99998572      0.17043641     -7.54798413      0.16375021     -7.38423391      0.12407873      0.01271336      0.11911676      0.02067979 md_running
   136     68.00000000     94.98081228     12.92534962   1019.15804516   1000.00000000      0.99998896      0.16944298     -7.54650431      0.16496290     -7.38154140      0.12526001      0.01276977      0.11991361      0.02087667 md_running
   137     68.50000000     95.24863661     12.95752647   1015.30235552   1000.00000000      0.99999134      0.16880194     -7.54545399      0.16617563     -7.37927836      0.12419652      0.01283182      0.11846176      0.02069942 md_running
   138     69.00000000     95.51259530     12.98299905   1013.81187571   1000.00000000      0.99999262      0.16855414     -7.54488303      0.16738840     -7.37749463      0.12122788      0.01290021      0.11512302      0.02020465 md_running
   139     69.50000000     95.76810677     13.00141962   1014.60967962   1000.00000000      0.99999276      0.16868678     -7.54478491      0.16860121     -7.37618370      0.11692206      0.01297535      0.11050134      0.01948701 md_running
   140     70.00000000     96.02721405     13.01277329   1017.35719986   1000.00000000      0.99999186      0.16914358     -7.54510145      0.16981407     -7.37528737      0.11202624      0.01305733      0.10539565      0.01867104 md_running
   141     70.50000000     96.28749586     13.01738731   1021.57825138   1000.00000000      0.99999013      0.16984536     -7.54575115      0.17102699     -7.37472416      0.10734654      0.01314596      0.10067584      0.01789109 md_running
   142     71.00000000     96.54130854     13.01591548   1026.79076964   1000.00000000      0.99998784      0.17071198     -7.54664373      0.17223995     -7.37440378      0.10357623      0.01324069      0.09709555      0.01726271 md_running
   143     71.50000000     96.80131308     13.00930767   1032.63576693   1000.00000000      0.99998521      0.17168376     -7.54770828      0.17345295     -7.37425533      0.10110954      0.01334069      0.09507151      0.01685159 md_running
   144     72.00000000     97.06714208     12.99876074   1038.95786262   1000.00000000      0.99998238      0.17273485     -7.54890373      0.17466599     -7.37423774      0.09991610      0.01344485      0.09453289      0.01665268 md_running
   145     72.50000000     97.32474094     12.98564991   1045.77037550   1000.00000000      0.99997937      0.17386749     -7.55021689      0.17587905     -7.37433785      0.09959155      0.01355184      0.09498402      0.01659859 md_running
   146     73.00000000     97.58075795     12.97144365   1053.12622899   1000.00000000      0.99997616      0.17509046     -7.55163841      0.17709212     -7.37454629      0.09953484      0.01366019      0.09571904      0.01658914 md_running
   147     73.50000000     97.83650907     12.95760296   1060.99730094   1000.00000000      0.99997275      0.17639908     -7.55314519      0.17830519     -7.37483999      0.09918251      0.01376840      0.09608849      0.01653042 md_running
   148     74.00000000     98.10060107     12.94547033   1069.16160143   1000.00000000      0.99996919      0.17775646     -7.55468410      0.17951826     -7.37516583      0.09826039      0.01387500      0.09575361      0.01637673 md_running
   149     74.50000000     98.36460756     12.93617218   1077.07994521   1000.00000000      0.99996563      0.17907295     -7.55614948      0.18073131     -7.37541817      0.09683063      0.01397875      0.09473516      0.01613844 md_running
   150     75.00000000     98.62983067     12.93053463   1083.95581464   1000.00000000      0.99996238      0.18021612     -7.55739278      0.18194434     -7.37544844      0.09526181      0.01407867      0.09337232      0.01587697 md_running
   151     75.50000000     98.89203866     12.92902221   1088.98689001   1000.00000000      0.99995980      0.18105257     -7.55827082      0.18315734     -7.37511348      0.09409699      0.01417417      0.09219240      0.01568283 md_running
   152     76.00000000     99.12961134     12.93170860   1091.57685483   1000.00000000      0.99995816      0.18148317     -7.55868197      0.18437031     -7.37431166      0.09379524      0.01426507      0.09166165      0.01563254 md_running
   153     76.50000000     99.38728076     12.93828567   1091.46091539   1000.00000000      0.99995762      0.18146390     -7.55858345      0.18558325     -7.37300019      0.09450126      0.01435163      0.09195489      0.01575021 md_running
   154     77.00000000     99.65771152     12.94810242   1088.81593655   1000.00000000      0.99995823      0.18102415     -7.55801273      0.18679617     -7.37121657      0.09594965      0.01443449      0.09285201      0.01599161 md_running
   155     77.50000000     99.91612844     12.96023289   1084.23679322   1000.00000000      0.99995979      0.18026283     -7.55708343      0.18800907     -7.36907437      0.09768953      0.01451465      0.09394759      0.01628159 md_running
   156     78.00000000    100.17611861     12.97355796   1078.54599237   1000.00000000      0.99996203      0.17931669     -7.55595131      0.18922195     -7.36672936      0.09930094      0.01459332      0.09486341      0.01655016 md_running
   157     78.50000000    100.43140578     12.98685744   1072.52353362   1000.00000000      0.99996457      0.17831541     -7.55476528      0.19043483     -7.36433045      0.10055619      0.01467186      0.09541231      0.01675936 md_running
   158     79.00000000    100.69562116     12.99890410   1066.81075160   1000.00000000      0.99996715      0.17736561     -7.55364709      0.19164772     -7.36199937      0.10146127      0.01475165      0.09565286      0.01691021 md_running
   159     79.50000000    100.95849804     13.00856377   1061.90975925   1000.00000000      0.99996949      0.17655079     -7.55270007      0.19286063     -7.35983944      0.10225465      0.01483402      0.09587864      0.01704244 md_running
   160     80.00000000    101.21946878     13.01487286   1058.09805792   1000.00000000      0.99997141      0.17591706     -7.55198390      0.19407356     -7.35791034      0.10322923      0.01492009      0.09644176      0.01720487 md_running
   161     80.50000000    101.48271759     13.01710331   1055.47423502   1000.00000000      0.99997283      0.17548083     -7.55152514      0.19528652     -7.35623862      0.10466925      0.01501077      0.09767219      0.01744488 md_running
   162     81.00000000    101.75245530     13.01479840   1054.06664674   1000.00000000      0.99997373      0.17524681     -7.55133632      0.19649952     -7.35483680      0.10663397      0.01510666      0.09964524      0.01777233 md_running
   163     81.50000000    102.02290480     13.00779313   1053.81294620   1000.00000000      0.99997409      0.17520463     -7.55141217      0.19771255     -7.35369963      0.10897237      0.01520806      0.10219690      0.01816206 md_running
   164     82.00000000    102.27946512     12.99622088   1054.57488869   1000.00000000      0.99997396      0.17533131     -7.55172439      0.19892562     -7.35279877      0.11141223      0.01531494      0.10501788      0.01856871 md_running
   165     82.50000000    102.54179494     12.98049764   1056.23662516   1000.00000000      0.99997342      0.17560758     -7.55225149      0.20013872     -7.35211277      0.11365321      0.01542693      0.10776055      0.01894220 md_running
   166     83.00000000    102.80538168     12.96128389   1058.69236059   1000.00000000      0.99997250      0.17601587     -7.55296626      0.20135185     -7.35161440      0.11541862      0.01554335      0.11010333      0.01923644 md_running
   167     83.50000000    103.05897976     12.93943294   1061.81820105   1000.00000000      0.99997127      0.17653556     -7.55383610      0.20256501     -7.35127109      0.11645319      0.01566331      0.11174973      0.01940887 md_running
   168     84.00000000    103.31138325     12.91592810   1065.47004409   1000.00000000      0.99996977      0.17714271     -7.55482285      0.20377818     -7.35104466      0.11647732      0.01578569      0.11238253      0.01941289 md_running
   169     84.50000000    103.56655790     12.89181505   1069.47182762   1000.00000000      0.99996810      0.17780804     -7.55588059      0.20499136     -7.35088923      0.11520975      0.01590926      0.11168416      0.01920162 md_running
   170     85.00000000    103.82419520     12.86812765   1073.58840546   1000.00000000      0.99996633      0.17849245     -7.55695572      0.20620454     -7.35075118      0.11245833      0.01603276      0.10942721      0.01874306 md_running
   171     85.50000000    104.07969853     12.84580977   1077.48519416   1000.00000000      0.99996458      0.17914032     -7.55797714      0.20741770     -7.35055944      0.10828043      0.01615500      0.10563943      0.01804674 md_running
   172     86.00000000    104.33965749     12.82564499   1080.69792406   1000.00000000      0.99996303      0.17967447     -7.55885525      0.20863085     -7.35022440      0.10308153      0.01627494      0.10070458      0.01718026 md_running
   173     86.50000000    104.57682249     12.80820540   1082.66555179   1000.00000000      0.99996189      0.18000160     -7.55948478      0.20984398     -7.34964080      0.09764849      0.01639178      0.09538936      0.01627475 md_running
   174     87.00000000    104.82361952     12.79381538   1082.86379390   1000.00000000      0.99996140      0.18003456     -7.55977179      0.21105709     -7.34871470      0.09297299      0.01650501      0.09066968      0.01549550 md_running
   175     87.50000000    105.07641230     12.78253275   1080.93980082   1000.00000000      0.99996175      0.17971468     -7.55965333      0.21227017     -7.34738316      0.08994778      0.01661447      0.08743856      0.01499130 md_running
   176     88.00000000    105.33777250     12.77415072   1076.79973503   1000.00000000      0.99996305      0.17902636     -7.55911698      0.21348323     -7.34563375      0.08901035      0.01672034      0.08615551      0.01483506 md_running
   177     88.50000000    105.60579263     12.76821815   1070.61387878   1000.00000000      0.99996529      0.17799791     -7.55819771      0.21469626     -7.34350144      0.08999046      0.01682312      0.08669447      0.01499841 md_running
   178     89.00000000    105.86413266     12.76408395   1062.74361929   1000.00000000      0.99996838      0.17668942     -7.55696724      0.21590928     -7.34105796      0.09229418      0.01692363      0.08851457      0.01538236 md_running
   179     89.50000000    106.13018030     12.76096389   1053.63520118   1000.00000000      0.99997216      0.17517508     -7.55551301      0.21712229     -7.33839072      0.09525017      0.01702285      0.09099240      0.01587503 md_running
   180     90.00000000    106.38914723     12.75801841   1043.74966183   1000.00000000      0.99997645      0.17353153     -7.55392585      0.21833529     -7.33559056      0.09834915      0.01712189      0.09366154      0.01639153 md_running
   181     90.50000000    106.64951827     12.75443578   1033.52059382   1000.00000000      0.99998108      0.17183087     -7.55229208      0.21954829     -7.33274379      0.10133998      0.01722183      0.09630515      0.01689000 md_running
   182     91.00000000    106.91017422     12.74950335   1023.33746177   1000.00000000      0.99998586      0.17013784     -7.55068685      0.22076130     -7.32992554      0.10411177      0.01732367      0.09884074      0.01735196 md_running
   183     91.50000000    107.17022947     12.74266789   1013.59613028   1000.00000000      0.99999063      0.16851827     -7.54918709      0.22197432     -7.32721277      0.10656852      0.01742818      0.10119257      0.01776142 md_running
   184     92.00000000    107.43456631     12.73358538   1004.70869456   1000.00000000      0.99999519      0.16704066     -7.54786687      0.22318736     -7.32467952      0.10859636      0.01753589      0.10325804      0.01809939 md_running
   185     92.50000000    107.67405006     12.72215845    997.05963479   1000.00000000      0.99999930      0.16576895     -7.54679389      0.22440041     -7.32239348      0.11009591      0.01764699      0.10493348      0.01834932 md_running
   186     93.00000000    107.93122075     12.70854651    990.94610283   1000.00000000      1.00000278      0.16475252     -7.54601604      0.22561348     -7.32040256      0.11100533      0.01776135      0.10614587      0.01850089 md_running
   187     93.50000000    108.19605089     12.69315638    986.49737565   1000.00000000      1.00000547      0.16401289     -7.54554850      0.22682656     -7.31872194      0.11130308      0.01787844      0.10685999      0.01855051 md_running
   188     94.00000000    108.44524608     12.67661901    983.68298007   1000.00000000      1.00000733      0.16354497     -7.54537546      0.22803965     -7.31733581      0.11102812      0.01799745      0.10710389      0.01850469 md_running
   189     94.50000000    108.70776608     12.65975829    982.36014313   1000.00000000      1.00000839      0.16332504     -7.54545790      0.22925274     -7.31620516      0.11021418      0.01811723      0.10688872      0.01836903 md_running
   190     95.00000000    108.96494584     12.64354157    982.33391264   1000.00000000      1.00000874      0.16332068     -7.54574511      0.23046583     -7.31527928      0.10881556      0.01823640      0.10613356      0.01813593 md_running
   191     95.50000000    109.20228991     12.62901351    983.39271992   1000.00000000      1.00000847      0.16349672     -7.54618491      0.23167890     -7.31450601      0.10667147      0.01835343      0.10463345      0.01777858 md_running
   192     96.00000000    109.45183353     12.61722148    985.24410744   1000.00000000      1.00000771      0.16380452     -7.54670849      0.23289196     -7.31381653      0.10368773      0.01846673      0.10226221      0.01728129 md_running
   193     96.50000000    109.70857000     12.60914399    987.45361376   1000.00000000      1.00000664      0.16417187     -7.54722636      0.23410499     -7.31312137      0.09997124      0.01857478      0.09909818      0.01666187 md_running
   194     97.00000000    109.96778103     12.60562719    989.45776109   1000.00000000      1.00000552      0.16450508     -7.54762857      0.23531798     -7.31231059      0.09597753      0.01867623      0.09556033      0.01599625 md_running
   195     97.50000000    110.22286565     12.60732607    990.63947983   1000.00000000      1.00000467      0.16470155     -7.54779546      0.23653093     -7.31126454      0.09251899      0.01876999      0.09242510      0.01541983 md_running
   196     98.00000000    110.47667727     12.61465934    990.47783317   1000.00000000      1.00000438      0.16467467     -7.54763029      0.23774383     -7.30988646      0.09053552      0.01885531      0.09059328      0.01508925 md_running
   197     98.50000000    110.73547428     12.62778273    988.71739280   1000.00000000      1.00000487      0.16438198     -7.54708646      0.23895668     -7.30812978      0.09068088      0.01893187      0.09070317      0.01511348 md_running
   198     99.00000000    110.99587449     12.64659180    985.44083797   1000.00000000      1.00000619      0.16383723     -7.54617786      0.24016949     -7.30600837      0.09293336      0.01899975      0.09275484      0.01548889 md_running
   199     99.50000000    111.26495000     12.67074926    981.05554898   1000.00000000      1.00000822      0.16310814     -7.54498000      0.24138224     -7.30359777      0.09657969      0.01905941      0.09608370      0.01609662 md_running
   200    100.00000000    111.53289018     12.69973087    976.17082554   1000.00000000      1.00001068      0.16229602     -7.54360529      0.24259494     -7.30101035      0.10059644      0.01911159      0.09971618      0.01676607 max_step
