  step         time_fs     wall_time_s        rti_dist          temp_K          kin_Ha     pot_real_Ha     pot_rtip_Ha    pot_total_Ha          f_real          f_bias         f_total      rms_f_real bias_used next_add_bias  stopped state_decision
     1      0.50000000     40.73620421     34.92207165             nan             nan     -7.59902518     -0.00028699     -7.59931217      0.05569723      0.00000799      0.05569605      0.00928287         1             1        0 bias_on
     2      1.00000000     41.66939164     34.92851156             nan             nan     -7.60049372     -0.00057397     -7.60106769      0.04365344      0.00001599      0.04365204      0.00727557         1             1        0 bias_on
     3      1.50000000     42.55313637     34.93107377             nan             nan     -7.60127672     -0.00086094     -7.60213767      0.03803816      0.00002398      0.03803400      0.00633969         1             1        0 bias_on
     4      2.00000000     43.43503106     34.93656253             nan             nan     -7.60185217     -0.00114792     -7.60300009      0.04094918      0.00003197      0.04094577      0.00682486         1             1        0 bias_on
     5      2.50000000     48.02019084     34.93886418             nan             nan     -7.60239309     -0.00143489     -7.60382798      0.03002344      0.00003996      0.03001595      0.00500391         1             1        0 bias_on
     6      3.00000000     48.92695338     34.94304629             nan             nan     -7.60280740     -0.00172186     -7.60452926      0.03346734      0.00004795      0.03346002      0.00557789         1             1        0 bias_on
     7      3.50000000     49.81305468     34.94649995             nan             nan     -7.60314209     -0.00200883     -7.60515092      0.03591045      0.00005594      0.03590261      0.00598507         1             1        0 bias_on
     8      4.00000000     50.68340621     34.94957433             nan             nan     -7.60344593     -0.00229579     -7.60574173      0.03629317      0.00006393      0.03628396      0.00604886         1             1        0 bias_on
     9      4.50000000     51.41277907     34.95289137             nan             nan     -7.60372340     -0.00258276     -7.60630616      0.03647101      0.00007191      0.03646202      0.00607850         1             1        0 bias_on
    10      5.00000000     52.44892029     34.95456640             nan             nan     -7.60404688     -0.00286973     -7.60691661      0.02032482      0.00007990      0.02030554      0.00338747         1             1        0 bias_on
    11      5.50000000     53.32973136     34.96554336             nan             nan     -7.60450782     -0.00315668     -7.60766450      0.05039944      0.00008787      0.05039274      0.00839991         1             1        0 bias_on
    12      6.00000000     54.06138242     34.96713792             nan             nan     -7.60496515     -0.00344363     -7.60840878      0.02712430      0.00009585      0.02710776      0.00452072         1             1        0 bias_on
    13      6.50000000     54.77890481     34.96961429             nan             nan     -7.60516353     -0.00373060     -7.60889414      0.02149056      0.00010383      0.02147077      0.00358176         1             1        0 bias_on
    14      7.00000000     55.51543116     34.97222646             nan             nan     -7.60533608     -0.00401756     -7.60935364      0.02232046      0.00011182      0.02229820      0.00372008         1             1        0 bias_on
    15      7.50000000     56.23642455     34.97506786             nan             nan     -7.60549695     -0.00430453     -7.60980148      0.02243268      0.00011979      0.02241186      0.00373878         1             1        0 bias_on
    16      8.00000000     56.98050115     34.97743887             nan             nan     -7.60564865     -0.00459149     -7.61024014      0.02246128      0.00012777      0.02243686      0.00374355         1             1        0 bias_on
    17      8.50000000     57.71344429     34.98017037             nan             nan     -7.60579184     -0.00487846     -7.61067029      0.02248123      0.00013574      0.02245872      0.00374687         1             1        0 bias_on
    18      9.00000000     58.74891383     34.98156419             nan             nan     -7.60592956     -0.00516541     -7.61109498      0.01437482      0.00014373      0.01433501      0.00239580         1             1        0 bias_on
    19      9.50000000     59.48404146     34.99420109             nan             nan     -7.60628443     -0.00545237     -7.61173680      0.04190017      0.00015165      0.04188913      0.00698336         1             1        0 bias_on
    20     10.00000000     60.53199935     34.99514108             nan             nan     -7.60662548     -0.00573932     -7.61236480      0.01228803      0.00015963      0.01224162      0.00204800         1             1        0 bias_on
    21     10.50000000     61.26067550     35.00843406             nan             nan     -7.60696298     -0.00602629     -7.61298926      0.03697088      0.00016754      0.03695834      0.00616181         1             1        0 bias_on
    22     11.00000000     61.96838052     35.00940530             nan             nan     -7.60722368     -0.00631324     -7.61353691      0.01299332      0.00017552      0.01294909      0.00216555         1             1        0 bias_on
    23     11.50000000     62.69850863     35.01162072             nan             nan     -7.60730048     -0.00660021     -7.61390069      0.01363553      0.00018349      0.01359540      0.00227259         1             1        0 bias_on
    24     12.00000000     68.25303790     35.01348212             nan             nan     -7.60737251     -0.00688717     -7.61425968      0.01384593      0.00019145      0.01380179      0.00230766         1             1        0 bias_on
    25     12.50000000     68.98233001     35.01551088             nan             nan     -7.60744185     -0.00717414     -7.61461599      0.01387602      0.00019942      0.01383476      0.00231267         1             1        0 bias_on
    26     13.00000000     69.72515188     35.01726360             nan             nan     -7.60750877     -0.00746110     -7.61496987      0.01389113      0.00020738      0.01384486      0.00231519         1             1        0 bias_on
    27     13.50000000     70.47325679     35.01922468             nan             nan     -7.60757339     -0.00774808     -7.61532147      0.01389532      0.00021534      0.01385237      0.00231589         1             1        0 bias_on
    28     14.00000000     71.19669356     35.02090654             nan             nan     -7.60763581     -0.00803504     -7.61567084      0.01390703      0.00022331      0.01385868      0.00231784         1             1        0 bias_on
    29     14.50000000     71.93599481     35.02280610             nan             nan     -7.60769617     -0.00832201     -7.61601818      0.01390903      0.00023127      0.01386452      0.00231817         1             1        0 bias_on
    30     15.00000000     72.68447383     35.02442099             nan             nan     -7.60775468     -0.00860897     -7.61636365      0.01391972      0.00023923      0.01386944      0.00231995         1             1        0 bias_on
    31     15.50000000     73.42138718     35.02626140             nan             nan     -7.60781130     -0.00889595     -7.61670725      0.01391922      0.00024719      0.01387329      0.00231987         1             1        0 bias_on
    32     16.00000000     74.16687162     35.02781257             nan             nan     -7.60786615     -0.00918291     -7.61704906      0.01392918      0.00025515      0.01387709      0.00232153         1             1        0 bias_on
    33     16.50000000     74.90587196     35.02959623             nan             nan     -7.60791941     -0.00946989     -7.61738929      0.01392802      0.00026311      0.01388078      0.00232134         1             1        0 bias_on
    34     17.00000000     75.64489536     35.03108636             nan             nan     -7.60797102     -0.00975684     -7.61772786      0.01393692      0.00027107      0.01388314      0.00232282         1             1        0 bias_on
    35     17.50000000     76.35990802     35.03281532             nan             nan     -7.60802114     -0.01004383     -7.61806496      0.01393421      0.00027902      0.01388579      0.00232237         1             1        0 bias_on
    36     18.00000000     77.11883389     35.03424699             nan             nan     -7.60806980     -0.01033078     -7.61840058      0.01394349      0.00028698      0.01388814      0.00232392         1             1        0 bias_on
    37     18.50000000     77.85169684     35.03592297             nan             nan     -7.60811715     -0.01061777     -7.61873491      0.01393926      0.00029493      0.01388978      0.00232321         1             1        0 bias_on
    38     19.00000000     78.58130614     35.03729829             nan             nan     -7.60816315     -0.01090472     -7.61906787      0.01394829      0.00030289      0.01389148      0.00232471         1             1        0 bias_on
    39     19.50000000     79.32923248     35.03892299             nan             nan     -7.60820796     -0.01119171     -7.61939967      0.01394360      0.00031084      0.01389317      0.00232393         1             1        0 bias_on
    40     20.00000000     80.05843615     35.04024391             nan             nan     -7.60825144     -0.01147866     -7.61973011      0.01395206      0.00031880      0.01389390      0.00232534         1             1        0 bias_on
    41     20.50000000     80.80377301     35.04181891             nan             nan     -7.60829388     -0.01176565     -7.62005953      0.01394642      0.00032675      0.01389514      0.00232440         1             1        0 bias_on
    42     21.00000000     81.51872770     35.04308739             nan             nan     -7.60833518     -0.01205261     -7.62038779      0.01395579      0.00033471      0.01389637      0.00232596         1             1        0 bias_on
    43     21.50000000     82.22743062     35.04461415             nan             nan     -7.60837543     -0.01233959     -7.62071503      0.01394918      0.00034266      0.01389714      0.00232486         1             1        0 bias_on
    44     22.00000000     82.95259412     35.04583198             nan             nan     -7.60841464     -0.01262655     -7.62104119      0.01395852      0.00035062      0.01389794      0.00232642         1             1        0 bias_on
    45     22.50000000     83.69483455     35.04731205             nan             nan     -7.60845292     -0.01291354     -7.62136646      0.01395190      0.00035856      0.01389919      0.00232532         1             1        0 bias_on
    46     23.00000000     84.44788481     35.04848095             nan             nan     -7.60849017     -0.01320049     -7.62169066      0.01396055      0.00036652      0.01389889      0.00232676         1             1        0 bias_on
    47     23.50000000     85.18323717     35.04991584             nan             nan     -7.60852664     -0.01348748     -7.62201412      0.01395317      0.00037447      0.01389986      0.00232553         1             1        0 bias_on
    48     24.00000000     85.92023750     35.05103770             nan             nan     -7.60856214     -0.01377444     -7.62233658      0.01396237      0.00038243      0.01389970      0.00232706         1             1        0 bias_on
    49     24.50000000     86.62774788     35.05242891             nan             nan     -7.60859699     -0.01406143     -7.62265842      0.01395427      0.00039037      0.01390045      0.00232571         1             1        0 bias_on
    50     25.00000000     87.35975874     35.05350534             nan             nan     -7.60863080     -0.01434839     -7.62297919      0.01396451      0.00039833      0.01390091      0.00232742         1             1        0 bias_on
    51     25.50000000     88.09039417     35.05485426             nan             nan     -7.60866397     -0.01463538     -7.62329934      0.01395561      0.00040627      0.01390135      0.00232594         1             1        0 bias_on
    52     26.00000000     88.81495563     35.05588672             nan             nan     -7.60869638     -0.01492233     -7.62361871      0.01396573      0.00041423      0.01390126      0.00232762         1             1        0 bias_on
    53     26.50000000     89.53917382     35.05719482             nan             nan     -7.60872812     -0.01520932     -7.62393744      0.01395672      0.00042217      0.01390207      0.00232612         1             1        0 bias_on
    54     27.00000000     90.27478956     35.05818483             nan             nan     -7.60875906     -0.01549628     -7.62425533      0.01396726      0.00043012      0.01390199      0.00232788         1             1        0 bias_on
    55     27.50000000     90.97306106     35.05945335             nan             nan     -7.60878944     -0.01578327     -7.62457271      0.01395742      0.00043806      0.01390245      0.00232624         1             1        0 bias_on
    56     28.00000000     91.70407728     35.06040242             nan             nan     -7.60881910     -0.01607023     -7.62488932      0.01396895      0.00044602      0.01390292      0.00232816         1             1        0 bias_on
    57     28.50000000     92.40557003     35.06163269             nan             nan     -7.60884830     -0.01635722     -7.62520552      0.01395869      0.00045396      0.01390345      0.00232645         1             1        0 bias_on
    58     29.00000000     93.13343854     35.06254222             nan             nan     -7.60887679     -0.01664417     -7.62552097      0.01397016      0.00046192      0.01390344      0.00232836         1             1        0 bias_on
    59     29.50000000     93.86961829     35.06373547             nan             nan     -7.60890470     -0.01693117     -7.62583587      0.01395925      0.00046986      0.01390379      0.00232654         1             1        0 bias_on
    60     30.00000000     94.61081864     35.06460674             nan             nan     -7.60893216     -0.01721812     -7.62615028      0.01397136      0.00047781      0.01390399      0.00232856         1             1        0 bias_on
    61     30.50000000     95.33399107     35.06576401             nan             nan     -7.60895894     -0.01750512     -7.62646406      0.01396025      0.00048575      0.01390463      0.00232671         1             1        0 bias_on
    62     31.00000000     96.04861836     35.06659806             nan             nan     -7.60898534     -0.01779207     -7.62677741      0.01397149      0.00049371      0.01390353      0.00232858         1             1        0 bias_on
    63     31.50000000     96.77403489     35.06772045             nan             nan     -7.60901113     -0.01807907     -7.62709020      0.01396037      0.00050165      0.01390463      0.00232673         1             1        0 bias_on
    64     32.00000000     97.50533374     35.06851847             nan             nan     -7.60903655     -0.01836602     -7.62740257      0.01397253      0.00050960      0.01390401      0.00232875         1             1        0 bias_on
    65     32.50000000     98.23168542     35.06960694             nan             nan     -7.60906139     -0.01865302     -7.62771441      0.01396045      0.00051754      0.01390463      0.00232674         1             1        0 bias_on
    66     33.00000000     98.97031534     35.07037022             nan             nan     -7.60908577     -0.01893997     -7.62802574      0.01397329      0.00052550      0.01390426      0.00232888         1             1        0 bias_on
    67     33.50000000     99.68055533     35.07142593             nan             nan     -7.60910981     -0.01922697     -7.62833678      0.01396103      0.00053343      0.01390516      0.00232684         1             1        0 bias_on
    68     34.00000000    100.43475387     35.07215566             nan             nan     -7.60913330     -0.01951392     -7.62864722      0.01397395      0.00054139      0.01390443      0.00232899         1             1        0 bias_on
    69     34.50000000    101.14115061     35.07317972             nan             nan     -7.60915656     -0.01980092     -7.62895748      0.01396078      0.00054933      0.01390489      0.00232680         1             1        0 bias_on
    70     35.00000000    106.85037749     35.07387699             nan             nan     -7.60917922     -0.02008787     -7.62926709      0.01397466      0.00055728      0.01390468      0.00232911         1             1        0 bias_on
    71     35.50000000    107.58480226     35.07487038             nan             nan     -7.60920176     -0.02037487     -7.62957663      0.01396157      0.00056522      0.01390570      0.00232693         1             1        0 bias_on
    72     36.00000000    108.31948403     35.07553614             nan             nan     -7.60922365     -0.02066182     -7.62988546      0.01397567      0.00057317      0.01390527      0.00232928         1             1        0 bias_on
    73     36.50000000    109.03188170     35.07649965             nan             nan     -7.60924534     -0.02094882     -7.63019416      0.01396161      0.00058111      0.01390578      0.00232693         1             1        0 bias_on
    74     37.00000000    109.74201983     35.07713488             nan             nan     -7.60926665     -0.02123577     -7.63050242      0.01397623      0.00058907      0.01390543      0.00232937         1             1        0 bias_on
    75     37.50000000    110.49105707     35.07806940             nan             nan     -7.60928767     -0.02152277     -7.63081044      0.01396165      0.00059700      0.01390590      0.00232694         1             1        0 bias_on
    76     38.00000000    111.21423535     35.07867486             nan             nan     -7.60930832     -0.02180972     -7.63111804      0.01397596      0.00060496      0.01390480      0.00232933         1             1        0 bias_on
    77     38.50000000    111.95004599     35.07958110             nan             nan     -7.60932865     -0.02209672     -7.63142537      0.01396157      0.00061289      0.01390593      0.00232693         1             1        0 bias_on
    78     39.00000000    112.69857439     35.08015750             nan             nan     -7.60934866     -0.02238366     -7.63173232      0.01397687      0.00062085      0.01390538      0.00232948         1             1        0 bias_on
    79     39.50000000    113.44142186     35.08103613             nan             nan     -7.60936843     -0.02267067     -7.63203910      0.01396153      0.00062879      0.01390603      0.00232692         1             1        0 bias_on
    80     40.00000000    114.19091216     35.08158419             nan             nan     -7.60938772     -0.02295761     -7.63234533      0.01397796      0.00063674      0.01390618      0.00232966         1             1        0 bias_on
    81     40.50000000    114.90480448     35.08243576             nan             nan     -7.60940691     -0.02324462     -7.63265153      0.01396215      0.00064468      0.01390684      0.00232703         1             1        0 bias_on
    82     41.00000000    115.63665377     35.08295606             nan             nan     -7.60942573     -0.02353156     -7.63295728      0.01397859      0.00065264      0.01390654      0.00232976         1             1        0 bias_on
    83     41.50000000    116.37560690     35.08378116             nan             nan     -7.60944427     -0.02381857     -7.63326283      0.01396239      0.00066057      0.01390730      0.00232707         1             1        0 bias_on
    84     42.00000000    117.11261507     35.08427426             nan             nan     -7.60946253     -0.02410551     -7.63356804      0.01397855      0.00066853      0.01390627      0.00232976         1             1        0 bias_on
    85     42.50000000    117.86170652     35.08507349             nan             nan     -7.60948059     -0.02439251     -7.63387311      0.01396265      0.00067646      0.01390780      0.00232711         1             1        0 bias_on
    86     43.00000000    118.60882127     35.08553994             nan             nan     -7.60949833     -0.02467945     -7.63417778      0.01397944      0.00068442      0.01390695      0.00232991         1             1        0 bias_on
    87     43.50000000    119.36757323     35.08631378             nan             nan     -7.60951595     -0.02496646     -7.63448241      0.01396299      0.00069236      0.01390843      0.00232717         1             1        0 bias_on
    88     44.00000000    120.10579690     35.08675406             nan             nan     -7.60953312     -0.02525340     -7.63478652      0.01398029      0.00070032      0.01390764      0.00233005         1             1        0 bias_on
    89     44.50000000    120.85055569     35.08750291             nan             nan     -7.60955029     -0.02554040     -7.63509070      0.01396244      0.00070825      0.01390819      0.00232707         1             1        0 bias_on
    90     45.00000000    121.60313156     35.08791749             nan             nan     -7.60956700     -0.02582734     -7.63539434      0.01398033      0.00071621      0.01390755      0.00233006         1             1        0 bias_on
    91     45.50000000    122.35379986     35.08864180             nan             nan     -7.60958367     -0.02611435     -7.63569802      0.01396298      0.00072414      0.01390909      0.00232716         1             1        0 bias_on
    92     46.00000000    123.08056292     35.08903107             nan             nan     -7.60960000     -0.02640128     -7.63600128      0.01398093      0.00073211      0.01390804      0.00233015         1             1        0 bias_on
    93     46.50000000    123.83403618     35.08973122             nan             nan     -7.60961617     -0.02668829     -7.63630447      0.01396233      0.00074004      0.01390882      0.00232706         1             1        0 bias_on
    94     47.00000000    124.55615057     35.09009569             nan             nan     -7.60963201     -0.02697523     -7.63660724      0.01398113      0.00074800      0.01390816      0.00233019         1             1        0 bias_on
    95     47.50000000    125.29207956     35.09077213             nan             nan     -7.60964783     -0.02726223     -7.63691006      0.01396249      0.00075594      0.01390939      0.00232708         1             1        0 bias_on
    96     48.00000000    126.03870262     35.09111217             nan             nan     -7.60966325     -0.02754917     -7.63721241      0.01398186      0.00076390      0.01390884      0.00233031         1             1        0 bias_on
    97     48.50000000    126.77445613     35.09176532             nan             nan     -7.60967861     -0.02783618     -7.63751478      0.01396298      0.00077183      0.01391031      0.00232716         1             1        0 bias_on
    98     49.00000000    127.52650545     35.09208138             nan             nan     -7.60969361     -0.02812311     -7.63781671      0.01398198      0.00077980      0.01390893      0.00233033         1             1        0 bias_on
    99     49.50000000    128.26572501     35.09271168             nan             nan     -7.60970865     -0.02841011     -7.63811876      0.01396233      0.00078773      0.01391013      0.00232706         1             1        0 bias_on
   100     50.00000000    129.00094155     35.09300421             nan             nan     -7.60972329     -0.02869704     -7.63842034      0.01398262      0.00079570      0.01390957      0.00233044         1             1        0 bias_on
   101     50.50000000    129.73648963     35.09361202             nan             nan     -7.60973793     -0.02898405     -7.63872198      0.01396227      0.00080363      0.01391054      0.00232704         1             1        0 bias_on
   102     51.00000000    130.47966396     35.09388150             nan             nan     -7.60975220     -0.02927098     -7.63902318      0.01398299      0.00081160      0.01390995      0.00233050         1             1        0 bias_on
   103     51.50000000    131.22840183     35.09446727             nan             nan     -7.60976653     -0.02955799     -7.63932451      0.01396223      0.00081953      0.01391101      0.00232704         1             1        0 bias_on
   104     52.00000000    131.97861635     35.09471408             nan             nan     -7.60978044     -0.02984491     -7.63962535      0.01398281      0.00082750      0.01390979      0.00233047         1             1        0 bias_on
   105     52.50000000    132.70538832     35.09527829             nan             nan     -7.60979443     -0.03013192     -7.63992635      0.01396226      0.00083543      0.01391155      0.00232704         1             1        0 bias_on
   106     53.00000000    133.44518009     35.09550292             nan             nan     -7.60980806     -0.03041884     -7.64022690      0.01398380      0.00084340      0.01391084      0.00233063         1             1        0 bias_on
   107     53.50000000    134.18945679     35.09604588             nan             nan     -7.60982168     -0.03070585     -7.64052753      0.01396188      0.00085134      0.01391170      0.00232698         1             1        0 bias_on
   108     54.00000000    134.93021623     35.09624878             nan             nan     -7.60983495     -0.03099277     -7.64082772      0.01398398      0.00085931      0.01391108      0.00233066         1             1        0 bias_on
   109     54.50000000    135.68295313     35.09677090             nan             nan     -7.60984824     -0.03127978     -7.64112802      0.01396136      0.00086724      0.01391173      0.00232689         1             1        0 bias_on
   110     55.00000000    136.43995108     35.09695239             nan             nan     -7.60986130     -0.03156670     -7.64142800      0.01398375      0.00087521      0.01391093      0.00233062         1             1        0 bias_on
   111     55.50000000    137.18232547     35.09745402             nan             nan     -7.60987428     -0.03185371     -7.64172798      0.01396155      0.00088315      0.01391249      0.00232692         1             1        0 bias_on
   112     56.00000000    137.92957071     35.09761447             nan             nan     -7.60988704     -0.03214062     -7.64202766      0.01398404      0.00089112      0.01391132      0.00233067         1             1        0 bias_on
   113     56.50000000    138.67808946     35.09809596             nan             nan     -7.60989983     -0.03242763     -7.64232746      0.01396117      0.00089906      0.01391270      0.00232686         1             1        0 bias_on
   114     57.00000000    139.42013293     35.09823569             nan             nan     -7.60991221     -0.03271455     -7.64262676      0.01398465      0.00090703      0.01391204      0.00233077         1             1        0 bias_on
   115     57.50000000    140.16640171     35.09869729             nan             nan     -7.60992469     -0.03300155     -7.64292625      0.01396072      0.00091497      0.01391285      0.00232679         1             1        0 bias_on
   116     58.00000000    140.90783677     35.09881665             nan             nan     -7.60993687     -0.03328847     -7.64322534      0.01398466      0.00092294      0.01391218      0.00233078         1             1        0 bias_on
   117     58.50000000    141.65971709     35.09925870             nan             nan     -7.60994914     -0.03357547     -7.64352462      0.01396069      0.00093088      0.01391345      0.00232678         1             1        0 bias_on
   118     59.00000000    142.39903737     35.09935797             nan             nan     -7.60996106     -0.03386238     -7.64382345      0.01398537      0.00093885      0.01391305      0.00233089         1             1        0 bias_on
   119     59.50000000    143.13601427     35.09978068             nan             nan     -7.60997301     -0.03414939     -7.64412240      0.01396045      0.00094679      0.01391385      0.00232674         1             1        0 bias_on
   120     60.00000000    143.86129216     35.09986017             nan             nan     -7.60998473     -0.03443630     -7.64442103      0.01398500      0.00095477      0.01391285      0.00233083         1             1        0 bias_on
   121     60.50000000    144.56609670     35.10026382             nan             nan     -7.60999641     -0.03472330     -7.64471971      0.01396039      0.00096271      0.01391446      0.00232673         1             1        0 bias_on
   122     61.00000000    145.30420272     35.10032375             nan             nan     -7.61000791     -0.03501021     -7.64501812      0.01398528      0.00097069      0.01391331      0.00233088         1             1        0 bias_on
   123     61.50000000    146.04209716     35.10070864             nan             nan     -7.61001940     -0.03529721     -7.64531661      0.01396004      0.00097862      0.01391479      0.00232667         1             1        0 bias_on
   124     62.00000000    146.77382680     35.10074930             nan             nan     -7.61003060     -0.03558412     -7.64561472      0.01398529      0.00098661      0.01391353      0.00233088         1             1        0 bias_on
   125     62.50000000    147.49238563     35.10111567             nan             nan     -7.61004185     -0.03587112     -7.64591297      0.01396003      0.00099454      0.01391548      0.00232667         1             1        0 bias_on
   126     63.00000000    148.23813006     35.10113727             nan             nan     -7.61005281     -0.03615802     -7.64621083      0.01398551      0.00100253      0.01391396      0.00233092         1             1        0 bias_on
   127     63.50000000    148.99058228     35.10148532             nan             nan     -7.61006396     -0.03644502     -7.64650898      0.01395880      0.00101047      0.01391495      0.00232647         1             1        0 bias_on
   128     64.00000000    149.72862700     35.10148819             nan             nan     -7.61007472     -0.03673192     -7.64680664      0.01398554      0.00101845      0.01391423      0.00233092         1             1        0 bias_on
   129     64.50000000    150.46510773     35.10181815             nan             nan     -7.61008560     -0.03701892     -7.64710452      0.01395876      0.00102639      0.01391563      0.00232646         1             1        0 bias_on
   130     65.00000000    151.21034725     35.10180250             nan             nan     -7.61009617     -0.03730582     -7.64740199      0.01398490      0.00103438      0.01391384      0.00233082         1             1        0 bias_on
   131     65.50000000    151.93579741     35.10211460             nan             nan     -7.61010690     -0.03759282     -7.64769972      0.01395798      0.00104232      0.01391559      0.00232633         1             1        0 bias_on
   132     66.00000000    152.70960182     35.10208074             nan             nan     -7.61011722     -0.03787971     -7.64799693      0.01398574      0.00105031      0.01391495      0.00233096         1             1        0 bias_on
   133     66.50000000    159.80578462     35.10237519             nan             nan     -7.61012774     -0.03816671     -7.64829445      0.01395813      0.00105825      0.01391649      0.00232635         1             1        0 bias_on
   134     67.00000000    160.55973943     35.10232332             nan             nan     -7.61013796     -0.03845360     -7.64859156      0.01398534      0.00106624      0.01391482      0.00233089         1             1        0 bias_on
   135     67.50000000    161.30945533     35.10260044             nan             nan     -7.61014824     -0.03874060     -7.64888884      0.01395739      0.00107418      0.01391651      0.00232623         1             1        0 bias_on
   136     68.00000000    162.06550782     35.10253082             nan             nan     -7.61015817     -0.03902749     -7.64918566      0.01398541      0.00108217      0.01391516      0.00233090         1             1        0 bias_on
   137     68.50000000    162.81179744     35.10279084             nan             nan     -7.61016836     -0.03931449     -7.64948285      0.01395676      0.00109012      0.01391664      0.00232613         1             1        0 bias_on
   138     69.00000000    163.57544059     35.10270377             nan             nan     -7.61017820     -0.03960137     -7.64977957      0.01398516      0.00109811      0.01391519      0.00233086         1             1        0 bias_on
   139     69.50000000    164.33034791     35.10294692             nan             nan     -7.61018814     -0.03988837     -7.65007651      0.01395578      0.00110605      0.01391644      0.00232596         1             1        0 bias_on
   140     70.00000000    165.08481758     35.10284261             nan             nan     -7.61019782     -0.04017525     -7.65037307      0.01398552      0.00111405      0.01391585      0.00233092         1             1        0 bias_on
   141     70.50000000    165.84397771     35.10306912             nan             nan     -7.61020766     -0.04046224     -7.65066991      0.01395580      0.00112200      0.01391724      0.00232597         1             1        0 bias_on
   142     71.00000000    166.60614865     35.10294782             nan             nan     -7.61021708     -0.04074912     -7.65096620      0.01398512      0.00112999      0.01391575      0.00233085         1             1        0 bias_on
   143     71.50000000    167.33738278     35.10315790             nan             nan     -7.61022670     -0.04103611     -7.65126281      0.01395514      0.00113794      0.01391737      0.00232586         1             1        0 bias_on
   144     72.00000000    168.11016563     35.10301986             nan             nan     -7.61023600     -0.04132299     -7.65155898      0.01398452      0.00114594      0.01391546      0.00233075         1             1        0 bias_on
   145     72.50000000    168.88014244     35.10321375             nan             nan     -7.61024551     -0.04160998     -7.65185549      0.01395439      0.00115389      0.01391741      0.00232573         1             1        0 bias_on
   146     73.00000000    169.64879277     35.10305915             nan             nan     -7.61025467     -0.04189685     -7.65215152      0.01398453      0.00116189      0.01391578      0.00233075         1             1        0 bias_on
   147     73.50000000    170.40260890     35.10323707             nan             nan     -7.61026406     -0.04218384     -7.65244791      0.01395391      0.00116984      0.01391774      0.00232565         1             1        0 bias_on
   148     74.00000000    171.17177912     35.10306616             nan             nan     -7.61027301     -0.04247071     -7.65274372      0.01398505      0.00117784      0.01391664      0.00233084         1             1        0 bias_on
   149     74.50000000    171.92866255     35.10322828             nan             nan     -7.61028224     -0.04275770     -7.65303994      0.01395278      0.00118579      0.01391741      0.00232546         1             1        0 bias_on
   150     75.00000000    172.69287850     35.10304132             nan             nan     -7.61029114     -0.04304456     -7.65333570      0.01398418      0.00119379      0.01391610      0.00233070         1             1        0 bias_on
   151     75.50000000    173.44974035     35.10318775             nan             nan     -7.61030018     -0.04333155     -7.65363173      0.01395225      0.00120175      0.01391770      0.00232538         1             1        0 bias_on
   152     76.00000000    174.21453851     35.10298489             nan             nan     -7.61030895     -0.04361841     -7.65392736      0.01398396      0.00120975      0.01391622      0.00233066         1             1        0 bias_on
   153     76.50000000    174.96860613     35.10311593             nan             nan     -7.61031786     -0.04390540     -7.65422326      0.01395165      0.00121771      0.01391793      0.00232527         1             1        0 bias_on
   154     77.00000000    175.72643565     35.10289736             nan             nan     -7.61032646     -0.04419225     -7.65451872      0.01398378      0.00122572      0.01391639      0.00233063         1             1        0 bias_on
   155     77.50000000    176.44269262     35.10301313             nan             nan     -7.61033523     -0.04447924     -7.65481447      0.01395106      0.00123367      0.01391817      0.00232518         1             1        0 bias_on
   156     78.00000000    177.20951720     35.10277904             nan             nan     -7.61034374     -0.04476609     -7.65510983      0.01398331      0.00124168      0.01391626      0.00233055         1             1        0 bias_on
   157     78.50000000    177.96263800     35.10287976             nan             nan     -7.61035234     -0.04505308     -7.65540542      0.01394983      0.00124964      0.01391777      0.00232497         1             1        0 bias_on
   158     79.00000000    178.72688730     35.10263034             nan             nan     -7.61036069     -0.04533992     -7.65570061      0.01398284      0.00125765      0.01391615      0.00233047         1             1        0 bias_on
   159     79.50000000    179.48442404     35.10271617             nan             nan     -7.61036931     -0.04562691     -7.65599622      0.01394915      0.00126561      0.01391793      0.00232486         1             1        0 bias_on
   160     80.00000000    180.23656418     35.10245161             nan             nan     -7.61037744     -0.04591375     -7.65629120      0.01398247      0.00127362      0.01391616      0.00233041         1             1        0 bias_on
   161     80.50000000    180.99446275     35.10252263             nan             nan     -7.61038592     -0.04620073     -7.65658665      0.01394823      0.00128158      0.01391786      0.00232471         1             1        0 bias_on
   162     81.00000000    181.74260707     35.10224306             nan             nan     -7.61039394     -0.04648757     -7.65688151      0.01398278      0.00128960      0.01391684      0.00233046         1             1        0 bias_on
   163     81.50000000    182.49848810     35.10229947             nan             nan     -7.61040229     -0.04677455     -7.65717684      0.01394756      0.00129756      0.01391805      0.00232459         1             1        0 bias_on
   164     82.00000000    183.24958897     35.10200505             nan             nan     -7.61041027     -0.04706139     -7.65747165      0.01398206      0.00130558      0.01391651      0.00233034         1             1        0 bias_on
   165     82.50000000    183.99084902     35.10204695             nan             nan     -7.61041840     -0.04734836     -7.65776676      0.01394685      0.00131354      0.01391822      0.00232448         1             1        0 bias_on
   166     83.00000000    184.76250656     35.10173776             nan             nan     -7.61042626     -0.04763519     -7.65806146      0.01398213      0.00132156      0.01391697      0.00233035         1             1        0 bias_on
   167     83.50000000    185.52474081     35.10176529             nan             nan     -7.61043429     -0.04792217     -7.65835646      0.01394631      0.00132953      0.01391855      0.00232438         1             1        0 bias_on
   168     84.00000000    186.30055458     35.10144150             nan             nan     -7.61044209     -0.04820899     -7.65865109      0.01398078      0.00133755      0.01391602      0.00233013         1             1        0 bias_on
   169     84.50000000    187.02879051     35.10145473             nan             nan     -7.61045004     -0.04849596     -7.65894600      0.01394534      0.00134552      0.01391848      0.00232422         1             1        0 bias_on
   170     85.00000000    187.77278282     35.10111642             nan             nan     -7.61045768     -0.04878279     -7.65924047      0.01398091      0.00135355      0.01391657      0.00233015         1             1        0 bias_on
   171     85.50000000    188.53485549     35.10111548             nan             nan     -7.61046545     -0.04906976     -7.65953521      0.01394480      0.00136151      0.01391885      0.00232413         1             1        0 bias_on
   172     86.00000000    189.30179567     35.10076272             nan             nan     -7.61047301     -0.04935658     -7.65982959      0.01398041      0.00136954      0.01391650      0.00233007         1             1        0 bias_on
   173     86.50000000    190.07926213     35.10074770             nan             nan     -7.61048073     -0.04964354     -7.66012428      0.01394395      0.00137751      0.01391891      0.00232399         1             1        0 bias_on
   174     87.00000000    190.82813246     35.10038066             nan             nan     -7.61048813     -0.04993036     -7.66041849      0.01397953      0.00138554      0.01391606      0.00232992         1             1        0 bias_on
   175     87.50000000    191.58929740     35.10035167             nan             nan     -7.61049577     -0.05021732     -7.66071309      0.01394286      0.00139351      0.01391874      0.00232381         1             1        0 bias_on
   176     88.00000000    192.35004998     35.09997045             nan             nan     -7.61050305     -0.05050413     -7.66100718      0.01397988      0.00140155      0.01391686      0.00232998         1             1        0 bias_on
   177     88.50000000    193.10658095     35.09992763             nan             nan     -7.61051064     -0.05079109     -7.66130173      0.01394135      0.00140952      0.01391816      0.00232356         1             1        0 bias_on
   178     89.00000000    193.86777495     35.09953237             nan             nan     -7.61051784     -0.05107790     -7.66159574      0.01397911      0.00141756      0.01391654      0.00232985         1             1        0 bias_on
   179     89.50000000    194.61919566     35.09947583             nan             nan     -7.61052515     -0.05136486     -7.66189001      0.01394068      0.00142553      0.01391842      0.00232345         1             1        0 bias_on
   180     90.00000000    195.36513301     35.09906667             nan             nan     -7.61053228     -0.05165166     -7.66218395      0.01397869      0.00143357      0.01391656      0.00232978         1             1        0 bias_on
   181     90.50000000    196.08053680     35.09899656             nan             nan     -7.61053963     -0.05193862     -7.66247825      0.01393957      0.00144155      0.01391825      0.00232326         1             1        0 bias_on
   182     91.00000000    196.82262915     35.09857365             nan             nan     -7.61054656     -0.05222541     -7.66277197      0.01397855      0.00144959      0.01391689      0.00232976         1             1        0 bias_on
   183     91.50000000    197.58855051     35.09849006             nan             nan     -7.61055384     -0.05251237     -7.66306620      0.01393883      0.00145757      0.01391845      0.00232314         1             1        0 bias_on
   184     92.00000000    198.36956986     35.09805350             nan             nan     -7.61056069     -0.05279916     -7.66335985      0.01397750      0.00146562      0.01391629      0.00232958         1             1        0 bias_on
   185     92.50000000    199.12780926     35.09795659             nan             nan     -7.61056790     -0.05308611     -7.66365401      0.01393781      0.00147360      0.01391838      0.00232297         1             1        0 bias_on
   186     93.00000000    199.88391653     35.09750650             nan             nan     -7.61057464     -0.05337290     -7.66394754      0.01397738      0.00148164      0.01391663      0.00232956         1             1        0 bias_on
   187     93.50000000    200.64508913     35.09739643             nan             nan     -7.61058167     -0.05365984     -7.66424151      0.01393715      0.00148963      0.01391867      0.00232286         1             1        0 bias_on
   188     94.00000000    201.40724154     35.09693298             nan             nan     -7.61058839     -0.05394663     -7.66453501      0.01397671      0.00149768      0.01391643      0.00232945         1             1        0 bias_on
   189     94.50000000    202.16985955     35.09680986             nan             nan     -7.61059538     -0.05423357     -7.66482895      0.01393594      0.00150566      0.01391841      0.00232266         1             1        0 bias_on
   190     95.00000000    202.90168354     35.09633313             nan             nan     -7.61060198     -0.05452035     -7.66512233      0.01397643      0.00151372      0.01391662      0.00232940         1             1        0 bias_on
   191     95.50000000    203.65042634     35.09619706             nan             nan     -7.61060879     -0.05480729     -7.66541608      0.01393489      0.00152170      0.01391831      0.00232248         1             1        0 bias_on
   192     96.00000000    204.40910498     35.09570724             nan             nan     -7.61061532     -0.05509406     -7.66570938      0.01397550      0.00152976      0.01391616      0.00232925         1             1        0 bias_on
   193     96.50000000    205.16690772     35.09555835             nan             nan     -7.61062201     -0.05538100     -7.66600301      0.01393410      0.00153775      0.01391848      0.00232235         1             1        0 bias_on
   194     97.00000000    205.93020709     35.09505552             nan             nan     -7.61062855     -0.05566777     -7.66629632      0.01397550      0.00154581      0.01391662      0.00232925         1             1        0 bias_on
   195     97.50000000    206.69729252     35.09489400             nan             nan     -7.61063521     -0.05595470     -7.66658991      0.01393326      0.00155380      0.01391861      0.00232221         1             1        0 bias_on
   196     98.00000000    207.44425651     35.09437828             nan             nan     -7.61064154     -0.05624146     -7.66688300      0.01397466      0.00156186      0.01391626      0.00232911         1             1        0 bias_on
   197     98.50000000    208.20583316     35.09420414             nan             nan     -7.61064820     -0.05652839     -7.66717660      0.01393250      0.00156985      0.01391881      0.00232208         1             1        0 bias_on
   198     99.00000000    208.95521882     35.09367561             nan             nan     -7.61065443     -0.05681515     -7.66746959      0.01397432      0.00157792      0.01391640      0.00232905         1             1        0 bias_on
   199     99.50000000    209.70699002     35.09348895             nan             nan     -7.61066094     -0.05710208     -7.66776302      0.01393129      0.00158592      0.01391858      0.00232188         1             1        0 bias_on
   200    100.00000000    210.44882217     35.09294769             nan             nan     -7.61066716     -0.05738883     -7.66805599      0.01397389      0.00159398      0.01391646      0.00232898         1             1        0 bias_on
