  step         time_fs     wall_time_s        rti_dist          temp_K     temp_bath_K   thermo_lambda          kin_Ha     pot_real_Ha     pot_rtip_Ha    pot_total_Ha          f_real          f_rtip         f_total      rms_f_real state_decision
     1      0.50000000     10.48548567      0.09700087      0.25183353   1000.00000000      1.41385996      0.00004187     -7.59785467      0.00121306     -7.59664161      0.08075126      0.01250567      0.07788154      0.01345854 md_running
     2      1.00000000     21.76831453      0.09686504      2.90409425   1000.00000000      1.41385996      0.00048283     -7.59805480      0.00242612     -7.59562868      0.07779232      0.02504642      0.07486875      0.01296539 md_running
     3      1.50000000     40.76518312      0.09967693      7.35160149   1000.00000000      1.11117431      0.00122226     -7.59846382      0.00363918     -7.59482463      0.07122929      0.03650979      0.07284360      0.01187155 md_running
     4      2.00000000     44.58633402      0.10923120     13.83329811   1000.00000000      1.05015058      0.00229989     -7.59892692      0.00485225     -7.59407467      0.06278923      0.04442179      0.07184182      0.01046487 md_running
     5      2.50000000     44.83808237      0.12863937     22.69646150   1000.00000000      1.02786580      0.00377346     -7.59931048      0.00606531     -7.59324518      0.05424550      0.04714969      0.06869337      0.00904092 md_running
     6      3.00000000     45.07785309      0.15903283     33.23958392   1000.00000000      1.01756496      0.00552634     -7.59947691      0.00727837     -7.59219855      0.04818448      0.04576645      0.06281564      0.00803075 md_running
     7      3.50000000     45.31723860      0.19937891     43.90320288   1000.00000000      1.01242905      0.00729925     -7.59930483      0.00849143     -7.59081340      0.04765729      0.04258941      0.05764227      0.00794288 md_running
     8      4.00000000     45.55511868      0.24748623     53.32063989   1000.00000000      1.00971784      0.00886497     -7.59873997      0.00970449     -7.58903547      0.05352481      0.03921224      0.05710560      0.00892080 md_running
     9      4.50000000     45.79203800      0.30099520     61.03511262   1000.00000000      1.00819570      0.01014756     -7.59783552      0.01091755     -7.58691797      0.06329865      0.03627151      0.06199841      0.01054977 md_running
    10      5.00000000     46.06081653      0.35792331     67.55752834   1000.00000000      1.00725818      0.01123197     -7.59675148      0.01213061     -7.58462087      0.07366509      0.03389165      0.06976602      0.01227751 md_running
    11      5.50000000     55.85916702      0.41692392     74.00369461   1000.00000000      1.00657279      0.01230369     -7.59570816      0.01334367     -7.58236449      0.08215395      0.03200506      0.07725233      0.01369232 md_running
    12      6.00000000     56.12325831      0.47738139     81.53761028   1000.00000000      1.00595233      0.01355626     -7.59490581      0.01455674     -7.58034908      0.08732027      0.03049289      0.08231740      0.01455338 md_running
    13      6.50000000     56.40105906      0.53936142     90.83034548   1000.00000000      1.00532405      0.01510125     -7.59444308      0.01576980     -7.57867328      0.08869816      0.02923790      0.08404980      0.01478303 md_running
    14      7.00000000     62.97599794      0.60341716    101.74222388   1000.00000000      1.00470461      0.01691544     -7.59427260      0.01698286     -7.57728974      0.08676807      0.02814447      0.08263697      0.01446134 md_running
    15      7.50000000     63.24428209      0.67028819    113.35310231   1000.00000000      1.00414797      0.01884584     -7.59421460      0.01819592     -7.57601868      0.08284717      0.02714641      0.07917437      0.01380786 md_running
    16      8.00000000     63.50501136      0.74057820    124.31129064   1000.00000000      1.00369675      0.02066772     -7.59402403      0.01940898     -7.57461505      0.07881285      0.02620788      0.07537392      0.01313548 md_running
    17      8.50000000     63.75814437      0.81451430    133.33461098   1000.00000000      1.00336546      0.02216792     -7.59347986      0.02062204     -7.57285782      0.07653705      0.02531821      0.07303751      0.01275618 md_running
    18      9.00000000     64.00954687      0.89185594    139.65762941   1000.00000000      1.00314666      0.02321917     -7.59246027      0.02183510     -7.57062516      0.07715053      0.02448277      0.07336127      0.01285842 md_running
    19      9.50000000     64.25815308      0.97195571    143.27735401   1000.00000000      1.00302072      0.02382098     -7.59098095      0.02304817     -7.56793278      0.08055067      0.02371318      0.07639674      0.01342511 md_running
    20     10.00000000     64.51325046      1.05392255    144.95421643   1000.00000000      1.00296104      0.02409977     -7.58918880      0.02426123     -7.56492757      0.08565400      0.02301993      0.08119558      0.01427567 md_running
    21     10.50000000     64.77377258      1.13682292    146.00710330   1000.00000000      1.00293520      0.02427482     -7.58732303      0.02547429     -7.56184874      0.09110371      0.02240832      0.08646416      0.01518395 md_running
    22     11.00000000     65.02914177      1.21986420    147.98220032   1000.00000000      1.00290651      0.02460320     -7.58565585      0.02668735     -7.55896850      0.09577380      0.02187731      0.09108733      0.01596230 md_running
    23     11.50000000     65.27989082      1.30252611    152.29539901   1000.00000000      1.00284026      0.02532030     -7.58443040      0.02790041     -7.55652999      0.09891977      0.02142023      0.09431032      0.01648663 md_running
    24     12.00000000     65.53746500      1.38462873    159.92716596   1000.00000000      1.00271476      0.02658914     -7.58380990      0.02911347     -7.55469642      0.10015385      0.02102619      0.09572825      0.01669231 md_running
    25     12.50000000     65.79441192      1.46633653    171.22073145   1000.00000000      1.00253036      0.02846678     -7.58384424      0.03032653     -7.55351771      0.09938914      0.02068184      0.09523635      0.01656486 md_running
    26     13.00000000     66.05125997      1.54810748    185.81493236   1000.00000000      1.00230784      0.03089318     -7.58446074      0.03153959     -7.55292115      0.09682948      0.02037300      0.09302142      0.01613825 md_running
    27     13.50000000     66.31134186      1.63060019    202.71999847   1000.00000000      1.00207653      0.03370378     -7.58547801      0.03275266     -7.55272535      0.09299464      0.02008626      0.08958587      0.01549911 md_running
    28     14.00000000     66.56905480      1.71455437    220.53231272   1000.00000000      1.00186175      0.03666522     -7.58664443      0.03396572     -7.55267871      0.08874263      0.01981023      0.08576914      0.01479044 md_running
    29     14.50000000     66.82281945      1.80066685    237.76981304   1000.00000000      1.00167864      0.03953109     -7.58769629      0.03517878     -7.55251752      0.08519071      0.01953653      0.08266836      0.01419845 md_running
    30     15.00000000     67.07463566      1.88949129    253.26417830   1000.00000000      1.00153218      0.04210715     -7.58842618      0.03639184     -7.55203434      0.08339236      0.01926013      0.08131062      0.01389873 md_running
    31     15.50000000     67.33353155      1.98138498    266.49270093   1000.00000000      1.00141989      0.04430649     -7.58873967      0.03760490     -7.55113477      0.08378639      0.01897910      0.08209833      0.01396440 md_running
    32     16.00000000     67.58467276      2.07651004    277.74303253   1000.00000000      1.00133458      0.04617695     -7.58868405      0.03881796     -7.54986609      0.08577325      0.01869385      0.08441037      0.01429554 md_running
    33     16.50000000     67.83406344      2.17489315    287.99953771   1000.00000000      1.00126641      0.04788217     -7.58842895      0.04003102     -7.54839793      0.08787363      0.01840597      0.08676422      0.01464560 md_running
    34     17.00000000     68.08598875      2.27650925    298.53036015   1000.00000000      1.00120523      0.04963300     -7.58819354      0.04124408     -7.54694946      0.08837238      0.01811725      0.08745864      0.01472873 md_running
    35     17.50000000     68.32785205      2.38135947    310.31872550   1000.00000000      1.00114340      0.05159291     -7.58814874      0.04245715     -7.54569160      0.08606007      0.01782895      0.08529689      0.01434335 md_running
    36     18.00000000     68.57539168      2.48951031    323.56373828   1000.00000000      1.00107818      0.05379500     -7.58833086      0.04367021     -7.54466065      0.08074260      0.01754169      0.08007711      0.01345710 md_running
    37     18.50000000     68.83140645      2.60107243    337.50038877   1000.00000000      1.00101217      0.05611207     -7.58861022      0.04488327     -7.54372696      0.07351014      0.01725568      0.07285681      0.01225169 md_running
    38     19.00000000     69.08715237      2.71613183    350.64550272   1000.00000000      1.00095128      0.05829755     -7.58873456      0.04609633     -7.54263823      0.06679829      0.01697132      0.06602381      0.01113305 md_running
    39     19.50000000     69.33815245      2.83466580    361.34211709   1000.00000000      1.00090153      0.06007595     -7.58842392      0.04730939     -7.54111452      0.06381518      0.01668958      0.06276752      0.01063586 md_running
    40     20.00000000     69.59275778      2.95647639    368.34674059   1000.00000000      1.00086691      0.06124052     -7.58747175      0.04852245     -7.53894929      0.06667690      0.01641226      0.06527815      0.01111282 md_running
    41     20.50000000     69.84717280      3.08116608    371.23877764   1000.00000000      1.00084865      0.06172134     -7.58581330      0.04973551     -7.53607779      0.07465108      0.01614178      0.07292903      0.01244185 md_running
    42     21.00000000     70.10562532      3.20816242    370.54956083   1000.00000000      1.00084527      0.06160676     -7.58354811      0.05094858     -7.53259954      0.08513467      0.01588092      0.08315476      0.01418911 md_running
    43     21.50000000     70.35960223      3.33678671    367.60202333   1000.00000000      1.00085294      0.06111671     -7.58090935      0.05216164     -7.52874771      0.09567730      0.01563230      0.09349245      0.01594622 md_running
    44     22.00000000     70.61630154      3.46633827    364.15988864   1000.00000000      1.00086598      0.06054442     -7.57820418      0.05337470     -7.52482949      0.10468683      0.01539801      0.10233738      0.01744781 md_running
    45     22.50000000     70.87344066      3.59617929    362.02551958   1000.00000000      1.00087763      0.06018957     -7.57574387      0.05458776     -7.52115611      0.11131569      0.01517938      0.10883717      0.01855261 md_running
    46     23.00000000     71.10788660      3.72580690    362.67651467   1000.00000000      1.00088129      0.06029780     -7.57378286      0.05580082     -7.51798204      0.11523851      0.01497684      0.11266877      0.01920642 md_running
    47     23.50000000     71.34167593      3.85490641    366.98569407   1000.00000000      1.00087222      0.06101424     -7.57247056      0.05701388     -7.51545668      0.11652496      0.01478995      0.11390429      0.01942083 md_running
    48     24.00000000     71.58819317      3.98337219    375.07904891   1000.00000000      1.00084908      0.06235982     -7.57182789      0.05822694     -7.51360095      0.11553088      0.01461750      0.11290611      0.01925515 md_running
    49     24.50000000     71.84674961      4.11130366    386.35688015   1000.00000000      1.00081413      0.06423485     -7.57175074      0.05944000     -7.51231073      0.11285053      0.01445770      0.11027810      0.01880842 md_running
    50     25.00000000     72.10336656      4.23897837    399.65636019   1000.00000000      1.00077221      0.06644599     -7.57203794      0.06065306     -7.51138488      0.10928449      0.01430842      0.10683206      0.01821408 md_running
    51     25.50000000     72.35716260      4.36680620    413.54296360   1000.00000000      1.00072887      0.06875475     -7.57244017      0.06186612     -7.51057405      0.10575167      0.01416737      0.10349594      0.01762528 md_running
    52     26.00000000     72.61711084      4.49527336    426.69055068   1000.00000000      1.00068878      0.07094063     -7.57272518      0.06307919     -7.50964599      0.10309610      0.01403234      0.10111360      0.01718268 md_running
    53     26.50000000     72.87173939      4.62488842    438.27585034   1000.00000000      1.00065463      0.07286678     -7.57274526      0.06429225     -7.50845301      0.10177769      0.01390137      0.10012943      0.01696295 md_running
    54     27.00000000     73.12242210      4.75614459    448.23714347   1000.00000000      1.00062681      0.07452292     -7.57248315      0.06550531     -7.50697785      0.10157619      0.01377278      0.10028709      0.01692936 md_running
    55     27.50000000     73.37092777      4.88949414    457.26767209   1000.00000000      1.00060372      0.07602432     -7.57205037      0.06671837     -7.50533200      0.10156409      0.01364526      0.10061590      0.01692735 md_running
    56     28.00000000     73.62835346      5.02533282    466.52643367   1000.00000000      1.00058248      0.07756366     -7.57164091      0.06793143     -7.50370948      0.10044346      0.01351781      0.09978649      0.01674058 md_running
    57     28.50000000     73.89155742      5.16399070    477.12328469   1000.00000000      1.00056013      0.07932547     -7.57144180      0.06914449     -7.50229732      0.09711458      0.01338975      0.09667961      0.01618576 md_running
    58     29.00000000     74.15290804      5.30571762    489.57028245   1000.00000000      1.00053490      0.08139488     -7.57153953      0.07035754     -7.50118199      0.09120902      0.01326072      0.09090965      0.01520150 md_running
    59     29.50000000     74.41503857      5.45065713    503.46995656   1000.00000000      1.00050710      0.08370581     -7.57186660      0.07157060     -7.50029599      0.08343645      0.01313066      0.08315893      0.01390607 md_running
    60     30.00000000     74.65980209      5.59880965    517.59639793   1000.00000000      1.00047888      0.08605444     -7.57221557      0.07278366     -7.49943191      0.07567676      0.01299987      0.07526830      0.01261279 md_running
    61     30.50000000     74.91739130      5.74999845    530.33079812   1000.00000000      1.00045320      0.08817163     -7.57231371      0.07399672     -7.49831699      0.07065339      0.01286902      0.06993990      0.01177556 md_running
    62     31.00000000     75.16489561      5.90385332    540.25273875   1000.00000000      1.00043264      0.08982123     -7.57192469      0.07520978     -7.49671492      0.07072161      0.01273913      0.06959066      0.01178694 md_running
    63     31.50000000     75.41721172      6.05982327    546.60932775   1000.00000000      1.00041855      0.09087807     -7.57092864      0.07642283     -7.49450581      0.07615021      0.01261143      0.07461249      0.01269170 md_running
    64     32.00000000     75.67920655      6.21721060    549.52491248   1000.00000000      1.00041093      0.09136281     -7.56935423      0.07763589     -7.49171835      0.08504700      0.01248730      0.08318379      0.01417450 md_running
    65     32.50000000     75.93126350      6.37522688    549.96741752   1000.00000000      1.00040852      0.09143638     -7.56737397      0.07884894     -7.48852503      0.09498179      0.01236807      0.09287097      0.01583030 md_running
    66     33.00000000     76.18167567      6.53306448    549.50633806   1000.00000000      1.00040904      0.09135972     -7.56526181      0.08006199     -7.48519982      0.10408467      0.01225495      0.10178228      0.01734745 md_running
    67     33.50000000     76.43087899      6.68997400    549.93223179   1000.00000000      1.00040958      0.09143053     -7.56332738      0.08127504     -7.48205234      0.11120384      0.01214885      0.10874766      0.01853397 md_running
    68     34.00000000     76.68982593      6.84532969    552.87502254   1000.00000000      1.00040721      0.09191979     -7.56185082      0.08248809     -7.47936273      0.11571379      0.01205035      0.11313516      0.01928563 md_running
    69     34.50000000     76.95214098      6.99868859    559.49292357   1000.00000000      1.00039964      0.09302007     -7.56103168      0.08370114     -7.47733054      0.11737769      0.01195964      0.11470642      0.01956295 md_running
    70     35.00000000     77.21270574      7.14983048    570.25187159   1000.00000000      1.00038580      0.09480882     -7.56094937      0.08491418     -7.47603519      0.11626456      0.01187650      0.11353325      0.01937743 md_running
    71     35.50000000     77.47023087      7.29877620    584.86244011   1000.00000000      1.00036613      0.09723795     -7.56155445      0.08612722     -7.47542723      0.11273826      0.01180035      0.10998908      0.01878971 md_running
    72     36.00000000     77.71790281      7.44578863    602.35569618   1000.00000000      1.00034236      0.10014634     -7.56267968      0.08734026     -7.47533942      0.10747788      0.01173030      0.10476638      0.01791298 md_running
    73     36.50000000     77.97473494      7.59134590    621.32911582   1000.00000000      1.00031688      0.10330082     -7.56408022      0.08855330     -7.47552692      0.10151429      0.01166519      0.09892390      0.01691905 md_running
    74     37.00000000     78.22847118      7.73610779    640.36661849   1000.00000000      1.00029199      0.10646595     -7.56550974      0.08976633     -7.47574341      0.09614745      0.01160374      0.09380277      0.01602458 md_running
    75     37.50000000     78.47578370      7.88088498    658.41452001   1000.00000000      1.00026924      0.10946655     -7.56677870      0.09097936     -7.47579934      0.09264933      0.01154452      0.09068833      0.01544155 md_running
    76     38.00000000     78.72982743      8.02657705    675.04497589   1000.00000000      1.00024926      0.11223150     -7.56780543      0.09219239     -7.47561304      0.09170469      0.01148613      0.09022857      0.01528411 md_running
    77     38.50000000     78.98042526      8.17410363    690.57656417   1000.00000000      1.00023179      0.11481374     -7.56863218      0.09340541     -7.47522677      0.09293972      0.01142726      0.09196425      0.01548995 md_running
    78     39.00000000     79.22935642      8.32433152    705.91304807   1000.00000000      1.00021586      0.11736355     -7.56940617      0.09461842     -7.47478775      0.09504026      0.01136679      0.09449751      0.01584004 md_running
    79     39.50000000     79.46609522      8.47800574    722.10142846   1000.00000000      1.00020026      0.12005500     -7.57029921      0.09583143     -7.47446779      0.09650099      0.01130387      0.09627052      0.01608350 md_running
    80     40.00000000     79.71034076      8.63567621    739.79246662   1000.00000000      1.00018409      0.12299627     -7.57141910      0.09704442     -7.47437468      0.09631176      0.01123800      0.09624755      0.01605196 md_running
    81     40.50000000     79.96654572      8.79762990    758.87227980   1000.00000000      1.00016720      0.12616844     -7.57274513      0.09825741     -7.47448772      0.09430353      0.01116906      0.09424316      0.01571726 md_running
    82     41.00000000     80.20556531      8.96384141    778.40869710   1000.00000000      1.00015022      0.12941652     -7.57412094      0.09947038     -7.47465056      0.09113328      0.01109734      0.09089600      0.01518888 md_running
    83     41.50000000     80.45884642      9.13394785    796.92156806   1000.00000000      1.00013425      0.13249443     -7.57530095      0.10068335     -7.47461760      0.08798148      0.01102354      0.08737618      0.01466358 md_running
    84     42.00000000     80.71380231      9.30725603    812.82479730   1000.00000000      1.00012044      0.13513847     -7.57602408      0.10189629     -7.47412779      0.08607675      0.01094868      0.08492662      0.01434613 md_running
    85     42.50000000     80.96854989      9.48277144    824.91490741   1000.00000000      1.00010969      0.13714854     -7.57609646      0.10310922     -7.47298724      0.08622380      0.01087404      0.08442017      0.01437063 md_running
    86     43.00000000     81.22809861      9.65926693    832.72300268   1000.00000000      1.00010233      0.13844670     -7.57545317      0.10432213     -7.47113104      0.08846569      0.01080102      0.08599088      0.01474428 md_running
    87     43.50000000     81.48791335      9.83536551    836.58411210   1000.00000000      1.00009818      0.13908864     -7.57416371      0.10553503     -7.46862869      0.09218910      0.01073107      0.08909679      0.01536485 md_running
    88     44.00000000     81.74155132     10.00963119    837.54063998   1000.00000000      1.00009660      0.13924767     -7.57241842      0.10674790     -7.46567052      0.09656954      0.01066555      0.09295210      0.01609492 md_running
    89     44.50000000     81.98719338     10.18067317    837.11776049   1000.00000000      1.00009659      0.13917736     -7.57048723      0.10796075     -7.46252648      0.10089600      0.01060563      0.09685727      0.01681600 md_running
    90     45.00000000     82.23227083     10.34724523    836.94458593   1000.00000000      1.00009698      0.13914857     -7.56865761      0.10917358     -7.45948402      0.10472626      0.01055226      0.10036652      0.01745438 md_running
    91     45.50000000     82.48987659     10.50831778    838.40579674   1000.00000000      1.00009665      0.13939151     -7.56716950      0.11038640     -7.45678310      0.10789358      0.01050609      0.10331364      0.01798226 md_running
    92     46.00000000     82.73627729     10.66313652    842.44194465   1000.00000000      1.00009478      0.14006255     -7.56618734      0.11159920     -7.45458814      0.11043525      0.01046746      0.10574432      0.01840588 md_running
    93     46.50000000     82.98936695     10.81127025    849.41781424   1000.00000000      1.00009090      0.14122234     -7.56577653      0.11281198     -7.45296455      0.11254272      0.01043639      0.10785909      0.01875712 md_running
    94     47.00000000     83.24942556     10.95263355    859.06000824   1000.00000000      1.00008508      0.14282543     -7.56588999      0.11402474     -7.45186525      0.11444634      0.01041261      0.10989297      0.01907439 md_running
    95     47.50000000     83.50160148     11.08748499    870.57400953   1000.00000000      1.00007781      0.14473972     -7.56638891      0.11523749     -7.45115142      0.11636775      0.01039553      0.11206745      0.01939463 md_running
    96     48.00000000     83.74423432     11.21641062    882.95629126   1000.00000000      1.00006983      0.14679838     -7.56709511      0.11645022     -7.45064489      0.11840307      0.01038436      0.11446982      0.01973385 md_running
    97     48.50000000     83.99426742     11.34029817    895.31451623   1000.00000000      1.00006184      0.14885303     -7.56784917      0.11766294     -7.45018623      0.12051507      0.01037807      0.11703654      0.02008585 md_running
    98     49.00000000     84.25095229     11.46028384    907.07650561   1000.00000000      1.00005431      0.15080855     -7.56854162      0.11887565     -7.44966597      0.12241182      0.01037544      0.11943264      0.02040197 md_running
    99     49.50000000     84.51017432     11.57766825    918.14058283   1000.00000000      1.00004743      0.15264804     -7.56914139      0.12008833     -7.44905307      0.12353955      0.01037521      0.12106008      0.02058992 md_running
   100     50.00000000     84.76476992     11.69382354    928.88803658   1000.00000000      1.00004106      0.15443489     -7.56970029      0.12130099     -7.44839930      0.12321367      0.01037609      0.12119231      0.02053561 md_running
   101     50.50000000     85.01383159     11.81008526    939.99769465   1000.00000000      1.00003485      0.15628195     -7.57031959      0.12251362     -7.44780597      0.12084189      0.01037687      0.11920328      0.02014032 md_running
   102     51.00000000     85.26911325     11.92764206    952.06358438   1000.00000000      1.00002837      0.15828800     -7.57109401      0.12372622     -7.44736779      0.11612560      0.01037653      0.11475899      0.01935427 md_running
   103     51.50000000     85.52767007     12.04741500    965.15013408   1000.00000000      1.00002142      0.16046374     -7.57202616      0.12493878     -7.44708738      0.10931817      0.01037430      0.10807519      0.01821970 md_running
   104     52.00000000     85.78819878     12.16995233    978.65397239   1000.00000000      1.00001420      0.16270886     -7.57300736      0.12615129     -7.44685607      0.10133036      0.01036978      0.10002679      0.01688839 md_running
   105     52.50000000     86.03857433     12.29537186    991.45104411   1000.00000000      1.00000721      0.16483647     -7.57384845      0.12736376     -7.44648469      0.09361560      0.01036294      0.09203198      0.01560260 md_running
   106     53.00000000     86.29625319     12.42334123   1002.15976245   1000.00000000      1.00000108      0.16661688     -7.57431706      0.12857618     -7.44574089      0.08790548      0.01035413      0.08581571      0.01465091 md_running
   107     53.50000000     86.54448050     12.55309455   1009.56350308   1000.00000000      0.99999646      0.16784781     -7.57421684      0.12978854     -7.44442830      0.08565866      0.01034406      0.08291112      0.01427644 md_running
   108     54.00000000     86.79300990     12.68350219   1012.95149589   1000.00000000      0.99999375      0.16841109     -7.57343694      0.13100085     -7.44243608      0.08737397      0.01033369      0.08395187      0.01456233 md_running
   109     54.50000000     87.04557814     12.81316574   1012.29212595   1000.00000000      0.99999309      0.16830147     -7.57198631      0.13221312     -7.43977319      0.09225812      0.01032415      0.08825429      0.01537635 md_running
   110     55.00000000     87.28641807     12.94053086   1008.30186304   1000.00000000      0.99999430      0.16763806     -7.56999957      0.13342534     -7.43657423      0.09883489      0.01031664      0.09436903      0.01647248 md_running
   111     55.50000000     87.53590616     13.06400281   1002.28005765   1000.00000000      0.99999687      0.16663688     -7.56771236      0.13463753     -7.43307482      0.10564451      0.01031237      0.10081559      0.01760742 md_running
   112     56.00000000     87.79397477     13.18206314    995.84847961   1000.00000000      1.00000010      0.16556758     -7.56540938      0.13584971     -7.42955967      0.11160150      0.01031242      0.10648378      0.01860025 md_running
   113     56.50000000     88.05489465     13.29338021    990.64080580   1000.00000000      1.00000315      0.16470177     -7.56338315      0.13706187     -7.42632128      0.11607900      0.01031771      0.11073220      0.01934650 md_running
   114     57.00000000     88.31616412     13.39690002    987.93543966   1000.00000000      1.00000525      0.16425198     -7.56185751      0.13827403     -7.42358347      0.11886112      0.01032891      0.11334083      0.01981019 md_running
   115     57.50000000     88.57828939     13.49190652    988.42987541   1000.00000000      1.00000583      0.16433418     -7.56095608      0.13948622     -7.42146986      0.11997848      0.01034646      0.11434777      0.01999641 md_running
   116     58.00000000     88.83640740     13.57806553    992.21922348   1000.00000000      1.00000472      0.16496419     -7.56069655      0.14069842     -7.41999812      0.11968485      0.01037051      0.11402583      0.01994748 md_running
   117     58.50000000     89.09373465     13.65545238    998.86041053   1000.00000000      1.00000201      0.16606834     -7.56100479      0.14191066     -7.41909413      0.11842156      0.01040091      0.11284356      0.01973693 md_running
   118     59.00000000     89.35274235     13.72455768   1007.51060584   1000.00000000      0.99999811      0.16750650     -7.56173232      0.14312293     -7.41860939      0.11674925      0.01043726      0.11139327      0.01945821 md_running
   119     59.50000000     89.58444682     13.78627396   1017.18084254   1000.00000000      0.99999353      0.16911425     -7.56270336      0.14433524     -7.41836812      0.11523195      0.01047884      0.11026218      0.01920532 md_running
   120     60.00000000     89.80642459     13.84185853   1027.02996919   1000.00000000      0.99998879      0.17075175     -7.56376245      0.14554758     -7.41821488      0.11423756      0.01052470      0.10981281      0.01903959 md_running
   121     60.50000000     90.05699029     13.89286460   1036.60166153   1000.00000000      0.99998420      0.17234312     -7.56481663      0.14675993     -7.41805670      0.11375700      0.01057367      0.10999310      0.01895950 md_running
   122     61.00000000     90.31304161     13.94104341   1045.92435137   1000.00000000      0.99997987      0.17389309     -7.56585412      0.14797229     -7.41788184      0.11335098      0.01062443      0.11029204      0.01889183 md_running
   123     61.50000000     90.56811203     13.98821817   1055.39897999   1000.00000000      0.99997565      0.17546832     -7.56692574      0.14918464     -7.41774111      0.11236646      0.01067561      0.10998193      0.01872774 md_running
   124     62.00000000     90.82324618     14.03614058   1065.51822675   1000.00000000      0.99997133      0.17715072     -7.56809864      0.15039696     -7.41770168      0.11027438      0.01072589      0.10846906      0.01837906 md_running
   125     62.50000000     91.07952476     14.08633489   1076.55470460   1000.00000000      0.99996670      0.17898562     -7.56940538      0.15160923     -7.41779615      0.10690227      0.01077411      0.10552740      0.01781704 md_running
   126     63.00000000     91.33817574     14.13995060   1088.32688689   1000.00000000      0.99996176      0.18094284     -7.57080239      0.15282144     -7.41798095      0.10257096      0.01081939      0.10143223      0.01709516 md_running
   127     63.50000000     91.59750599     14.19765132   1100.18764540   1000.00000000      0.99995672      0.18291478     -7.57217477      0.15403358     -7.41814119      0.09810333      0.01086123      0.09696374      0.01635056 md_running
   128     64.00000000     91.85242550     14.25954823   1111.12889496   1000.00000000      0.99995191      0.18473385     -7.57335238      0.15524564     -7.41810674      0.09458590      0.01089956      0.09318105      0.01576432 md_running
   129     64.50000000     92.10310872     14.32518661   1119.97569357   1000.00000000      0.99994781      0.18620470     -7.57413986      0.15645762     -7.41768224      0.09306775      0.01093473      0.09115049      0.01551129 md_running
   130     65.00000000     92.35965288     14.39358938   1125.71972792   1000.00000000      0.99994481      0.18715969     -7.57437611      0.15766952     -7.41670659      0.09412818      0.01096750      0.09153004      0.01568803 md_running
   131     65.50000000     92.61506836     14.46335051   1127.76727244   1000.00000000      0.99994322      0.18750011     -7.57397612      0.15888137     -7.41509476      0.09760819      0.01099895      0.09426888      0.01626803 md_running
   132     66.00000000     92.86914255     14.53275402   1126.11481224   1000.00000000      0.99994314      0.18722538     -7.57295658      0.16009318     -7.41286341      0.10275039      0.01103039      0.09869917      0.01712507 md_running
   133     66.50000000     93.12569630     14.59991008   1121.41178424   1000.00000000      0.99994442      0.18644346     -7.57144567      0.16130497     -7.41014070      0.10855386      0.01106323      0.10386586      0.01809231 md_running
   134     67.00000000     93.38316647     14.66289641   1114.80822949   1000.00000000      0.99994674      0.18534557     -7.56965991      0.16251679     -7.40714312      0.11415809      0.01109892      0.10891938      0.01902635 md_running
   135     67.50000000     93.62153034     14.71988416   1107.62895254   1000.00000000      0.99994957      0.18415196     -7.56784312      0.16372866     -7.40411446      0.11894947      0.01113882      0.11324544      0.01982491 md_running
   136     68.00000000     93.86625870     14.76925072   1101.09171686   1000.00000000      0.99995242      0.18306509     -7.56621661      0.16494062     -7.40127598      0.12257200      0.01118415      0.11648860      0.02042867 md_running
   137     68.50000000     94.11830892     14.80967517   1096.18374178   1000.00000000      0.99995481      0.18224910     -7.56496010      0.16615271     -7.39880739      0.12489705      0.01123591      0.11852586      0.02081617 md_running
   138     69.00000000     94.37577861     14.84021044   1093.51991293   1000.00000000      0.99995640      0.18180622     -7.56418998      0.16736493     -7.39682504      0.12596125      0.01129485      0.11940129      0.02099354 md_running
   139     69.50000000     94.61581007     14.86033146   1093.21642454   1000.00000000      0.99995700      0.18175576     -7.56393181      0.16857733     -7.39535448      0.12588579      0.01136145      0.11925114      0.02098097 md_running
   140     70.00000000     94.87165998     14.86996936   1094.94806609   1000.00000000      0.99995666      0.18204366     -7.56413165      0.16978990     -7.39434175      0.12488869      0.01143585      0.11830964      0.02081478 md_running
   141     70.50000000     95.12383955     14.86951521   1098.12553184   1000.00000000      0.99995559      0.18257194     -7.56468716      0.17100266     -7.39368450      0.12318098      0.01151790      0.11680354      0.02053016 md_running
   142     71.00000000     95.37989972     14.85980851   1102.03085083   1000.00000000      0.99995408      0.18322123     -7.56547084      0.17221558     -7.39325526      0.12091811      0.01160712      0.11489536      0.02015302 md_running
   143     71.50000000     95.63952346     14.84210272   1105.94409859   1000.00000000      0.99995244      0.18387184     -7.56634774      0.17342866     -7.39291908      0.11824040      0.01170269      0.11271834      0.01970673 md_running
   144     72.00000000     95.89495571     14.81799428   1109.31641912   1000.00000000      0.99995096      0.18443251     -7.56720718      0.17464186     -7.39256532      0.11531833      0.01180354      0.11042716      0.01921972 md_running
   145     72.50000000     96.15257938     14.78933220   1111.90093810   1000.00000000      0.99994978      0.18486221     -7.56799018      0.17585516     -7.39213502      0.11246994      0.01190835      0.10831319      0.01874499 md_running
   146     73.00000000     96.41500878     14.75810219   1113.66553289   1000.00000000      0.99994894      0.18515559     -7.56867038      0.17706853     -7.39160185      0.11013189      0.01201564      0.10676625      0.01835531 md_running
   147     73.50000000     96.67551958     14.72628633   1114.67229009   1000.00000000      0.99994842      0.18532297     -7.56923452      0.17828191     -7.39095261      0.10882798      0.01212384      0.10623913      0.01813800 md_running
   148     74.00000000     96.93713148     14.69570700   1115.08327880   1000.00000000      0.99994818      0.18539130     -7.56968874      0.17949530     -7.39019344      0.10889531      0.01223149      0.10697676      0.01814922 md_running
   149     74.50000000     97.18879322     14.66787258   1115.08670988   1000.00000000      0.99994813      0.18539187     -7.57004736      0.18070865     -7.38933871      0.11029237      0.01233729      0.10884746      0.01838206 md_running
   150     75.00000000     97.44309228     14.64384303   1114.76768815   1000.00000000      0.99994821      0.18533883     -7.57031085      0.18192195     -7.38838890      0.11262947      0.01244028      0.11140404      0.01877158 md_running
   151     75.50000000     97.69216283     14.62413762   1114.03580161   1000.00000000      0.99994841      0.18521715     -7.57045779      0.18313518     -7.38732260      0.11537355      0.01253992      0.11410054      0.01922893 md_running
   152     76.00000000     97.93876762     14.60870034   1112.62824612   1000.00000000      0.99994881      0.18498313     -7.57044266      0.18434836     -7.38609430      0.11802055      0.01263616      0.11645234      0.01967009 md_running
   153     76.50000000     98.18654393     14.59692228   1110.15133193   1000.00000000      0.99994954      0.18457132     -7.57020693      0.18556149     -7.38464545      0.12016285      0.01272943      0.11808940      0.02002714 md_running
   154     77.00000000     98.44020626     14.58771567   1106.17227778   1000.00000000      0.99995080      0.18390978     -7.56968818      0.18677458     -7.38291360      0.12151193      0.01282060      0.11876592      0.02025199 md_running
   155     77.50000000     98.67916990     14.57961917   1100.39931514   1000.00000000      0.99995274      0.18294998     -7.56885460      0.18798766     -7.38086695      0.12190259      0.01291091      0.11836180      0.02031710 md_running
   156     78.00000000     98.93525790     14.57093240   1092.84958821   1000.00000000      0.99995547      0.18169477     -7.56772863      0.18920075     -7.37852788      0.12132284      0.01300184      0.11690702      0.02022047 md_running
   157     78.50000000     99.19245302     14.55985596   1083.84681213   1000.00000000      0.99995894      0.18019799     -7.56639118      0.19041388     -7.37597730      0.11996226      0.01309501      0.11463999      0.01999371 md_running
   158     79.00000000     99.44940453     14.54463048   1073.85304443   1000.00000000      0.99996298      0.17853645     -7.56494225      0.19162708     -7.37331516      0.11818756      0.01319206      0.11199012      0.01969793 md_running
   159     79.50000000     99.71020589     14.52366629   1063.40906307   1000.00000000      0.99996742      0.17680006     -7.56349194      0.19284038     -7.37065156      0.11645315      0.01329453      0.10949106      0.01940886 md_running
   160     80.00000000     99.97275858     14.49565774   1053.10870012   1000.00000000      0.99997203      0.17508754     -7.56216041      0.19405378     -7.36810663      0.11521195      0.01340376      0.10767940      0.01920199 md_running
   161     80.50000000    100.23956001     14.45966576   1043.47053918   1000.00000000      0.99997653      0.17348512     -7.56104811      0.19526732     -7.36578079      0.11482496      0.01352083      0.10699145      0.01913749 md_running
   162     81.00000000    100.50359423     14.41517581   1034.88551618   1000.00000000      0.99998073      0.17205779     -7.56022995      0.19648098     -7.36374898      0.11540012      0.01364647      0.10757309      0.01923335 md_running
   163     81.50000000    100.76679632     14.36212907   1027.56871891   1000.00000000      0.99998445      0.17084132     -7.55974622      0.19769476     -7.36205146      0.11671625      0.01378105      0.10919551      0.01945271 md_running
   164     82.00000000    101.02893529     14.30094236   1021.50701922   1000.00000000      0.99998761      0.16983352     -7.55959129      0.19890866     -7.36068263      0.11831962      0.01392450      0.11135642      0.01971994 md_running
   165     82.50000000    101.29068174     14.23249983   1016.45796880   1000.00000000      0.99999025      0.16899407     -7.55971523      0.20012265     -7.35959258      0.11964973      0.01407633      0.11342942      0.01994162 md_running
   166     83.00000000    101.54657793     14.15811293   1012.02755845   1000.00000000      0.99999253      0.16825748     -7.56003530      0.20133671     -7.35869859      0.12014837      0.01423557      0.11479569      0.02002473 md_running
   167     83.50000000    101.80333342     14.07945386   1007.76686098   1000.00000000      0.99999464      0.16754911     -7.56045502      0.20255080     -7.35790423      0.11949053      0.01440084      0.11508400      0.01991509 md_running
   168     84.00000000    102.05847269     13.99845471   1003.25681895   1000.00000000      0.99999680      0.16679928     -7.56087752      0.20376489     -7.35711262      0.11767041      0.01457041      0.11425477      0.01961173 md_running
   169     84.50000000    102.31143257     13.91718390    998.23522832   1000.00000000      0.99999920      0.16596440     -7.56122900      0.20497896     -7.35625004      0.11494750      0.01474224      0.11252541      0.01915792 md_running
   170     85.00000000    102.56762703     13.83769465    992.69919332   1000.00000000      1.00000191      0.16504399     -7.56147856      0.20619299     -7.35528557      0.11161348      0.01491420      0.11011972      0.01860225 md_running
   171     85.50000000    102.80325220     13.76185103    986.88682730   1000.00000000      1.00000486      0.16407764     -7.56164046      0.20740693     -7.35423353      0.10787702      0.01508417      0.10716412      0.01797950 md_running
   172     86.00000000    103.05389345     13.69116759    981.11216984   1000.00000000      1.00000789      0.16311756     -7.56174443      0.20862080     -7.35312363      0.10390326      0.01525032      0.10373613      0.01731721 md_running
   173     86.50000000    103.30540085     13.62667711    975.57819597   1000.00000000      1.00001087      0.16219749     -7.56180741      0.20983457     -7.35197285      0.09998784      0.01541122      0.10004695      0.01666464 md_running
   174     87.00000000    103.56361799     13.56883963    970.23881735   1000.00000000      1.00001372      0.16130978     -7.56181373      0.21104824     -7.35076549      0.09675386      0.01556605      0.09665974      0.01612564 md_running
   175     87.50000000    103.82850180     13.51751643    964.75274890   1000.00000000      1.00001655      0.16039767     -7.56170456      0.21226183     -7.34944273      0.09505654      0.01571467      0.09441629      0.01584276 md_running
   176     88.00000000    104.08663818     13.47200259    958.63846260   1000.00000000      1.00001961      0.15938113     -7.56140587      0.21347534     -7.34793054      0.09558447      0.01585761      0.09406780      0.01593074 md_running
   177     88.50000000    104.33592062     13.43110584    951.50657413   1000.00000000      1.00002317      0.15819539     -7.56086752      0.21468879     -7.34617873      0.09839619      0.01599605      0.09581675      0.01639936 md_running
   178     89.00000000    104.58064327     13.39327088    943.22550045   1000.00000000      1.00002740      0.15681860     -7.56009049      0.21590220     -7.34418829      0.10287232      0.01613166      0.09920095      0.01714539 md_running
   179     89.50000000    104.83965009     13.35672672    933.97556360   1000.00000000      1.00003233      0.15528073     -7.55913375      0.21711559     -7.34201816      0.10811297      0.01626647      0.10342978      0.01801883 md_running
   180     90.00000000    105.08723712     13.31963535    924.14869182   1000.00000000      1.00003780      0.15364693     -7.55809276      0.21832898     -7.33976378      0.11331781      0.01640270      0.10776264      0.01888630 md_running
   181     90.50000000    105.33507859     13.28023461    914.25241918   1000.00000000      1.00004360      0.15200160     -7.55707993      0.21954239     -7.33753754      0.11793295      0.01654256      0.11167288      0.01965549 md_running
   182     91.00000000    105.58983787     13.23696265    904.88806081   1000.00000000      1.00004939      0.15044470     -7.55622395      0.22075584     -7.33546811      0.12162131      0.01668811      0.11483126      0.02027022 md_running
   183     91.50000000    105.85132542     13.18855226    896.70398750   1000.00000000      1.00005478      0.14908404     -7.55565465      0.22196933     -7.33368532      0.12415295      0.01684116      0.11700950      0.02069216 md_running
   184     92.00000000    106.11252099     13.13410505    890.32128654   1000.00000000      1.00005935      0.14802286     -7.55549387      0.22318287     -7.33231099      0.12530979      0.01700312      0.11798545      0.02088496 md_running
   185     92.50000000    106.36295899     13.07314245    886.24666340   1000.00000000      1.00006268      0.14734543     -7.55583745      0.22439647     -7.33144098      0.12487264      0.01717497      0.11753060      0.02081211 md_running
   186     93.00000000    106.61445181     13.00563157    884.73176459   1000.00000000      1.00006445      0.14709356     -7.55673427      0.22561012     -7.33112415      0.12264163      0.01735714      0.11543735      0.02044027 md_running
   187     93.50000000    106.86594460     12.93198997    885.64025177   1000.00000000      1.00006461      0.14724460     -7.55815639      0.22682382     -7.33133257      0.11855499      0.01754950      0.11164288      0.01975916 md_running
   188     94.00000000    107.11509914     12.85306328    888.39592782   1000.00000000      1.00006336      0.14770276     -7.55999851      0.22803754     -7.33196097      0.11278128      0.01775136      0.10633349      0.01879688 md_running
   189     94.50000000    107.37292941     12.77008431    892.00645215   1000.00000000      1.00006122      0.14830304     -7.56207279      0.22925129     -7.33282150      0.10593201      0.01796139      0.10016362      0.01765534 md_running
   190     95.00000000    107.63556297     12.68460545    895.28799164   1000.00000000      1.00005895      0.14884862     -7.56415367      0.23046503     -7.33368864      0.09920128      0.01817776      0.09437650      0.01653355 md_running
   191     95.50000000    107.89683086     12.59838736    897.17646844   1000.00000000      1.00005726      0.14916259     -7.56603153      0.23167876     -7.33435277      0.09411307      0.01839815      0.09050551      0.01568551 md_running
   192     96.00000000    108.14811348     12.51327357    896.94779757   1000.00000000      1.00005673      0.14912457     -7.56755139      0.23289245     -7.33465894      0.09202346      0.01861994      0.08979756      0.01533724 md_running
   193     96.50000000    108.41345017     12.43105607    894.37800657   1000.00000000      1.00005764      0.14869732     -7.56864014      0.23410611     -7.33453403      0.09339408      0.01884040      0.09247629      0.01556568 md_running
   194     97.00000000    108.67761658     12.35333928    889.78060325   1000.00000000      1.00005998      0.14793297     -7.56932033      0.23531971     -7.33400062      0.09750197      0.01905688      0.09758162      0.01625033 md_running
   195     97.50000000    108.93930251     12.28140867    883.83169881   1000.00000000      1.00006343      0.14694392     -7.56968045      0.23653325     -7.33314719      0.10294240      0.01926704      0.10360161      0.01715707 md_running
   196     98.00000000    109.19751677     12.21612673    877.29682438   1000.00000000      1.00006753      0.14585744     -7.56983070      0.23774674     -7.33208397      0.10837660      0.01946911      0.10919902      0.01806277 md_running
   197     98.50000000    109.46010407     12.15786380    870.76033504   1000.00000000      1.00007184      0.14477070     -7.56986032      0.23896016     -7.33090016      0.11287214      0.01966201      0.11349655      0.01881202 md_running
   198     99.00000000    109.71192714     12.10648730    864.45344750   1000.00000000      1.00007607      0.14372213     -7.56980655      0.24017353     -7.32963302      0.11592948      0.01984550      0.11605704      0.01932158 md_running
   199     99.50000000    109.96923203     12.06140112    858.24946135   1000.00000000      1.00008021      0.14269067     -7.56965671      0.24138685     -7.32826986      0.11736362      0.02002014      0.11675340      0.01956060 md_running
   200    100.00000000    110.22503234     12.02162602    851.76714600   1000.00000000      1.00008443      0.14161294     -7.56936149      0.24260013     -7.32676136      0.11725022      0.02018718      0.11571637      0.01954170 max_step
