  step         time_fs     wall_time_s        rti_dist          temp_K     temp_bath_K   thermo_lambda          kin_Ha     pot_real_Ha     pot_rtip_Ha    pot_total_Ha          f_real          f_rtip         f_total      rms_f_real state_decision
     1      0.50000000      8.98780685      7.96509199    298.93355909    300.00000000      1.00000000      0.04970004     -7.59870383      0.01586067     -7.58284316      0.05725739      0.00563217      0.05608227      0.00954290 md_running
     2      1.00000000     20.14668683      7.95419141    296.50546925    300.00000000      1.00000342      0.04929635     -7.59825648      0.01581729     -7.58243919      0.05890517      0.00562446      0.05766858      0.00981753 md_running
     3      1.50000000     38.98885280      7.94345899    293.32367865    300.00000000      1.00000823      0.04876735     -7.59768244      0.01577464     -7.58190780      0.06070682      0.00561687      0.05942318      0.01011780 md_running
     4      2.00000000     39.23186969      7.93291696    289.54220152    300.00000000      1.00001437      0.04813865     -7.59700750      0.01573279     -7.58127471      0.06258258      0.00560942      0.06126658      0.01043043 md_running
     5      2.50000000     39.49345498      7.92258556    285.44240905    300.00000000      1.00002153      0.04745703     -7.59627928      0.01569184     -7.58058744      0.06434272      0.00560211      0.06300665      0.01072379 md_running
     6      3.00000000     48.34949955      7.91248217    281.36076896    300.00000000      1.00002918      0.04677842     -7.59555479      0.01565184     -7.57990295      0.06576155      0.00559497      0.06441450      0.01096026 md_running
     7      3.50000000     55.06734322      7.90262031    277.59672804    300.00000000      1.00003670      0.04615262     -7.59488471      0.01561285     -7.57927186      0.06667380      0.00558800      0.06532274      0.01111230 md_running
     8      4.00000000     59.96787228      7.89300892    274.32867914    300.00000000      1.00004358      0.04560928     -7.59429934      0.01557490     -7.57872444      0.06705151      0.00558120      0.06570394      0.01117525 md_running
     9      4.50000000     60.20840328      7.88365183    271.56853920    300.00000000      1.00004955      0.04515039     -7.59380068      0.01553799     -7.57826269      0.06703695      0.00557458      0.06570418      0.01117283 md_running
    10      5.00000000     60.44436268      7.87454735    269.16834596    300.00000000      1.00005472      0.04475134     -7.59336366      0.01550212     -7.57786154      0.06691951      0.00556815      0.06561907      0.01115325 md_running
    11      5.50000000     60.67809761      7.86568821    266.87653335    300.00000000      1.00005946      0.04437031     -7.59294541      0.01546726     -7.57747815      0.06704766      0.00556188      0.06580345      0.01117461 md_running
    12      6.00000000     60.90349156      7.85706167    264.42602586    300.00000000      1.00006436      0.04396289     -7.59250050      0.01543335     -7.57706714      0.06770850      0.00555578      0.06654749      0.01128475 md_running
    13      6.50000000     61.14055098      7.84864988    261.62269387    300.00000000      1.00006994      0.04349681     -7.59199601      0.01540033     -7.57659568      0.06901342      0.00554983      0.06795993      0.01150224 md_running
    14      7.00000000     61.37525192      7.84043041    258.40642705    300.00000000      1.00007654      0.04296209     -7.59142146      0.01536809     -7.57605338      0.07084338      0.00554402      0.06991390      0.01180723 md_running
    15      7.50000000     61.60402850      7.83237689    254.86752719    300.00000000      1.00008420      0.04237372     -7.59079212      0.01533653     -7.57545559      0.07288494      0.00553833      0.07208647      0.01214749 md_running
    16      8.00000000     61.83317487      7.82445977    251.21677098    300.00000000      1.00009261      0.04176675     -7.59014358      0.01530554     -7.57483804      0.07473245      0.00553273      0.07406446      0.01245541 md_running
    17      8.50000000     62.06243101      7.81664706    247.71985553    300.00000000      1.00010122      0.04118536     -7.58952072      0.01527499     -7.57424573      0.07599399      0.00552720      0.07545202      0.01266566 md_running
    18      9.00000000     62.29763664      7.80890520    244.61610894    300.00000000      1.00010938      0.04066934     -7.58896402      0.01524475     -7.57371927      0.07636546      0.00552173      0.07594436      0.01272758 md_running
    19      9.50000000     62.51759978      7.80119984    242.04636857    300.00000000      1.00011652      0.04024210     -7.58849742      0.01521468     -7.57328274      0.07568483      0.00551628      0.07538101      0.01261414 md_running
    20     10.00000000     62.74757034      7.79349654    240.00950355    300.00000000      1.00012238      0.03990345     -7.58812052      0.01518465     -7.57293587      0.07396217      0.00551083      0.07377480      0.01232703 md_running
    21     10.50000000     62.97610886      7.78576155    238.35792968    300.00000000      1.00012707      0.03962887     -7.58780852      0.01515452     -7.57265400      0.07139293      0.00550536      0.07132420      0.01189882 md_running
    22     11.00000000     63.20556221      7.77796242    236.83380286    300.00000000      1.00013112      0.03937547     -7.58751768      0.01512417     -7.57239351      0.06836231      0.00549985      0.06841656      0.01139372 md_running
    23     11.50000000     63.43901674      7.77006861    235.13869035    300.00000000      1.00013527      0.03909364     -7.58719736      0.01509349     -7.57210387      0.06540941      0.00549427      0.06559050      0.01090157 md_running
    24     12.00000000     63.66602561      7.76205200    233.01874755    300.00000000      1.00014034      0.03874119     -7.58680441      0.01506236     -7.57174205      0.06314194      0.00548860      0.06344869      0.01052366 md_running
    25     12.50000000     63.88891908      7.75388735    230.34005607    300.00000000      1.00014694      0.03829583     -7.58631578      0.01503069     -7.57128509      0.06207061      0.00548283      0.06249202      0.01034510 md_running
    26     13.00000000     64.11532739      7.74555276    227.13359355    300.00000000      1.00015532      0.03776273     -7.58573652      0.01499840     -7.57073813      0.06241416      0.00547693      0.06292862      0.01040236 md_running
    27     13.50000000     64.34342695      7.73702995    223.59377872    300.00000000      1.00016527      0.03717421     -7.58509943      0.01496541     -7.57013402      0.06399762      0.00547091      0.06457800      0.01066627 md_running
    28     14.00000000     64.58168234      7.72830455    220.02575973    300.00000000      1.00017613      0.03658100     -7.58445601      0.01493167     -7.56952434      0.06633868      0.00546474      0.06695959      0.01105645 md_running
    29     14.50000000     64.81369805      7.71936631    216.75723199    300.00000000      1.00018689      0.03603758     -7.58386189      0.01489715     -7.56896473      0.06884922      0.00545842      0.06949123      0.01147487 md_running
    30     15.00000000     65.05044678      7.71020915    214.04265195    300.00000000      1.00019656      0.03558626     -7.58336008      0.01486183     -7.56849825      0.07102710      0.00545194      0.07167683      0.01183785 md_running
    31     15.50000000     65.28878707      7.70083119    211.99102707    300.00000000      1.00020437      0.03524516     -7.58296909      0.01482570     -7.56814339      0.07255619      0.00544531      0.07320437      0.01209270 md_running
    32     16.00000000     65.52571559      7.69123464    210.54178106    300.00000000      1.00021012      0.03500421     -7.58267864      0.01478877     -7.56788987      0.07332427      0.00543852      0.07396351      0.01222071 md_running
    33     16.50000000     65.75344305      7.68142559    209.49541652    300.00000000      1.00021418      0.03483025     -7.58245493      0.01475107     -7.56770386      0.07339064      0.00543159      0.07401377      0.01223177 md_running
    34     17.00000000     65.98045749      7.67141366    208.58544214    300.00000000      1.00021735      0.03467896     -7.58225285      0.01471265     -7.56754020      0.07292771      0.00542451      0.07352675      0.01215462 md_running
    35     17.50000000     66.19874741      7.66121156    207.56532453    300.00000000      1.00022054      0.03450936     -7.58203053      0.01467354     -7.56735699      0.07215211      0.00541729      0.07271796      0.01202535 md_running
    36     18.00000000     66.43089263      7.65083463    206.28290766    300.00000000      1.00022449      0.03429614     -7.58176236      0.01463382     -7.56712855      0.07126316      0.00540996      0.07178608      0.01187719 md_running
    37     18.50000000     66.66651686      7.64030025    204.72022505    300.00000000      1.00022954      0.03403634     -7.58144543      0.01459355     -7.56685188      0.07039614      0.00540251      0.07086654      0.01173269 md_running
    38     19.00000000     66.90165867      7.62962732    202.98867175    300.00000000      1.00023554      0.03374845     -7.58109886      0.01455280     -7.56654606      0.06960938      0.00539496      0.07001870      0.01160156 md_running
    39     19.50000000     67.13094479      7.61883567    201.28516804    300.00000000      1.00024194      0.03346523     -7.58075603      0.01451166     -7.56624437      0.06890086      0.00538733      0.06924211      0.01148348 md_running
    40     20.00000000     67.35798084      7.60794554    199.82508759    300.00000000      1.00024794      0.03322248     -7.58045352      0.01447021     -7.56598332      0.06824267      0.00537963      0.06851057      0.01137378 md_running
    41     20.50000000     67.59284462      7.59697717    198.77210325    300.00000000      1.00025274      0.03304741     -7.58021945      0.01442852     -7.56579093      0.06762464      0.00537187      0.06781540      0.01127077 md_running
    42     21.00000000     67.82397812      7.58595043    198.18530720    300.00000000      1.00025585      0.03294985     -7.58006390      0.01438666     -7.56567723      0.06709037      0.00536408      0.06720142      0.01118173 md_running
    43     21.50000000     68.05640258      7.57488450    197.99833507    300.00000000      1.00025723      0.03291877     -7.57997582      0.01434472     -7.56563110      0.06674704      0.00535625      0.06677705      0.01112451 md_running
    44     22.00000000     68.28954116      7.56379781    198.03610298    300.00000000      1.00025736      0.03292505     -7.57992572      0.01430276     -7.56562296      0.06674562      0.00534841      0.06669491      0.01112427 md_running
    45     22.50000000     68.51856871      7.55270790    198.06526916    300.00000000      1.00025706      0.03292990     -7.57987415      0.01426085     -7.56561330      0.06722912      0.00534057      0.06710020      0.01120485 md_running
    46     23.00000000     68.74763694      7.54163155    197.86504029    300.00000000      1.00025725      0.03289661     -7.57978362      0.01421905     -7.56556457      0.06826433      0.00533274      0.06806203      0.01137739 md_running
    47     23.50000000     68.96531877      7.53058483    197.29809151    300.00000000      1.00025866      0.03280235     -7.57963084      0.01417743     -7.56545342      0.06978162      0.00532493      0.06951241      0.01163027 md_running
    48     24.00000000     69.18961202      7.51958339    196.35932792    300.00000000      1.00026161      0.03264627     -7.57941487      0.01413603     -7.56527884      0.07156079      0.00531715      0.07123140      0.01192680 md_running
    49     24.50000000     69.41209400      7.50864262    195.18531822    300.00000000      1.00026586      0.03245108     -7.57915874      0.01409493     -7.56506381      0.07326408      0.00530941      0.07287992      0.01221068 md_running
    50     25.00000000     69.64180113      7.49777794    194.01857506    300.00000000      1.00027068      0.03225710     -7.57890344      0.01405417     -7.56484927      0.07451313      0.00530173      0.07407716      0.01241886 md_running
    51     25.50000000     69.86858460      7.48700497    193.13499241    300.00000000      1.00027496      0.03211020     -7.57869613      0.01401381     -7.56468232      0.07497583      0.00529411      0.07448813      0.01249597 md_running
    52     26.00000000     70.09901400      7.47633965    192.75689258    300.00000000      1.00027763      0.03204734     -7.57857450      0.01397391     -7.56460059      0.07444253      0.00528657      0.07390039      0.01240709 md_running
    53     26.50000000     70.33649014      7.46579828    192.98007947    300.00000000      1.00027796      0.03208444     -7.57855502      0.01393454     -7.56462048      0.07287978      0.00527912      0.07227856      0.01214663 md_running
    54     27.00000000     70.57385840      7.45539740    193.73987401    300.00000000      1.00027587      0.03221077     -7.57862700      0.01389574     -7.56473126      0.07045104      0.00527176      0.06978556      0.01174184 md_running
    55     27.50000000     70.79243947      7.44515351    194.82895014    300.00000000      1.00027198      0.03239183     -7.57875538      0.01385758     -7.56489780      0.06750028      0.00526452      0.06676714      0.01125005 md_running
    56     28.00000000     71.01180113      7.43508257    195.96058245    300.00000000      1.00026737      0.03257998     -7.57889154      0.01382011     -7.56507143      0.06449692      0.00525740      0.06369784      0.01074949 md_running
    57     28.50000000     71.23322971      7.42519946    196.85435265    300.00000000      1.00026323      0.03272857     -7.57898833      0.01378340     -7.56520494      0.06193104      0.00525041      0.06107627      0.01032184 md_running
    58     29.00000000     71.46701391      7.41551724    197.31696031    300.00000000      1.00026052      0.03280548     -7.57901282      0.01374747     -7.56526535      0.06017694      0.00524356      0.05928682      0.01002949 md_running
    59     29.50000000     71.69993282      7.40604637    197.29488316    300.00000000      1.00025968      0.03280181     -7.57895597      0.01371238     -7.56524358      0.05936410      0.00523687      0.05846585      0.00989402 md_running
    60     30.00000000     71.93338267      7.39679388    196.88378044    300.00000000      1.00026064      0.03273347     -7.57883405      0.01367814     -7.56515591      0.05933337      0.00523032      0.05845497      0.00988890 md_running
    61     30.50000000     72.16666389      7.38776269    196.29420428    300.00000000      1.00026276      0.03263544     -7.57868268      0.01364476     -7.56503792      0.05971171      0.00522394      0.05887626      0.00995195 md_running
    62     31.00000000     72.40073051      7.37895087    195.78636049    300.00000000      1.00026508      0.03255101     -7.57854593      0.01361223     -7.56493370      0.06005944      0.00521771      0.05928370      0.01000991 md_running
    63     31.50000000     72.62737813      7.37035127    195.59321911    300.00000000      1.00026660      0.03251890     -7.57846329      0.01358052     -7.56488277      0.06000366      0.00521163      0.05929987      0.01000061 md_running
    64     32.00000000     72.86552984      7.36195113    195.85276924    300.00000000      1.00026652      0.03256205     -7.57845814      0.01354958     -7.56490856      0.05933169      0.00520569      0.05871079      0.00988861 md_running
    65     32.50000000     73.09703975      7.35373214    196.56811591    300.00000000      1.00026457      0.03268098     -7.57853094      0.01351934     -7.56501160      0.05803081      0.00519987      0.05750545      0.00967180 md_running
    66     33.00000000     73.31669071      7.34567060    197.60653743    300.00000000      1.00026103      0.03285363     -7.57865934      0.01348972     -7.56516962      0.05629460      0.00519417      0.05588102      0.00938243 md_running
    67     33.50000000     73.53809006      7.33773781    198.73666555    300.00000000      1.00025667      0.03304152     -7.57880396      0.01346060     -7.56534336      0.05450304      0.00518856      0.05422113      0.00908384 md_running
    68     34.00000000     73.76818086      7.32990074    199.69300883    300.00000000      1.00025252      0.03320052     -7.57891988      0.01343186     -7.56548802      0.05315876      0.00518302      0.05302872      0.00885979 md_running
    69     34.50000000     74.00149379      7.32212279    200.25136655    300.00000000      1.00024954      0.03329335     -7.57896896      0.01340337     -7.56556559      0.05275248      0.00517752      0.05278822      0.00879208 md_running
    70     35.00000000     74.23263126      7.31436474    200.29448252    300.00000000      1.00024838      0.03330052     -7.57893092      0.01337498     -7.56555594      0.05358549      0.00517204      0.05378773      0.00893092 md_running
    71     35.50000000     74.45859042      7.30658571    199.84879873    300.00000000      1.00024921      0.03322642     -7.57881005      0.01334655     -7.56546350      0.05563730      0.00516654      0.05599218      0.00927288 md_running
    72     36.00000000     74.68280620      7.29874422    199.07926708    300.00000000      1.00025164      0.03309848     -7.57863405      0.01331792     -7.56531613      0.05858655      0.00516099      0.05907184      0.00976443 md_running
    73     36.50000000     74.91232385      7.29079922    198.24448211    300.00000000      1.00025488      0.03295969     -7.57844649      0.01328894     -7.56515755      0.06195312      0.00515537      0.06254599      0.01032552 md_running
    74     37.00000000     75.14088775      7.28271107    197.62443854    300.00000000      1.00025785      0.03285661     -7.57829468      0.01325947     -7.56503521      0.06527023      0.00514965      0.06595155      0.01087837 md_running
    75     37.50000000     75.36061743      7.27444248    197.44235944    300.00000000      1.00025951      0.03282633     -7.57821611      0.01322938     -7.56498673      0.06819332      0.00514381      0.06894865      0.01136555 md_running
    76     38.00000000     75.59388051      7.26595933    197.80716621    300.00000000      1.00025919      0.03288699     -7.57822919      0.01319854     -7.56503065      0.07053790      0.00513781      0.07135604      0.01175632 md_running
    77     38.50000000     75.83222389      7.25723147    198.69422747    300.00000000      1.00025672      0.03303447     -7.57832948      0.01316685     -7.56516263      0.07227239      0.00513164      0.07314357      0.01204540 md_running
    78     39.00000000     76.06789720      7.24823328    199.97010523    300.00000000      1.00025249      0.03324659     -7.57849426      0.01313422     -7.56536004      0.07347401      0.00512527      0.07438837      0.01224567 md_running
    79     39.50000000     76.29787780      7.23894421    201.45065863    300.00000000      1.00024719      0.03349274     -7.57869208      0.01310058     -7.56559150      0.07427153      0.00511871      0.07521812      0.01237859 md_running
    80     40.00000000     76.51645166      7.22934905    202.97138691    300.00000000      1.00024155      0.03374558     -7.57889479      0.01306587     -7.56582892      0.07478553      0.00511192      0.07575208      0.01246426 md_running
    81     40.50000000     76.74721265      7.21943830    204.44696630    300.00000000      1.00023607      0.03399090     -7.57908805      0.01303007     -7.56605798      0.07508441      0.00510491      0.07605821      0.01251407 md_running
    82     41.00000000     76.98040467      7.20920805    205.90162084    300.00000000      1.00023087      0.03423275     -7.57927580      0.01299317     -7.56628263      0.07516311      0.00509768      0.07613196      0.01252718 md_running
    83     41.50000000     77.21306912      7.19866000    207.46212376    300.00000000      1.00022565      0.03449220     -7.57947967      0.01295518     -7.56652449      0.07494862      0.00509022      0.07590148      0.01249144 md_running
    84     42.00000000     77.44122312      7.18780125    209.31779327    300.00000000      1.00021983      0.03480072     -7.57973176      0.01291612     -7.56681563      0.07433625      0.00508254      0.07526379      0.01238937 md_running
    85     42.50000000     77.67234859      7.17664399    211.66128187    300.00000000      1.00021276      0.03519034     -7.58006490      0.01287605     -7.56718885      0.07323023      0.00507465      0.07412485      0.01220504 md_running
    86     43.00000000     77.90742541      7.16520504    214.62674869    300.00000000      1.00020393      0.03568337     -7.58050202      0.01283504     -7.56766698      0.07158353      0.00506657      0.07243855      0.01193059 md_running
    87     43.50000000     78.13947090      7.15350523    218.24365363    300.00000000      1.00019321      0.03628471     -7.58104839      0.01279316     -7.56825523      0.06942887      0.00505829      0.07023768      0.01157148 md_running
    88     44.00000000     78.36884834      7.14156870    222.41964936    300.00000000      1.00018085      0.03697900     -7.58168875      0.01275050     -7.56893825      0.06689792      0.00504985      0.06765288      0.01114965 md_running
    89     44.50000000     78.59937301      7.12942215    226.95550197    300.00000000      1.00016751      0.03773312     -7.58238964      0.01270717     -7.56968247      0.06422426      0.00504126      0.06491587      0.01070404 md_running
    90     45.00000000     78.82980672      7.11709392    231.58943937    300.00000000      1.00015402      0.03850355     -7.58310712      0.01266326     -7.57044386      0.06172339      0.00503255      0.06234007      0.01028723 md_running
    91     45.50000000     79.05181008      7.10461310    236.05906623    300.00000000      1.00014116      0.03924666     -7.58379688      0.01261888     -7.57117800      0.05973758      0.00502372      0.06026687      0.00995626 md_running
    92     46.00000000     79.28023046      7.09200858    240.16405307    300.00000000      1.00012954      0.03992915     -7.58442520      0.01257415     -7.57185106      0.05854897      0.00501481      0.05898047      0.00975816 md_running
    93     46.50000000     79.49083302      7.07930810    243.81423798    300.00000000      1.00011945      0.04053602     -7.58497689      0.01252915     -7.57244774      0.05828056      0.00500583      0.05860964      0.00971343 md_running
    94     47.00000000     79.71417633      7.06653733    247.04952466    300.00000000      1.00011081      0.04107391     -7.58545882      0.01248399     -7.57297484      0.05884286      0.00499680      0.05907281      0.00980714 md_running
    95     47.50000000     79.94595641      7.05371905    250.02160184    300.00000000      1.00010327      0.04156804     -7.58589684      0.01243874     -7.57345810      0.05995901      0.00498773      0.06010028      0.00999317 md_running
    96     48.00000000     80.16884741      7.04087244    252.94184527    300.00000000      1.00009631      0.04205356     -7.58632674      0.01239347     -7.57393326      0.06125825      0.00497865      0.06132567      0.01020971 md_running
    97     48.50000000     80.38712166      7.02801256    256.01292578    300.00000000      1.00008937      0.04256415     -7.58678305      0.01234824     -7.57443481      0.06239491      0.00496956      0.06240456      0.01039915 md_running
    98     49.00000000     80.59233832      7.01515003    259.36404125    300.00000000      1.00008205      0.04312130     -7.58728768      0.01230308     -7.57498459      0.06313519      0.00496046      0.06310244      0.01052253 md_running
    99     49.50000000     80.82079968      7.00229096    263.01002573    300.00000000      1.00007424      0.04372747     -7.58784345      0.01225802     -7.57558543      0.06339213      0.00495137      0.06333102      0.01056535 md_running
   100     50.00000000     81.05769128      6.98943715    266.84738870    300.00000000      1.00006606      0.04436546     -7.58843265      0.01221306     -7.57621959      0.06322003      0.00494228      0.06314327      0.01053667 md_running
   101     50.50000000     81.29184701      6.97658647    270.68931839    300.00000000      1.00005789      0.04500421     -7.58902359      0.01216819     -7.57685540      0.06277658      0.00493319      0.06269560      0.01046276 md_running
   102     51.00000000     81.51997306      6.96373354    274.32704677    300.00000000      1.00005016      0.04560901     -7.58958075      0.01212340     -7.57745735      0.06225918      0.00492410      0.06218397      0.01037653 md_running
   103     51.50000000     81.74983027      6.95087050    277.59424803    300.00000000      1.00004322      0.04615221     -7.59007619      0.01207865     -7.57799754      0.06182665      0.00491501      0.06176541      0.01030444 md_running
   104     52.00000000     81.98094385      6.93798794    280.41463934    300.00000000      1.00003729      0.04662112     -7.59049649      0.01203392     -7.57846257      0.06154479      0.00490590      0.06150362      0.01025746 md_running
   105     52.50000000     82.20975971      6.92507584    282.82076010    300.00000000      1.00003233      0.04702116     -7.59084739      0.01198917     -7.57885822      0.06136638      0.00489677      0.06134886      0.01022773 md_running
   106     53.00000000     82.44599584      6.91212446    284.93722753    300.00000000      1.00002815      0.04737304     -7.59115000      0.01194437     -7.57920564      0.06115630      0.00488761      0.06116360      0.01019272 md_running
   107     53.50000000     82.67570306      6.89912516    286.93636690    300.00000000      1.00002441      0.04770541     -7.59143354      0.01189948     -7.57953406      0.06074678      0.00487842      0.06077865      0.01012446 md_running
   108     54.00000000     82.89824066      6.88607094    288.98033788    300.00000000      1.00002077      0.04804524     -7.59172521      0.01185449     -7.57987071      0.05999671      0.00486919      0.06005170      0.00999945 md_running
   109     54.50000000     83.12895914      6.87295686    291.16635295    300.00000000      1.00001699      0.04840868     -7.59204198      0.01180938     -7.58023260      0.05884431      0.00485991      0.05892002      0.00980739 md_running
   110     55.00000000     83.35772471      6.85978036    293.49166097    300.00000000      1.00001298      0.04879528     -7.59238324      0.01176415     -7.58061910      0.05734255      0.00485060      0.05743691      0.00955709 md_running
   111     55.50000000     83.59076749      6.84654103    295.84609861    300.00000000      1.00000886      0.04918672     -7.59273059      0.01171878     -7.58101181      0.05565966      0.00484124      0.05577070      0.00927661 md_running
   112     56.00000000     83.82405284      6.83324028    298.03418192    300.00000000      1.00000489      0.04955051     -7.59305090      0.01167329     -7.58137760      0.05406280      0.00483183      0.05418859      0.00901047 md_running
   113     56.50000000     84.05748099      6.81988088    299.82295332    300.00000000      1.00000146      0.04984791     -7.59330477      0.01162769     -7.58167707      0.05286738      0.00482238      0.05300600      0.00881123 md_running
   114     57.00000000     84.28801901      6.80646636    301.00350529    300.00000000      0.99999893      0.05004418     -7.59345688      0.01158200     -7.58187489      0.05234919      0.00481290      0.05249876      0.00872487 md_running
   115     57.50000000     84.51480748      6.79300036    301.44864834    300.00000000      0.99999756      0.05011819     -7.59348541      0.01153621     -7.58194920      0.05264541      0.00480338      0.05280462      0.00877423 md_running
   116     58.00000000     84.74447714      6.77948598    301.15109590    300.00000000      0.99999745      0.05006872     -7.59338904      0.01149036     -7.58189868      0.05369354      0.00479382      0.05386189      0.00894892 md_running
   117     58.50000000     84.96636672      6.76592522    300.22857121    300.00000000      0.99999852      0.04991534     -7.59318756      0.01144444     -7.58174313      0.05524287      0.00478423      0.05542090      0.00920715 md_running
   118     59.00000000     85.18565197      6.75231865    298.89208332    300.00000000      1.00000047      0.04969314     -7.59291669      0.01139845     -7.58151824      0.05694057      0.00477461      0.05713010      0.00949009 md_running
   119     59.50000000     85.40373170      6.73866514    297.38741479    300.00000000      1.00000293      0.04944298     -7.59261794      0.01135240     -7.58126553      0.05844478      0.00476496      0.05864853      0.00974080 md_running
   120     60.00000000     85.62285727      6.72496177    295.92654347    300.00000000      1.00000550      0.04920010     -7.59232717      0.01130628     -7.58102090      0.05951144      0.00475527      0.05973249      0.00991857 md_running
   121     60.50000000     85.84621217      6.71120396    294.63089069    300.00000000      1.00000788      0.04898469     -7.59206469      0.01126006     -7.58080462      0.06005209      0.00474554      0.06029342      0.01000868 md_running
   122     61.00000000     86.07081471      6.69738565    293.50401016    300.00000000      1.00000996      0.04879733     -7.59183129      0.01121374     -7.58061754      0.06015356      0.00473577      0.06041728      0.01002559 md_running
   123     61.50000000     86.29352628      6.68349969    292.44069195    300.00000000      1.00001181      0.04862055     -7.59160880      0.01116729     -7.58044151      0.06006054      0.00472595      0.06034695      0.01001009 md_running
   124     62.00000000     86.52052219      6.66953825    291.27080467    300.00000000      1.00001371      0.04842604     -7.59136820      0.01112069     -7.58024752      0.06011497      0.00471608      0.06042166      0.01001916 md_running
   125     62.50000000     86.75295436      6.65549329    289.82514223    300.00000000      1.00001597      0.04818569     -7.59108078      0.01107390     -7.58000688      0.06065975      0.00470614      0.06098135      0.01010996 md_running
   126     63.00000000     86.98196711      6.64135696    288.00080304    300.00000000      1.00001887      0.04788238     -7.59072862      0.01102691     -7.57970171      0.06191671      0.00469615      0.06224557      0.01031945 md_running
   127     63.50000000     87.21862441      6.62712212    285.80478245    300.00000000      1.00002253      0.04751728     -7.59031290      0.01097969     -7.57933321      0.06390276      0.00468608      0.06423056      0.01065046 md_running
   128     64.00000000     87.44643606      6.61278264    283.36339547    300.00000000      1.00002685      0.04711138     -7.58985469      0.01093222     -7.57892247      0.06642242      0.00467594      0.06674214      0.01107040 md_running
   129     64.50000000     87.67352126      6.59833377    280.89686486    300.00000000      1.00003152      0.04670130     -7.58939116      0.01088450     -7.57850666      0.06913403      0.00466573      0.06944078      0.01152234 md_running
   130     65.00000000     87.88942848      6.58377236    278.66719711    300.00000000      1.00003607      0.04633060     -7.58896652      0.01083651     -7.57813001      0.07164127      0.00465543      0.07193239      0.01194021 md_running
   131     65.50000000     88.12526628      6.56909704    276.91437751    300.00000000      1.00003999      0.04603918     -7.58862144      0.01078826     -7.57783318      0.07357685      0.00464505      0.07385121      0.01226281 md_running
   132     66.00000000     88.35254101      6.55430830    275.79876349    300.00000000      1.00004284      0.04585370     -7.58838304      0.01073974     -7.57764330      0.07465552      0.00463460      0.07491270      0.01244259 md_running
   133     66.50000000     88.58313262      6.53940864    275.36497697    300.00000000      1.00004436      0.04578158     -7.58825891      0.01069097     -7.57756794      0.07470135      0.00462406      0.07494112      0.01245022 md_running
   134     67.00000000     88.80754640      6.52440252    275.53495430    300.00000000      1.00004457      0.04580984     -7.58823596      0.01064196     -7.57759400      0.07366005      0.00461345      0.07388176      0.01227668 md_running
   135     67.50000000     89.02556253      6.50929643    276.13057917    300.00000000      1.00004373      0.04590886     -7.58828425      0.01059274     -7.57769151      0.07159751      0.00460277      0.07179958      0.01193292 md_running
   136     68.00000000     89.25088814      6.49409888    276.92234430    300.00000000      1.00004228      0.04604050     -7.58836494      0.01054333     -7.57782161      0.06869338      0.00459202      0.06887309      0.01144890 md_running
   137     68.50000000     89.47747869      6.47882031    277.68866556    300.00000000      1.00004069      0.04616791     -7.58844070      0.01049378     -7.57794692      0.06522571      0.00458122      0.06537880      0.01087095 md_running
   138     69.00000000     89.70679903      6.46347296    278.26933587    300.00000000      1.00003934      0.04626445     -7.58848456      0.01044412     -7.57804044      0.06154649      0.00457037      0.06166663      0.01025775 md_running
   139     69.50000000     89.93365772      6.44807086    278.60032819    300.00000000      1.00003845      0.04631948     -7.58848592      0.01039440     -7.57809151      0.05803832      0.00455947      0.05811761      0.00967305 md_running
   140     70.00000000     90.16494858      6.43262960    278.71784578    300.00000000      1.00003805      0.04633902     -7.58845092      0.01034468     -7.57810624      0.05505985      0.00454856      0.05508938      0.00917664 md_running
   141     70.50000000     90.40340835      6.41716621    278.73072210    300.00000000      1.00003797      0.04634116     -7.58839838      0.01029501     -7.57810337      0.05287944      0.00453762      0.05285135      0.00881324 md_running
   142     71.00000000     90.63580020      6.40169878    278.76855318    300.00000000      1.00003797      0.04634745     -7.58835063      0.01024544     -7.57810519      0.05163706      0.00452668      0.05154587      0.00860618 md_running
   143     71.50000000     90.86478723      6.38624624    278.92504848    300.00000000      1.00003780      0.04637347     -7.58832349      0.01019604     -7.57812746      0.05134396      0.00451576      0.05118884      0.00855733 md_running
   144     72.00000000     91.10430745      6.37082783    279.21637967    300.00000000      1.00003736      0.04642190     -7.58832006      0.01014686     -7.57817320      0.05192467      0.00450486      0.05170949      0.00865411 md_running
   145     72.50000000     91.34130511      6.35546253    279.56684570    300.00000000      1.00003670      0.04648017     -7.58832761      0.01009798     -7.57822964      0.05326833      0.00449399      0.05300122      0.00887806 md_running
   146     73.00000000     91.57573950      6.34016837    279.82909281    300.00000000      1.00003605      0.04652377     -7.58832120      0.01004943     -7.57827176      0.05525736      0.00448318      0.05494913      0.00920956 md_running
   147     73.50000000     91.80124051      6.32496175    279.83340246    300.00000000      1.00003573      0.04652449     -7.58827186      0.01000129     -7.57827057      0.05775377      0.00447242      0.05741684      0.00962563 md_running
   148     74.00000000     92.03181339      6.30985664    279.44926194    300.00000000      1.00003606      0.04646062     -7.58815741      0.00995357     -7.57820384      0.06056718      0.00446174      0.06021391      0.01009453 md_running
   149     74.50000000     92.26679716      6.29486389    278.63536070    300.00000000      1.00003722      0.04632530     -7.58797061      0.00990633     -7.57806429      0.06344635      0.00445114      0.06308764      0.01057439 md_running
   150     75.00000000     92.50230627      6.27999067    277.46346020    300.00000000      1.00003918      0.04613047     -7.58772354      0.00985957     -7.57786397      0.06609548      0.00444062      0.06573971      0.01101591 md_running
   151     75.50000000     92.73819970      6.26524024    276.10769826    300.00000000      1.00004173      0.04590506     -7.58744556      0.00981331     -7.57763226      0.06821486      0.00443019      0.06786859      0.01136914 md_running
   152     76.00000000     92.97077475      6.25061173    274.80113255    300.00000000      1.00004443      0.04568783     -7.58717600      0.00976754     -7.57740847      0.06954661      0.00441985      0.06921444      0.01159110 md_running
   153     76.50000000     93.19484530      6.23610030    273.77577142    300.00000000      1.00004683      0.04551736     -7.58695410      0.00972224     -7.57723186      0.06990815      0.00440959      0.06959265      0.01165136 md_running
   154     77.00000000     93.40659432      6.22169769    273.20170618    300.00000000      1.00004848      0.04542192     -7.58680875      0.00967738     -7.57713137      0.06922331      0.00439940      0.06892588      0.01153722 md_running
   155     77.50000000     93.63516160      6.20739295    273.14625550    300.00000000      1.00004911      0.04541270     -7.58675108      0.00963293     -7.57711815      0.06753993      0.00438929      0.06726166      0.01125665 md_running
   156     78.00000000     93.86798132      6.19317307    273.55827778    300.00000000      1.00004871      0.04548120     -7.58677269      0.00958885     -7.57718385      0.06503604      0.00437923      0.06477760      0.01083934 md_running
   157     78.50000000     94.08787364      6.17902393    274.28075040    300.00000000      1.00004750      0.04560132     -7.58684709      0.00954508     -7.57730200      0.06201849      0.00436923      0.06178095      0.01033641 md_running
   158     79.00000000     94.30459808      6.16493104    275.09175292    300.00000000      1.00004589      0.04573615     -7.58693655      0.00950159     -7.57743496      0.05890092      0.00435926      0.05868527      0.00981682 md_running
   159     79.50000000     94.52189222      6.15088047    275.76199068    300.00000000      1.00004434      0.04584758     -7.58700256      0.00945833     -7.57754423      0.05615838      0.00434933      0.05596550      0.00935973 md_running
   160     80.00000000     94.74219083      6.13685968    276.11581903    300.00000000      1.00004328      0.04590641     -7.58701520      0.00941526     -7.57759994      0.05422714      0.00433942      0.05405645      0.00903786 md_running
   161     80.50000000     94.96928236      6.12285830    276.07589555    300.00000000      1.00004297      0.04589977     -7.58696122      0.00937235     -7.57758887      0.05337857      0.00432951      0.05322746      0.00889643 md_running
   162     81.00000000     95.20174825      6.10886879    275.68165724    300.00000000      1.00004343      0.04583423     -7.58684736      0.00932957     -7.57751779      0.05360909      0.00431962      0.05347302      0.00893485 md_running
   163     81.50000000     95.43398432      6.09488664    275.07208035    300.00000000      1.00004449      0.04573288     -7.58669723      0.00928691     -7.57741032      0.05463497      0.00430974      0.05450791      0.00910583 md_running
   164     82.00000000     95.66862857      6.08091037    274.43622434    300.00000000      1.00004580      0.04562716     -7.58654292      0.00924437     -7.57729855      0.05600391      0.00429985      0.05587885      0.00933399 md_running
   165     82.50000000     95.88777440      6.06694151    273.94748281    300.00000000      1.00004697      0.04554591     -7.58641390      0.00920194     -7.57721196      0.05726083      0.00428998      0.05713086      0.00954347 md_running
   166     83.00000000     96.13298388      6.05298423    273.70151214    300.00000000      1.00004772      0.04550501     -7.58632660      0.00915965     -7.57716695      0.05807989      0.00428011      0.05793854      0.00967998 md_running
   167     83.50000000     96.36724481      6.03904503    273.67818931    300.00000000      1.00004796      0.04550114     -7.58627771      0.00911752     -7.57716019      0.05833127      0.00427025      0.05817304      0.00972188 md_running
   168     84.00000000     96.59384299      6.02513210    273.74213270    300.00000000      1.00004785      0.04551177     -7.58624435      0.00907555     -7.57716879      0.05809162      0.00426041      0.05791257      0.00968194 md_running
   169     84.50000000     96.82105300      6.01125467    273.68198859    300.00000000      1.00004775      0.04550177     -7.58619079      0.00903380     -7.57715699      0.05761823      0.00425060      0.05741626      0.00960304 md_running
   170     85.00000000     97.05290625      5.99742235    273.27433897    300.00000000      1.00004814      0.04543399     -7.58607895      0.00899227     -7.57708669      0.05727218      0.00424082      0.05704810      0.00954536 md_running
   171     85.50000000     97.28696761      5.98364444    272.35207279    300.00000000      1.00004943      0.04528066     -7.58588061      0.00895100     -7.57692961      0.05740449      0.00423108      0.05716232      0.00956741 md_running
   172     86.00000000     97.51047943      5.96992933    270.85467818    300.00000000      1.00005187      0.04503170     -7.58558539      0.00891001     -7.57667538      0.05823993      0.00422138      0.05798585      0.00970665 md_running
   173     86.50000000     97.73666896      5.95628414    268.84679957    300.00000000      1.00005550      0.04469788     -7.58520405      0.00886933     -7.57633472      0.05980676      0.00421173      0.05954792      0.00996779 md_running
   174     87.00000000     97.96294044      5.94271440    266.50214220    300.00000000      1.00006010      0.04430806     -7.58476607      0.00882896     -7.57593711      0.06194693      0.00420213      0.06169007      0.01032449 md_running
   175     87.50000000     98.18812472      5.92922383    264.05672089    300.00000000      1.00006525      0.04390149     -7.58431128      0.00878892     -7.57552236      0.06439234      0.00419259      0.06414246      0.01073206 md_running
   176     88.00000000     98.41945630      5.91581424    261.74658352    300.00000000      1.00007046      0.04351741     -7.58387944      0.00874921     -7.57513023      0.06686466      0.00418311      0.06662530      0.01114411 md_running
   177     88.50000000     98.64890776      5.90248554    259.74849207    300.00000000      1.00007522      0.04318521     -7.58350060      0.00870983     -7.57479076      0.06914553      0.00417369      0.06891874      0.01152426 md_running
   178     89.00000000     98.87762878      5.88923588    258.14036448    300.00000000      1.00007924      0.04291785     -7.58318769      0.00867077     -7.57451691      0.07111339      0.00416432      0.07090104      0.01185223 md_running
   179     89.50000000     99.10809784      5.87606153    256.89221515    300.00000000      1.00008242      0.04271034     -7.58293564      0.00863202     -7.57430361      0.07274211      0.00415500      0.07254552      0.01212369 md_running
   180     90.00000000     99.33603293      5.86295718    255.88861074    300.00000000      1.00008492      0.04254348     -7.58272468      0.00859357     -7.57413111      0.07408055      0.00414574      0.07390109      0.01234676 md_running
   181     90.50000000     99.57503368      5.84991605    254.97268147    300.00000000      1.00008705      0.04239120     -7.58252837      0.00855538     -7.57397299      0.07522572      0.00413652      0.07506452      0.01253762 md_running
   182     91.00000000     99.80803376      5.83693015    254.00142643    300.00000000      1.00008917      0.04222972     -7.58232224      0.00851744     -7.57380480      0.07626234      0.00412733      0.07612043      0.01271039 md_running
   183     91.50000000    100.03954012      5.82399050    252.89910305    300.00000000      1.00009157      0.04204645     -7.58209326      0.00847972     -7.57361354      0.07722702      0.00411818      0.07710495      0.01287117 md_running
   184     92.00000000    100.27261064      5.81108747    251.68945836    300.00000000      1.00009432      0.04184534     -7.58184529      0.00844218     -7.57340311      0.07806888      0.00410906      0.07796654      0.01301148 md_running
   185     92.50000000    100.49427613      5.79821106    250.49647310    300.00000000      1.00009724      0.04164699     -7.58159932      0.00840481     -7.57319451      0.07864334      0.00409995      0.07855996      0.01310722 md_running
   186     93.00000000    100.72264898      5.78535130    249.51163600    300.00000000      1.00009994      0.04148326     -7.58138788      0.00836757     -7.57302031      0.07873512      0.00409086      0.07866956      0.01312252 md_running
   187     93.50000000    100.95143791      5.77249850    248.93505269    300.00000000      1.00010190      0.04138740     -7.58124486      0.00833043     -7.57291443      0.07811021      0.00408177      0.07806102      0.01301837 md_running
   188     94.00000000    101.17331622      5.75964352    248.90792971    300.00000000      1.00010268      0.04138289     -7.58119444      0.00829337     -7.57290107      0.07657975      0.00407268      0.07654586      0.01276329 md_running
   189     94.50000000    101.40913249      5.74677784    249.45994687    300.00000000      1.00010203      0.04147466     -7.58124183      0.00825636     -7.57298546      0.07406135      0.00406359      0.07404156      0.01234356 md_running
   190     95.00000000    101.64588638      5.73389386    250.48797037    300.00000000      1.00010005      0.04164558     -7.58136976      0.00821938     -7.57315037      0.07062855      0.00405448      0.07062108      0.01177143 md_running
   191     95.50000000    101.86926630      5.72098540    251.77670654    300.00000000      1.00009716      0.04185984     -7.58154183      0.00818242     -7.57335941      0.06653573      0.00404535      0.06653840      0.01108929 md_running
   192     96.00000000    102.10106079      5.70804791    253.05800543    300.00000000      1.00009400      0.04207287     -7.58171259      0.00814545     -7.57356713      0.06220534      0.00403620      0.06221584      0.01036756 md_running
   193     96.50000000    102.33172418      5.69507853    254.08606313    300.00000000      1.00009120      0.04224379     -7.58184054      0.00810848     -7.57373206      0.05818396      0.00402703      0.05819921      0.00969733 md_running
   194     97.00000000    102.56180002      5.68207609    254.70421924    300.00000000      1.00008925      0.04234656     -7.58189903      0.00807150     -7.57382754      0.05504458      0.00401783      0.05506072      0.00917410 md_running
   195     97.50000000    102.79323926      5.66904104    254.88516196    300.00000000      1.00008834      0.04237665     -7.58188356      0.00803451     -7.57384905      0.05323969      0.00400862      0.05325273      0.00887328 md_running
   196     98.00000000    103.01054439      5.65597514    254.73233400    300.00000000      1.00008838      0.04235124     -7.58181139      0.00799751     -7.57381388      0.05294672      0.00399938      0.05295334      0.00882445 md_running
   197     98.50000000    103.23995746      5.64288116    254.44637899    300.00000000      1.00008899      0.04230370     -7.58171680      0.00796053     -7.57375627      0.05400884      0.00399012      0.05400733      0.00900147 md_running
   198     99.00000000    103.46889778      5.62976242    254.26808771    300.00000000      1.00008963      0.04227405     -7.58164029      0.00792356     -7.57371673      0.05602858      0.00398084      0.05601889      0.00933810 md_running
   199     99.50000000    103.69671745      5.61662238    254.41587192    300.00000000      1.00008975      0.04229862     -7.58161874      0.00788661     -7.57373213      0.05853372      0.00397155      0.05851766      0.00975562 md_running
   200    100.00000000    103.92884254      5.60346400    255.03415747    300.00000000      1.00008891      0.04240142     -7.58167658      0.00784970     -7.57382687      0.06112512      0.00396225      0.06110570      0.01018752 max_step
