  step         time_fs     wall_time_s        rti_dist          temp_K          kin_Ha     pot_real_Ha     pot_rtip_Ha    pot_total_Ha          f_real          f_bias         f_total      rms_f_real bias_used next_add_bias  stopped state_decision
     1      0.50000000     46.12445041      0.09876270             nan             nan     -7.59731244      0.00121306     -7.59609938      0.07361936      0.01228259      0.06956235      0.01226989         1             1        0 bias_on
     2      1.00000000     47.25215203      0.10509480             nan             nan     -7.59938764      0.00242612     -7.59696151      0.06257042      0.02308509      0.05968456      0.01042840         1             1        0 bias_on
     3      1.50000000     48.32851361      0.12044040             nan             nan     -7.60059003      0.00363918     -7.59695085      0.05147390      0.03021564      0.06008800      0.00857898         1             1        0 bias_on
     4      2.00000000     53.02283104      0.15413207             nan             nan     -7.60127904      0.00485225     -7.59642679      0.05541518      0.03148109      0.06212389      0.00923586         1             1        0 bias_on
     5      2.50000000     54.07897041      0.18396186             nan             nan     -7.60199250      0.00606531     -7.59592719      0.05599324      0.03297046      0.06595740      0.00933221         1             1        0 bias_on
     6      3.00000000     61.63021518      0.21628892             nan             nan     -7.60257435      0.00727837     -7.59529598      0.05819321      0.03365114      0.06750328      0.00969887         1             1        0 bias_on
     7      3.50000000     62.73646845      0.24698688             nan             nan     -7.60316040      0.00849143     -7.59466897      0.05778807      0.03438008      0.06847014      0.00963135         1             1        0 bias_on
     8      4.00000000     63.83718423      0.27865247             nan             nan     -7.60368445      0.00970449     -7.59397996      0.05807536      0.03482650      0.06876199      0.00967923         1             1        0 bias_on
     9      4.50000000     64.92075778      0.30989840             nan             nan     -7.60417507      0.01091755     -7.59325752      0.05793508      0.03522946      0.06911854      0.00965585         1             1        0 bias_on
    10      5.00000000     66.00596200      0.34134715             nan             nan     -7.60462047      0.01213061     -7.59248985      0.05812536      0.03553747      0.06933263      0.00968756         1             1        0 bias_on
    11      5.50000000     67.08037408      0.37253548             nan             nan     -7.60502722      0.01334367     -7.59168354      0.05827100      0.03581853      0.06956572      0.00971183         1             1        0 bias_on
    12      6.00000000     68.18059250      0.40357281             nan             nan     -7.60540197      0.01455674     -7.59084524      0.05841510      0.03606966      0.06974271      0.00973585         1             1        0 bias_on
    13      6.50000000     69.27656945      0.43443764             nan             nan     -7.60574006      0.01576980     -7.58997027      0.05866748      0.03629933      0.06990188      0.00977791         1             1        0 bias_on
    14      7.00000000     70.36220691      0.46501516             nan             nan     -7.60605583      0.01698286     -7.58907297      0.05875629      0.03652109      0.07004141      0.00979271         1             1        0 bias_on
    15      7.50000000     71.45527221      0.49549153             nan             nan     -7.60633876      0.01819592     -7.58814284      0.05903634      0.03672297      0.07015250      0.00983939         1             1        0 bias_on
    16      8.00000000     72.54227370      0.52563964             nan             nan     -7.60660604      0.01940898     -7.58719706      0.05908097      0.03692450      0.07026033      0.00984683         1             1        0 bias_on
    17      8.50000000     73.65118153      0.55573635             nan             nan     -7.60684413      0.02062204     -7.58622208      0.05935323      0.03710760      0.07034133      0.00989220         1             1        0 bias_on
    18      9.00000000     74.75029131      0.58551028             nan             nan     -7.60707171      0.02183510     -7.58523660      0.05936718      0.03729243      0.07042667      0.00989453         1             1        0 bias_on
    19      9.50000000     75.84052903      0.61526732             nan             nan     -7.60727319      0.02304817     -7.58422502      0.05963104      0.03746041      0.07049055      0.00993851         1             1        0 bias_on
    20     10.00000000     76.93009684      0.64471335             nan             nan     -7.60746733      0.02426123     -7.58320611      0.05962362      0.03763103      0.07056434      0.00993727         1             1        0 bias_on
    21     10.50000000     78.02326225      0.67417127             nan             nan     -7.60763595      0.02547429     -7.58216166      0.05993241      0.03778608      0.07062092      0.00998873         1             1        0 bias_on
    22     11.00000000     83.80615454      0.70327471             nan             nan     -7.60779946      0.02668735     -7.58111211      0.05990152      0.03794726      0.07069092      0.00998359         1             1        0 bias_on
    23     11.50000000     84.75174377      0.73242491             nan             nan     -7.60793592      0.02790041     -7.58003551      0.06029096      0.03809320      0.07074454      0.01004849         1             1        0 bias_on
    24     12.00000000     85.99681116      0.75199309             nan             nan     -7.60856816      0.02911347     -7.57945469      0.02582825      0.03871508      0.04680685      0.00430471         1             1        0 bias_on
    25     12.50000000     87.08396522      0.83263275             nan             nan     -7.60709112      0.03032653     -7.57676458      0.10282498      0.03642246      0.10742915      0.01713750         1             1        0 bias_on
    26     13.00000000     88.16960927      0.84946223             nan             nan     -7.60880796      0.03153959     -7.57726836      0.03580746      0.03712890      0.05080102      0.00596791         1             1        0 bias_on
    27     13.50000000     89.09198289      0.88738795             nan             nan     -7.60845547      0.03275266     -7.57570281      0.06207495      0.03690906      0.07091280      0.01034582         1             1        0 bias_on
    28     14.00000000     90.19810941      0.90548025             nan             nan     -7.60907417      0.03396572     -7.57510845      0.02636635      0.03751127      0.04479182      0.00439439         1             1        0 bias_on
    29     14.50000000     91.13913270      0.94833453             nan             nan     -7.60878911      0.03517878     -7.57361033      0.05308172      0.03709533      0.06336983      0.00884695         1             1        0 bias_on
    30     15.00000000     92.24137052      0.96861719             nan             nan     -7.60916706      0.03639184     -7.57277522      0.03093216      0.03757092      0.04733516      0.00515536         1             1        0 bias_on
    31     15.50000000     93.18034295      1.00887491             nan             nan     -7.60877624      0.03760490     -7.57117134      0.05930560      0.03727410      0.06848379      0.00988427         1             1        0 bias_on
    32     16.00000000     94.25993728      1.02750950             nan             nan     -7.60930098      0.03881796     -7.57048302      0.02794451      0.03777869      0.04540240      0.00465742         1             1        0 bias_on
    33     16.50000000     95.19757775      1.06932162             nan             nan     -7.60892838      0.04003102     -7.56889735      0.05626672      0.03743591      0.06590212      0.00937779         1             1        0 bias_on
    34     17.00000000     96.28159718      1.08866637             nan             nan     -7.60936511      0.04124408     -7.56812103      0.02957974      0.03788496      0.04626498      0.00492996         1             1        0 bias_on
    35     17.50000000     97.21596088      1.12950028             nan             nan     -7.60894113      0.04245715     -7.56648399      0.05862819      0.03758932      0.06783750      0.00977136         1             1        0 bias_on
    36     18.00000000     98.30676562      1.14821112             nan             nan     -7.60943106      0.04367021     -7.56576086      0.02840891      0.03803326      0.04541999      0.00473482         1             1        0 bias_on
    37     18.50000000     99.25202772      1.18961478             nan             nan     -7.60900311      0.04488327     -7.56411984      0.05757207      0.03772925      0.06692882      0.00959535         1             1        0 bias_on
    38     19.00000000    100.33447252      1.20855740             nan             nan     -7.60945857      0.04609633     -7.56336224      0.02899720      0.03814161      0.04568923      0.00483287         1             1        0 bias_on
    39     19.50000000    101.28041163      1.24957988             nan             nan     -7.60900277      0.04730939     -7.56169338      0.05856475      0.03786024      0.06773441      0.00976079         1             1        0 bias_on
    40     20.00000000    102.38837493      1.26824544             nan             nan     -7.60947808      0.04852245     -7.56095563      0.02852240      0.03825951      0.04530189      0.00475373         1             1        0 bias_on
    41     20.50000000    103.33145758      1.30947758             nan             nan     -7.60901081      0.04973551     -7.55927529      0.05829418      0.03798119      0.06745960      0.00971570         1             1        0 bias_on
    42     21.00000000    104.40743018      1.32816692             nan             nan     -7.60947224      0.05094858     -7.55852367      0.02875117      0.03836007      0.04532736      0.00479186         1             1        0 bias_on
    43     21.50000000    105.32160911      1.36920999             nan             nan     -7.60898395      0.05216164     -7.55682231      0.05884350      0.03809616      0.06787684      0.00980725         1             1        0 bias_on
    44     22.00000000    106.39223744      1.38772421             nan             nan     -7.60945398      0.05337470     -7.55607928      0.02853852      0.03846204      0.04508027      0.00475642         1             1        0 bias_on
    45     22.50000000    107.32365673      1.42882776             nan             nan     -7.60895272      0.05458776     -7.55436496      0.05883636      0.03820458      0.06782391      0.00980606         1             1        0 bias_on
    46     23.00000000    108.44292352      1.44730383             nan             nan     -7.60941689      0.05580082     -7.55361607      0.02863503      0.03855501      0.04502408      0.00477251         1             1        0 bias_on
    47     23.50000000    109.38957773      1.48829585             nan             nan     -7.60889930      0.05701388     -7.55188542      0.05917764      0.03830816      0.06806711      0.00986294         1             1        0 bias_on
    48     24.00000000    110.49469985      1.50665105             nan             nan     -7.60936774      0.05822694     -7.55114080      0.02853318      0.03864660      0.04485830      0.00475553         1             1        0 bias_on
    49     24.50000000    111.44247239      1.54765160             nan             nan     -7.60883933      0.05944000     -7.54939933      0.05924384      0.03840658      0.06808939      0.00987397         1             1        0 bias_on
    50     25.00000000    112.51962373      1.56596171             nan             nan     -7.60930544      0.06065307     -7.54865238      0.02857162      0.03873215      0.04480440      0.00476194         1             1        0 bias_on
    51     25.50000000    113.45748173      1.60690331             nan             nan     -7.60876725      0.06186613     -7.54690112      0.05941810      0.03850022      0.06821614      0.00990302         1             1        0 bias_on
    52     26.00000000    114.54901052      1.62515157             nan             nan     -7.60923477      0.06307919     -7.54615558      0.02853988      0.03881434      0.04471944      0.00475665         1             1        0 bias_on
    53     26.50000000    115.49508466      1.66608085             nan             nan     -7.60868934      0.06429225     -7.54439709      0.05947071      0.03858891      0.06823529      0.00991178         1             1        0 bias_on
    54     27.00000000    116.60210249      1.68429440             nan             nan     -7.60915490      0.06550531     -7.54364958      0.02858327      0.03889184      0.04467097      0.00476388         1             1        0 bias_on
    55     27.50000000    117.51316343      1.72516475             nan             nan     -7.60860045      0.06671837     -7.54188207      0.05962370      0.03867362      0.06832952      0.00993728         1             1        0 bias_on
    56     28.00000000    118.58505857      1.74331320             nan             nan     -7.60906645      0.06793143     -7.54113502      0.02858154      0.03896686      0.04457798      0.00476359         1             1        0 bias_on
    57     28.50000000    119.52651975      1.78414450             nan             nan     -7.60850268      0.06914450     -7.53935818      0.05974624      0.03875499      0.06838923      0.00995771         1             1        0 bias_on
    58     29.00000000    120.59172444      1.80223001             nan             nan     -7.60896833      0.07035756     -7.53861077      0.02860256      0.03903917      0.04449276      0.00476709         1             1        0 bias_on
    59     29.50000000    121.53537086      1.84300736             nan             nan     -7.60839486      0.07157062     -7.53682425      0.05989859      0.03883360      0.06846982      0.00998310         1             1        0 bias_on
    60     30.00000000    122.64778310      1.86102033             nan             nan     -7.60886091      0.07278368     -7.53607723      0.02861207      0.03910956      0.04439471      0.00476868         1             1        0 bias_on
    61     30.50000000    123.58888174      1.90174901             nan             nan     -7.60827785      0.07399674     -7.53428111      0.06004413      0.03890984      0.06854262      0.01000736         1             1        0 bias_on
    62     31.00000000    124.66541938      1.91969028             nan             nan     -7.60874413      0.07520980     -7.53353433      0.02862613      0.03917809      0.04430409      0.00477102         1             1        0 bias_on
    63     31.50000000    125.61329225      1.96037048             nan             nan     -7.60815266      0.07642286     -7.53172979      0.06017885      0.03898389      0.06862000      0.01002981         1             1        0 bias_on
    64     32.00000000    126.70148911      1.97825230             nan             nan     -7.60862002      0.07763592     -7.53098409      0.02863398      0.03924470      0.04423883      0.00477233         1             1        0 bias_on
    65     32.50000000    127.62476291      2.01890056             nan             nan     -7.60802359      0.07884899     -7.52917461      0.06024340      0.03905541      0.06866060      0.01004057         1             1        0 bias_on
    66     33.00000000    128.73430014      2.03675543             nan             nan     -7.60849117      0.08006205     -7.52842912      0.02865574      0.03930862      0.04421721      0.00477596         1             1        0 bias_on
    67     33.50000000    129.69548056      2.07737839             nan             nan     -7.60789307      0.08127511     -7.52661796      0.06025740      0.03912388      0.06867509      0.01004290         1             1        0 bias_on
    68     34.00000000    130.77123640      2.09522993             nan             nan     -7.60836018      0.08248817     -7.52587201      0.02868481      0.03936951      0.04423156      0.00478080         1             1        0 bias_on
    69     34.50000000    131.70046042      2.13583630             nan             nan     -7.60776324      0.08370123     -7.52406201      0.06022963      0.03918897      0.06867887      0.01003827         1             1        0 bias_on
    70     35.00000000    132.80774873      2.15371114             nan             nan     -7.60823015      0.08491429     -7.52331586      0.02870758      0.03942696      0.04427994      0.00478460         1             1        0 bias_on
    71     35.50000000    133.73785497      2.19432007             nan             nan     -7.60763732      0.08612735     -7.52150996      0.06012692      0.03925013      0.06863145      0.01002115         1             1        0 bias_on
    72     36.00000000    134.79953174      2.21224453             nan             nan     -7.60810210      0.08734041     -7.52076168      0.02875792      0.03948045      0.04435583      0.00479299         1             1        0 bias_on
    73     36.50000000    135.75059450      2.25284371             nan             nan     -7.60751354      0.08855348     -7.51896007      0.06004817      0.03930742      0.06860358      0.01000803         1             1        0 bias_on
    74     37.00000000    136.86850513      2.27081138             nan             nan     -7.60797698      0.08976654     -7.51821044      0.02879543      0.03953060      0.04441500      0.00479924         1             1        0 bias_on
    75     37.50000000    137.79417281      2.31140464             nan             nan     -7.60739146      0.09097960     -7.51641186      0.05997049      0.03936117      0.06856089      0.00999508         1             1        0 bias_on
    76     38.00000000    138.89847355      2.32940489             nan             nan     -7.60785290      0.09219266     -7.51566024      0.02884471      0.03957777      0.04446311      0.00480745         1             1        0 bias_on
    77     38.50000000    139.84509915      2.36997761             nan             nan     -7.60726916      0.09340572     -7.51386344      0.05994751      0.03941207      0.06856412      0.00999125         1             1        0 bias_on
    78     39.00000000    140.91756755      2.38799690             nan             nan     -7.60773060      0.09461878     -7.51311182      0.02884872      0.03962266      0.04450626      0.00480812         1             1        0 bias_on
    79     39.50000000    141.84383432      2.42858516             nan             nan     -7.60715151      0.09583184     -7.51131967      0.05984419      0.03945995      0.06853133      0.00997403         1             1        0 bias_on
    80     40.00000000    142.94533919      2.44666389             nan             nan     -7.60761244      0.09704491     -7.51056754      0.02883917      0.03966418      0.04461516      0.00480653         1             1        0 bias_on
    81     40.50000000    143.86909116      2.48730555             nan             nan     -7.60704338      0.09825797     -7.50878541      0.05963556      0.03950378      0.06846199      0.00993926         1             1        0 bias_on
    82     41.00000000    144.98656703      2.50550323             nan             nan     -7.60750293      0.09947103     -7.50803190      0.02881434      0.03970102      0.04479471      0.00480239         1             1        0 bias_on
    83     41.50000000    145.91549547      2.54623922             nan             nan     -7.60694798      0.10068409     -7.50626390      0.05931433      0.03954227      0.06832037      0.00988572         1             1        0 bias_on
    84     42.00000000    146.99764656      2.56459747             nan             nan     -7.60740348      0.10189715     -7.50550633      0.02883487      0.03973222      0.04499952      0.00480581         1             1        0 bias_on
    85     42.50000000    147.94433543      2.60539958             nan             nan     -7.60686057      0.10311021     -7.50375036      0.05906498      0.03957559      0.06821735      0.00984416         1             1        0 bias_on
    86     43.00000000    149.06010751      2.62388591             nan             nan     -7.60731274      0.10432327     -7.50298947      0.02886282      0.03975907      0.04515396      0.00481047         1             1        0 bias_on
    87     43.50000000    149.98935233      2.66472717             nan             nan     -7.60677806      0.10553633     -7.50124173      0.05888498      0.03960493      0.06812953      0.00981416         1             1        0 bias_on
    88     44.00000000    151.07236739      2.68329645             nan             nan     -7.60722637      0.10674940     -7.50047698      0.02892239      0.03978293      0.04523182      0.00482040         1             1        0 bias_on
    89     44.50000000    151.98426531      2.72411909             nan             nan     -7.60669262      0.10796246     -7.49873016      0.05888790      0.03963206      0.06813754      0.00981465         1             1        0 bias_on
    90     45.00000000    153.08346730      2.74268908             nan             nan     -7.60714018      0.10917552     -7.49796466      0.02896991      0.03980601      0.04522033      0.00482832         1             1        0 bias_on
    91     45.50000000    154.02973809      2.78346641             nan             nan     -7.60660368      0.11038858     -7.49621510      0.05896041      0.03965867      0.06815525      0.00982674         1             1        0 bias_on
    92     46.00000000    155.12773935      2.80198891             nan             nan     -7.60705106      0.11160164     -7.49544942      0.02904070      0.03982944      0.04516377      0.00484012         1             1        0 bias_on
    93     46.50000000    156.06707440      2.84268319             nan             nan     -7.60650876      0.11281470     -7.49369405      0.05911717      0.03968599      0.06821405      0.00985286         1             1        0 bias_on
    94     47.00000000    157.17997307      2.86111859             nan             nan     -7.60695736      0.11402776     -7.49292960      0.02908769      0.03985426      0.04507113      0.00484795         1             1        0 bias_on
    95     47.50000000    158.11562393      2.90173512             nan             nan     -7.60640867      0.11524083     -7.49116785      0.05927942      0.03971445      0.06830108      0.00987990         1             1        0 bias_on
    96     48.00000000    159.23763134      2.92009736             nan             nan     -7.60685976      0.11645389     -7.49040588      0.02907828      0.03988014      0.04500099      0.00484638         1             1        0 bias_on
    97     48.50000000    160.16172966      2.96069299             nan             nan     -7.60630848      0.11766695     -7.48864153      0.05931513      0.03974304      0.06831441      0.00988585         1             1        0 bias_on
    98     49.00000000    161.27585071      2.97903444             nan             nan     -7.60675983      0.11888001     -7.48787983      0.02908343      0.03990555      0.04498721      0.00484724         1             1        0 bias_on
    99     49.50000000    162.22342180      3.01962025             nan             nan     -7.60620746      0.12009307     -7.48611439      0.05932198      0.03977092      0.06831668      0.00988700         1             1        0 bias_on
   100     50.00000000    163.33054371      3.03795659             nan             nan     -7.60665852      0.12130613     -7.48535239      0.02909317      0.03993017      0.04498374      0.00484886         1             1        0 bias_on
