  step         time_fs     wall_time_s        rti_dist          temp_K     temp_bath_K   thermo_lambda          kin_Ha     pot_real_Ha     pot_rtip_Ha    pot_total_Ha          f_real          f_rtip         f_total      rms_f_real state_decision
     1      0.50000000     10.61545713     34.91545493    298.64712108    300.00000000      1.00000000      0.04965241     -7.59866944     -0.00028698     -7.59895643      0.05778020      0.00000799      0.05777888      0.00963003 md_running
     2      1.00000000     21.87628354     34.90899523    295.56006415    300.00000000      1.00000438      0.04913917     -7.59815526     -0.00057396     -7.59872922      0.05992660      0.00001597      0.05992372      0.00998777 md_running
     3      1.50000000     40.79276476     34.90285418    291.57998445    300.00000000      1.00001050      0.04847745     -7.59748989     -0.00086094     -7.59835083      0.06210178      0.00002395      0.06209719      0.01035030 md_running
     4      2.00000000     41.04679256     34.89719004    286.94597383    300.00000000      1.00001820      0.04770701     -7.59671346     -0.00114790     -7.59786136      0.06414460      0.00003193      0.06413818      0.01069077 md_running
     5      2.50000000     41.31497993     34.89214607    282.04225379    300.00000000      1.00002704      0.04689173     -7.59589096     -0.00143485     -7.59732581      0.06582163      0.00003989      0.06581336      0.01097027 md_running
     6      3.00000000     46.57778655     34.88784027    277.29665051    300.00000000      1.00003628      0.04610273     -7.59509471     -0.00172178     -7.59681650      0.06692254      0.00004786      0.06691243      0.01115376 md_running
     7      3.50000000     56.99009962     34.88435750    273.05913098    300.00000000      1.00004514      0.04539821     -7.59438410     -0.00200868     -7.59639279      0.06735723      0.00005583      0.06734534      0.01122621 md_running
     8      4.00000000     57.26403601     34.88174372    269.50335170    300.00000000      1.00005300      0.04480704     -7.59378862     -0.00229554     -7.59608416      0.06722460      0.00006380      0.06721105      0.01120410 md_running
     9      4.50000000     57.51917372     34.88000261    266.58293639    300.00000000      1.00005962      0.04432149     -7.59330035     -0.00258237     -7.59588272      0.06683076      0.00007177      0.06681580      0.01113846 md_running
    10      5.00000000     57.78713893     34.87909500    264.05845686    300.00000000      1.00006524      0.04390178     -7.59287869     -0.00286914     -7.59574783      0.06663359      0.00007975      0.06661762      0.01110560 md_running
    11      5.50000000     62.72071911     34.87894125    261.58535268    300.00000000      1.00007046      0.04349061     -7.59246517     -0.00315586     -7.59562103      0.06710620      0.00008774      0.06708978      0.01118437 md_running
    12      6.00000000     63.00061692     34.87942675    258.83377344    300.00000000      1.00007607      0.04303314     -7.59200355     -0.00344254     -7.59544609      0.06854861      0.00009573      0.06853236      0.01142477 md_running
    13      6.50000000     63.25780457     34.88041005    255.59911956    300.00000000      1.00008272      0.04249535     -7.59145930     -0.00372917     -7.59518847      0.07095878      0.00010373      0.07094321      0.01182646 md_running
    14      7.00000000     63.50856054     34.88173308    251.86676401    300.00000000      1.00009076      0.04187482     -7.59082965     -0.00401576     -7.59484541      0.07402850      0.00011173      0.07401392      0.01233808 md_running
    15      7.50000000     63.75576601     34.88323310    247.81496283    300.00000000      1.00010008      0.04120117     -7.59014480     -0.00430232     -7.59444712      0.07725797      0.00011973      0.07724443      0.01287633 md_running
    16      8.00000000     64.00831933     34.88475505    243.76060415    300.00000000      1.00011014      0.04052710     -7.58945835     -0.00458886     -7.59404721      0.08010290      0.00012773      0.08009025      0.01335048 md_running
    17      8.50000000     64.25357725     34.88616351    240.06570928    300.00000000      1.00012009      0.03991280     -7.58883178     -0.00487540     -7.59370718      0.08209338      0.00013573      0.08208130      0.01368223 md_running
    18      9.00000000     64.49807341     34.88735319    237.03239041    300.00000000      1.00012896      0.03940849     -7.58831611     -0.00516193     -7.59347804      0.08290151      0.00014371      0.08288957      0.01381692 md_running
    19      9.50000000     64.75270288     34.88825716    234.81722414    300.00000000      1.00013599      0.03904020     -7.58793792     -0.00544848     -7.59338640      0.08237350      0.00015169      0.08236117      0.01372892 md_running
    20     10.00000000     65.00275240     34.88885209    233.38496897    300.00000000      1.00014088      0.03880207     -7.58769150     -0.00573504     -7.59342654      0.08054570      0.00015965      0.08053233      0.01342428 md_running
    21     10.50000000     65.25689881     34.88916011    232.51325645    300.00000000      1.00014389      0.03865714     -7.58753944     -0.00602161     -7.59356105      0.07765286      0.00016760      0.07763770      0.01294214 md_running
    22     11.00000000     65.51161366     34.88924713    231.84997287    300.00000000      1.00014582      0.03854687     -7.58742227     -0.00630820     -7.59373047      0.07411984      0.00017554      0.07410206      0.01235331 md_running
    23     11.50000000     65.76546946     34.88921800    231.00824328    300.00000000      1.00014772      0.03840692     -7.58727452     -0.00659480     -7.59386932      0.07053304      0.00018347      0.07051182      0.01175551 md_running
    24     12.00000000     66.01149223     34.88920904    229.67440869    300.00000000      1.00015065      0.03818516     -7.58704300     -0.00688140     -7.59392440      0.06755308      0.00019139      0.06752780      0.01125885 md_running
    25     12.50000000     66.26104162     34.88937810    227.69932150    300.00000000      1.00015532      0.03785679     -7.58670239     -0.00716797     -7.59387037      0.06574556      0.00019932      0.06571601      0.01095759 md_running
    26     13.00000000     66.51185605     34.88989326    225.14456741    300.00000000      1.00016197      0.03743204     -7.58626308     -0.00745451     -7.59371759      0.06537717      0.00020724      0.06534368      0.01089619 md_running
    27     13.50000000     66.76593589     34.89092084    222.26674209    300.00000000      1.00017019      0.03695358     -7.58576848     -0.00774099     -7.59350947      0.06630185      0.00021518      0.06626515      0.01105031 md_running
    28     14.00000000     67.02374659     34.89261336    219.44033998    300.00000000      1.00017908      0.03648367     -7.58528213     -0.00802739     -7.59330952      0.06803733      0.00022314      0.06799824      0.01133955 md_running
    29     14.50000000     67.27985771     34.89509859    217.04099099    300.00000000      1.00018741      0.03608476     -7.58486786     -0.00831369     -7.59318155      0.06998652      0.00023111      0.06994575      0.01166442 md_running
    30     15.00000000     67.53237487     34.89847013    215.32759587    300.00000000      1.00019406      0.03579989     -7.58456990     -0.00859987     -7.59316978      0.07164544      0.00023912      0.07160355      0.01194091 md_running
    31     15.50000000     67.78436903     34.90278028    214.36435604    300.00000000      1.00019836      0.03563975     -7.58439883     -0.00888593     -7.59328476      0.07271643      0.00024715      0.07267390      0.01211941 md_running
    32     16.00000000     68.04662717     34.90803558    214.00842928    300.00000000      1.00020037      0.03558057     -7.58433079     -0.00917185     -7.59350264      0.07312060      0.00025521      0.07307788      0.01218677 md_running
    33     16.50000000     68.30505191     34.91419579    213.96483613    300.00000000      1.00020081      0.03557332     -7.58431561     -0.00945764     -7.59377326      0.07295251      0.00026330      0.07291016      0.01215875 md_running
    34     17.00000000     68.53900238     34.92117614    213.88756774    300.00000000      1.00020080      0.03556048     -7.58429454     -0.00974331     -7.59403785      0.07239775      0.00027142      0.07235635      0.01206629 md_running
    35     17.50000000     68.78982476     34.92885324    213.49054415    300.00000000      1.00020144      0.03549447     -7.58421914     -0.01002888     -7.59424802      0.07165163      0.00027955      0.07161180      0.01194194 md_running
    36     18.00000000     69.04576646     34.93707430    212.63145713    300.00000000      1.00020348      0.03535164     -7.58406523     -0.01031435     -7.59437958      0.07085634      0.00028770      0.07081863      0.01180939 md_running
    37     18.50000000     69.30244327     34.94566878    211.34499540    300.00000000      1.00020711      0.03513776     -7.58383864     -0.01059976     -7.59443839      0.07007062      0.00029586      0.07003542      0.01167844 md_running
    38     19.00000000     69.55712979     34.95446145    209.81978313    300.00000000      1.00021199      0.03488418     -7.58357136     -0.01088512     -7.59445648      0.06928036      0.00030402      0.06924781      0.01154673 md_running
    39     19.50000000     69.81698202     34.96328587    208.32988712    300.00000000      1.00021731      0.03463647     -7.58330982     -0.01117046     -7.59448028      0.06843613      0.00031218      0.06840611      0.01140602 md_running
    40     20.00000000     70.07492528     34.97199685    207.14430225    300.00000000      1.00022208      0.03443936     -7.58309968     -0.01145581     -7.59455549      0.06750711      0.00032032      0.06747924      0.01125119 md_running
    41     20.50000000     70.32847199     34.98048118    206.44193096    300.00000000      1.00022545      0.03432258     -7.58297117     -0.01174118     -7.59471235      0.06652711      0.00032844      0.06650082      0.01108785 md_running
    42     21.00000000     70.58545149     34.98866553    206.25436532    300.00000000      1.00022698      0.03429140     -7.58292981     -0.01202658     -7.59495639      0.06562536      0.00033654      0.06559994      0.01093756 md_running
    43     21.50000000     70.83853214     34.99652095    206.45219303    300.00000000      1.00022683      0.03432429     -7.58295388     -0.01231202     -7.59526590      0.06502554      0.00034461      0.06500022      0.01083759 md_running
    44     22.00000000     71.09745453     35.00406389    206.77931915    300.00000000      1.00022571      0.03437868     -7.58299991     -0.01259750     -7.59559742      0.06499987      0.00035267      0.06497399      0.01083331 md_running
    45     22.50000000     71.35138994     35.01135351    206.92668091    300.00000000      1.00022467      0.03440318     -7.58301561     -0.01288303     -7.59589864      0.06577845      0.00036069      0.06575149      0.01096308 md_running
    46     23.00000000     71.59709004     35.01848569    206.62636996    300.00000000      1.00022479      0.03435325     -7.58295539     -0.01316857     -7.59612396      0.06744840      0.00036871      0.06742009      0.01124140 md_running
    47     23.50000000     71.83184742     35.02558425    205.73943181    300.00000000      1.00022684      0.03420579     -7.58279575     -0.01345412     -7.59624987      0.06987641      0.00037670      0.06984672      0.01164607 md_running
    48     24.00000000     72.08528892     35.03279033    204.30965849    300.00000000      1.00023103      0.03396808     -7.58254363     -0.01373966     -7.59628329      0.07270788      0.00038469      0.07267689      0.01211798 md_running
    49     24.50000000     72.34143085     35.04025032    202.56341353    300.00000000      1.00023694      0.03367775     -7.58223761     -0.01402517     -7.59626278      0.07544890      0.00039269      0.07541680      0.01257482 md_running
    50     25.00000000     72.60126590     35.04810340    200.85051769    300.00000000      1.00024353      0.03339297     -7.58193678     -0.01431061     -7.59624739      0.07757995      0.00040068      0.07754696      0.01292999 md_running
    51     25.50000000     72.86097013     35.05646956    199.54170217    300.00000000      1.00024938      0.03317537     -7.58170427     -0.01459598     -7.59630025      0.07866450      0.00040870      0.07863089      0.01311075 md_running
    52     26.00000000     73.12111201     35.06543900    198.91480525    300.00000000      1.00025317      0.03307114     -7.58158726     -0.01488125     -7.59646850      0.07843010      0.00041673      0.07839622      0.01307168 md_running
    53     26.50000000     73.37335512     35.07506325    199.06690864    300.00000000      1.00025407      0.03309643     -7.58160250     -0.01516642     -7.59676892      0.07681842      0.00042478      0.07678475      0.01280307 md_running
    54     27.00000000     73.63387152     35.08534912    199.88259405    300.00000000      1.00025208      0.03323204     -7.58173052     -0.01545150     -7.59718202      0.07399587      0.00043284      0.07396310      0.01233265 md_running
    55     27.50000000     73.88452754     35.09625599    201.06950561    300.00000000      1.00024808      0.03342937     -7.58192179     -0.01573650     -7.59765829      0.07033353      0.00044092      0.07030263      0.01172226 md_running
    56     28.00000000     74.13035323     35.10769705    202.24774590    300.00000000      1.00024342      0.03362527     -7.58211190     -0.01602144     -7.59813334      0.06635213      0.00044901      0.06632446      0.01105869 md_running
    57     28.50000000     74.38301976     35.11954417    203.06259401    300.00000000      1.00023956      0.03376074     -7.58224085     -0.01630635     -7.59854720      0.06262398      0.00045710      0.06260121      0.01043733 md_running
    58     29.00000000     74.63927299     35.13163647    203.28382761    300.00000000      1.00023757      0.03379752     -7.58226946     -0.01659128     -7.59886075      0.05964087      0.00046517      0.05962477      0.00994014 md_running
    59     29.50000000     74.89758822     35.14379153    202.86205183    300.00000000      1.00023797      0.03372740     -7.58218922     -0.01687627     -7.59906549      0.05767268      0.00047321      0.05766473      0.00961211 md_running
    60     30.00000000     75.15358599     35.15581860    201.92982886    300.00000000      1.00024059      0.03357241     -7.58202254     -0.01716137     -7.59918390      0.05668504      0.00048122      0.05668609      0.00944751 md_running
    61     30.50000000     75.41002663     35.16753248    200.75029866    300.00000000      1.00024468      0.03337630     -7.58181379     -0.01744661     -7.59926040      0.05637446      0.00048918      0.05638460      0.00939574 md_running
    62     31.00000000     75.66327264     35.17876688    199.63111561    300.00000000      1.00024917      0.03319023     -7.58161523     -0.01773204     -7.59934727      0.05631200      0.00049707      0.05633085      0.00938533 md_running
    63     31.50000000     75.91320124     35.18938615    198.83031954    300.00000000      1.00025293      0.03305709     -7.58147020     -0.01801769     -7.59948789      0.05610831      0.00050490      0.05613531      0.00935138 md_running
    64     32.00000000     76.15724693     35.19929439    198.48000710    300.00000000      1.00025515      0.03299885     -7.58140121     -0.01830359     -7.59970480      0.05552606      0.00051265      0.05556067      0.00925434 md_running
    65     32.50000000     76.40207481     35.20844138    198.54750610    300.00000000      1.00025561      0.03301007     -7.58140266     -0.01858975     -7.59999241      0.05453771      0.00052033      0.05457944      0.00908962 md_running
    66     33.00000000     76.65789998     35.21682514    198.84473298    300.00000000      1.00025473      0.03305949     -7.58144276     -0.01887618     -7.60031894      0.05333205      0.00052793      0.05338038      0.00888867 md_running
    67     33.50000000     76.91083863     35.22449072    199.08165388    300.00000000      1.00025350      0.03309888     -7.58147256     -0.01916288     -7.60063543      0.05227727      0.00053546      0.05233146      0.00871288 md_running
    68     34.00000000     77.16560520     35.23152580    198.94954179    300.00000000      1.00025309      0.03307691     -7.58143970     -0.01944982     -7.60088952      0.05182409      0.00054292      0.05188300      0.00863735 md_running
    69     34.50000000     77.42291003     35.23805337    198.21189109    300.00000000      1.00025461      0.03295427     -7.58130419     -0.01973697     -7.60104116      0.05234716      0.00055033      0.05240931      0.00872453 md_running
    70     35.00000000     77.67448020     35.24422210    196.77602207    300.00000000      1.00025876      0.03271555     -7.58105023     -0.02002431     -7.60107454      0.05398354      0.00055770      0.05404755      0.00899726 md_running
    71     35.50000000     77.92245966     35.25019514    194.72420889    300.00000000      1.00026564      0.03237442     -7.58069171     -0.02031177     -7.60100348      0.05656572      0.00056504      0.05663079      0.00942762 md_running
    72     36.00000000     78.17810931     35.25613807    192.29366099    300.00000000      1.00027472      0.03197032     -7.58026879     -0.02059933     -7.60086811      0.05969464      0.00057237      0.05976085      0.00994911 md_running
    73     36.50000000     78.43125988     35.26220667    189.81036296    300.00000000      1.00028495      0.03155745     -7.57983701     -0.02088692     -7.60072393      0.06290410      0.00057969      0.06297233      0.01048402 md_running
    74     37.00000000     78.69082161     35.26853526    187.59606127    300.00000000      1.00029495      0.03118931     -7.57945073     -0.02117451     -7.60062524      0.06580251      0.00058703      0.06587419      0.01096709 md_running
    75     37.50000000     78.94205729     35.27522641    185.87831986    300.00000000      1.00030345      0.03090372     -7.57914864     -0.02146206     -7.60061070      0.06815233      0.00059439      0.06822914      0.01135872 md_running
    76     38.00000000     79.20304740     35.28234262    184.73341834    300.00000000      1.00030965      0.03071337     -7.57894375     -0.02174956     -7.60069331      0.06988987      0.00060177      0.06997352      0.01164831 md_running
    77     38.50000000     79.46919563     35.28990088    184.07957064    300.00000000      1.00031347      0.03060467     -7.57882194     -0.02203700     -7.60085894      0.07110170      0.00060917      0.07119378      0.01185028 md_running
    78     39.00000000     79.72720645     35.29787036    183.72092844    300.00000000      1.00031551      0.03054504     -7.57874986     -0.02232439     -7.60107425      0.07196855      0.00061660      0.07207026      0.01199476 md_running
    79     39.50000000     79.98488373     35.30617418    183.42847721    300.00000000      1.00031677      0.03049642     -7.57868855     -0.02261175     -7.60130031      0.07268945      0.00062404      0.07280135      0.01211491 md_running
    80     40.00000000     80.23522737     35.31469540    183.02797063    300.00000000      1.00031821      0.03042983     -7.57860815     -0.02289913     -7.60150729      0.07340384      0.00063148      0.07352582      0.01223397 md_running
    81     40.50000000     80.49058385     35.32328646    182.46449956    300.00000000      1.00032038      0.03033615     -7.57849907     -0.02318657     -7.60168564      0.07414251      0.00063890      0.07427384      0.01235708 md_running
    82     41.00000000     80.74264331     35.33178130    181.82621734    300.00000000      1.00032322      0.03023003     -7.57837599     -0.02347412     -7.60185011      0.07482235      0.00064631      0.07496192      0.01247039 md_running
    83     41.50000000     80.99385886     35.34000896    181.32171958    300.00000000      1.00032603      0.03014615     -7.57827417     -0.02376182     -7.60203600      0.07527900      0.00065367      0.07542550      0.01254650 md_running
    84     42.00000000     81.24516638     35.34780771    181.22000178    300.00000000      1.00032765      0.03012924     -7.57823903     -0.02404975     -7.60228878      0.07531780      0.00066098      0.07546993      0.01255297 md_running
    85     42.50000000     81.49454822     35.35503816    181.77182020    300.00000000      1.00032681      0.03022098     -7.57831289     -0.02433792     -7.60265081      0.07477507      0.00066823      0.07493158      0.01246251 md_running
    86     43.00000000     81.75399284     35.36159411    183.13592663    300.00000000      1.00032255      0.03044778     -7.57852270     -0.02462638     -7.60314908      0.07356513      0.00067542      0.07372473      0.01226085 md_running
    87     43.50000000     82.01537696     35.36741079    185.33081125    300.00000000      1.00031455      0.03081269     -7.57887165     -0.02491515     -7.60378680      0.07171142      0.00068253      0.07187266      0.01195190 md_running
    88     44.00000000     82.26844865     35.37246992    188.22424944    300.00000000      1.00030328      0.03129375     -7.57933769     -0.02520423     -7.60454193      0.06936025      0.00068957      0.06952120      0.01156004 md_running
    89     44.50000000     82.52583671     35.37680128    191.56226816    300.00000000      1.00028986      0.03184872     -7.57987803     -0.02549361     -7.60537164      0.06677591      0.00069654      0.06693393      0.01112932 md_running
    90     45.00000000     82.77918877     35.38048075    195.02961948    300.00000000      1.00027571      0.03242520     -7.58043951     -0.02578326     -7.60622277      0.06431291      0.00070346      0.06446452      0.01071882 md_running
    91     45.50000000     83.03195216     35.38362492    198.32696201    300.00000000      1.00026218      0.03297341     -7.58097176     -0.02607313     -7.60704489      0.06235339      0.00071033      0.06249439      0.01039223 md_running
    92     46.00000000     83.28911993     35.38638274    201.24581201    300.00000000      1.00025023      0.03345869     -7.58143976     -0.02636317     -7.60780293      0.06121231      0.00071717      0.06133842      0.01020205 md_running
    93     46.50000000     83.54991347     35.38892505    203.71967066    300.00000000      1.00024025      0.03386999     -7.58183243     -0.02665330     -7.60848574      0.06103319      0.00072400      0.06114105      0.01017220 md_running
    94     47.00000000     83.80841613     35.39143235    205.83510518    300.00000000      1.00023206      0.03422169     -7.58216454     -0.02694346     -7.60910801      0.06173378      0.00073083      0.06182188      0.01028896 md_running
    95     47.50000000     84.06337287     35.39408149    207.80045585    300.00000000      1.00022501      0.03454845     -7.58247164     -0.02723358     -7.60970522      0.06303920      0.00073769      0.06310804      0.01050653 md_running
    96     48.00000000     84.32392352     35.39703271    209.87866857    300.00000000      1.00021816      0.03489397     -7.58279844     -0.02752357     -7.61032201      0.06458255      0.00074459      0.06463429      0.01076376 md_running
    97     48.50000000     84.58678599     35.40041687    212.30428946    300.00000000      1.00021063      0.03529725     -7.58318523     -0.02781340     -7.61099863      0.06602198      0.00075154      0.06605968      0.01100366 md_running
    98     49.00000000     84.84782409     35.40432478    215.21107752    300.00000000      1.00020180      0.03578052     -7.58365468     -0.02810303     -7.61175771      0.06712121      0.00075855      0.06714833      0.01118687 md_running
    99     49.50000000     85.10668149     35.40879879    218.59223408    300.00000000      1.00019158      0.03634267     -7.58420572     -0.02839245     -7.61259818      0.06778774      0.00076561      0.06780779      0.01129796 md_running
   100     50.00000000     85.35905460     35.41382828    222.30687420    300.00000000      1.00018033      0.03696025     -7.58481447     -0.02868167     -7.61349614      0.06806215      0.00077272      0.06807847      0.01134369 md_running
   101     50.50000000     85.60863337     35.41934953    226.12923901    300.00000000      1.00016875      0.03759575     -7.58544254     -0.02897074     -7.61441328      0.06807368      0.00077987      0.06808931      0.01134561 md_running
   102     51.00000000     85.86966285     35.42525030    229.82259019    300.00000000      1.00015761      0.03820980     -7.58604965     -0.02925970     -7.61530935      0.06796987      0.00078705      0.06798747      0.01132831 md_running
   103     51.50000000     86.12315863     35.43137833    233.21249494    300.00000000      1.00014748      0.03877340     -7.58660595     -0.02954863     -7.61615459      0.06785404      0.00079423      0.06787571      0.01130901 md_running
   104     52.00000000     86.37011516     35.43755355    236.23676921    300.00000000      1.00013864      0.03927621     -7.58710081     -0.02983763     -7.61693843      0.06773667      0.00080140      0.06776387      0.01128945 md_running
   105     52.50000000     86.61808995     35.44358245    238.95717472    300.00000000      1.00013098      0.03972850     -7.58754439     -0.03012676     -7.61767115      0.06753474      0.00080854      0.06756825      0.01125579 md_running
   106     53.00000000     86.86924289     35.44927322    241.53002719    300.00000000      1.00012412      0.04015625     -7.58796301     -0.03041613     -7.61837914      0.06710245      0.00081562      0.06714247      0.01118374 md_running
   107     53.50000000     87.12715942     35.45445049    244.14675224    300.00000000      1.00011754      0.04059130     -7.58838902     -0.03070579     -7.61909481      0.06629002      0.00082263      0.06633626      0.01104834 md_running
   108     54.00000000     87.38780182     35.45896844    246.96600292    300.00000000      1.00011076      0.04106003     -7.58884919     -0.03099582     -7.61984501      0.06499595      0.00082957      0.06504759      0.01083266 md_running
   109     54.50000000     87.64568323     35.46272151    250.05535623    300.00000000      1.00010350      0.04157365     -7.58935494     -0.03128625     -7.62064119      0.06320866      0.00083641      0.06326448      0.01053478 md_running
   110     55.00000000     87.90698880     35.46565173    253.35732554    300.00000000      1.00009578      0.04212263     -7.58989681     -0.03157710     -7.62147391      0.06103605      0.00084317      0.06109439      0.01017267 md_running
   111     55.50000000     88.15722523     35.46775218    256.69200088    300.00000000      1.00008792      0.04267705     -7.59044445     -0.03186836     -7.62231282      0.05871079      0.00084984      0.05876947      0.00978513 md_running
   112     56.00000000     88.40444761     35.46906671    259.79458384    300.00000000      1.00008047      0.04319288     -7.59095318     -0.03216000     -7.62311318      0.05657147      0.00085644      0.05662782      0.00942858 md_running
   113     56.50000000     88.64396930     35.46968581    262.37709794    300.00000000      1.00007404      0.04362224     -7.59137457     -0.03245196     -7.62382653      0.05500447      0.00086298      0.05505550      0.00916741 md_running
   114     57.00000000     88.89357585     35.46973921    264.20086013    300.00000000      1.00006916      0.04392546     -7.59166810     -0.03274414     -7.62441225      0.05433929      0.00086948      0.05438223      0.00905655 md_running
   115     57.50000000     89.14649252     35.46938549    265.14024713    300.00000000      1.00006617      0.04408164     -7.59181272     -0.03303646     -7.62484918      0.05473104      0.00087597      0.05476415      0.00912184 md_running
   116     58.00000000     89.40456220     35.46879958    265.21862455    300.00000000      1.00006512      0.04409467     -7.59181255     -0.03332880     -7.62514134      0.05608477      0.00088248      0.05610781      0.00934746 md_running
   117     58.50000000     89.67140923     35.46815924    264.60431109    300.00000000      1.00006579      0.04399253     -7.59169619     -0.03362103     -7.62531722      0.05808764      0.00088902      0.05810167      0.00968127 md_running
   118     59.00000000     89.92888545     35.46763161    263.56546278    300.00000000      1.00006768      0.04381982     -7.59150917     -0.03391304     -7.62542221      0.06032445      0.00089563      0.06033153      0.01005408 md_running
   119     59.50000000     90.18866019     35.46735996    262.39850658    300.00000000      1.00007017      0.04362580     -7.59130190     -0.03420473     -7.62550663      0.06239354      0.00090233      0.06239621      0.01039892 md_running
   120     60.00000000     90.45022063     35.46745183    261.34967690    300.00000000      1.00007267      0.04345142     -7.59111602     -0.03449601     -7.62561204      0.06399460      0.00090913      0.06399561      0.01066577 md_running
   121     60.50000000     90.70907466     35.46796932    260.55274762    300.00000000      1.00007472      0.04331893     -7.59097439     -0.03478684     -7.62576123      0.06498555      0.00091605      0.06498764      0.01083092 md_running
   122     61.00000000     90.96902172     35.46892275    260.00204353    300.00000000      1.00007618      0.04322737     -7.59087581     -0.03507718     -7.62595299      0.06539966      0.00092308      0.06540541      0.01089994 md_running
   123     61.50000000     91.22633162     35.47026868    259.56747715    300.00000000      1.00007719      0.04315512     -7.59079830     -0.03536705     -7.62616535      0.06543361      0.00093023      0.06544529      0.01090560 md_running
   124     62.00000000     91.48519672     35.47191263    259.05018117    300.00000000      1.00007816      0.04306911     -7.59070755     -0.03565648     -7.62636404      0.06538455      0.00093749      0.06540379      0.01089743 md_running
   125     62.50000000     91.73844867     35.47371652    258.26045676    300.00000000      1.00007955      0.04293782     -7.59057120     -0.03594553     -7.62651673      0.06556293      0.00094483      0.06559042      0.01092716 md_running
   126     63.00000000     91.99913849     35.47550994    257.08752653    300.00000000      1.00008174      0.04274281     -7.59036993     -0.03623428     -7.62660421      0.06619707      0.00095225      0.06623238      0.01103284 md_running
   127     63.50000000     92.26165902     35.47710412    255.54330676    300.00000000      1.00008485      0.04248607     -7.59010526     -0.03652281     -7.62662807      0.06736218      0.00095973      0.06740368      0.01122703 md_running
   128     64.00000000     92.50889912     35.47830734    253.76710687    300.00000000      1.00008875      0.04219076     -7.58980059     -0.03681120     -7.62661179      0.06896222      0.00096725      0.06900750      0.01149370 md_running
   129     64.50000000     92.73927966     35.47894024    251.99040389    300.00000000      1.00009300      0.04189537     -7.58949455     -0.03709952     -7.62659407      0.07076357      0.00097480      0.07080969      0.01179393 md_running
   130     65.00000000     92.98534010     35.47884974    250.47835751    300.00000000      1.00009699      0.04164398     -7.58923177     -0.03738784     -7.62661961      0.07247227      0.00098237      0.07251615      0.01207871 md_running
   131     65.50000000     93.23676241     35.47792083    249.46158556    300.00000000      1.00010010      0.04147494     -7.58905117     -0.03767618     -7.62672735      0.07380359      0.00098994      0.07384216      0.01230060 md_running
   132     66.00000000     93.48741979     35.47608508    249.07754933    300.00000000      1.00010183      0.04141109     -7.58897590     -0.03796456     -7.62694046      0.07452924      0.00099752      0.07455957      0.01242154 md_running
   133     66.50000000     93.74379907     35.47332546    249.33866931    300.00000000      1.00010195      0.04145450     -7.58900799     -0.03825295     -7.62726094      0.07449771      0.00100512      0.07451697      0.01241629 md_running
   134     67.00000000     94.00184296     35.46967744    250.13445509    300.00000000      1.00010060      0.04158681     -7.58912897     -0.03854130     -7.62767027      0.07364752      0.00101275      0.07365288      0.01227459 md_running
   135     67.50000000     94.26256446     35.46522663    251.26442375    300.00000000      1.00009820      0.04177467     -7.58930518     -0.03882954     -7.62813472      0.07200511      0.00102042      0.07199378      0.01200085 md_running
   136     68.00000000     94.51616623     35.46010308    252.49243928    300.00000000      1.00009529      0.04197884     -7.58949703     -0.03911757     -7.62861460      0.06968143      0.00102816      0.06965070      0.01161357 md_running
   137     68.50000000     94.76750364     35.45447255    253.60735247    300.00000000      1.00009246      0.04216420     -7.58966917     -0.03940528     -7.62907445      0.06686078      0.00103599      0.06680820      0.01114346 md_running
   138     69.00000000     95.02044788     35.44852537    254.47408387    300.00000000      1.00009011      0.04230830     -7.58979899     -0.03969254     -7.62949153      0.06378419      0.00104394      0.06370791      0.01063070 md_running
   139     69.50000000     95.27705901     35.44246310    255.06138444    300.00000000      1.00008844      0.04240595     -7.58988182     -0.03997923     -7.62986105      0.06071845      0.00105204      0.06061775      0.01011974 md_running
   140     70.00000000     95.53963319     35.43648372    255.43851448    300.00000000      1.00008738      0.04246865     -7.58992989     -0.04026525     -7.63019515      0.05791911      0.00106030      0.05779495      0.00965318 md_running
   141     70.50000000     95.79735170     35.43076655    255.73858990    300.00000000      1.00008666      0.04251854     -7.58996615     -0.04055051     -7.63051666      0.05559194      0.00106876      0.05544747      0.00926532 md_running
   142     71.00000000     96.05665567     35.42545765    256.10044838    300.00000000      1.00008596      0.04257870     -7.59001441     -0.04083495     -7.63084936      0.05388332      0.00107741      0.05372385      0.00898055 md_running
   143     71.50000000     96.31776380     35.42065718    256.60720546    300.00000000      1.00008498      0.04266295     -7.59008950     -0.04111855     -7.63120805      0.05289144      0.00108628      0.05272418      0.00881524 md_running
   144     72.00000000     96.57956740     35.41640994    257.24330480    300.00000000      1.00008365      0.04276871     -7.59018884     -0.04140132     -7.63159016      0.05269892      0.00109535      0.05253202      0.00878315 md_running
   145     72.50000000     96.83244200     35.41270026    257.88731767    300.00000000      1.00008213      0.04287578     -7.59029163     -0.04168332     -7.63197495      0.05338405      0.00110463      0.05322549      0.00889734 md_running
   146     73.00000000     97.08329827     35.40945209    258.34376691    300.00000000      1.00008079      0.04295167     -7.59036479     -0.04196463     -7.63232942      0.05499104      0.00111408      0.05484742      0.00916517 md_running
   147     73.50000000     97.33267115     35.40653456    258.40209478    300.00000000      1.00008013      0.04296137     -7.59037228     -0.04224537     -7.63261765      0.05747426      0.00112369      0.05734988      0.00957904 md_running
   148     74.00000000     97.58652223     35.40377224    257.90684134    300.00000000      1.00008058      0.04287903     -7.59028694     -0.04252566     -7.63281261      0.06064809      0.00113343      0.06054449      0.01010801 md_running
   149     74.50000000     97.85145758     35.40095950    256.81888990    300.00000000      1.00008237      0.04269815     -7.59010166     -0.04280565     -7.63290730      0.06418765      0.00114327      0.06410395      0.01069794 md_running
   150     75.00000000     98.09734963     35.39787733    255.23880163    300.00000000      1.00008548      0.04243544     -7.58983276     -0.04308545     -7.63291821      0.06768487      0.00115319      0.06761856      0.01128081 md_running
   151     75.50000000     98.33000933     35.39431127    253.38846078    300.00000000      1.00008954      0.04212781     -7.58951705     -0.04336520     -7.63288225      0.07071889      0.00116316      0.07066671      0.01178648 md_running
   152     76.00000000     98.57616241     35.39006814    251.55830156    300.00000000      1.00009397      0.04182353     -7.58920363     -0.04364498     -7.63284861      0.07292347      0.00117316      0.07288194      0.01215391 md_running
   153     76.50000000     98.83191363     35.38499111    250.03378329    300.00000000      1.00009806      0.04157007     -7.58894003     -0.04392489     -7.63286491      0.07403018      0.00118317      0.07399579      0.01233836 md_running
   154     77.00000000     99.08773311     35.37897186    249.02425571    300.00000000      1.00010117      0.04140223     -7.58876172     -0.04420495     -7.63296668      0.07389485      0.00119319      0.07386423      0.01231581 md_running
   155     77.50000000     99.34229673     35.37195900    248.61130566    300.00000000      1.00010289      0.04133357     -7.58868244     -0.04448521     -7.63316764      0.07251216      0.00120320      0.07248205      0.01208536 md_running
   156     78.00000000     99.59875863     35.36396263    248.73164539    300.00000000      1.00010319      0.04135358     -7.58869133     -0.04476563     -7.63345696      0.07001932      0.00121322      0.06998656      0.01166989 md_running
   157     78.50000000     99.85407536     35.35505432    249.19730235    300.00000000      1.00010237      0.04143100     -7.58875703     -0.04504620     -7.63380323      0.06669947      0.00122325      0.06666104      0.01111658 md_running
   158     79.00000000    100.11655969     35.34536326    249.74725268    300.00000000      1.00010102      0.04152243     -7.58883546     -0.04532685     -7.63416231      0.06296941      0.00123331      0.06292261      0.01049490 md_running
   159     79.50000000    100.37043166     35.33506821    250.11828466    300.00000000      1.00009981      0.04158412     -7.58888260     -0.04560752     -7.63449012      0.05935931      0.00124341      0.05930221      0.00989322 md_running
   160     80.00000000    100.62169725     35.32438602    250.11194683    300.00000000      1.00009931      0.04158306     -7.58886525     -0.04588812     -7.63475337      0.05644633      0.00125357      0.05637869      0.00940772 md_running
   161     80.50000000    100.87044726     35.31355700    249.64194099    300.00000000      1.00009987      0.04150492     -7.58876920     -0.04616856     -7.63493776      0.05471589      0.00126382      0.05464009      0.00911931 md_running
   162     81.00000000    101.12297215     35.30282794    248.75354308    300.00000000      1.00010155      0.04135722     -7.58860239     -0.04644878     -7.63505117      0.05438324      0.00127417      0.05430428      0.00906387 md_running
   163     81.50000000    101.37869491     35.29243341    247.60694932    300.00000000      1.00010411      0.04116659     -7.58839255     -0.04672870     -7.63512124      0.05529622      0.00128464      0.05522063      0.00921604 md_running
   164     82.00000000    101.63460944     35.28257698    246.42343815    300.00000000      1.00010707      0.04096982     -7.58817741     -0.04700827     -7.63518568      0.05700775      0.00129524      0.05694217      0.00950129 md_running
   165     82.50000000    101.88948833     35.27341392    245.41191630    300.00000000      1.00010986      0.04080165     -7.58799283     -0.04728749     -7.63528032      0.05897309      0.00130597      0.05892347      0.00982885 md_running
   166     83.00000000    102.14455826     35.26503719    244.69815444    300.00000000      1.00011204      0.04068298     -7.58786045     -0.04756636     -7.63542681      0.06073716      0.00131683      0.06070886      0.01012286 md_running
   167     83.50000000    102.39642353     35.25746811    244.28027764    300.00000000      1.00011342      0.04061350     -7.58777989     -0.04784490     -7.63562479      0.06204923      0.00132781      0.06204729      0.01034154 md_running
   168     84.00000000    102.65115164     35.25065319    244.02873087    300.00000000      1.00011418      0.04057168     -7.58772927     -0.04812318     -7.63585246      0.06287378      0.00133890      0.06290303      0.01047896 md_running
   169     84.50000000    102.91140326     35.24446756    243.73088336    300.00000000      1.00011476      0.04052216     -7.58767187     -0.04840127     -7.63607315      0.06335434      0.00135007      0.06341910      0.01055906 md_running
   170     85.00000000    103.17243875     35.23872475    243.16412529    300.00000000      1.00011575      0.04042793     -7.58756970     -0.04867926     -7.63624896      0.06373120      0.00136132      0.06383469      0.01062187 md_running
   171     85.50000000    103.40873262     35.23319151    242.17083225    300.00000000      1.00011767      0.04026279     -7.58739548     -0.04895723     -7.63635271      0.06423866      0.00137261      0.06438234      0.01070644 md_running
   172     86.00000000    103.65504204     35.22760610    240.71326005    300.00000000      1.00012082      0.04002046     -7.58714221     -0.04923528     -7.63637748      0.06502024      0.00138393      0.06520342      0.01083671 md_running
   173     86.50000000    103.90570861     35.22169836    238.88913025    300.00000000      1.00012515      0.03971718     -7.58682569     -0.04951347     -7.63633915      0.06608905      0.00139526      0.06630912      0.01101484 md_running
   174     87.00000000    104.15395629     35.21520955    236.90492836    300.00000000      1.00013027      0.03938729     -7.58648048     -0.04979186     -7.63627235      0.06733901      0.00140658      0.06759209      0.01122317 md_running
   175     87.50000000    104.40807383     35.20791069    235.01879162    300.00000000      1.00013557      0.03907371     -7.58614981     -0.05007051     -7.63622032      0.06860279      0.00141790      0.06888449      0.01143380 md_running
   176     88.00000000    104.66608611     35.19961804    233.46892994    300.00000000      1.00014034      0.03881603     -7.58587375     -0.05034943     -7.63622318      0.06971823      0.00142921      0.07002418      0.01161971 md_running
   177     88.50000000    104.92262421     35.19020479    232.40986602    300.00000000      1.00014398      0.03863995     -7.58567827     -0.05062861     -7.63630688      0.07058348      0.00144051      0.07090950      0.01176391 md_running
   178     89.00000000    105.17245222     35.17960846    231.87486519    300.00000000      1.00014617      0.03855101     -7.58556880     -0.05090804     -7.63647685      0.07118192      0.00145182      0.07152389      0.01186365 md_running
   179     89.50000000    105.42584238     35.16783410    231.77243630    300.00000000      1.00014699      0.03853398     -7.58552989     -0.05118768     -7.63671757      0.07158799      0.00146316      0.07194159      0.01193133 md_running
   180     90.00000000    105.67340949     35.15495304    231.91650990    300.00000000      1.00014682      0.03855793     -7.58553035     -0.05146746     -7.63699781      0.07194283      0.00147453      0.07230335      0.01199047 md_running
   181     90.50000000    105.91899571     35.14109740    232.08268723    300.00000000      1.00014627      0.03858556     -7.58553244     -0.05174732     -7.63727975      0.07241439      0.00148598      0.07277679      0.01206906 md_running
   182     91.00000000    106.16510090     35.12645034    232.07568690    300.00000000      1.00014597      0.03858439     -7.58550329     -0.05202719     -7.63753048      0.07313564      0.00149751      0.07349495      0.01218927 md_running
   183     91.50000000    106.41306847     35.11123259    231.79042163    300.00000000      1.00014635      0.03853697     -7.58542549     -0.05230699     -7.63773249      0.07414590      0.00150914      0.07449792      0.01235765 md_running
   184     92.00000000    106.66642836     35.09568565    231.24899425    300.00000000      1.00014755      0.03844695     -7.58530300     -0.05258667     -7.63788967      0.07534967      0.00152091      0.07569176      0.01255828 md_running
   185     92.50000000    106.92439235     35.08005259    230.60035908    300.00000000      1.00014933      0.03833911     -7.58516155     -0.05286617     -7.63802772      0.07651502      0.00153281      0.07684663      0.01275250 md_running
   186     93.00000000    107.18463670     35.06455763    230.07945779    300.00000000      1.00015112      0.03825251     -7.58504124     -0.05314546     -7.63818670      0.07731373      0.00154486      0.07763647      0.01288562 md_running
   187     93.50000000    107.44452165     35.04938643    229.93567364    300.00000000      1.00015218      0.03822860     -7.58498504     -0.05342453     -7.63840957      0.07739595      0.00155706      0.07771329      0.01289932 md_running
   188     94.00000000    107.69470372     35.03466859    230.35090006    300.00000000      1.00015187      0.03829764     -7.58502388     -0.05370338     -7.63872726      0.07647508      0.00156940      0.07679195      0.01274585 md_running
   189     94.50000000    107.92668423     35.02046451    231.37353937    300.00000000      1.00014982      0.03846766     -7.58516641     -0.05398205     -7.63914846      0.07439976      0.00158187      0.07472206      0.01239996 md_running
   190     95.00000000    108.17413513     35.00675777    232.89299631    300.00000000      1.00014616      0.03872028     -7.58539407     -0.05426059     -7.63965466      0.07120770      0.00159445      0.07154178      0.01186795 md_running
   191     95.50000000    108.43370301     34.99345454    234.66549436    300.00000000      1.00014146      0.03901497     -7.58566536     -0.05453907     -7.64020443      0.06714469      0.00160711      0.06749661      0.01119078 md_running
   192     96.00000000    108.69002022     34.98039013    236.38404266    300.00000000      1.00013654      0.03930069     -7.58592785     -0.05481756     -7.64074541      0.06265532      0.00161983      0.06302959      0.01044255 md_running
   193     96.50000000    108.93660556     34.96734217    237.76826276    300.00000000      1.00013226      0.03953083     -7.58613374     -0.05509613     -7.64122988      0.05833403      0.00163259      0.05873161      0.00972234 md_running
   194     97.00000000    109.17959121     34.95404868    238.64327708    300.00000000      1.00012921      0.03967631     -7.58625278     -0.05537488     -7.64162766      0.05482743      0.00164536      0.05524322      0.00913791 md_running
   195     97.50000000    109.42991178     34.94022885    238.98460649    300.00000000      1.00012763      0.03973306     -7.58628021     -0.05565386     -7.64193406      0.05268035      0.00165813      0.05310189      0.00878006 md_running
   196     98.00000000    109.69078469     34.92560490    238.91803664    300.00000000      1.00012737      0.03972199     -7.58623690     -0.05593312     -7.64217002      0.05216477      0.00167087      0.05257466      0.00869413 md_running
   197     98.50000000    109.94553218     34.90992275    238.67754618    300.00000000      1.00012790      0.03968201     -7.58616174     -0.05621271     -7.64237445      0.05318615      0.00168360      0.05356764      0.00886436 md_running
   198     99.00000000    110.19737250     34.89297014    238.53860201    300.00000000      1.00012854      0.03965890     -7.58610106     -0.05649265     -7.64259371      0.05536513      0.00169629      0.05570695      0.00922752 md_running
   199     99.50000000    110.45246499     34.87459110    238.74685356    300.00000000      1.00012855      0.03969353     -7.58609575     -0.05677294     -7.64286869      0.05822460      0.00170896      0.05852174      0.00970410 md_running
   200    100.00000000    110.71213361     34.85469624    239.46052880    300.00000000      1.00012739      0.03981218     -7.58617255     -0.05705358     -7.64322613      0.06134185      0.00172161      0.06159381      0.01022364 max_step
