  step         time_fs     wall_time_s        rti_dist          temp_K          kin_Ha     pot_real_Ha     pot_rtip_Ha    pot_total_Ha          f_real          f_bias         f_total      rms_f_real bias_used next_add_bias  stopped state_decision
     1      0.50000000     40.71217835     33.54539802             nan             nan     -7.59902516     -0.00028514     -7.59931031      0.05569722      0.00000937      0.05569590      0.00928287         1             1        0 bias_on
     2      1.00000000     41.64942460     33.55249573             nan             nan     -7.60049372     -0.00057028     -7.60106400      0.04365338      0.00001873      0.04365200      0.00727556         1             1        0 bias_on
     3      1.50000000     42.52975469     33.55503637             nan             nan     -7.60127672     -0.00085542     -7.60213213      0.03803838      0.00002809      0.03803375      0.00633973         1             1        0 bias_on
     4      2.00000000     43.38981570     33.56080650             nan             nan     -7.60185218     -0.00114055     -7.60299273      0.04094863      0.00003745      0.04094507      0.00682477         1             1        0 bias_on
     5      2.50000000     47.97021948     33.56318962             nan             nan     -7.60239311     -0.00142568     -7.60381879      0.03002281      0.00004681      0.03001477      0.00500380         1             1        0 bias_on
     6      3.00000000     48.87369314     33.56749603             nan             nan     -7.60280743     -0.00171081     -7.60451824      0.03346711      0.00005617      0.03345897      0.00557785         1             1        0 bias_on
     7      3.50000000     49.76933905     33.57117017             nan             nan     -7.60314197     -0.00199593     -7.60513790      0.03591022      0.00006552      0.03590209      0.00598504         1             1        0 bias_on
     8      4.00000000     50.63644692     33.57424970             nan             nan     -7.60344594     -0.00228106     -7.60572699      0.03629375      0.00007488      0.03628326      0.00604896         1             1        0 bias_on
     9      4.50000000     51.34116817     33.57781905             nan             nan     -7.60372330     -0.00256618     -7.60628948      0.03647087      0.00008422      0.03646174      0.00607848         1             1        0 bias_on
    10      5.00000000     52.36531124     33.57946683             nan             nan     -7.60404680     -0.00285131     -7.60689811      0.02032544      0.00009358      0.02030416      0.00338757         1             1        0 bias_on
    11      5.50000000     53.23361283     33.59094372             nan             nan     -7.60450760     -0.00313640     -7.60764400      0.05040620      0.00010290      0.05039984      0.00840103         1             1        0 bias_on
    12      6.00000000     53.96984968     33.59242830             nan             nan     -7.60496499     -0.00342152     -7.60838650      0.02712024      0.00011225      0.02710134      0.00452004         1             1        0 bias_on
    13      6.50000000     54.69741456     33.59506793             nan             nan     -7.60516345     -0.00370664     -7.60887009      0.02149323      0.00012159      0.02147247      0.00358221         1             1        0 bias_on
    14      7.00000000     55.43792649     33.59767713             nan             nan     -7.60533584     -0.00399175     -7.60932759      0.02232457      0.00013094      0.02229938      0.00372076         1             1        0 bias_on
    15      7.50000000     56.18294997     33.60067800             nan             nan     -7.60549676     -0.00427686     -7.60977362      0.02243334      0.00014027      0.02241167      0.00373889         1             1        0 bias_on
    16      8.00000000     56.91429213     33.60302641             nan             nan     -7.60564840     -0.00456197     -7.61021038      0.02246407      0.00014961      0.02243636      0.00374401         1             1        0 bias_on
    17      8.50000000     57.65618483     33.60591247             nan             nan     -7.60579167     -0.00484709     -7.61063875      0.02248178      0.00015894      0.02245844      0.00374696         1             1        0 bias_on
    18      9.00000000     58.71343955     33.60728454             nan             nan     -7.60592925     -0.00513220     -7.61106145      0.01437580      0.00016829      0.01433191      0.00239597         1             1        0 bias_on
    19      9.50000000     59.43724083     33.62031712             nan             nan     -7.60628394     -0.00541726     -7.61170120      0.04191059      0.00017755      0.04190019      0.00698510         1             1        0 bias_on
    20     10.00000000     60.48797929     33.62116982             nan             nan     -7.60662520     -0.00570236     -7.61232756      0.01228606      0.00018690      0.01223490      0.00204768         1             1        0 bias_on
    21     10.50000000     61.19539507     33.63480003             nan             nan     -7.60696396     -0.00598741     -7.61295137      0.03687955      0.00019614      0.03686759      0.00614659         1             1        0 bias_on
    22     11.00000000     61.90606574     33.63568462             nan             nan     -7.60722328     -0.00627252     -7.61349580      0.01304687      0.00020548      0.01299744      0.00217448         1             1        0 bias_on
    23     11.50000000     62.62597850     33.63796825             nan             nan     -7.60729977     -0.00655762     -7.61385739      0.01365833      0.00021480      0.01361588      0.00227639         1             1        0 bias_on
    24     12.00000000     68.16564647     33.63980319             nan             nan     -7.60737188     -0.00684272     -7.61421460      0.01385462      0.00022413      0.01380481      0.00230910         1             1        0 bias_on
    25     12.50000000     68.91243003     33.64190851             nan             nan     -7.60744116     -0.00712783     -7.61456898      0.01387834      0.00023344      0.01383477      0.00231306         1             1        0 bias_on
    26     13.00000000     69.61723003     33.64363150             nan             nan     -7.60750798     -0.00741292     -7.61492090      0.01389711      0.00024277      0.01384474      0.00231618         1             1        0 bias_on
    27     13.50000000     70.36502662     33.64566858             nan             nan     -7.60757259     -0.00769803     -7.61527062      0.01389814      0.00025208      0.01385287      0.00231636         1             1        0 bias_on
    28     14.00000000     71.11484164     33.64731616             nan             nan     -7.60763494     -0.00798312     -7.61561807      0.01391397      0.00026141      0.01385912      0.00231899         1             1        0 bias_on
    29     14.50000000     71.83665288     33.64929065             nan             nan     -7.60769531     -0.00826823     -7.61596353      0.01391179      0.00027072      0.01386497      0.00231863         1             1        0 bias_on
    30     15.00000000     72.58873284     33.65086731             nan             nan     -7.60775371     -0.00855332     -7.61630703      0.01392708      0.00028004      0.01386989      0.00232118         1             1        0 bias_on
    31     15.50000000     73.34271987     33.65278183             nan             nan     -7.60781035     -0.00883843     -7.61664878      0.01392275      0.00028935      0.01387452      0.00232046         1             1        0 bias_on
    32     16.00000000     74.09354933     33.65429120             nan             nan     -7.60786508     -0.00912352     -7.61698860      0.01393741      0.00029867      0.01387802      0.00232290         1             1        0 bias_on
    33     16.50000000     74.83124215     33.65614816             nan             nan     -7.60791833     -0.00940862     -7.61732695      0.01393084      0.00030798      0.01388133      0.00232181         1             1        0 bias_on
    34     17.00000000     75.58533413     33.65759349             nan             nan     -7.60796985     -0.00969371     -7.61766357      0.01394473      0.00031730      0.01388326      0.00232412         1             1        0 bias_on
    35     17.50000000     76.31897985     33.65939511             nan             nan     -7.60802003     -0.00997882     -7.61799885      0.01393652      0.00032660      0.01388586      0.00232275         1             1        0 bias_on
    36     18.00000000     77.05452942     33.66077930             nan             nan     -7.60806860     -0.01026391     -7.61833251      0.01395134      0.00033592      0.01388791      0.00232522         1             1        0 bias_on
    37     18.50000000     77.79922284     33.66252741             nan             nan     -7.60811592     -0.01054901     -7.61866493      0.01394188      0.00034523      0.01389020      0.00232365         1             1        0 bias_on
    38     19.00000000     78.51870105     33.66385271             nan             nan     -7.60816180     -0.01083410     -7.61899590      0.01395650      0.00035454      0.01389123      0.00232608         1             1        0 bias_on
    39     19.50000000     79.26682894     33.66554897             nan             nan     -7.60820662     -0.01111920     -7.61932582      0.01394549      0.00036385      0.01389290      0.00232425         1             1        0 bias_on
    40     20.00000000     79.99868439     33.66681767             nan             nan     -7.60825000     -0.01140429     -7.61965429      0.01396093      0.00037316      0.01389394      0.00232682         1             1        0 bias_on
    41     20.50000000     80.74967394     33.66846368             nan             nan     -7.60829240     -0.01168939     -7.61998179      0.01394921      0.00038246      0.01389581      0.00232487         1             1        0 bias_on
    42     21.00000000     81.49115085     33.66967789             nan             nan     -7.60833359     -0.01197448     -7.62030807      0.01396474      0.00039178      0.01389613      0.00232746         1             1        0 bias_on
    43     21.50000000     82.22706808     33.67127520             nan             nan     -7.60837389     -0.01225958     -7.62063347      0.01395126      0.00040108      0.01389716      0.00232521         1             1        0 bias_on
    44     22.00000000     82.97616478     33.67243695             nan             nan     -7.60841298     -0.01254467     -7.62095765      0.01396800      0.00041039      0.01389786      0.00232800         1             1        0 bias_on
    45     22.50000000     83.70518348     33.67398713             nan             nan     -7.60845118     -0.01282977     -7.62128095      0.01395343      0.00041969      0.01389872      0.00232557         1             1        0 bias_on
    46     23.00000000     84.41942229     33.67509828             nan             nan     -7.60848834     -0.01311486     -7.62160320      0.01396986      0.00042900      0.01389828      0.00232831         1             1        0 bias_on
    47     23.50000000     85.17842909     33.67660298             nan             nan     -7.60852483     -0.01339996     -7.62192479      0.01395500      0.00043830      0.01389977      0.00232583         1             1        0 bias_on
    48     24.00000000     85.90985569     33.67766544             nan             nan     -7.60856019     -0.01368504     -7.62224523      0.01397303      0.00044761      0.01390011      0.00232884         1             1        0 bias_on
    49     24.50000000     86.63702412     33.67912595             nan             nan     -7.60859500     -0.01397014     -7.62256515      0.01395638      0.00045690      0.01390070      0.00232606         1             1        0 bias_on
    50     25.00000000     87.37172702     33.68014150             nan             nan     -7.60862874     -0.01425523     -7.62288397      0.01397483      0.00046622      0.01390062      0.00232914         1             1        0 bias_on
    51     25.50000000     88.10817560     33.68155946             nan             nan     -7.60866189     -0.01454033     -7.62320223      0.01395800      0.00047551      0.01390195      0.00232633         1             1        0 bias_on
    52     26.00000000     88.84189408     33.68252966             nan             nan     -7.60869417     -0.01482542     -7.62351959      0.01397664      0.00048482      0.01390121      0.00232944         1             1        0 bias_on
    53     26.50000000     89.55370639     33.68390642             nan             nan     -7.60872587     -0.01511052     -7.62383638      0.01395885      0.00049411      0.01390250      0.00232648         1             1        0 bias_on
    54     27.00000000     90.29971821     33.68483291             nan             nan     -7.60875666     -0.01539560     -7.62415226      0.01397825      0.00050343      0.01390167      0.00232971         1             1        0 bias_on
    55     27.50000000     91.04289796     33.68616987             nan             nan     -7.60878715     -0.01568070     -7.62446785      0.01395937      0.00051272      0.01390277      0.00232656         1             1        0 bias_on
    56     28.00000000     91.78129098     33.68705422             nan             nan     -7.60881663     -0.01596579     -7.62478241      0.01398072      0.00052203      0.01390305      0.00233012         1             1        0 bias_on
    57     28.50000000     92.51683687     33.68835258             nan             nan     -7.60884580     -0.01625089     -7.62509669      0.01396100      0.00053132      0.01390421      0.00232683         1             1        0 bias_on
    58     29.00000000     93.25365149     33.68919624             nan             nan     -7.60887415     -0.01653597     -7.62541012      0.01398173      0.00054063      0.01390302      0.00233029         1             1        0 bias_on
    59     29.50000000     94.00523699     33.69045735             nan             nan     -7.60890211     -0.01682107     -7.62572318      0.01396096      0.00054992      0.01390403      0.00232683         1             1        0 bias_on
    60     30.00000000     94.72995256     33.69126176             nan             nan     -7.60892931     -0.01710616     -7.62603547      0.01398349      0.00055923      0.01390380      0.00233058         1             1        0 bias_on
    61     30.50000000     95.46207608     33.69248658             nan             nan     -7.60895616     -0.01739126     -7.62634742      0.01396180      0.00056852      0.01390480      0.00232697         1             1        0 bias_on
    62     31.00000000     96.19492054     33.69325276             nan             nan     -7.60898235     -0.01767634     -7.62665869      0.01398450      0.00057783      0.01390387      0.00233075         1             1        0 bias_on
    63     31.50000000     96.93765572     33.69444228             nan             nan     -7.60900815     -0.01796144     -7.62696960      0.01396189      0.00058711      0.01390486      0.00232698         1             1        0 bias_on
    64     32.00000000     97.64877969     33.69517150             nan             nan     -7.60903333     -0.01824652     -7.62727985      0.01398568      0.00059643      0.01390417      0.00233095         1             1        0 bias_on
    65     32.50000000     98.38520308     33.69632681             nan             nan     -7.60905820     -0.01853163     -7.62758982      0.01396199      0.00060571      0.01390497      0.00232700         1             1        0 bias_on
    66     33.00000000     99.10554356     33.69702029             nan             nan     -7.60908248     -0.01881671     -7.62789919      0.01398663      0.00061502      0.01390428      0.00233111         1             1        0 bias_on
    67     33.50000000     99.82447953     33.69814249             nan             nan     -7.60910648     -0.01910181     -7.62820830      0.01396289      0.00062431      0.01390592      0.00232715         1             1        0 bias_on
    68     34.00000000    100.55153473     33.69880147             nan             nan     -7.60912985     -0.01938689     -7.62851674      0.01398761      0.00063362      0.01390444      0.00233127         1             1        0 bias_on
    69     34.50000000    101.28442192     33.69989161             nan             nan     -7.60915301     -0.01967200     -7.62882500      0.01396229      0.00064290      0.01390539      0.00232705         1             1        0 bias_on
    70     35.00000000    102.03599359     33.70051728             nan             nan     -7.60917565     -0.01995708     -7.62913273      0.01398837      0.00065222      0.01390442      0.00233140         1             1        0 bias_on
    71     35.50000000    102.75951196     33.70157637             nan             nan     -7.60919807     -0.02024218     -7.62944026      0.01396262      0.00066150      0.01390583      0.00232710         1             1        0 bias_on
    72     36.00000000    108.46942519     33.70216963             nan             nan     -7.60921980     -0.02052726     -7.62974707      0.01398908      0.00067081      0.01390438      0.00233151         1             1        0 bias_on
    73     36.50000000    109.23277124     33.70319853             nan             nan     -7.60924155     -0.02081237     -7.63005391      0.01396256      0.00068009      0.01390592      0.00232709         1             1        0 bias_on
    74     37.00000000    109.98774548     33.70376028             nan             nan     -7.60926263     -0.02109745     -7.63036008      0.01399031      0.00068941      0.01390489      0.00233172         1             1        0 bias_on
    75     37.50000000    110.74210351     33.70475975             nan             nan     -7.60928356     -0.02138255     -7.63066611      0.01396255      0.00069869      0.01390609      0.00232709         1             1        0 bias_on
    76     38.00000000    111.50558964     33.70529085             nan             nan     -7.60930398     -0.02166763     -7.63097162      0.01399164      0.00070800      0.01390556      0.00233194         1             1        0 bias_on
    77     38.50000000    112.26614101     33.70626148             nan             nan     -7.60932441     -0.02195274     -7.63127715      0.01396283      0.00071728      0.01390660      0.00232714         1             1        0 bias_on
    78     39.00000000    113.01995772     33.70676260             nan             nan     -7.60934415     -0.02223782     -7.63158196      0.01399152      0.00072660      0.01390479      0.00233192         1             1        0 bias_on
    79     39.50000000    113.77084549     33.70770512             nan             nan     -7.60936389     -0.02252292     -7.63188681      0.01396323      0.00073587      0.01390725      0.00232720         1             1        0 bias_on
    80     40.00000000    114.52616554     33.70817691             nan             nan     -7.60938309     -0.02280801     -7.63219109      0.01399331      0.00074519      0.01390598      0.00233222         1             1        0 bias_on
    81     40.50000000    115.28019376     33.70909187             nan             nan     -7.60940226     -0.02309311     -7.63249537      0.01396265      0.00075447      0.01390697      0.00232711         1             1        0 bias_on
    82     41.00000000    116.03628334     33.70953503             nan             nan     -7.60942082     -0.02337819     -7.63279902      0.01399412      0.00076379      0.01390622      0.00233235         1             1        0 bias_on
    83     41.50000000    116.78840933     33.71042299             nan             nan     -7.60943934     -0.02366330     -7.63310264      0.01396335      0.00077306      0.01390802      0.00232723         1             1        0 bias_on
    84     42.00000000    117.54883172     33.71083801             nan             nan     -7.60945746     -0.02394838     -7.63340584      0.01399515      0.00078238      0.01390672      0.00233252         1             1        0 bias_on
    85     42.50000000    118.30360651     33.71169952             nan             nan     -7.60947553     -0.02423349     -7.63370902      0.01396277      0.00079166      0.01390781      0.00232713         1             1        0 bias_on
    86     43.00000000    119.05698628     33.71208693             nan             nan     -7.60949305     -0.02451857     -7.63401162      0.01399548      0.00080098      0.01390655      0.00233258         1             1        0 bias_on
    87     43.50000000    119.81559705     33.71292245             nan             nan     -7.60951057     -0.02480368     -7.63431425      0.01396331      0.00081025      0.01390878      0.00232722         1             1        0 bias_on
    88     44.00000000    120.57430734     33.71328271             nan             nan     -7.60952763     -0.02508876     -7.63461639      0.01399616      0.00081957      0.01390678      0.00233269         1             1        0 bias_on
    89     44.50000000    121.30163619     33.71409262             nan             nan     -7.60954471     -0.02537386     -7.63491857      0.01396272      0.00082885      0.01390863      0.00232712         1             1        0 bias_on
    90     45.00000000    122.06245073     33.71442625             nan             nan     -7.60956129     -0.02565894     -7.63522023      0.01399705      0.00083817      0.01390726      0.00233284         1             1        0 bias_on
    91     45.50000000    122.80816135     33.71521090             nan             nan     -7.60957787     -0.02594405     -7.63552192      0.01396291      0.00084745      0.01390932      0.00232715         1             1        0 bias_on
    92     46.00000000    123.56535701     33.71551823             nan             nan     -7.60959391     -0.02622913     -7.63582305      0.01399788      0.00085677      0.01390770      0.00233298         1             1        0 bias_on
    93     46.50000000    124.30066678     33.71627807             nan             nan     -7.60961010     -0.02651424     -7.63612434      0.01396210      0.00086604      0.01390905      0.00232702         1             1        0 bias_on
    94     47.00000000    125.06455248     33.71655951             nan             nan     -7.60962573     -0.02679932     -7.63642505      0.01399918      0.00087536      0.01390866      0.00233320         1             1        0 bias_on
    95     47.50000000    125.80660040     33.71729486             nan             nan     -7.60964158     -0.02708443     -7.63672601      0.01396296      0.00088464      0.01391048      0.00232716         1             1        0 bias_on
    96     48.00000000    126.56539751     33.71755081             nan             nan     -7.60965674     -0.02736951     -7.63702626      0.01399939      0.00089396      0.01390855      0.00233323         1             1        0 bias_on
    97     48.50000000    127.31972500     33.71826212             nan             nan     -7.60967213     -0.02765463     -7.63732675      0.01396248      0.00090324      0.01391060      0.00232708         1             1        0 bias_on
    98     49.00000000    128.07625822     33.71849311             nan             nan     -7.60968691     -0.02793971     -7.63762662      0.01399959      0.00091256      0.01390846      0.00233326         1             1        0 bias_on
    99     49.50000000    128.83603359     33.71918074             nan             nan     -7.60970186     -0.02822482     -7.63792668      0.01396207      0.00092184      0.01391082      0.00232701         1             1        0 bias_on
   100     50.00000000    129.59420290     33.71938712             nan             nan     -7.60971629     -0.02850990     -7.63822619      0.01400073      0.00093117      0.01390934      0.00233345         1             1        0 bias_on
   101     50.50000000    130.35363924     33.72005147             nan             nan     -7.60973093     -0.02879501     -7.63852594      0.01396151      0.00094044      0.01391092      0.00232692         1             1        0 bias_on
   102     51.00000000    131.10433093     33.72023365             nan             nan     -7.60974502     -0.02908009     -7.63882511      0.01400111      0.00094977      0.01390948      0.00233352         1             1        0 bias_on
   103     51.50000000    131.87130950     33.72087514             nan             nan     -7.60975930     -0.02936520     -7.63912451      0.01396106      0.00095905      0.01391115      0.00232684         1             1        0 bias_on
   104     52.00000000    132.62873386     33.72103352             nan             nan     -7.60977304     -0.02965028     -7.63942332      0.01400125      0.00096837      0.01390941      0.00233354         1             1        0 bias_on
   105     52.50000000    133.38925910     33.72165254             nan             nan     -7.60978692     -0.02993540     -7.63972232      0.01396147      0.00097765      0.01391226      0.00232691         1             1        0 bias_on
   106     53.00000000    134.15012970     33.72178763             nan             nan     -7.60980029     -0.03022048     -7.64002077      0.01400213      0.00098698      0.01391009      0.00233369         1             1        0 bias_on
   107     53.50000000    134.91295934     33.72238459             nan             nan     -7.60981387     -0.03050559     -7.64031947      0.01396093      0.00099626      0.01391245      0.00232682         1             1        0 bias_on
   108     54.00000000    135.66017771     33.72249678             nan             nan     -7.60982699     -0.03079067     -7.64061766      0.01400234      0.00100559      0.01391013      0.00233372         1             1        0 bias_on
   109     54.50000000    136.40002898     33.72307199             nan             nan     -7.60984032     -0.03107579     -7.64091611      0.01396010      0.00101487      0.01391236      0.00232668         1             1        0 bias_on
   110     55.00000000    137.14147425     33.72316164             nan             nan     -7.60985307     -0.03136087     -7.64121394      0.01400373      0.00102420      0.01391137      0.00233396         1             1        0 bias_on
   111     55.50000000    137.89468364     33.72371541             nan             nan     -7.60986602     -0.03164599     -7.64151201      0.01396040      0.00103347      0.01391343      0.00232673         1             1        0 bias_on
   112     56.00000000    138.64880109     33.72378284             nan             nan     -7.60987848     -0.03193107     -7.64180955      0.01400371      0.00104281      0.01391122      0.00233395         1             1        0 bias_on
   113     56.50000000    139.40684115     33.72431549             nan             nan     -7.60989125     -0.03221618     -7.64210743      0.01395962      0.00105209      0.01391344      0.00232660         1             1        0 bias_on
   114     57.00000000    140.17668474     33.72436107             nan             nan     -7.60990340     -0.03250126     -7.64240466      0.01400391      0.00106142      0.01391130      0.00233398         1             1        0 bias_on
   115     57.50000000    140.92997142     33.72487294             nan             nan     -7.60991587     -0.03278638     -7.64270225      0.01395902      0.00107070      0.01391365      0.00232650         1             1        0 bias_on
   116     58.00000000    141.68158973     33.72489697             nan             nan     -7.60992777     -0.03307146     -7.64299924      0.01400429      0.00108004      0.01391160      0.00233405         1             1        0 bias_on
   117     58.50000000    142.41926570     33.72538833             nan             nan     -7.60994001     -0.03335658     -7.64329659      0.01395881      0.00108932      0.01391429      0.00232647         1             1        0 bias_on
   118     59.00000000    143.17906441     33.72539111             nan             nan     -7.60995169     -0.03364166     -7.64359336      0.01400452      0.00109865      0.01391177      0.00233409         1             1        0 bias_on
   119     59.50000000    143.93670142     33.72586215             nan             nan     -7.60996370     -0.03392678     -7.64389048      0.01395843      0.00110793      0.01391476      0.00232641         1             1        0 bias_on
   120     60.00000000    144.69690982     33.72584400             nan             nan     -7.60997511     -0.03421186     -7.64418697      0.01400491      0.00111727      0.01391212      0.00233415         1             1        0 bias_on
   121     60.50000000    145.44704427     33.72629502             nan             nan     -7.60998679     -0.03449698     -7.64448378      0.01395761      0.00112655      0.01391483      0.00232627         1             1        0 bias_on
   122     61.00000000    146.16340295     33.72625614             nan             nan     -7.60999801     -0.03478206     -7.64478007      0.01400533      0.00113590      0.01391252      0.00233422         1             1        0 bias_on
   123     61.50000000    146.89216822     33.72668739             nan             nan     -7.61000951     -0.03506718     -7.64507669      0.01395705      0.00114518      0.01391517      0.00232618         1             1        0 bias_on
   124     62.00000000    147.65024296     33.72662808             nan             nan     -7.61002047     -0.03535226     -7.64537273      0.01400579      0.00115452      0.01391299      0.00233430         1             1        0 bias_on
   125     62.50000000    148.41431553     33.72703974             nan             nan     -7.61003166     -0.03563739     -7.64566905      0.01395647      0.00116380      0.01391551      0.00232608         1             1        0 bias_on
   126     63.00000000    149.15706018     33.72696023             nan             nan     -7.61004240     -0.03592247     -7.64596487      0.01400598      0.00117315      0.01391320      0.00233433         1             1        0 bias_on
   127     63.50000000    149.90475250     33.72735258             nan             nan     -7.61005352     -0.03620759     -7.64626111      0.01395551      0.00118243      0.01391550      0.00232592         1             1        0 bias_on
   128     64.00000000    150.66800942     33.72725312             nan             nan     -7.61006403     -0.03649267     -7.64655670      0.01400672      0.00119178      0.01391398      0.00233445         1             1        0 bias_on
   129     64.50000000    151.42260876     33.72762631             nan             nan     -7.61007489     -0.03677779     -7.64685269      0.01395544      0.00120106      0.01391640      0.00232591         1             1        0 bias_on
   130     65.00000000    152.18385331     33.72750710             nan             nan     -7.61008513     -0.03706287     -7.64714801      0.01400672      0.00121041      0.01391404      0.00233445         1             1        0 bias_on
   131     65.50000000    152.97956701     33.72786139             nan             nan     -7.61009588     -0.03734800     -7.64744388      0.01395496      0.00121969      0.01391691      0.00232583         1             1        0 bias_on
   132     66.00000000    160.07075408     33.72772273             nan             nan     -7.61010593     -0.03763308     -7.64773901      0.01400659      0.00122905      0.01391399      0.00233443         1             1        0 bias_on
   133     66.50000000    160.83759294     33.72805831             nan             nan     -7.61011639     -0.03791820     -7.64803459      0.01395365      0.00123833      0.01391660      0.00232561         1             1        0 bias_on
   134     67.00000000    161.61987288     33.72790042             nan             nan     -7.61012634     -0.03820329     -7.64832963      0.01400702      0.00124768      0.01391453      0.00233450         1             1        0 bias_on
   135     67.50000000    162.41038882     33.72821751             nan             nan     -7.61013658     -0.03848841     -7.64862499      0.01395331      0.00125697      0.01391728      0.00232555         1             1        0 bias_on
   136     68.00000000    163.17740747     33.72804064             nan             nan     -7.61014636     -0.03877349     -7.64891985      0.01400657      0.00126633      0.01391418      0.00233443         1             1        0 bias_on
   137     68.50000000    163.93106316     33.72833953             nan             nan     -7.61015644     -0.03905862     -7.64921506      0.01395228      0.00127561      0.01391728      0.00232538         1             1        0 bias_on
   138     69.00000000    164.69629895     33.72814391             nan             nan     -7.61016592     -0.03934370     -7.64950962      0.01400663      0.00128497      0.01391436      0.00233444         1             1        0 bias_on
   139     69.50000000    165.47688430     33.72842478             nan             nan     -7.61017596     -0.03962883     -7.64980479      0.01395183      0.00129426      0.01391787      0.00232531         1             1        0 bias_on
   140     70.00000000    166.25513150     33.72821067             nan             nan     -7.61018531     -0.03991391     -7.65009922      0.01400693      0.00130362      0.01391480      0.00233449         1             1        0 bias_on
   141     70.50000000    167.02312189     33.72847373             nan             nan     -7.61019509     -0.04019904     -7.65039412      0.01395056      0.00131291      0.01391766      0.00232509         1             1        0 bias_on
   142     71.00000000    167.78391092     33.72824130             nan             nan     -7.61020428     -0.04048412     -7.65068840      0.01400684      0.00132227      0.01391486      0.00233447         1             1        0 bias_on
   143     71.50000000    168.54921483     33.72848676             nan             nan     -7.61021391     -0.04076925     -7.65098315      0.01395001      0.00133156      0.01391818      0.00232500         1             1        0 bias_on
   144     72.00000000    169.32843241     33.72823631             nan             nan     -7.61022288     -0.04105433     -7.65127721      0.01400703      0.00134093      0.01391521      0.00233450         1             1        0 bias_on
   145     72.50000000    170.09820387     33.72846438             nan             nan     -7.61023242     -0.04133946     -7.65157187      0.01394896      0.00135022      0.01391822      0.00232483         1             1        0 bias_on
   146     73.00000000    170.87638675     33.72819603             nan             nan     -7.61024129     -0.04162454     -7.65186583      0.01400678      0.00135958      0.01391514      0.00233446         1             1        0 bias_on
   147     73.50000000    171.65720968     33.72840690             nan             nan     -7.61025058     -0.04190967     -7.65216025      0.01394755      0.00136888      0.01391789      0.00232459         1             1        0 bias_on
   148     74.00000000    172.43345246     33.72812098             nan             nan     -7.61025933     -0.04219475     -7.65245408      0.01400685      0.00137825      0.01391539      0.00233447         1             1        0 bias_on
   149     74.50000000    173.20862427     33.72831487             nan             nan     -7.61026849     -0.04247988     -7.65274837      0.01394737      0.00138754      0.01391882      0.00232456         1             1        0 bias_on
   150     75.00000000    173.97587323     33.72801152             nan             nan     -7.61027709     -0.04276496     -7.65304205      0.01400661      0.00139691      0.01391534      0.00233444         1             1        0 bias_on
   151     75.50000000    174.75151173     33.72818859             nan             nan     -7.61028621     -0.04305009     -7.65333630      0.01394640      0.00140621      0.01391898      0.00232440         1             1        0 bias_on
   152     76.00000000    175.52238276     33.72786801             nan             nan     -7.61029457     -0.04333517     -7.65362974      0.01400680      0.00141558      0.01391574      0.00233447         1             1        0 bias_on
   153     76.50000000    176.30791796     33.72802846             nan             nan     -7.61030347     -0.04362031     -7.65392378      0.01394485      0.00142488      0.01391855      0.00232414         1             1        0 bias_on
   154     77.00000000    177.09000967     33.72769083             nan             nan     -7.61031175     -0.04390539     -7.65421714      0.01400662      0.00143426      0.01391577      0.00233444         1             1        0 bias_on
   155     77.50000000    177.87085710     33.72783481             nan             nan     -7.61032057     -0.04419052     -7.65451109      0.01394405      0.00144356      0.01391889      0.00232401         1             1        0 bias_on
   156     78.00000000    178.61097738     33.72748034             nan             nan     -7.61032875     -0.04447560     -7.65480435      0.01400643      0.00145294      0.01391581      0.00233440         1             1        0 bias_on
   157     78.50000000    179.38472869     33.72760797             nan             nan     -7.61033732     -0.04476074     -7.65509806      0.01394292      0.00146224      0.01391891      0.00232382         1             1        0 bias_on
   158     79.00000000    180.17377267     33.72723682             nan             nan     -7.61034535     -0.04504582     -7.65539116      0.01400607      0.00147162      0.01391571      0.00233435         1             1        0 bias_on
   159     79.50000000    180.95918475     33.72734827             nan             nan     -7.61035395     -0.04533095     -7.65568490      0.01394172      0.00148092      0.01391887      0.00232362         1             1        0 bias_on
   160     80.00000000    181.72630931     33.72696066             nan             nan     -7.61036179     -0.04561603     -7.65597782      0.01400578      0.00149030      0.01391566      0.00233430         1             1        0 bias_on
   161     80.50000000    182.51120862     33.72705614             nan             nan     -7.61037021     -0.04590117     -7.65627138      0.01394068      0.00149961      0.01391900      0.00232345         1             1        0 bias_on
   162     81.00000000    183.28839703     33.72665219             nan             nan     -7.61037800     -0.04618625     -7.65656425      0.01400562      0.00150899      0.01391576      0.00233427         1             1        0 bias_on
   163     81.50000000    184.04760423     33.72673181             nan             nan     -7.61038627     -0.04647139     -7.65685766      0.01393983      0.00151830      0.01391933      0.00232331         1             1        0 bias_on
   164     82.00000000    184.82757989     33.72631169             nan             nan     -7.61039392     -0.04675647     -7.65715038      0.01400575      0.00152769      0.01391617      0.00233429         1             1        0 bias_on
   165     82.50000000    185.57802096     33.72637560             nan             nan     -7.61040211     -0.04704160     -7.65744371      0.01393827      0.00153700      0.01391896      0.00232304         1             1        0 bias_on
   166     83.00000000    186.34955352     33.72593942             nan             nan     -7.61040966     -0.04732669     -7.65773635      0.01400522      0.00154639      0.01391593      0.00233420         1             1        0 bias_on
   167     83.50000000    187.10420592     33.72598770             nan             nan     -7.61041771     -0.04761182     -7.65802953      0.01393747      0.00155570      0.01391938      0.00232291         1             1        0 bias_on
   168     84.00000000    187.85632094     33.72553560             nan             nan     -7.61042514     -0.04789691     -7.65832204      0.01400464      0.00156509      0.01391566      0.00233411         1             1        0 bias_on
   169     84.50000000    188.63981000     33.72556834             nan             nan     -7.61043312     -0.04818204     -7.65861516      0.01393655      0.00157441      0.01391969      0.00232276         1             1        0 bias_on
   170     85.00000000    189.40867482     33.72510041             nan             nan     -7.61044045     -0.04846712     -7.65890758      0.01400433      0.00158380      0.01391568      0.00233406         1             1        0 bias_on
   171     85.50000000    190.17608243     33.72511769             nan             nan     -7.61044828     -0.04875226     -7.65920054      0.01393453      0.00159312      0.01391891      0.00232242         1             1        0 bias_on
   172     86.00000000    190.94360927     33.72463401             nan             nan     -7.61045550     -0.04903734     -7.65949284      0.01400404      0.00160252      0.01391573      0.00233401         1             1        0 bias_on
   173     86.50000000    191.70788921     33.72463595             nan             nan     -7.61046323     -0.04932248     -7.65978572      0.01393387      0.00161183      0.01391952      0.00232231         1             1        0 bias_on
   174     87.00000000    192.47573870     33.72413662             nan             nan     -7.61047025     -0.04960757     -7.66007782      0.01400375      0.00162124      0.01391579      0.00233396         1             1        0 bias_on
   175     87.50000000    193.24880695     33.72412334             nan             nan     -7.61047793     -0.04989270     -7.66037063      0.01393261      0.00163055      0.01391956      0.00232210         1             1        0 bias_on
   176     88.00000000    194.03826280     33.72360841             nan             nan     -7.61048490     -0.05017779     -7.66066268      0.01400362      0.00163996      0.01391603      0.00233394         1             1        0 bias_on
   177     88.50000000    194.82240746     33.72358000             nan             nan     -7.61049250     -0.05046293     -7.66095543      0.01393139      0.00164928      0.01391963      0.00232190         1             1        0 bias_on
   178     89.00000000    195.60068064     33.72304962             nan             nan     -7.61049928     -0.05074801     -7.66124729      0.01400302      0.00165869      0.01391581      0.00233384         1             1        0 bias_on
   179     89.50000000    196.37165488     33.72300619             nan             nan     -7.61050676     -0.05103315     -7.66153991      0.01392973      0.00166801      0.01391928      0.00232162         1             1        0 bias_on
   180     90.00000000    197.15071242     33.72246048             nan             nan     -7.61051348     -0.05131823     -7.66183171      0.01400285      0.00167743      0.01391603      0.00233381         1             1        0 bias_on
   181     90.50000000    197.92952940     33.72240211             nan             nan     -7.61052084     -0.05160337     -7.66212421      0.01392862      0.00168675      0.01391949      0.00232144         1             1        0 bias_on
   182     91.00000000    198.71771748     33.72184121             nan             nan     -7.61052742     -0.05188845     -7.66241588      0.01400237      0.00169617      0.01391595      0.00233373         1             1        0 bias_on
   183     91.50000000    199.48361202     33.72176802             nan             nan     -7.61053477     -0.05217360     -7.66270837      0.01392733      0.00170549      0.01391952      0.00232122         1             1        0 bias_on
   184     92.00000000    200.25584205     33.72119205             nan             nan     -7.61054127     -0.05245868     -7.66299995      0.01400165      0.00171491      0.01391565      0.00233361         1             1        0 bias_on
   185     92.50000000    201.01154453     33.72110417             nan             nan     -7.61054852     -0.05274382     -7.66329234      0.01392610      0.00172424      0.01391963      0.00232102         1             1        0 bias_on
   186     93.00000000    201.78668830     33.72051325             nan             nan     -7.61055488     -0.05302890     -7.66358379      0.01400122      0.00173366      0.01391562      0.00233354         1             1        0 bias_on
   187     93.50000000    202.54241185     33.72041082             nan             nan     -7.61056194     -0.05331404     -7.66387598      0.01392467      0.00174299      0.01391953      0.00232078         1             1        0 bias_on
   188     94.00000000    203.27107696     33.71980511             nan             nan     -7.61056829     -0.05359913     -7.66416742      0.01400069      0.00175242      0.01391553      0.00233345         1             1        0 bias_on
   189     94.50000000    204.02700468     33.71968820             nan             nan     -7.61057531     -0.05388427     -7.66445958      0.01392342      0.00176175      0.01391965      0.00232057         1             1        0 bias_on
   190     95.00000000    204.78898391     33.71906773             nan             nan     -7.61058154     -0.05416935     -7.66475090      0.01400013      0.00177118      0.01391538      0.00233335         1             1        0 bias_on
   191     95.50000000    205.54509790     33.71893653             nan             nan     -7.61058845     -0.05445450     -7.66504294      0.01392200      0.00178052      0.01391958      0.00232033         1             1        0 bias_on
   192     96.00000000    206.30789109     33.71830150             nan             nan     -7.61059457     -0.05473958     -7.66533414      0.01399982      0.00178995      0.01391551      0.00233330         1             1        0 bias_on
   193     96.50000000    207.06988882     33.71815609             nan             nan     -7.61060150     -0.05502472     -7.66562622      0.01392066      0.00179929      0.01391960      0.00232011         1             1        0 bias_on
   194     97.00000000    207.82519123     33.71750662             nan             nan     -7.61060751     -0.05530980     -7.66591731      0.01399951      0.00180872      0.01391564      0.00233325         1             1        0 bias_on
   195     97.50000000    208.60207836     33.71734711             nan             nan     -7.61061431     -0.05559495     -7.66620926      0.01391895      0.00181806      0.01391927      0.00231982         1             1        0 bias_on
   196     98.00000000    209.37796926     33.71668324             nan             nan     -7.61062022     -0.05588003     -7.66650025      0.01399930      0.00182750      0.01391588      0.00233322         1             1        0 bias_on
   197     98.50000000    210.13941089     33.71650977             nan             nan     -7.61062686     -0.05616518     -7.66679204      0.01391789      0.00183685      0.01391959      0.00231965         1             1        0 bias_on
   198     99.00000000    210.92229900     33.71583170             nan             nan     -7.61063279     -0.05645026     -7.66708305      0.01399807      0.00184629      0.01391511      0.00233301         1             1        0 bias_on
   199     99.50000000    211.70008165     33.71564430             nan             nan     -7.61063934     -0.05673541     -7.66737474      0.01391640      0.00185563      0.01391949      0.00231940         1             1        0 bias_on
   200    100.00000000    212.47163032     33.71495211             nan             nan     -7.61064518     -0.05702049     -7.66766566      0.01399822      0.00186508      0.01391571      0.00233304         1             1        0 bias_on
